{"/home/anatolec/Downloads/CathedralAI/shared/middleware/src/index.ts": {"path":"/home/anatolec/Downloads/CathedralAI/shared/middleware/src/index.ts","all":true,"statementMap":{"0":{"start":{"line":1,"column":0},"end":{"line":1,"column":3}},"6":{"start":{"line":7,"column":0},"end":{"line":7,"column":23}},"9":{"start":{"line":10,"column":0},"end":{"line":10,"column":30}},"12":{"start":{"line":13,"column":0},"end":{"line":13,"column":31}},"15":{"start":{"line":16,"column":0},"end":{"line":16,"column":27}},"18":{"start":{"line":19,"column":0},"end":{"line":19,"column":27}}},"s":{"0":0,"6":0,"9":0,"12":0,"15":0,"18":0},"branchMap":{"0":{"type":"branch","line":1,"loc":{"start":{"line":1,"column":345},"end":{"line":19,"column":27}},"locations":[{"start":{"line":1,"column":345},"end":{"line":19,"column":27}}]}},"b":{"0":[0]},"fnMap":{"0":{"name":"(empty-report)","decl":{"start":{"line":1,"column":345},"end":{"line":19,"column":27}},"loc":{"start":{"line":1,"column":345},"end":{"line":19,"column":27}},"line":1}},"f":{"0":0}}
,"/home/anatolec/Downloads/CathedralAI/shared/middleware/src/auth/apiTokenAuth.ts": {"path":"/home/anatolec/Downloads/CathedralAI/shared/middleware/src/auth/apiTokenAuth.ts","all":false,"statementMap":{"0":{"start":{"line":1,"column":0},"end":{"line":1,"column":3}},"112":{"start":{"line":113,"column":0},"end":{"line":113,"column":76}},"113":{"start":{"line":114,"column":0},"end":{"line":114,"column":28}},"114":{"start":{"line":115,"column":0},"end":{"line":115,"column":65}},"115":{"start":{"line":116,"column":0},"end":{"line":116,"column":9}},"116":{"start":{"line":117,"column":0},"end":{"line":117,"column":21}},"117":{"start":{"line":118,"column":0},"end":{"line":118,"column":18}},"118":{"start":{"line":119,"column":0},"end":{"line":119,"column":19}},"119":{"start":{"line":120,"column":0},"end":{"line":120,"column":11}},"120":{"start":{"line":121,"column":0},"end":{"line":121,"column":11}},"121":{"start":{"line":122,"column":0},"end":{"line":122,"column":84}},"122":{"start":{"line":123,"column":0},"end":{"line":123,"column":13}},"124":{"start":{"line":125,"column":0},"end":{"line":125,"column":78}},"125":{"start":{"line":126,"column":0},"end":{"line":126,"column":9}},"127":{"start":{"line":128,"column":0},"end":{"line":128,"column":95}},"128":{"start":{"line":129,"column":0},"end":{"line":129,"column":83}},"129":{"start":{"line":130,"column":0},"end":{"line":130,"column":67}},"130":{"start":{"line":131,"column":0},"end":{"line":131,"column":30}},"131":{"start":{"line":132,"column":0},"end":{"line":132,"column":32}},"132":{"start":{"line":133,"column":0},"end":{"line":133,"column":87}},"133":{"start":{"line":134,"column":0},"end":{"line":134,"column":11}},"134":{"start":{"line":135,"column":0},"end":{"line":135,"column":15}},"135":{"start":{"line":136,"column":0},"end":{"line":136,"column":7}},"137":{"start":{"line":138,"column":0},"end":{"line":138,"column":79}},"140":{"start":{"line":141,"column":0},"end":{"line":141,"column":55}},"141":{"start":{"line":142,"column":0},"end":{"line":142,"column":19}},"142":{"start":{"line":143,"column":0},"end":{"line":143,"column":30}},"143":{"start":{"line":144,"column":0},"end":{"line":144,"column":32}},"144":{"start":{"line":145,"column":0},"end":{"line":145,"column":39}},"145":{"start":{"line":146,"column":0},"end":{"line":146,"column":11}},"146":{"start":{"line":147,"column":0},"end":{"line":147,"column":15}},"147":{"start":{"line":148,"column":0},"end":{"line":148,"column":7}},"150":{"start":{"line":151,"column":0},"end":{"line":151,"column":52}},"151":{"start":{"line":152,"column":0},"end":{"line":152,"column":30}},"152":{"start":{"line":153,"column":0},"end":{"line":153,"column":30}},"153":{"start":{"line":154,"column":0},"end":{"line":154,"column":29}},"154":{"start":{"line":155,"column":0},"end":{"line":155,"column":61}},"155":{"start":{"line":156,"column":0},"end":{"line":156,"column":11}},"156":{"start":{"line":157,"column":0},"end":{"line":157,"column":15}},"157":{"start":{"line":158,"column":0},"end":{"line":158,"column":7}},"160":{"start":{"line":161,"column":0},"end":{"line":161,"column":75}},"161":{"start":{"line":162,"column":0},"end":{"line":162,"column":23}},"162":{"start":{"line":163,"column":0},"end":{"line":163,"column":30}},"163":{"start":{"line":164,"column":0},"end":{"line":164,"column":31}},"164":{"start":{"line":165,"column":0},"end":{"line":165,"column":43}},"165":{"start":{"line":166,"column":0},"end":{"line":166,"column":11}},"166":{"start":{"line":167,"column":0},"end":{"line":167,"column":15}},"167":{"start":{"line":168,"column":0},"end":{"line":168,"column":7}},"170":{"start":{"line":171,"column":0},"end":{"line":171,"column":42}},"171":{"start":{"line":172,"column":0},"end":{"line":172,"column":30}},"172":{"start":{"line":173,"column":0},"end":{"line":173,"column":29}},"173":{"start":{"line":174,"column":0},"end":{"line":174,"column":59}},"174":{"start":{"line":175,"column":0},"end":{"line":175,"column":11}},"175":{"start":{"line":176,"column":0},"end":{"line":176,"column":15}},"176":{"start":{"line":177,"column":0},"end":{"line":177,"column":7}},"179":{"start":{"line":180,"column":0},"end":{"line":180,"column":55}},"180":{"start":{"line":181,"column":0},"end":{"line":181,"column":33}},"181":{"start":{"line":182,"column":0},"end":{"line":182,"column":9}},"183":{"start":{"line":184,"column":0},"end":{"line":184,"column":21}},"184":{"start":{"line":185,"column":0},"end":{"line":185,"column":30}},"185":{"start":{"line":186,"column":0},"end":{"line":186,"column":29}},"186":{"start":{"line":187,"column":0},"end":{"line":187,"column":39}},"187":{"start":{"line":188,"column":0},"end":{"line":188,"column":11}},"188":{"start":{"line":189,"column":0},"end":{"line":189,"column":15}},"189":{"start":{"line":190,"column":0},"end":{"line":190,"column":7}},"191":{"start":{"line":192,"column":0},"end":{"line":192,"column":40}},"192":{"start":{"line":193,"column":0},"end":{"line":193,"column":30}},"193":{"start":{"line":194,"column":0},"end":{"line":194,"column":29}},"194":{"start":{"line":195,"column":0},"end":{"line":195,"column":43}},"195":{"start":{"line":196,"column":0},"end":{"line":196,"column":11}},"196":{"start":{"line":197,"column":0},"end":{"line":197,"column":15}},"197":{"start":{"line":198,"column":0},"end":{"line":198,"column":7}},"200":{"start":{"line":201,"column":0},"end":{"line":201,"column":80}},"201":{"start":{"line":202,"column":0},"end":{"line":202,"column":85}},"204":{"start":{"line":205,"column":0},"end":{"line":205,"column":58}},"205":{"start":{"line":206,"column":0},"end":{"line":206,"column":51}},"206":{"start":{"line":207,"column":0},"end":{"line":207,"column":118}},"207":{"start":{"line":208,"column":0},"end":{"line":208,"column":49}},"208":{"start":{"line":209,"column":0},"end":{"line":209,"column":30}},"209":{"start":{"line":210,"column":0},"end":{"line":210,"column":13}},"211":{"start":{"line":212,"column":0},"end":{"line":212,"column":11}},"212":{"start":{"line":213,"column":0},"end":{"line":213,"column":7}},"214":{"start":{"line":215,"column":0},"end":{"line":215,"column":13}},"215":{"start":{"line":216,"column":0},"end":{"line":216,"column":21}},"216":{"start":{"line":217,"column":0},"end":{"line":217,"column":108}},"217":{"start":{"line":218,"column":0},"end":{"line":218,"column":45}},"218":{"start":{"line":219,"column":0},"end":{"line":219,"column":9}},"219":{"start":{"line":220,"column":0},"end":{"line":220,"column":28}},"220":{"start":{"line":221,"column":0},"end":{"line":221,"column":39}},"221":{"start":{"line":222,"column":0},"end":{"line":222,"column":41}},"222":{"start":{"line":223,"column":0},"end":{"line":223,"column":9}},"223":{"start":{"line":224,"column":0},"end":{"line":224,"column":5}},"224":{"start":{"line":225,"column":0},"end":{"line":225,"column":4}},"225":{"start":{"line":226,"column":0},"end":{"line":226,"column":1}}},"s":{"0":1,"112":1,"113":13,"114":13,"115":13,"116":13,"117":13,"118":13,"119":13,"120":13,"121":13,"122":13,"124":13,"125":13,"127":13,"128":13,"129":13,"130":2,"131":2,"132":2,"133":2,"134":2,"135":2,"137":11,"140":11,"141":13,"142":1,"143":1,"144":1,"145":1,"146":1,"147":1,"150":10,"151":13,"152":1,"153":1,"154":1,"155":1,"156":1,"157":1,"160":9,"161":13,"162":1,"163":1,"164":1,"165":1,"166":1,"167":1,"170":13,"171":2,"172":2,"173":2,"174":2,"175":2,"176":2,"179":6,"180":6,"181":6,"183":13,"184":0,"185":0,"186":0,"187":0,"188":0,"189":0,"191":13,"192":1,"193":1,"194":1,"195":1,"196":1,"197":1,"200":5,"201":5,"204":13,"205":2,"206":1,"207":1,"208":1,"209":1,"211":2,"212":2,"214":5,"215":13,"216":0,"217":0,"218":0,"219":0,"220":0,"221":0,"222":0,"223":0,"224":13,"225":13},"branchMap":{"0":{"type":"branch","line":113,"loc":{"start":{"line":113,"column":7},"end":{"line":226,"column":1}},"locations":[{"start":{"line":113,"column":7},"end":{"line":226,"column":1}}]},"1":{"type":"branch","line":122,"loc":{"start":{"line":122,"column":23},"end":{"line":122,"column":84}},"locations":[{"start":{"line":122,"column":23},"end":{"line":122,"column":84}}]},"2":{"type":"branch","line":125,"loc":{"start":{"line":125,"column":9},"end":{"line":225,"column":4}},"locations":[{"start":{"line":125,"column":9},"end":{"line":225,"column":4}}]},"3":{"type":"branch","line":129,"loc":{"start":{"line":129,"column":52},"end":{"line":129,"column":72}},"locations":[{"start":{"line":129,"column":52},"end":{"line":129,"column":72}}]},"4":{"type":"branch","line":130,"loc":{"start":{"line":130,"column":11},"end":{"line":130,"column":66}},"locations":[{"start":{"line":130,"column":11},"end":{"line":130,"column":66}}]},"5":{"type":"branch","line":130,"loc":{"start":{"line":130,"column":66},"end":{"line":136,"column":7}},"locations":[{"start":{"line":130,"column":66},"end":{"line":136,"column":7}}]},"6":{"type":"branch","line":136,"loc":{"start":{"line":136,"column":6},"end":{"line":142,"column":18}},"locations":[{"start":{"line":136,"column":6},"end":{"line":142,"column":18}}]},"7":{"type":"branch","line":142,"loc":{"start":{"line":142,"column":18},"end":{"line":148,"column":7}},"locations":[{"start":{"line":142,"column":18},"end":{"line":148,"column":7}}]},"8":{"type":"branch","line":148,"loc":{"start":{"line":148,"column":6},"end":{"line":152,"column":29}},"locations":[{"start":{"line":148,"column":6},"end":{"line":152,"column":29}}]},"9":{"type":"branch","line":152,"loc":{"start":{"line":152,"column":29},"end":{"line":158,"column":7}},"locations":[{"start":{"line":152,"column":29},"end":{"line":158,"column":7}}]},"10":{"type":"branch","line":155,"loc":{"start":{"line":155,"column":30},"end":{"line":155,"column":61}},"locations":[{"start":{"line":155,"column":30},"end":{"line":155,"column":61}}]},"11":{"type":"branch","line":158,"loc":{"start":{"line":158,"column":6},"end":{"line":162,"column":22}},"locations":[{"start":{"line":158,"column":6},"end":{"line":162,"column":22}}]},"12":{"type":"branch","line":162,"loc":{"start":{"line":162,"column":22},"end":{"line":168,"column":7}},"locations":[{"start":{"line":162,"column":22},"end":{"line":168,"column":7}}]},"13":{"type":"branch","line":168,"loc":{"start":{"line":168,"column":6},"end":{"line":171,"column":41}},"locations":[{"start":{"line":168,"column":6},"end":{"line":171,"column":41}}]},"14":{"type":"branch","line":171,"loc":{"start":{"line":171,"column":41},"end":{"line":177,"column":7}},"locations":[{"start":{"line":171,"column":41},"end":{"line":177,"column":7}}]},"15":{"type":"branch","line":177,"loc":{"start":{"line":177,"column":6},"end":{"line":184,"column":20}},"locations":[{"start":{"line":177,"column":6},"end":{"line":184,"column":20}}]},"16":{"type":"branch","line":184,"loc":{"start":{"line":184,"column":20},"end":{"line":190,"column":7}},"locations":[{"start":{"line":184,"column":20},"end":{"line":190,"column":7}}]},"17":{"type":"branch","line":190,"loc":{"start":{"line":190,"column":6},"end":{"line":192,"column":39}},"locations":[{"start":{"line":190,"column":6},"end":{"line":192,"column":39}}]},"18":{"type":"branch","line":192,"loc":{"start":{"line":192,"column":39},"end":{"line":198,"column":7}},"locations":[{"start":{"line":192,"column":39},"end":{"line":198,"column":7}}]},"19":{"type":"branch","line":198,"loc":{"start":{"line":198,"column":6},"end":{"line":205,"column":28}},"locations":[{"start":{"line":198,"column":6},"end":{"line":205,"column":28}}]},"20":{"type":"branch","line":205,"loc":{"start":{"line":205,"column":10},"end":{"line":205,"column":57}},"locations":[{"start":{"line":205,"column":10},"end":{"line":205,"column":57}}]},"21":{"type":"branch","line":205,"loc":{"start":{"line":205,"column":57},"end":{"line":213,"column":7}},"locations":[{"start":{"line":205,"column":57},"end":{"line":213,"column":7}}]},"22":{"type":"branch","line":213,"loc":{"start":{"line":213,"column":6},"end":{"line":216,"column":13}},"locations":[{"start":{"line":213,"column":6},"end":{"line":216,"column":13}}]},"23":{"type":"branch","line":216,"loc":{"start":{"line":216,"column":4},"end":{"line":224,"column":5}},"locations":[{"start":{"line":216,"column":4},"end":{"line":224,"column":5}}]},"24":{"type":"branch","line":206,"loc":{"start":{"line":206,"column":39},"end":{"line":212,"column":9}},"locations":[{"start":{"line":206,"column":39},"end":{"line":212,"column":9}}]},"25":{"type":"branch","line":207,"loc":{"start":{"line":207,"column":83},"end":{"line":207,"column":117}},"locations":[{"start":{"line":207,"column":83},"end":{"line":207,"column":117}}]}},"b":{"0":[13],"1":[8],"2":[13],"3":[0],"4":[12],"5":[2],"6":[11],"7":[1],"8":[10],"9":[1],"10":[0],"11":[9],"12":[1],"13":[8],"14":[2],"15":[6],"16":[0],"17":[6],"18":[1],"19":[5],"20":[4],"21":[2],"22":[5],"23":[0],"24":[1],"25":[0]},"fnMap":{"0":{"name":"createApiTokenAuthMiddleware","decl":{"start":{"line":113,"column":7},"end":{"line":226,"column":1}},"loc":{"start":{"line":113,"column":7},"end":{"line":226,"column":1}},"line":113},"1":{"name":"extractChatbotId","decl":{"start":{"line":122,"column":23},"end":{"line":122,"column":84}},"loc":{"start":{"line":122,"column":23},"end":{"line":122,"column":84}},"line":122}},"f":{"0":13,"1":8}}
,"/home/anatolec/Downloads/CathedralAI/shared/middleware/src/auth/index.ts": {"path":"/home/anatolec/Downloads/CathedralAI/shared/middleware/src/auth/index.ts","all":true,"statementMap":{"0":{"start":{"line":1,"column":0},"end":{"line":1,"column":3}},"4":{"start":{"line":5,"column":0},"end":{"line":5,"column":26}},"5":{"start":{"line":6,"column":0},"end":{"line":6,"column":31}},"6":{"start":{"line":7,"column":0},"end":{"line":7,"column":24}}},"s":{"0":0,"4":0,"5":0,"6":0},"branchMap":{"0":{"type":"branch","line":1,"loc":{"start":{"line":1,"column":129},"end":{"line":7,"column":24}},"locations":[{"start":{"line":1,"column":129},"end":{"line":7,"column":24}}]}},"b":{"0":[0]},"fnMap":{"0":{"name":"(empty-report)","decl":{"start":{"line":1,"column":129},"end":{"line":7,"column":24}},"loc":{"start":{"line":1,"column":129},"end":{"line":7,"column":24}},"line":1}},"f":{"0":0}}
,"/home/anatolec/Downloads/CathedralAI/shared/middleware/src/auth/jwtAuth.ts": {"path":"/home/anatolec/Downloads/CathedralAI/shared/middleware/src/auth/jwtAuth.ts","all":false,"statementMap":{"0":{"start":{"line":1,"column":0},"end":{"line":1,"column":3}},"36":{"start":{"line":37,"column":0},"end":{"line":37,"column":71}},"37":{"start":{"line":38,"column":0},"end":{"line":38,"column":23}},"38":{"start":{"line":39,"column":0},"end":{"line":39,"column":65}},"39":{"start":{"line":40,"column":0},"end":{"line":40,"column":71}},"41":{"start":{"line":42,"column":0},"end":{"line":42,"column":19}},"42":{"start":{"line":43,"column":0},"end":{"line":43,"column":69}},"43":{"start":{"line":44,"column":0},"end":{"line":44,"column":3}},"45":{"start":{"line":46,"column":0},"end":{"line":46,"column":78}},"46":{"start":{"line":47,"column":0},"end":{"line":47,"column":9}},"48":{"start":{"line":49,"column":0},"end":{"line":49,"column":84}},"49":{"start":{"line":50,"column":0},"end":{"line":50,"column":46}},"51":{"start":{"line":52,"column":0},"end":{"line":52,"column":19}},"52":{"start":{"line":53,"column":0},"end":{"line":53,"column":56}},"53":{"start":{"line":54,"column":0},"end":{"line":54,"column":15}},"54":{"start":{"line":55,"column":0},"end":{"line":55,"column":7}},"57":{"start":{"line":58,"column":0},"end":{"line":58,"column":52}},"58":{"start":{"line":59,"column":0},"end":{"line":59,"column":11}},"59":{"start":{"line":60,"column":0},"end":{"line":60,"column":83}},"60":{"start":{"line":61,"column":0},"end":{"line":61,"column":23}},"61":{"start":{"line":62,"column":0},"end":{"line":62,"column":109}},"62":{"start":{"line":63,"column":0},"end":{"line":63,"column":41}},"63":{"start":{"line":64,"column":0},"end":{"line":64,"column":11}},"64":{"start":{"line":65,"column":0},"end":{"line":65,"column":56}},"65":{"start":{"line":66,"column":0},"end":{"line":66,"column":15}},"66":{"start":{"line":67,"column":0},"end":{"line":67,"column":7}},"69":{"start":{"line":70,"column":0},"end":{"line":70,"column":25}},"70":{"start":{"line":71,"column":0},"end":{"line":71,"column":34}},"71":{"start":{"line":72,"column":0},"end":{"line":72,"column":56}},"72":{"start":{"line":73,"column":0},"end":{"line":73,"column":33}},"73":{"start":{"line":74,"column":0},"end":{"line":74,"column":14}},"74":{"start":{"line":75,"column":0},"end":{"line":75,"column":54}},"75":{"start":{"line":76,"column":0},"end":{"line":76,"column":36}},"76":{"start":{"line":77,"column":0},"end":{"line":77,"column":7}},"79":{"start":{"line":80,"column":0},"end":{"line":80,"column":155}},"80":{"start":{"line":81,"column":0},"end":{"line":81,"column":30}},"81":{"start":{"line":82,"column":0},"end":{"line":82,"column":9}},"83":{"start":{"line":84,"column":0},"end":{"line":84,"column":18}},"84":{"start":{"line":85,"column":0},"end":{"line":85,"column":64}},"85":{"start":{"line":86,"column":0},"end":{"line":86,"column":17}},"86":{"start":{"line":87,"column":0},"end":{"line":87,"column":16}},"87":{"start":{"line":88,"column":0},"end":{"line":88,"column":41}},"88":{"start":{"line":89,"column":0},"end":{"line":89,"column":11}},"89":{"start":{"line":90,"column":0},"end":{"line":90,"column":56}},"90":{"start":{"line":91,"column":0},"end":{"line":91,"column":15}},"91":{"start":{"line":92,"column":0},"end":{"line":92,"column":7}},"94":{"start":{"line":95,"column":0},"end":{"line":95,"column":44}},"95":{"start":{"line":96,"column":0},"end":{"line":96,"column":114}},"96":{"start":{"line":97,"column":0},"end":{"line":97,"column":14}},"97":{"start":{"line":98,"column":0},"end":{"line":98,"column":104}},"98":{"start":{"line":99,"column":0},"end":{"line":99,"column":7}},"100":{"start":{"line":101,"column":0},"end":{"line":101,"column":13}},"101":{"start":{"line":102,"column":0},"end":{"line":102,"column":21}},"102":{"start":{"line":103,"column":0},"end":{"line":103,"column":108}},"103":{"start":{"line":104,"column":0},"end":{"line":104,"column":39}},"104":{"start":{"line":105,"column":0},"end":{"line":105,"column":9}},"105":{"start":{"line":106,"column":0},"end":{"line":106,"column":54}},"106":{"start":{"line":107,"column":0},"end":{"line":107,"column":5}},"107":{"start":{"line":108,"column":0},"end":{"line":108,"column":4}},"108":{"start":{"line":109,"column":0},"end":{"line":109,"column":1}}},"s":{"0":1,"36":1,"37":8,"38":8,"39":8,"41":8,"42":1,"43":1,"45":7,"46":7,"48":7,"49":7,"51":7,"52":2,"53":2,"54":2,"57":5,"58":5,"59":5,"60":7,"61":1,"62":1,"63":1,"64":1,"65":1,"66":1,"69":4,"70":7,"71":1,"72":1,"73":7,"74":3,"75":3,"76":3,"79":4,"80":4,"81":4,"83":7,"84":1,"85":1,"86":1,"87":1,"88":1,"89":1,"90":1,"91":1,"94":7,"95":1,"96":1,"97":1,"98":1,"100":2,"101":7,"102":1,"103":1,"104":1,"105":1,"106":1,"107":7,"108":7},"branchMap":{"0":{"type":"branch","line":37,"loc":{"start":{"line":37,"column":7},"end":{"line":109,"column":1}},"locations":[{"start":{"line":37,"column":7},"end":{"line":109,"column":1}}]},"1":{"type":"branch","line":42,"loc":{"start":{"line":42,"column":18},"end":{"line":44,"column":3}},"locations":[{"start":{"line":42,"column":18},"end":{"line":44,"column":3}}]},"2":{"type":"branch","line":44,"loc":{"start":{"line":44,"column":2},"end":{"line":109,"column":1}},"locations":[{"start":{"line":44,"column":2},"end":{"line":109,"column":1}}]},"3":{"type":"branch","line":46,"loc":{"start":{"line":46,"column":9},"end":{"line":108,"column":4}},"locations":[{"start":{"line":46,"column":9},"end":{"line":108,"column":4}}]},"4":{"type":"branch","line":50,"loc":{"start":{"line":50,"column":20},"end":{"line":50,"column":38}},"locations":[{"start":{"line":50,"column":20},"end":{"line":50,"column":38}}]},"5":{"type":"branch","line":52,"loc":{"start":{"line":52,"column":18},"end":{"line":55,"column":7}},"locations":[{"start":{"line":52,"column":18},"end":{"line":55,"column":7}}]},"6":{"type":"branch","line":55,"loc":{"start":{"line":55,"column":6},"end":{"line":61,"column":15}},"locations":[{"start":{"line":55,"column":6},"end":{"line":61,"column":15}}]},"7":{"type":"branch","line":61,"loc":{"start":{"line":61,"column":6},"end":{"line":67,"column":7}},"locations":[{"start":{"line":61,"column":6},"end":{"line":67,"column":7}}]},"8":{"type":"branch","line":62,"loc":{"start":{"line":62,"column":74},"end":{"line":62,"column":108}},"locations":[{"start":{"line":62,"column":74},"end":{"line":62,"column":108}}]},"9":{"type":"branch","line":67,"loc":{"start":{"line":67,"column":6},"end":{"line":71,"column":33}},"locations":[{"start":{"line":67,"column":6},"end":{"line":71,"column":33}}]},"10":{"type":"branch","line":71,"loc":{"start":{"line":71,"column":33},"end":{"line":74,"column":13}},"locations":[{"start":{"line":71,"column":33},"end":{"line":74,"column":13}}]},"11":{"type":"branch","line":74,"loc":{"start":{"line":74,"column":6},"end":{"line":77,"column":7}},"locations":[{"start":{"line":74,"column":6},"end":{"line":77,"column":7}}]},"12":{"type":"branch","line":77,"loc":{"start":{"line":77,"column":6},"end":{"line":82,"column":9}},"locations":[{"start":{"line":77,"column":6},"end":{"line":82,"column":9}}]},"13":{"type":"branch","line":82,"loc":{"start":{"line":82,"column":7},"end":{"line":84,"column":17}},"locations":[{"start":{"line":82,"column":7},"end":{"line":84,"column":17}}]},"14":{"type":"branch","line":84,"loc":{"start":{"line":84,"column":17},"end":{"line":92,"column":7}},"locations":[{"start":{"line":84,"column":17},"end":{"line":92,"column":7}}]},"15":{"type":"branch","line":92,"loc":{"start":{"line":92,"column":6},"end":{"line":95,"column":43}},"locations":[{"start":{"line":92,"column":6},"end":{"line":95,"column":43}}]},"16":{"type":"branch","line":95,"loc":{"start":{"line":95,"column":43},"end":{"line":99,"column":7}},"locations":[{"start":{"line":95,"column":43},"end":{"line":99,"column":7}}]},"17":{"type":"branch","line":99,"loc":{"start":{"line":99,"column":6},"end":{"line":102,"column":13}},"locations":[{"start":{"line":99,"column":6},"end":{"line":102,"column":13}}]},"18":{"type":"branch","line":102,"loc":{"start":{"line":102,"column":4},"end":{"line":107,"column":5}},"locations":[{"start":{"line":102,"column":4},"end":{"line":107,"column":5}}]},"19":{"type":"branch","line":103,"loc":{"start":{"line":103,"column":73},"end":{"line":103,"column":107}},"locations":[{"start":{"line":103,"column":73},"end":{"line":103,"column":107}}]}},"b":{"0":[8],"1":[1],"2":[7],"3":[7],"4":[6],"5":[2],"6":[5],"7":[1],"8":[0],"9":[4],"10":[1],"11":[3],"12":[4],"13":[3],"14":[1],"15":[2],"16":[1],"17":[2],"18":[1],"19":[0]},"fnMap":{"0":{"name":"createJwtAuthMiddleware","decl":{"start":{"line":37,"column":7},"end":{"line":109,"column":1}},"loc":{"start":{"line":37,"column":7},"end":{"line":109,"column":1}},"line":37}},"f":{"0":8}}
,"/home/anatolec/Downloads/CathedralAI/shared/middleware/src/auth/types.ts": {"path":"/home/anatolec/Downloads/CathedralAI/shared/middleware/src/auth/types.ts","all":true,"statementMap":{"0":{"start":{"line":1,"column":0},"end":{"line":1,"column":3}}},"s":{"0":0},"branchMap":{"0":{"type":"branch","line":1,"loc":{"start":{"line":1,"column":1372},"end":{"line":70,"column":1}},"locations":[{"start":{"line":1,"column":1372},"end":{"line":70,"column":1}}]}},"b":{"0":[0]},"fnMap":{"0":{"name":"(empty-report)","decl":{"start":{"line":1,"column":1372},"end":{"line":70,"column":1}},"loc":{"start":{"line":1,"column":1372},"end":{"line":70,"column":1}},"line":1}},"f":{"0":0}}
,"/home/anatolec/Downloads/CathedralAI/shared/middleware/src/errorHandler/errorHandler.ts": {"path":"/home/anatolec/Downloads/CathedralAI/shared/middleware/src/errorHandler/errorHandler.ts","all":false,"statementMap":{"0":{"start":{"line":1,"column":0},"end":{"line":1,"column":3}},"58":{"start":{"line":59,"column":0},"end":{"line":59,"column":90}},"59":{"start":{"line":60,"column":0},"end":{"line":60,"column":9}},"60":{"start":{"line":61,"column":0},"end":{"line":61,"column":11}},"61":{"start":{"line":62,"column":0},"end":{"line":62,"column":58}},"62":{"start":{"line":63,"column":0},"end":{"line":63,"column":60}},"63":{"start":{"line":64,"column":0},"end":{"line":64,"column":13}},"65":{"start":{"line":66,"column":0},"end":{"line":66,"column":83}},"67":{"start":{"line":68,"column":0},"end":{"line":68,"column":17}},"68":{"start":{"line":69,"column":0},"end":{"line":69,"column":72}},"69":{"start":{"line":70,"column":0},"end":{"line":70,"column":47}},"70":{"start":{"line":71,"column":0},"end":{"line":71,"column":44}},"71":{"start":{"line":72,"column":0},"end":{"line":72,"column":33}},"72":{"start":{"line":73,"column":0},"end":{"line":73,"column":27}},"73":{"start":{"line":74,"column":0},"end":{"line":74,"column":23}},"74":{"start":{"line":75,"column":0},"end":{"line":75,"column":22}},"75":{"start":{"line":76,"column":0},"end":{"line":76,"column":33}},"76":{"start":{"line":77,"column":0},"end":{"line":77,"column":9}},"77":{"start":{"line":78,"column":0},"end":{"line":78,"column":12}},"79":{"start":{"line":80,"column":0},"end":{"line":80,"column":35}},"80":{"start":{"line":81,"column":0},"end":{"line":81,"column":5}},"83":{"start":{"line":84,"column":0},"end":{"line":84,"column":47}},"84":{"start":{"line":85,"column":0},"end":{"line":85,"column":55}},"87":{"start":{"line":88,"column":0},"end":{"line":88,"column":50}},"88":{"start":{"line":89,"column":0},"end":{"line":89,"column":45}},"91":{"start":{"line":92,"column":0},"end":{"line":92,"column":21}},"98":{"start":{"line":99,"column":0},"end":{"line":99,"column":9}},"99":{"start":{"line":100,"column":0},"end":{"line":100,"column":67}},"100":{"start":{"line":101,"column":0},"end":{"line":101,"column":29}},"101":{"start":{"line":102,"column":0},"end":{"line":102,"column":32}},"102":{"start":{"line":103,"column":0},"end":{"line":103,"column":27}},"103":{"start":{"line":104,"column":0},"end":{"line":104,"column":32}},"104":{"start":{"line":105,"column":0},"end":{"line":105,"column":33}},"105":{"start":{"line":106,"column":0},"end":{"line":106,"column":31}},"106":{"start":{"line":107,"column":0},"end":{"line":107,"column":6}},"109":{"start":{"line":110,"column":0},"end":{"line":110,"column":30}},"110":{"start":{"line":111,"column":0},"end":{"line":111,"column":42}},"111":{"start":{"line":112,"column":0},"end":{"line":112,"column":5}},"113":{"start":{"line":114,"column":0},"end":{"line":114,"column":51}},"114":{"start":{"line":115,"column":0},"end":{"line":115,"column":48}},"115":{"start":{"line":116,"column":0},"end":{"line":116,"column":5}},"117":{"start":{"line":118,"column":0},"end":{"line":118,"column":60}},"118":{"start":{"line":119,"column":0},"end":{"line":119,"column":33}},"119":{"start":{"line":120,"column":0},"end":{"line":120,"column":5}},"121":{"start":{"line":122,"column":0},"end":{"line":122,"column":42}},"122":{"start":{"line":123,"column":0},"end":{"line":123,"column":4}},"123":{"start":{"line":124,"column":0},"end":{"line":124,"column":1}}},"s":{"0":1,"58":1,"59":11,"60":11,"61":11,"62":11,"63":11,"65":11,"67":11,"68":10,"69":10,"70":10,"71":10,"72":10,"73":10,"74":10,"75":10,"76":10,"77":11,"79":1,"80":1,"83":11,"84":11,"87":11,"88":11,"91":11,"98":11,"99":11,"100":11,"101":4,"102":7,"103":6,"104":1,"105":11,"106":11,"109":11,"110":1,"111":1,"113":11,"114":2,"115":2,"117":11,"118":4,"119":4,"121":11,"122":11,"123":11},"branchMap":{"0":{"type":"branch","line":59,"loc":{"start":{"line":59,"column":7},"end":{"line":124,"column":1}},"locations":[{"start":{"line":59,"column":7},"end":{"line":124,"column":1}}]},"1":{"type":"branch","line":66,"loc":{"start":{"line":66,"column":9},"end":{"line":123,"column":4}},"locations":[{"start":{"line":66,"column":9},"end":{"line":123,"column":4}}]},"2":{"type":"branch","line":68,"loc":{"start":{"line":68,"column":16},"end":{"line":78,"column":11}},"locations":[{"start":{"line":68,"column":16},"end":{"line":78,"column":11}}]},"3":{"type":"branch","line":69,"loc":{"start":{"line":69,"column":35},"end":{"line":69,"column":49}},"locations":[{"start":{"line":69,"column":35},"end":{"line":69,"column":49}}]},"4":{"type":"branch","line":69,"loc":{"start":{"line":69,"column":43},"end":{"line":69,"column":72}},"locations":[{"start":{"line":69,"column":43},"end":{"line":69,"column":72}}]},"5":{"type":"branch","line":78,"loc":{"start":{"line":78,"column":4},"end":{"line":81,"column":5}},"locations":[{"start":{"line":78,"column":4},"end":{"line":81,"column":5}}]},"6":{"type":"branch","line":85,"loc":{"start":{"line":85,"column":37},"end":{"line":85,"column":55}},"locations":[{"start":{"line":85,"column":37},"end":{"line":85,"column":55}}]},"7":{"type":"branch","line":100,"loc":{"start":{"line":100,"column":27},"end":{"line":100,"column":59}},"locations":[{"start":{"line":100,"column":27},"end":{"line":100,"column":59}}]},"8":{"type":"branch","line":100,"loc":{"start":{"line":100,"column":33},"end":{"line":100,"column":67}},"locations":[{"start":{"line":100,"column":33},"end":{"line":100,"column":67}}]},"9":{"type":"branch","line":101,"loc":{"start":{"line":101,"column":15},"end":{"line":102,"column":32}},"locations":[{"start":{"line":101,"column":15},"end":{"line":102,"column":32}}]},"10":{"type":"branch","line":102,"loc":{"start":{"line":102,"column":25},"end":{"line":105,"column":33}},"locations":[{"start":{"line":102,"column":25},"end":{"line":105,"column":33}}]},"11":{"type":"branch","line":103,"loc":{"start":{"line":103,"column":24},"end":{"line":104,"column":32}},"locations":[{"start":{"line":103,"column":24},"end":{"line":104,"column":32}}]},"12":{"type":"branch","line":104,"loc":{"start":{"line":104,"column":10},"end":{"line":105,"column":33}},"locations":[{"start":{"line":104,"column":10},"end":{"line":105,"column":33}}]},"13":{"type":"branch","line":110,"loc":{"start":{"line":110,"column":29},"end":{"line":112,"column":5}},"locations":[{"start":{"line":110,"column":29},"end":{"line":112,"column":5}}]},"14":{"type":"branch","line":114,"loc":{"start":{"line":114,"column":8},"end":{"line":114,"column":50}},"locations":[{"start":{"line":114,"column":8},"end":{"line":114,"column":50}}]},"15":{"type":"branch","line":114,"loc":{"start":{"line":114,"column":50},"end":{"line":116,"column":5}},"locations":[{"start":{"line":114,"column":50},"end":{"line":116,"column":5}}]},"16":{"type":"branch","line":118,"loc":{"start":{"line":118,"column":8},"end":{"line":118,"column":48}},"locations":[{"start":{"line":118,"column":8},"end":{"line":118,"column":48}}]},"17":{"type":"branch","line":118,"loc":{"start":{"line":118,"column":39},"end":{"line":118,"column":59}},"locations":[{"start":{"line":118,"column":39},"end":{"line":118,"column":59}}]},"18":{"type":"branch","line":118,"loc":{"start":{"line":118,"column":59},"end":{"line":120,"column":5}},"locations":[{"start":{"line":118,"column":59},"end":{"line":120,"column":5}}]}},"b":{"0":[11],"1":[11],"2":[10],"3":[9],"4":[1],"5":[1],"6":[10],"7":[10],"8":[1],"9":[4],"10":[7],"11":[6],"12":[1],"13":[1],"14":[4],"15":[2],"16":[4],"17":[4],"18":[4]},"fnMap":{"0":{"name":"createErrorHandler","decl":{"start":{"line":59,"column":7},"end":{"line":124,"column":1}},"loc":{"start":{"line":59,"column":7},"end":{"line":124,"column":1}},"line":59}},"f":{"0":11}}
,"/home/anatolec/Downloads/CathedralAI/shared/middleware/src/errorHandler/index.ts": {"path":"/home/anatolec/Downloads/CathedralAI/shared/middleware/src/errorHandler/index.ts","all":true,"statementMap":{"0":{"start":{"line":1,"column":0},"end":{"line":1,"column":3}},"4":{"start":{"line":5,"column":0},"end":{"line":5,"column":31}}},"s":{"0":0,"4":0},"branchMap":{"0":{"type":"branch","line":1,"loc":{"start":{"line":1,"column":65},"end":{"line":5,"column":31}},"locations":[{"start":{"line":1,"column":65},"end":{"line":5,"column":31}}]}},"b":{"0":[0]},"fnMap":{"0":{"name":"(empty-report)","decl":{"start":{"line":1,"column":65},"end":{"line":5,"column":31}},"loc":{"start":{"line":1,"column":65},"end":{"line":5,"column":31}},"line":1}},"f":{"0":0}}
,"/home/anatolec/Downloads/CathedralAI/shared/middleware/src/rateLimiter/index.ts": {"path":"/home/anatolec/Downloads/CathedralAI/shared/middleware/src/rateLimiter/index.ts","all":true,"statementMap":{"0":{"start":{"line":1,"column":0},"end":{"line":1,"column":3}},"4":{"start":{"line":5,"column":0},"end":{"line":5,"column":30}},"5":{"start":{"line":6,"column":0},"end":{"line":6,"column":26}},"6":{"start":{"line":7,"column":0},"end":{"line":7,"column":35}}},"s":{"0":0,"4":0,"5":0,"6":0},"branchMap":{"0":{"type":"branch","line":1,"loc":{"start":{"line":1,"column":126},"end":{"line":7,"column":35}},"locations":[{"start":{"line":1,"column":126},"end":{"line":7,"column":35}}]}},"b":{"0":[0]},"fnMap":{"0":{"name":"(empty-report)","decl":{"start":{"line":1,"column":126},"end":{"line":7,"column":35}},"loc":{"start":{"line":1,"column":126},"end":{"line":7,"column":35}},"line":1}},"f":{"0":0}}
,"/home/anatolec/Downloads/CathedralAI/shared/middleware/src/rateLimiter/presets.ts": {"path":"/home/anatolec/Downloads/CathedralAI/shared/middleware/src/rateLimiter/presets.ts","all":false,"statementMap":{"0":{"start":{"line":1,"column":0},"end":{"line":1,"column":3}},"12":{"start":{"line":13,"column":0},"end":{"line":13,"column":48}},"13":{"start":{"line":14,"column":0},"end":{"line":14,"column":41}},"14":{"start":{"line":15,"column":0},"end":{"line":15,"column":34}},"15":{"start":{"line":16,"column":0},"end":{"line":16,"column":70}},"16":{"start":{"line":17,"column":0},"end":{"line":17,"column":32}},"22":{"start":{"line":23,"column":0},"end":{"line":23,"column":53}},"23":{"start":{"line":24,"column":0},"end":{"line":24,"column":41}},"24":{"start":{"line":25,"column":0},"end":{"line":25,"column":34}},"25":{"start":{"line":26,"column":0},"end":{"line":26,"column":59}},"26":{"start":{"line":27,"column":0},"end":{"line":27,"column":32}},"32":{"start":{"line":33,"column":0},"end":{"line":33,"column":50}},"33":{"start":{"line":34,"column":0},"end":{"line":34,"column":41}},"34":{"start":{"line":35,"column":0},"end":{"line":35,"column":38}},"35":{"start":{"line":36,"column":0},"end":{"line":36,"column":55}},"36":{"start":{"line":37,"column":0},"end":{"line":37,"column":32}},"42":{"start":{"line":43,"column":0},"end":{"line":43,"column":50}},"43":{"start":{"line":44,"column":0},"end":{"line":44,"column":41}},"44":{"start":{"line":45,"column":0},"end":{"line":45,"column":36}},"45":{"start":{"line":46,"column":0},"end":{"line":46,"column":55}},"46":{"start":{"line":47,"column":0},"end":{"line":47,"column":32}}},"s":{"0":1,"12":1,"13":1,"14":1,"15":1,"16":1,"22":1,"23":1,"24":1,"25":1,"26":1,"32":1,"33":1,"34":1,"35":1,"36":1,"42":1,"43":1,"44":1,"45":1,"46":1},"branchMap":{},"b":{},"fnMap":{},"f":{}}
,"/home/anatolec/Downloads/CathedralAI/shared/middleware/src/rateLimiter/rateLimiter.ts": {"path":"/home/anatolec/Downloads/CathedralAI/shared/middleware/src/rateLimiter/rateLimiter.ts","all":false,"statementMap":{"0":{"start":{"line":1,"column":0},"end":{"line":1,"column":3}},"48":{"start":{"line":49,"column":0},"end":{"line":49,"column":78}},"49":{"start":{"line":50,"column":0},"end":{"line":50,"column":104}},"51":{"start":{"line":52,"column":0},"end":{"line":52,"column":20}},"52":{"start":{"line":53,"column":0},"end":{"line":53,"column":13}},"53":{"start":{"line":54,"column":0},"end":{"line":54,"column":8}},"54":{"start":{"line":55,"column":0},"end":{"line":55,"column":32}},"55":{"start":{"line":56,"column":0},"end":{"line":56,"column":26}},"56":{"start":{"line":57,"column":0},"end":{"line":57,"column":25}},"57":{"start":{"line":58,"column":0},"end":{"line":58,"column":15}},"58":{"start":{"line":59,"column":0},"end":{"line":59,"column":34}},"59":{"start":{"line":60,"column":0},"end":{"line":60,"column":1}}},"s":{"0":1,"48":1,"49":8,"51":8,"52":8,"53":8,"54":8,"55":8,"56":8,"57":8,"58":8,"59":8},"branchMap":{"0":{"type":"branch","line":49,"loc":{"start":{"line":49,"column":7},"end":{"line":60,"column":1}},"locations":[{"start":{"line":49,"column":7},"end":{"line":60,"column":1}}]}},"b":{"0":[8]},"fnMap":{"0":{"name":"createRateLimiter","decl":{"start":{"line":49,"column":7},"end":{"line":60,"column":1}},"loc":{"start":{"line":49,"column":7},"end":{"line":60,"column":1}},"line":49}},"f":{"0":8}}
,"/home/anatolec/Downloads/CathedralAI/shared/middleware/src/rateLimiter/tokenRateLimiter.ts": {"path":"/home/anatolec/Downloads/CathedralAI/shared/middleware/src/rateLimiter/tokenRateLimiter.ts","all":true,"statementMap":{"0":{"start":{"line":1,"column":0},"end":{"line":1,"column":3}},"10":{"start":{"line":11,"column":0},"end":{"line":11,"column":101}},"15":{"start":{"line":16,"column":0},"end":{"line":16,"column":36}},"16":{"start":{"line":17,"column":0},"end":{"line":17,"column":39}},"17":{"start":{"line":18,"column":0},"end":{"line":18,"column":57}},"18":{"start":{"line":19,"column":0},"end":{"line":19,"column":40}},"19":{"start":{"line":20,"column":0},"end":{"line":20,"column":11}},"25":{"start":{"line":26,"column":0},"end":{"line":26,"column":60}},"27":{"start":{"line":28,"column":0},"end":{"line":28,"column":84}},"28":{"start":{"line":29,"column":0},"end":{"line":29,"column":36}},"29":{"start":{"line":30,"column":0},"end":{"line":30,"column":3}},"32":{"start":{"line":33,"column":0},"end":{"line":33,"column":78}},"33":{"start":{"line":34,"column":0},"end":{"line":34,"column":1}},"38":{"start":{"line":39,"column":0},"end":{"line":39,"column":60}},"40":{"start":{"line":41,"column":0},"end":{"line":41,"column":85}},"41":{"start":{"line":42,"column":0},"end":{"line":42,"column":16}},"42":{"start":{"line":43,"column":0},"end":{"line":43,"column":3}},"50":{"start":{"line":51,"column":0},"end":{"line":51,"column":38}},"51":{"start":{"line":52,"column":0},"end":{"line":52,"column":33}},"52":{"start":{"line":53,"column":0},"end":{"line":53,"column":16}},"53":{"start":{"line":54,"column":0},"end":{"line":54,"column":3}},"55":{"start":{"line":56,"column":0},"end":{"line":56,"column":15}},"56":{"start":{"line":57,"column":0},"end":{"line":57,"column":1}},"86":{"start":{"line":87,"column":0},"end":{"line":87,"column":97}},"87":{"start":{"line":88,"column":0},"end":{"line":88,"column":54}},"90":{"start":{"line":91,"column":0},"end":{"line":91,"column":42}},"92":{"start":{"line":93,"column":0},"end":{"line":93,"column":36}},"93":{"start":{"line":94,"column":0},"end":{"line":94,"column":9}},"104":{"start":{"line":105,"column":0},"end":{"line":105,"column":87}},"105":{"start":{"line":106,"column":0},"end":{"line":106,"column":86}},"106":{"start":{"line":107,"column":0},"end":{"line":107,"column":9}},"107":{"start":{"line":108,"column":0},"end":{"line":108,"column":21}},"108":{"start":{"line":109,"column":0},"end":{"line":109,"column":91}},"109":{"start":{"line":110,"column":0},"end":{"line":110,"column":67}},"110":{"start":{"line":111,"column":0},"end":{"line":111,"column":5}},"111":{"start":{"line":112,"column":0},"end":{"line":112,"column":3}},"114":{"start":{"line":115,"column":0},"end":{"line":115,"column":20}},"115":{"start":{"line":116,"column":0},"end":{"line":116,"column":36}},"116":{"start":{"line":117,"column":0},"end":{"line":117,"column":28}},"118":{"start":{"line":119,"column":0},"end":{"line":119,"column":37}},"119":{"start":{"line":120,"column":0},"end":{"line":120,"column":63}},"120":{"start":{"line":121,"column":0},"end":{"line":121,"column":7}},"123":{"start":{"line":124,"column":0},"end":{"line":124,"column":34}},"124":{"start":{"line":125,"column":0},"end":{"line":125,"column":19}},"126":{"start":{"line":127,"column":0},"end":{"line":127,"column":44}},"127":{"start":{"line":128,"column":0},"end":{"line":128,"column":7}},"130":{"start":{"line":131,"column":0},"end":{"line":131,"column":38}},"131":{"start":{"line":132,"column":0},"end":{"line":132,"column":6}},"132":{"start":{"line":133,"column":0},"end":{"line":133,"column":37}},"134":{"start":{"line":135,"column":0},"end":{"line":135,"column":37}},"135":{"start":{"line":136,"column":0},"end":{"line":136,"column":65}},"136":{"start":{"line":137,"column":0},"end":{"line":137,"column":7}},"139":{"start":{"line":140,"column":0},"end":{"line":140,"column":34}},"140":{"start":{"line":141,"column":0},"end":{"line":141,"column":19}},"142":{"start":{"line":143,"column":0},"end":{"line":143,"column":35}},"143":{"start":{"line":144,"column":0},"end":{"line":144,"column":7}},"146":{"start":{"line":147,"column":0},"end":{"line":147,"column":25}},"147":{"start":{"line":148,"column":0},"end":{"line":148,"column":40}},"148":{"start":{"line":149,"column":0},"end":{"line":149,"column":7}},"151":{"start":{"line":152,"column":0},"end":{"line":152,"column":45}},"152":{"start":{"line":153,"column":0},"end":{"line":153,"column":55}},"153":{"start":{"line":154,"column":0},"end":{"line":154,"column":6}},"154":{"start":{"line":155,"column":0},"end":{"line":155,"column":71}},"155":{"start":{"line":156,"column":0},"end":{"line":156,"column":26}},"156":{"start":{"line":157,"column":0},"end":{"line":157,"column":25}},"157":{"start":{"line":158,"column":0},"end":{"line":158,"column":29}},"159":{"start":{"line":160,"column":0},"end":{"line":160,"column":38}},"160":{"start":{"line":161,"column":0},"end":{"line":161,"column":6}},"161":{"start":{"line":162,"column":0},"end":{"line":162,"column":10}},"162":{"start":{"line":163,"column":0},"end":{"line":163,"column":5}},"163":{"start":{"line":164,"column":0},"end":{"line":164,"column":1}},"169":{"start":{"line":170,"column":0},"end":{"line":170,"column":87}},"170":{"start":{"line":171,"column":0},"end":{"line":171,"column":33}},"171":{"start":{"line":172,"column":0},"end":{"line":172,"column":33}},"173":{"start":{"line":174,"column":0},"end":{"line":174,"column":73}},"174":{"start":{"line":175,"column":0},"end":{"line":175,"column":6}},"175":{"start":{"line":176,"column":0},"end":{"line":176,"column":13}},"176":{"start":{"line":177,"column":0},"end":{"line":177,"column":5}},"177":{"start":{"line":178,"column":0},"end":{"line":178,"column":1}}},"s":{"0":0,"10":0,"15":0,"16":0,"17":0,"18":0,"19":0,"25":0,"27":0,"28":0,"29":0,"32":0,"33":0,"38":0,"40":0,"41":0,"42":0,"50":0,"51":0,"52":0,"53":0,"55":0,"56":0,"86":0,"87":0,"90":0,"92":0,"93":0,"104":0,"105":0,"106":0,"107":0,"108":0,"109":0,"110":0,"111":0,"114":0,"115":0,"116":0,"118":0,"119":0,"120":0,"123":0,"124":0,"126":0,"127":0,"130":0,"131":0,"132":0,"134":0,"135":0,"136":0,"139":0,"140":0,"142":0,"143":0,"146":0,"147":0,"148":0,"151":0,"152":0,"153":0,"154":0,"155":0,"156":0,"157":0,"159":0,"160":0,"161":0,"162":0,"163":0,"169":0,"170":0,"171":0,"173":0,"174":0,"175":0,"176":0,"177":0},"branchMap":{"0":{"type":"branch","line":1,"loc":{"start":{"line":1,"column":5850},"end":{"line":178,"column":1}},"locations":[{"start":{"line":1,"column":5850},"end":{"line":178,"column":1}}]}},"b":{"0":[0]},"fnMap":{"0":{"name":"(empty-report)","decl":{"start":{"line":1,"column":5850},"end":{"line":178,"column":1}},"loc":{"start":{"line":1,"column":5850},"end":{"line":178,"column":1}},"line":1}},"f":{"0":0}}
,"/home/anatolec/Downloads/CathedralAI/shared/middleware/src/response/index.ts": {"path":"/home/anatolec/Downloads/CathedralAI/shared/middleware/src/response/index.ts","all":true,"statementMap":{"0":{"start":{"line":1,"column":0},"end":{"line":1,"column":3}},"4":{"start":{"line":5,"column":0},"end":{"line":5,"column":36}},"5":{"start":{"line":6,"column":0},"end":{"line":6,"column":24}}},"s":{"0":0,"4":0,"5":0},"branchMap":{"0":{"type":"branch","line":1,"loc":{"start":{"line":1,"column":100},"end":{"line":6,"column":24}},"locations":[{"start":{"line":1,"column":100},"end":{"line":6,"column":24}}]}},"b":{"0":[0]},"fnMap":{"0":{"name":"(empty-report)","decl":{"start":{"line":1,"column":100},"end":{"line":6,"column":24}},"loc":{"start":{"line":1,"column":100},"end":{"line":6,"column":24}},"line":1}},"f":{"0":0}}
,"/home/anatolec/Downloads/CathedralAI/shared/middleware/src/response/responseFormatter.ts": {"path":"/home/anatolec/Downloads/CathedralAI/shared/middleware/src/response/responseFormatter.ts","all":false,"statementMap":{"0":{"start":{"line":1,"column":0},"end":{"line":1,"column":3}},"21":{"start":{"line":22,"column":0},"end":{"line":22,"column":35}},"22":{"start":{"line":23,"column":0},"end":{"line":23,"column":10}},"23":{"start":{"line":24,"column":0},"end":{"line":24,"column":29}},"24":{"start":{"line":25,"column":0},"end":{"line":25,"column":23}},"25":{"start":{"line":26,"column":0},"end":{"line":26,"column":43}},"27":{"start":{"line":28,"column":0},"end":{"line":28,"column":10}},"28":{"start":{"line":29,"column":0},"end":{"line":29,"column":18}},"29":{"start":{"line":30,"column":0},"end":{"line":30,"column":9}},"30":{"start":{"line":31,"column":0},"end":{"line":31,"column":15}},"31":{"start":{"line":32,"column":0},"end":{"line":32,"column":18}},"32":{"start":{"line":33,"column":0},"end":{"line":33,"column":54}},"33":{"start":{"line":34,"column":0},"end":{"line":34,"column":65}},"34":{"start":{"line":35,"column":0},"end":{"line":35,"column":6}},"35":{"start":{"line":36,"column":0},"end":{"line":36,"column":4}},"36":{"start":{"line":37,"column":0},"end":{"line":37,"column":1}},"52":{"start":{"line":53,"column":0},"end":{"line":53,"column":30}},"53":{"start":{"line":54,"column":0},"end":{"line":54,"column":16}},"54":{"start":{"line":55,"column":0},"end":{"line":55,"column":18}},"55":{"start":{"line":56,"column":0},"end":{"line":56,"column":16}},"56":{"start":{"line":57,"column":0},"end":{"line":57,"column":19}},"57":{"start":{"line":58,"column":0},"end":{"line":58,"column":18}},"58":{"start":{"line":59,"column":0},"end":{"line":59,"column":43}},"60":{"start":{"line":61,"column":0},"end":{"line":61,"column":10}},"61":{"start":{"line":62,"column":0},"end":{"line":62,"column":19}},"62":{"start":{"line":63,"column":0},"end":{"line":63,"column":10}},"63":{"start":{"line":64,"column":0},"end":{"line":64,"column":12}},"64":{"start":{"line":65,"column":0},"end":{"line":65,"column":9}},"65":{"start":{"line":66,"column":0},"end":{"line":66,"column":12}},"66":{"start":{"line":67,"column":0},"end":{"line":67,"column":42}},"67":{"start":{"line":68,"column":0},"end":{"line":68,"column":4}},"68":{"start":{"line":69,"column":0},"end":{"line":69,"column":1}},"83":{"start":{"line":84,"column":0},"end":{"line":84,"column":39}},"84":{"start":{"line":85,"column":0},"end":{"line":85,"column":16}},"85":{"start":{"line":86,"column":0},"end":{"line":86,"column":10}},"86":{"start":{"line":87,"column":0},"end":{"line":87,"column":30}},"87":{"start":{"line":88,"column":0},"end":{"line":88,"column":26}},"88":{"start":{"line":89,"column":0},"end":{"line":89,"column":9}},"89":{"start":{"line":90,"column":0},"end":{"line":90,"column":63}},"90":{"start":{"line":91,"column":0},"end":{"line":91,"column":1}},"107":{"start":{"line":108,"column":0},"end":{"line":108,"column":34}},"108":{"start":{"line":109,"column":0},"end":{"line":109,"column":16}},"109":{"start":{"line":110,"column":0},"end":{"line":110,"column":16}},"110":{"start":{"line":111,"column":0},"end":{"line":111,"column":18}},"111":{"start":{"line":112,"column":0},"end":{"line":112,"column":27}},"112":{"start":{"line":113,"column":0},"end":{"line":113,"column":16}},"113":{"start":{"line":114,"column":0},"end":{"line":114,"column":19}},"114":{"start":{"line":115,"column":0},"end":{"line":115,"column":9}},"115":{"start":{"line":116,"column":0},"end":{"line":116,"column":76}},"116":{"start":{"line":117,"column":0},"end":{"line":117,"column":1}}},"s":{"0":1,"21":1,"22":4,"23":4,"24":4,"25":4,"27":4,"28":4,"29":4,"30":4,"31":4,"32":4,"33":4,"34":4,"35":4,"36":4,"52":1,"53":6,"54":6,"55":6,"56":6,"57":6,"58":6,"60":6,"61":6,"62":6,"63":6,"64":6,"65":6,"66":6,"67":6,"68":6,"83":1,"84":2,"85":2,"86":2,"87":2,"88":2,"89":2,"90":2,"107":1,"108":3,"109":3,"110":3,"111":3,"112":3,"113":3,"114":3,"115":3,"116":3},"branchMap":{"0":{"type":"branch","line":22,"loc":{"start":{"line":22,"column":7},"end":{"line":37,"column":1}},"locations":[{"start":{"line":22,"column":7},"end":{"line":37,"column":1}}]},"1":{"type":"branch","line":33,"loc":{"start":{"line":33,"column":17},"end":{"line":33,"column":54}},"locations":[{"start":{"line":33,"column":17},"end":{"line":33,"column":54}}]},"2":{"type":"branch","line":34,"loc":{"start":{"line":34,"column":17},"end":{"line":34,"column":40}},"locations":[{"start":{"line":34,"column":17},"end":{"line":34,"column":40}}]},"3":{"type":"branch","line":34,"loc":{"start":{"line":34,"column":27},"end":{"line":34,"column":65}},"locations":[{"start":{"line":34,"column":27},"end":{"line":34,"column":65}}]},"4":{"type":"branch","line":53,"loc":{"start":{"line":53,"column":7},"end":{"line":69,"column":1}},"locations":[{"start":{"line":53,"column":7},"end":{"line":69,"column":1}}]},"5":{"type":"branch","line":67,"loc":{"start":{"line":67,"column":15},"end":{"line":67,"column":42}},"locations":[{"start":{"line":67,"column":15},"end":{"line":67,"column":42}}]},"6":{"type":"branch","line":84,"loc":{"start":{"line":84,"column":7},"end":{"line":91,"column":1}},"locations":[{"start":{"line":84,"column":7},"end":{"line":91,"column":1}}]},"7":{"type":"branch","line":108,"loc":{"start":{"line":108,"column":7},"end":{"line":117,"column":1}},"locations":[{"start":{"line":108,"column":7},"end":{"line":117,"column":1}}]}},"b":{"0":[4],"1":[0],"2":[1],"3":[3],"4":[6],"5":[0],"6":[2],"7":[3]},"fnMap":{"0":{"name":"successResponse","decl":{"start":{"line":22,"column":7},"end":{"line":37,"column":1}},"loc":{"start":{"line":22,"column":7},"end":{"line":37,"column":1}},"line":22},"1":{"name":"errorResponse","decl":{"start":{"line":53,"column":7},"end":{"line":69,"column":1}},"loc":{"start":{"line":53,"column":7},"end":{"line":69,"column":1}},"line":53},"2":{"name":"sendSuccessResponse","decl":{"start":{"line":84,"column":7},"end":{"line":91,"column":1}},"loc":{"start":{"line":84,"column":7},"end":{"line":91,"column":1}},"line":84},"3":{"name":"sendErrorResponse","decl":{"start":{"line":108,"column":7},"end":{"line":117,"column":1}},"loc":{"start":{"line":108,"column":7},"end":{"line":117,"column":1}},"line":108}},"f":{"0":4,"1":6,"2":2,"3":3}}
,"/home/anatolec/Downloads/CathedralAI/shared/middleware/src/response/types.ts": {"path":"/home/anatolec/Downloads/CathedralAI/shared/middleware/src/response/types.ts","all":true,"statementMap":{"0":{"start":{"line":1,"column":0},"end":{"line":1,"column":3}}},"s":{"0":0},"branchMap":{"0":{"type":"branch","line":1,"loc":{"start":{"line":1,"column":608},"end":{"line":38,"column":64}},"locations":[{"start":{"line":1,"column":608},"end":{"line":38,"column":64}}]}},"b":{"0":[0]},"fnMap":{"0":{"name":"(empty-report)","decl":{"start":{"line":1,"column":608},"end":{"line":38,"column":64}},"loc":{"start":{"line":1,"column":608},"end":{"line":38,"column":64}},"line":1}},"f":{"0":0}}
,"/home/anatolec/Downloads/CathedralAI/shared/middleware/src/security/cors.ts": {"path":"/home/anatolec/Downloads/CathedralAI/shared/middleware/src/security/cors.ts","all":true,"statementMap":{"0":{"start":{"line":1,"column":0},"end":{"line":1,"column":3}},"47":{"start":{"line":48,"column":0},"end":{"line":48,"column":61}},"49":{"start":{"line":50,"column":0},"end":{"line":50,"column":55}},"51":{"start":{"line":52,"column":0},"end":{"line":52,"column":49}},"52":{"start":{"line":53,"column":0},"end":{"line":53,"column":63}},"53":{"start":{"line":54,"column":0},"end":{"line":54,"column":3}},"56":{"start":{"line":57,"column":0},"end":{"line":57,"column":38}},"58":{"start":{"line":59,"column":0},"end":{"line":59,"column":47}},"59":{"start":{"line":60,"column":0},"end":{"line":60,"column":56}},"61":{"start":{"line":62,"column":0},"end":{"line":62,"column":20}},"62":{"start":{"line":63,"column":0},"end":{"line":63,"column":37}},"63":{"start":{"line":64,"column":0},"end":{"line":64,"column":3}},"65":{"start":{"line":66,"column":0},"end":{"line":66,"column":59}},"66":{"start":{"line":67,"column":0},"end":{"line":67,"column":41}},"67":{"start":{"line":68,"column":0},"end":{"line":68,"column":3}},"70":{"start":{"line":71,"column":0},"end":{"line":71,"column":56}},"71":{"start":{"line":72,"column":0},"end":{"line":72,"column":34}},"72":{"start":{"line":73,"column":0},"end":{"line":73,"column":74}},"73":{"start":{"line":74,"column":0},"end":{"line":74,"column":3}},"76":{"start":{"line":77,"column":0},"end":{"line":77,"column":36}},"77":{"start":{"line":78,"column":0},"end":{"line":78,"column":24}},"78":{"start":{"line":79,"column":0},"end":{"line":79,"column":36}},"79":{"start":{"line":80,"column":0},"end":{"line":80,"column":35}},"80":{"start":{"line":81,"column":0},"end":{"line":81,"column":30}},"81":{"start":{"line":82,"column":0},"end":{"line":82,"column":29}},"82":{"start":{"line":83,"column":0},"end":{"line":83,"column":6}},"83":{"start":{"line":84,"column":0},"end":{"line":84,"column":3}},"85":{"start":{"line":86,"column":0},"end":{"line":86,"column":24}},"86":{"start":{"line":87,"column":0},"end":{"line":87,"column":1}},"91":{"start":{"line":92,"column":0},"end":{"line":92,"column":55}},"92":{"start":{"line":93,"column":0},"end":{"line":93,"column":58}},"93":{"start":{"line":94,"column":0},"end":{"line":94,"column":1}},"111":{"start":{"line":112,"column":0},"end":{"line":112,"column":37}},"112":{"start":{"line":113,"column":0},"end":{"line":113,"column":37}},"113":{"start":{"line":114,"column":0},"end":{"line":114,"column":19}},"114":{"start":{"line":115,"column":0},"end":{"line":115,"column":92}},"115":{"start":{"line":116,"column":0},"end":{"line":116,"column":64}},"117":{"start":{"line":118,"column":0},"end":{"line":118,"column":36}},"118":{"start":{"line":119,"column":0},"end":{"line":119,"column":107}},"120":{"start":{"line":121,"column":0},"end":{"line":121,"column":20}},"121":{"start":{"line":122,"column":0},"end":{"line":122,"column":36}},"122":{"start":{"line":123,"column":0},"end":{"line":123,"column":7}},"125":{"start":{"line":126,"column":0},"end":{"line":126,"column":71}},"126":{"start":{"line":127,"column":0},"end":{"line":127,"column":36}},"127":{"start":{"line":128,"column":0},"end":{"line":128,"column":7}},"130":{"start":{"line":131,"column":0},"end":{"line":131,"column":76}},"131":{"start":{"line":132,"column":0},"end":{"line":132,"column":36}},"132":{"start":{"line":133,"column":0},"end":{"line":133,"column":7}},"135":{"start":{"line":136,"column":0},"end":{"line":136,"column":40}},"136":{"start":{"line":137,"column":0},"end":{"line":137,"column":36}},"137":{"start":{"line":138,"column":0},"end":{"line":138,"column":7}},"140":{"start":{"line":141,"column":0},"end":{"line":141,"column":69}},"141":{"start":{"line":142,"column":0},"end":{"line":142,"column":6}},"142":{"start":{"line":143,"column":0},"end":{"line":143,"column":52}},"143":{"start":{"line":144,"column":0},"end":{"line":144,"column":66}},"144":{"start":{"line":145,"column":0},"end":{"line":145,"column":21}},"145":{"start":{"line":146,"column":0},"end":{"line":146,"column":21}},"146":{"start":{"line":147,"column":0},"end":{"line":147,"column":22}},"147":{"start":{"line":148,"column":0},"end":{"line":148,"column":24}},"148":{"start":{"line":149,"column":0},"end":{"line":149,"column":40}},"149":{"start":{"line":150,"column":0},"end":{"line":150,"column":6}},"150":{"start":{"line":151,"column":0},"end":{"line":151,"column":21}},"151":{"start":{"line":152,"column":0},"end":{"line":152,"column":21}},"152":{"start":{"line":153,"column":0},"end":{"line":153,"column":40}},"153":{"start":{"line":154,"column":0},"end":{"line":154,"column":6}},"154":{"start":{"line":155,"column":0},"end":{"line":155,"column":30}},"155":{"start":{"line":156,"column":0},"end":{"line":156,"column":4}},"157":{"start":{"line":158,"column":0},"end":{"line":158,"column":27}},"158":{"start":{"line":159,"column":0},"end":{"line":159,"column":1}}},"s":{"0":0,"47":0,"49":0,"51":0,"52":0,"53":0,"56":0,"58":0,"59":0,"61":0,"62":0,"63":0,"65":0,"66":0,"67":0,"70":0,"71":0,"72":0,"73":0,"76":0,"77":0,"78":0,"79":0,"80":0,"81":0,"82":0,"83":0,"85":0,"86":0,"91":0,"92":0,"93":0,"111":0,"112":0,"113":0,"114":0,"115":0,"117":0,"118":0,"120":0,"121":0,"122":0,"125":0,"126":0,"127":0,"130":0,"131":0,"132":0,"135":0,"136":0,"137":0,"140":0,"141":0,"142":0,"143":0,"144":0,"145":0,"146":0,"147":0,"148":0,"149":0,"150":0,"151":0,"152":0,"153":0,"154":0,"155":0,"157":0,"158":0},"branchMap":{"0":{"type":"branch","line":1,"loc":{"start":{"line":1,"column":4389},"end":{"line":159,"column":1}},"locations":[{"start":{"line":1,"column":4389},"end":{"line":159,"column":1}}]}},"b":{"0":[0]},"fnMap":{"0":{"name":"(empty-report)","decl":{"start":{"line":1,"column":4389},"end":{"line":159,"column":1}},"loc":{"start":{"line":1,"column":4389},"end":{"line":159,"column":1}},"line":1}},"f":{"0":0}}
,"/home/anatolec/Downloads/CathedralAI/shared/middleware/src/security/index.ts": {"path":"/home/anatolec/Downloads/CathedralAI/shared/middleware/src/security/index.ts","all":true,"statementMap":{"0":{"start":{"line":1,"column":0},"end":{"line":1,"column":3}}},"s":{"0":0},"branchMap":{"0":{"type":"branch","line":1,"loc":{"start":{"line":1,"column":240},"end":{"line":7,"column":74}},"locations":[{"start":{"line":1,"column":240},"end":{"line":7,"column":74}}]}},"b":{"0":[0]},"fnMap":{"0":{"name":"(empty-report)","decl":{"start":{"line":1,"column":240},"end":{"line":7,"column":74}},"loc":{"start":{"line":1,"column":240},"end":{"line":7,"column":74}},"line":1}},"f":{"0":0}}
,"/home/anatolec/Downloads/CathedralAI/shared/middleware/src/security/securityHeaders.ts": {"path":"/home/anatolec/Downloads/CathedralAI/shared/middleware/src/security/securityHeaders.ts","all":true,"statementMap":{"0":{"start":{"line":1,"column":0},"end":{"line":1,"column":3}},"52":{"start":{"line":53,"column":0},"end":{"line":53,"column":42}},"53":{"start":{"line":54,"column":0},"end":{"line":54,"column":38}},"54":{"start":{"line":55,"column":0},"end":{"line":55,"column":19}},"57":{"start":{"line":58,"column":0},"end":{"line":58,"column":37}},"58":{"start":{"line":59,"column":0},"end":{"line":59,"column":71}},"59":{"start":{"line":60,"column":0},"end":{"line":60,"column":18}},"60":{"start":{"line":61,"column":0},"end":{"line":61,"column":44}},"61":{"start":{"line":62,"column":0},"end":{"line":62,"column":71}},"64":{"start":{"line":65,"column":0},"end":{"line":65,"column":58}},"65":{"start":{"line":66,"column":0},"end":{"line":66,"column":27}},"66":{"start":{"line":67,"column":0},"end":{"line":67,"column":98}},"67":{"start":{"line":68,"column":0},"end":{"line":68,"column":44}},"68":{"start":{"line":69,"column":0},"end":{"line":69,"column":42}},"69":{"start":{"line":70,"column":0},"end":{"line":70,"column":27}},"70":{"start":{"line":71,"column":0},"end":{"line":71,"column":33}},"71":{"start":{"line":72,"column":0},"end":{"line":72,"column":26}},"72":{"start":{"line":73,"column":0},"end":{"line":73,"column":25}},"73":{"start":{"line":74,"column":0},"end":{"line":74,"column":25}},"74":{"start":{"line":75,"column":0},"end":{"line":75,"column":24}},"75":{"start":{"line":76,"column":0},"end":{"line":76,"column":27}},"76":{"start":{"line":77,"column":0},"end":{"line":77,"column":4}},"79":{"start":{"line":80,"column":0},"end":{"line":80,"column":29}},"80":{"start":{"line":81,"column":0},"end":{"line":81,"column":54}},"81":{"start":{"line":82,"column":0},"end":{"line":82,"column":3}},"84":{"start":{"line":85,"column":0},"end":{"line":85,"column":78}},"85":{"start":{"line":86,"column":0},"end":{"line":86,"column":30}},"86":{"start":{"line":87,"column":0},"end":{"line":87,"column":57}},"87":{"start":{"line":88,"column":0},"end":{"line":88,"column":48}},"89":{"start":{"line":90,"column":0},"end":{"line":90,"column":33}},"90":{"start":{"line":91,"column":0},"end":{"line":91,"column":35}},"91":{"start":{"line":92,"column":0},"end":{"line":92,"column":7}},"92":{"start":{"line":93,"column":0},"end":{"line":93,"column":7}},"93":{"start":{"line":94,"column":0},"end":{"line":94,"column":3}},"96":{"start":{"line":97,"column":0},"end":{"line":97,"column":47}},"97":{"start":{"line":98,"column":0},"end":{"line":98,"column":37}},"98":{"start":{"line":99,"column":0},"end":{"line":99,"column":55}},"99":{"start":{"line":100,"column":0},"end":{"line":100,"column":32}},"100":{"start":{"line":101,"column":0},"end":{"line":101,"column":5}},"101":{"start":{"line":102,"column":0},"end":{"line":102,"column":5}},"103":{"start":{"line":104,"column":0},"end":{"line":104,"column":17}},"104":{"start":{"line":105,"column":0},"end":{"line":105,"column":58}},"105":{"start":{"line":106,"column":0},"end":{"line":106,"column":32}},"106":{"start":{"line":107,"column":0},"end":{"line":107,"column":14}},"107":{"start":{"line":108,"column":0},"end":{"line":108,"column":74}},"108":{"start":{"line":109,"column":0},"end":{"line":109,"column":33}},"109":{"start":{"line":110,"column":0},"end":{"line":110,"column":30}},"110":{"start":{"line":111,"column":0},"end":{"line":111,"column":21}},"111":{"start":{"line":112,"column":0},"end":{"line":112,"column":14}},"112":{"start":{"line":113,"column":0},"end":{"line":113,"column":54}},"113":{"start":{"line":114,"column":0},"end":{"line":114,"column":122}},"114":{"start":{"line":115,"column":0},"end":{"line":115,"column":33}},"115":{"start":{"line":116,"column":0},"end":{"line":116,"column":30}},"116":{"start":{"line":117,"column":0},"end":{"line":117,"column":66}},"117":{"start":{"line":118,"column":0},"end":{"line":118,"column":80}},"118":{"start":{"line":119,"column":0},"end":{"line":119,"column":68}},"119":{"start":{"line":120,"column":0},"end":{"line":120,"column":58}},"120":{"start":{"line":121,"column":0},"end":{"line":121,"column":5}},"121":{"start":{"line":122,"column":0},"end":{"line":122,"column":1}}},"s":{"0":0,"52":0,"53":0,"54":0,"57":0,"58":0,"59":0,"60":0,"61":0,"64":0,"65":0,"66":0,"67":0,"68":0,"69":0,"70":0,"71":0,"72":0,"73":0,"74":0,"75":0,"76":0,"79":0,"80":0,"81":0,"84":0,"85":0,"86":0,"87":0,"89":0,"90":0,"91":0,"92":0,"93":0,"96":0,"97":0,"98":0,"99":0,"100":0,"101":0,"103":0,"104":0,"105":0,"106":0,"107":0,"108":0,"109":0,"110":0,"111":0,"112":0,"113":0,"114":0,"115":0,"116":0,"117":0,"118":0,"119":0,"120":0,"121":0},"branchMap":{"0":{"type":"branch","line":1,"loc":{"start":{"line":1,"column":3915},"end":{"line":122,"column":1}},"locations":[{"start":{"line":1,"column":3915},"end":{"line":122,"column":1}}]}},"b":{"0":[0]},"fnMap":{"0":{"name":"(empty-report)","decl":{"start":{"line":1,"column":3915},"end":{"line":122,"column":1}},"loc":{"start":{"line":1,"column":3915},"end":{"line":122,"column":1}},"line":1}},"f":{"0":0}}
}
