TN:
SF:src/index.ts
FN:1,(empty-report)
FNF:1
FNH:0
FNDA:0,(empty-report)
DA:1,0
DA:7,0
DA:10,0
DA:13,0
DA:16,0
DA:19,0
LF:6
LH:0
BRDA:1,0,0,0
BRF:1
BRH:0
end_of_record
TN:
SF:src/auth/apiTokenAuth.ts
FN:113,createApiTokenAuthMiddleware
FN:122,extractChatbotId
FNF:2
FNH:2
FNDA:13,createApiTokenAuthMiddleware
FNDA:8,extractChatbotId
DA:1,1
DA:113,1
DA:114,13
DA:115,13
DA:116,13
DA:117,13
DA:118,13
DA:119,13
DA:120,13
DA:121,13
DA:122,13
DA:123,13
DA:125,13
DA:126,13
DA:128,13
DA:129,13
DA:130,13
DA:131,2
DA:132,2
DA:133,2
DA:134,2
DA:135,2
DA:136,2
DA:138,11
DA:141,11
DA:142,13
DA:143,1
DA:144,1
DA:145,1
DA:146,1
DA:147,1
DA:148,1
DA:151,10
DA:152,13
DA:153,1
DA:154,1
DA:155,1
DA:156,1
DA:157,1
DA:158,1
DA:161,9
DA:162,13
DA:163,1
DA:164,1
DA:165,1
DA:166,1
DA:167,1
DA:168,1
DA:171,13
DA:172,2
DA:173,2
DA:174,2
DA:175,2
DA:176,2
DA:177,2
DA:180,6
DA:181,6
DA:182,6
DA:184,13
DA:185,0
DA:186,0
DA:187,0
DA:188,0
DA:189,0
DA:190,0
DA:192,13
DA:193,1
DA:194,1
DA:195,1
DA:196,1
DA:197,1
DA:198,1
DA:201,5
DA:202,5
DA:205,13
DA:206,2
DA:207,1
DA:208,1
DA:209,1
DA:210,1
DA:212,2
DA:213,2
DA:215,5
DA:216,13
DA:217,0
DA:218,0
DA:219,0
DA:220,0
DA:221,0
DA:222,0
DA:223,0
DA:224,0
DA:225,13
DA:226,13
LF:94
LH:80
BRDA:113,0,0,13
BRDA:122,1,0,8
BRDA:125,2,0,13
BRDA:129,3,0,0
BRDA:130,4,0,12
BRDA:130,5,0,2
BRDA:136,6,0,11
BRDA:142,7,0,1
BRDA:148,8,0,10
BRDA:152,9,0,1
BRDA:155,10,0,0
BRDA:158,11,0,9
BRDA:162,12,0,1
BRDA:168,13,0,8
BRDA:171,14,0,2
BRDA:177,15,0,6
BRDA:184,16,0,0
BRDA:190,17,0,6
BRDA:192,18,0,1
BRDA:198,19,0,5
BRDA:205,20,0,4
BRDA:205,21,0,2
BRDA:213,22,0,5
BRDA:216,23,0,0
BRDA:206,24,0,1
BRDA:207,25,0,0
BRF:26
BRH:21
end_of_record
TN:
SF:src/auth/index.ts
FN:1,(empty-report)
FNF:1
FNH:0
FNDA:0,(empty-report)
DA:1,0
DA:5,0
DA:6,0
DA:7,0
LF:4
LH:0
BRDA:1,0,0,0
BRF:1
BRH:0
end_of_record
TN:
SF:src/auth/jwtAuth.ts
FN:37,createJwtAuthMiddleware
FNF:1
FNH:1
FNDA:8,createJwtAuthMiddleware
DA:1,1
DA:37,1
DA:38,8
DA:39,8
DA:40,8
DA:42,8
DA:43,1
DA:44,1
DA:46,7
DA:47,7
DA:49,7
DA:50,7
DA:52,7
DA:53,2
DA:54,2
DA:55,2
DA:58,5
DA:59,5
DA:60,5
DA:61,7
DA:62,1
DA:63,1
DA:64,1
DA:65,1
DA:66,1
DA:67,1
DA:70,4
DA:71,7
DA:72,1
DA:73,1
DA:74,7
DA:75,3
DA:76,3
DA:77,3
DA:80,4
DA:81,4
DA:82,4
DA:84,7
DA:85,1
DA:86,1
DA:87,1
DA:88,1
DA:89,1
DA:90,1
DA:91,1
DA:92,1
DA:95,7
DA:96,1
DA:97,1
DA:98,1
DA:99,1
DA:101,2
DA:102,7
DA:103,1
DA:104,1
DA:105,1
DA:106,1
DA:107,1
DA:108,7
DA:109,7
LF:60
LH:60
BRDA:37,0,0,8
BRDA:42,1,0,1
BRDA:44,2,0,7
BRDA:46,3,0,7
BRDA:50,4,0,6
BRDA:52,5,0,2
BRDA:55,6,0,5
BRDA:61,7,0,1
BRDA:62,8,0,0
BRDA:67,9,0,4
BRDA:71,10,0,1
BRDA:74,11,0,3
BRDA:77,12,0,4
BRDA:82,13,0,3
BRDA:84,14,0,1
BRDA:92,15,0,2
BRDA:95,16,0,1
BRDA:99,17,0,2
BRDA:102,18,0,1
BRDA:103,19,0,0
BRF:20
BRH:18
end_of_record
TN:
SF:src/auth/types.ts
FN:1,(empty-report)
FNF:1
FNH:0
FNDA:0,(empty-report)
DA:1,0
LF:1
LH:0
BRDA:1,0,0,0
BRF:1
BRH:0
end_of_record
TN:
SF:src/errorHandler/errorHandler.ts
FN:59,createErrorHandler
FNF:1
FNH:1
FNDA:11,createErrorHandler
DA:1,1
DA:59,1
DA:60,11
DA:61,11
DA:62,11
DA:63,11
DA:64,11
DA:66,11
DA:68,11
DA:69,10
DA:70,10
DA:71,10
DA:72,10
DA:73,10
DA:74,10
DA:75,10
DA:76,10
DA:77,10
DA:78,11
DA:80,1
DA:81,1
DA:84,11
DA:85,11
DA:88,11
DA:89,11
DA:92,11
DA:99,11
DA:100,11
DA:101,11
DA:102,4
DA:103,7
DA:104,6
DA:105,1
DA:106,11
DA:107,11
DA:110,11
DA:111,1
DA:112,1
DA:114,11
DA:115,2
DA:116,2
DA:118,11
DA:119,4
DA:120,4
DA:122,11
DA:123,11
DA:124,11
LF:47
LH:47
BRDA:59,0,0,11
BRDA:66,1,0,11
BRDA:68,2,0,10
BRDA:69,3,0,9
BRDA:69,4,0,1
BRDA:78,5,0,1
BRDA:85,6,0,10
BRDA:100,7,0,10
BRDA:100,8,0,1
BRDA:101,9,0,4
BRDA:102,10,0,7
BRDA:103,11,0,6
BRDA:104,12,0,1
BRDA:110,13,0,1
BRDA:114,14,0,4
BRDA:114,15,0,2
BRDA:118,16,0,4
BRDA:118,17,0,4
BRDA:118,18,0,4
BRF:19
BRH:19
end_of_record
TN:
SF:src/errorHandler/index.ts
FN:1,(empty-report)
FNF:1
FNH:0
FNDA:0,(empty-report)
DA:1,0
DA:5,0
LF:2
LH:0
BRDA:1,0,0,0
BRF:1
BRH:0
end_of_record
TN:
SF:src/rateLimiter/index.ts
FN:1,(empty-report)
FNF:1
FNH:0
FNDA:0,(empty-report)
DA:1,0
DA:5,0
DA:6,0
DA:7,0
LF:4
LH:0
BRDA:1,0,0,0
BRF:1
BRH:0
end_of_record
TN:
SF:src/rateLimiter/presets.ts
FNF:0
FNH:0
DA:1,1
DA:13,1
DA:14,1
DA:15,1
DA:16,1
DA:17,1
DA:23,1
DA:24,1
DA:25,1
DA:26,1
DA:27,1
DA:33,1
DA:34,1
DA:35,1
DA:36,1
DA:37,1
DA:43,1
DA:44,1
DA:45,1
DA:46,1
DA:47,1
LF:21
LH:21
BRF:0
BRH:0
end_of_record
TN:
SF:src/rateLimiter/rateLimiter.ts
FN:49,createRateLimiter
FNF:1
FNH:1
FNDA:8,createRateLimiter
DA:1,1
DA:49,1
DA:50,8
DA:52,8
DA:53,8
DA:54,8
DA:55,8
DA:56,8
DA:57,8
DA:58,8
DA:59,8
DA:60,8
LF:12
LH:12
BRDA:49,0,0,8
BRF:1
BRH:1
end_of_record
TN:
SF:src/rateLimiter/tokenRateLimiter.ts
FN:1,(empty-report)
FNF:1
FNH:0
FNDA:0,(empty-report)
DA:1,0
DA:11,0
DA:16,0
DA:17,0
DA:18,0
DA:19,0
DA:20,0
DA:26,0
DA:28,0
DA:29,0
DA:30,0
DA:33,0
DA:34,0
DA:39,0
DA:41,0
DA:42,0
DA:43,0
DA:51,0
DA:52,0
DA:53,0
DA:54,0
DA:56,0
DA:57,0
DA:87,0
DA:88,0
DA:91,0
DA:93,0
DA:94,0
DA:105,0
DA:106,0
DA:107,0
DA:108,0
DA:109,0
DA:110,0
DA:111,0
DA:112,0
DA:115,0
DA:116,0
DA:117,0
DA:119,0
DA:120,0
DA:121,0
DA:124,0
DA:125,0
DA:127,0
DA:128,0
DA:131,0
DA:132,0
DA:133,0
DA:135,0
DA:136,0
DA:137,0
DA:140,0
DA:141,0
DA:143,0
DA:144,0
DA:147,0
DA:148,0
DA:149,0
DA:152,0
DA:153,0
DA:154,0
DA:155,0
DA:156,0
DA:157,0
DA:158,0
DA:160,0
DA:161,0
DA:162,0
DA:163,0
DA:164,0
DA:170,0
DA:171,0
DA:172,0
DA:174,0
DA:175,0
DA:176,0
DA:177,0
DA:178,0
LF:79
LH:0
BRDA:1,0,0,0
BRF:1
BRH:0
end_of_record
TN:
SF:src/response/index.ts
FN:1,(empty-report)
FNF:1
FNH:0
FNDA:0,(empty-report)
DA:1,0
DA:5,0
DA:6,0
LF:3
LH:0
BRDA:1,0,0,0
BRF:1
BRH:0
end_of_record
TN:
SF:src/response/responseFormatter.ts
FN:22,successResponse
FN:53,errorResponse
FN:84,sendSuccessResponse
FN:108,sendErrorResponse
FNF:4
FNH:4
FNDA:4,successResponse
FNDA:6,errorResponse
FNDA:2,sendSuccessResponse
FNDA:3,sendErrorResponse
DA:1,1
DA:22,1
DA:23,4
DA:24,4
DA:25,4
DA:26,4
DA:28,4
DA:29,4
DA:30,4
DA:31,4
DA:32,4
DA:33,4
DA:34,4
DA:35,4
DA:36,4
DA:37,4
DA:53,1
DA:54,6
DA:55,6
DA:56,6
DA:57,6
DA:58,6
DA:59,6
DA:61,6
DA:62,6
DA:63,6
DA:64,6
DA:65,6
DA:66,6
DA:67,6
DA:68,6
DA:69,6
DA:84,1
DA:85,2
DA:86,2
DA:87,2
DA:88,2
DA:89,2
DA:90,2
DA:91,2
DA:108,1
DA:109,3
DA:110,3
DA:111,3
DA:112,3
DA:113,3
DA:114,3
DA:115,3
DA:116,3
DA:117,3
LF:50
LH:50
BRDA:22,0,0,4
BRDA:33,1,0,0
BRDA:34,2,0,1
BRDA:34,3,0,3
BRDA:53,4,0,6
BRDA:67,5,0,0
BRDA:84,6,0,2
BRDA:108,7,0,3
BRF:8
BRH:6
end_of_record
TN:
SF:src/response/types.ts
FN:1,(empty-report)
FNF:1
FNH:0
FNDA:0,(empty-report)
DA:1,0
LF:1
LH:0
BRDA:1,0,0,0
BRF:1
BRH:0
end_of_record
TN:
SF:src/security/cors.ts
FN:1,(empty-report)
FNF:1
FNH:0
FNDA:0,(empty-report)
DA:1,0
DA:48,0
DA:50,0
DA:52,0
DA:53,0
DA:54,0
DA:57,0
DA:59,0
DA:60,0
DA:62,0
DA:63,0
DA:64,0
DA:66,0
DA:67,0
DA:68,0
DA:71,0
DA:72,0
DA:73,0
DA:74,0
DA:77,0
DA:78,0
DA:79,0
DA:80,0
DA:81,0
DA:82,0
DA:83,0
DA:84,0
DA:86,0
DA:87,0
DA:92,0
DA:93,0
DA:94,0
DA:112,0
DA:113,0
DA:114,0
DA:115,0
DA:116,0
DA:118,0
DA:119,0
DA:121,0
DA:122,0
DA:123,0
DA:126,0
DA:127,0
DA:128,0
DA:131,0
DA:132,0
DA:133,0
DA:136,0
DA:137,0
DA:138,0
DA:141,0
DA:142,0
DA:143,0
DA:144,0
DA:145,0
DA:146,0
DA:147,0
DA:148,0
DA:149,0
DA:150,0
DA:151,0
DA:152,0
DA:153,0
DA:154,0
DA:155,0
DA:156,0
DA:158,0
DA:159,0
LF:69
LH:0
BRDA:1,0,0,0
BRF:1
BRH:0
end_of_record
TN:
SF:src/security/index.ts
FN:1,(empty-report)
FNF:1
FNH:0
FNDA:0,(empty-report)
DA:1,0
LF:1
LH:0
BRDA:1,0,0,0
BRF:1
BRH:0
end_of_record
TN:
SF:src/security/securityHeaders.ts
FN:1,(empty-report)
FNF:1
FNH:0
FNDA:0,(empty-report)
DA:1,0
DA:53,0
DA:54,0
DA:55,0
DA:58,0
DA:59,0
DA:60,0
DA:61,0
DA:62,0
DA:65,0
DA:66,0
DA:67,0
DA:68,0
DA:69,0
DA:70,0
DA:71,0
DA:72,0
DA:73,0
DA:74,0
DA:75,0
DA:76,0
DA:77,0
DA:80,0
DA:81,0
DA:82,0
DA:85,0
DA:86,0
DA:87,0
DA:88,0
DA:90,0
DA:91,0
DA:92,0
DA:93,0
DA:94,0
DA:97,0
DA:98,0
DA:99,0
DA:100,0
DA:101,0
DA:102,0
DA:104,0
DA:105,0
DA:106,0
DA:107,0
DA:108,0
DA:109,0
DA:110,0
DA:111,0
DA:112,0
DA:113,0
DA:114,0
DA:115,0
DA:116,0
DA:117,0
DA:118,0
DA:119,0
DA:120,0
DA:121,0
DA:122,0
LF:59
LH:0
BRDA:1,0,0,0
BRF:1
BRH:0
end_of_record
