{"/home/anatolec/Downloads/CathedralAI/shared/utils/src/correlationId.ts": {"path":"/home/anatolec/Downloads/CathedralAI/shared/utils/src/correlationId.ts","all":true,"statementMap":{"0":{"start":{"line":1,"column":0},"end":{"line":1,"column":3}},"5":{"start":{"line":6,"column":0},"end":{"line":6,"column":25}},"8":{"start":{"line":9,"column":0},"end":{"line":9,"column":16}},"13":{"start":{"line":14,"column":0},"end":{"line":14,"column":41}},"14":{"start":{"line":15,"column":0},"end":{"line":15,"column":65}},"15":{"start":{"line":16,"column":0},"end":{"line":16,"column":9}},"18":{"start":{"line":19,"column":0},"end":{"line":19,"column":48}},"19":{"start":{"line":20,"column":0},"end":{"line":20,"column":61}},"20":{"start":{"line":21,"column":0},"end":{"line":21,"column":44}},"22":{"start":{"line":23,"column":0},"end":{"line":23,"column":28}},"23":{"start":{"line":24,"column":0},"end":{"line":24,"column":63}},"24":{"start":{"line":25,"column":0},"end":{"line":25,"column":55}},"25":{"start":{"line":26,"column":0},"end":{"line":26,"column":8}},"26":{"start":{"line":27,"column":0},"end":{"line":27,"column":21}},"30":{"start":{"line":31,"column":0},"end":{"line":31,"column":90}},"31":{"start":{"line":32,"column":0},"end":{"line":32,"column":5}},"32":{"start":{"line":33,"column":0},"end":{"line":33,"column":3}},"33":{"start":{"line":34,"column":0},"end":{"line":34,"column":1}},"36":{"start":{"line":37,"column":0},"end":{"line":37,"column":25}},"41":{"start":{"line":42,"column":0},"end":{"line":42,"column":46}},"50":{"start":{"line":51,"column":0},"end":{"line":51,"column":65}},"51":{"start":{"line":52,"column":0},"end":{"line":52,"column":67}},"52":{"start":{"line":53,"column":0},"end":{"line":53,"column":60}},"53":{"start":{"line":54,"column":0},"end":{"line":54,"column":46}},"54":{"start":{"line":55,"column":0},"end":{"line":55,"column":43}},"55":{"start":{"line":56,"column":0},"end":{"line":56,"column":1}},"62":{"start":{"line":63,"column":0},"end":{"line":63,"column":56}},"63":{"start":{"line":64,"column":0},"end":{"line":64,"column":27}},"64":{"start":{"line":65,"column":0},"end":{"line":65,"column":41}},"65":{"start":{"line":66,"column":0},"end":{"line":66,"column":3}},"66":{"start":{"line":67,"column":0},"end":{"line":67,"column":31}},"67":{"start":{"line":68,"column":0},"end":{"line":68,"column":1}},"74":{"start":{"line":75,"column":0},"end":{"line":75,"column":52}},"75":{"start":{"line":76,"column":0},"end":{"line":76,"column":27}},"76":{"start":{"line":77,"column":0},"end":{"line":77,"column":37}},"77":{"start":{"line":78,"column":0},"end":{"line":78,"column":10}},"78":{"start":{"line":79,"column":0},"end":{"line":79,"column":31}},"79":{"start":{"line":80,"column":0},"end":{"line":80,"column":3}},"80":{"start":{"line":81,"column":0},"end":{"line":81,"column":1}},"85":{"start":{"line":86,"column":0},"end":{"line":86,"column":44}},"86":{"start":{"line":87,"column":0},"end":{"line":87,"column":27}},"88":{"start":{"line":89,"column":0},"end":{"line":89,"column":65}},"89":{"start":{"line":90,"column":0},"end":{"line":90,"column":10}},"90":{"start":{"line":91,"column":0},"end":{"line":91,"column":38}},"91":{"start":{"line":92,"column":0},"end":{"line":92,"column":3}},"92":{"start":{"line":93,"column":0},"end":{"line":93,"column":1}}},"s":{"0":0,"5":0,"8":0,"13":0,"14":0,"15":0,"18":0,"19":0,"20":0,"22":0,"23":0,"24":0,"25":0,"26":0,"30":0,"31":0,"32":0,"33":0,"36":0,"41":0,"50":0,"51":0,"52":0,"53":0,"54":0,"55":0,"62":0,"63":0,"64":0,"65":0,"66":0,"67":0,"74":0,"75":0,"76":0,"77":0,"78":0,"79":0,"80":0,"85":0,"86":0,"88":0,"89":0,"90":0,"91":0,"92":0},"branchMap":{"0":{"type":"branch","line":1,"loc":{"start":{"line":1,"column":2712},"end":{"line":93,"column":1}},"locations":[{"start":{"line":1,"column":2712},"end":{"line":93,"column":1}}]}},"b":{"0":[0]},"fnMap":{"0":{"name":"(empty-report)","decl":{"start":{"line":1,"column":2712},"end":{"line":93,"column":1}},"loc":{"start":{"line":1,"column":2712},"end":{"line":93,"column":1}},"line":1}},"f":{"0":0}}
,"/home/anatolec/Downloads/CathedralAI/shared/utils/src/credentialEncryption.ts": {"path":"/home/anatolec/Downloads/CathedralAI/shared/utils/src/credentialEncryption.ts","all":false,"statementMap":{"0":{"start":{"line":1,"column":0},"end":{"line":1,"column":28}},"3":{"start":{"line":4,"column":0},"end":{"line":4,"column":37}},"6":{"start":{"line":7,"column":0},"end":{"line":7,"column":88}},"9":{"start":{"line":10,"column":0},"end":{"line":10,"column":23}},"11":{"start":{"line":12,"column":0},"end":{"line":12,"column":54}},"12":{"start":{"line":13,"column":0},"end":{"line":13,"column":67}},"14":{"start":{"line":15,"column":0},"end":{"line":15,"column":37}},"17":{"start":{"line":18,"column":0},"end":{"line":18,"column":68}},"18":{"start":{"line":19,"column":0},"end":{"line":19,"column":12}},"23":{"start":{"line":24,"column":0},"end":{"line":24,"column":68}},"24":{"start":{"line":25,"column":0},"end":{"line":25,"column":5}},"25":{"start":{"line":26,"column":0},"end":{"line":26,"column":3}},"28":{"start":{"line":29,"column":0},"end":{"line":29,"column":23}},"29":{"start":{"line":30,"column":0},"end":{"line":30,"column":66}},"30":{"start":{"line":31,"column":0},"end":{"line":31,"column":3}},"32":{"start":{"line":33,"column":0},"end":{"line":33,"column":82}},"33":{"start":{"line":34,"column":0},"end":{"line":34,"column":13}},"34":{"start":{"line":35,"column":0},"end":{"line":35,"column":1}},"39":{"start":{"line":40,"column":0},"end":{"line":40,"column":62}},"40":{"start":{"line":41,"column":0},"end":{"line":41,"column":18}},"41":{"start":{"line":42,"column":0},"end":{"line":42,"column":14}},"42":{"start":{"line":43,"column":0},"end":{"line":43,"column":3}},"44":{"start":{"line":45,"column":0},"end":{"line":45,"column":33}},"45":{"start":{"line":46,"column":0},"end":{"line":46,"column":36}},"46":{"start":{"line":47,"column":0},"end":{"line":47,"column":63}},"48":{"start":{"line":49,"column":0},"end":{"line":49,"column":57}},"49":{"start":{"line":50,"column":0},"end":{"line":50,"column":35}},"51":{"start":{"line":52,"column":0},"end":{"line":52,"column":38}},"54":{"start":{"line":55,"column":0},"end":{"line":55,"column":73}},"55":{"start":{"line":56,"column":0},"end":{"line":56,"column":1}},"60":{"start":{"line":61,"column":0},"end":{"line":61,"column":71}},"61":{"start":{"line":62,"column":0},"end":{"line":62,"column":27}},"62":{"start":{"line":63,"column":0},"end":{"line":63,"column":14}},"63":{"start":{"line":64,"column":0},"end":{"line":64,"column":3}},"65":{"start":{"line":66,"column":0},"end":{"line":66,"column":33}},"66":{"start":{"line":67,"column":0},"end":{"line":67,"column":70}},"68":{"start":{"line":69,"column":0},"end":{"line":69,"column":44}},"69":{"start":{"line":70,"column":0},"end":{"line":70,"column":57}},"70":{"start":{"line":71,"column":0},"end":{"line":71,"column":3}},"72":{"start":{"line":73,"column":0},"end":{"line":73,"column":39}},"73":{"start":{"line":74,"column":0},"end":{"line":74,"column":49}},"74":{"start":{"line":75,"column":0},"end":{"line":75,"column":67}},"75":{"start":{"line":76,"column":0},"end":{"line":76,"column":31}},"77":{"start":{"line":78,"column":0},"end":{"line":78,"column":60}},"78":{"start":{"line":79,"column":0},"end":{"line":79,"column":38}},"80":{"start":{"line":81,"column":0},"end":{"line":81,"column":19}},"81":{"start":{"line":82,"column":0},"end":{"line":82,"column":1}}},"s":{"0":1,"3":62,"6":62,"9":62,"11":1,"12":1,"14":1,"17":1,"18":1,"23":0,"24":0,"25":1,"28":62,"29":0,"30":0,"32":62,"33":62,"34":62,"39":1,"40":32,"41":3,"42":3,"44":29,"45":29,"46":29,"48":29,"49":29,"51":29,"54":29,"55":29,"60":1,"61":36,"62":3,"63":3,"65":33,"66":33,"68":36,"69":5,"70":5,"72":28,"73":28,"74":28,"75":28,"77":28,"78":28,"80":28,"81":28},"branchMap":{"0":{"type":"branch","line":4,"loc":{"start":{"line":4,"column":0},"end":{"line":35,"column":1}},"locations":[{"start":{"line":4,"column":0},"end":{"line":35,"column":1}}]},"1":{"type":"branch","line":7,"loc":{"start":{"line":7,"column":34},"end":{"line":7,"column":88}},"locations":[{"start":{"line":7,"column":34},"end":{"line":7,"column":88}}]},"2":{"type":"branch","line":10,"loc":{"start":{"line":10,"column":22},"end":{"line":26,"column":3}},"locations":[{"start":{"line":10,"column":22},"end":{"line":26,"column":3}}]},"3":{"type":"branch","line":15,"loc":{"start":{"line":15,"column":8},"end":{"line":15,"column":36}},"locations":[{"start":{"line":15,"column":8},"end":{"line":15,"column":36}}]},"4":{"type":"branch","line":19,"loc":{"start":{"line":19,"column":4},"end":{"line":25,"column":5}},"locations":[{"start":{"line":19,"column":4},"end":{"line":25,"column":5}}]},"5":{"type":"branch","line":29,"loc":{"start":{"line":29,"column":22},"end":{"line":31,"column":3}},"locations":[{"start":{"line":29,"column":22},"end":{"line":31,"column":3}}]},"6":{"type":"branch","line":40,"loc":{"start":{"line":40,"column":7},"end":{"line":56,"column":1}},"locations":[{"start":{"line":40,"column":7},"end":{"line":56,"column":1}}]},"7":{"type":"branch","line":41,"loc":{"start":{"line":41,"column":17},"end":{"line":43,"column":3}},"locations":[{"start":{"line":41,"column":17},"end":{"line":43,"column":3}}]},"8":{"type":"branch","line":43,"loc":{"start":{"line":43,"column":2},"end":{"line":56,"column":1}},"locations":[{"start":{"line":43,"column":2},"end":{"line":56,"column":1}}]},"9":{"type":"branch","line":61,"loc":{"start":{"line":61,"column":7},"end":{"line":82,"column":1}},"locations":[{"start":{"line":61,"column":7},"end":{"line":82,"column":1}}]},"10":{"type":"branch","line":62,"loc":{"start":{"line":62,"column":26},"end":{"line":64,"column":3}},"locations":[{"start":{"line":62,"column":26},"end":{"line":64,"column":3}}]},"11":{"type":"branch","line":64,"loc":{"start":{"line":64,"column":2},"end":{"line":69,"column":16}},"locations":[{"start":{"line":64,"column":2},"end":{"line":69,"column":16}}]},"12":{"type":"branch","line":69,"loc":{"start":{"line":69,"column":7},"end":{"line":69,"column":31}},"locations":[{"start":{"line":69,"column":7},"end":{"line":69,"column":31}}]},"13":{"type":"branch","line":69,"loc":{"start":{"line":69,"column":17},"end":{"line":69,"column":43}},"locations":[{"start":{"line":69,"column":17},"end":{"line":69,"column":43}}]},"14":{"type":"branch","line":69,"loc":{"start":{"line":69,"column":43},"end":{"line":71,"column":3}},"locations":[{"start":{"line":69,"column":43},"end":{"line":71,"column":3}}]},"15":{"type":"branch","line":71,"loc":{"start":{"line":71,"column":2},"end":{"line":82,"column":1}},"locations":[{"start":{"line":71,"column":2},"end":{"line":82,"column":1}}]}},"b":{"0":[62],"1":[5],"2":[1],"3":[0],"4":[0],"5":[0],"6":[32],"7":[3],"8":[29],"9":[36],"10":[3],"11":[33],"12":[32],"13":[30],"14":[5],"15":[28]},"fnMap":{"0":{"name":"getEncryptionKey","decl":{"start":{"line":4,"column":0},"end":{"line":35,"column":1}},"loc":{"start":{"line":4,"column":0},"end":{"line":35,"column":1}},"line":4},"1":{"name":"encryptCredentials","decl":{"start":{"line":40,"column":7},"end":{"line":56,"column":1}},"loc":{"start":{"line":40,"column":7},"end":{"line":56,"column":1}},"line":40},"2":{"name":"decryptCredentials","decl":{"start":{"line":61,"column":7},"end":{"line":82,"column":1}},"loc":{"start":{"line":61,"column":7},"end":{"line":82,"column":1}},"line":61}},"f":{"0":62,"1":32,"2":36}}
,"/home/anatolec/Downloads/CathedralAI/shared/utils/src/dateTime.ts": {"path":"/home/anatolec/Downloads/CathedralAI/shared/utils/src/dateTime.ts","all":true,"statementMap":{"0":{"start":{"line":1,"column":0},"end":{"line":1,"column":3}},"8":{"start":{"line":9,"column":0},"end":{"line":9,"column":67}},"9":{"start":{"line":10,"column":0},"end":{"line":10,"column":29}},"10":{"start":{"line":11,"column":0},"end":{"line":11,"column":30}},"11":{"start":{"line":12,"column":0},"end":{"line":12,"column":3}},"12":{"start":{"line":13,"column":0},"end":{"line":13,"column":33}},"13":{"start":{"line":14,"column":0},"end":{"line":14,"column":40}},"14":{"start":{"line":15,"column":0},"end":{"line":15,"column":3}},"15":{"start":{"line":16,"column":0},"end":{"line":16,"column":38}},"16":{"start":{"line":17,"column":0},"end":{"line":17,"column":1}},"21":{"start":{"line":22,"column":0},"end":{"line":22,"column":47}},"22":{"start":{"line":23,"column":0},"end":{"line":23,"column":34}},"23":{"start":{"line":24,"column":0},"end":{"line":24,"column":1}},"28":{"start":{"line":29,"column":0},"end":{"line":29,"column":65}},"29":{"start":{"line":30,"column":0},"end":{"line":30,"column":25}},"30":{"start":{"line":31,"column":0},"end":{"line":31,"column":64}},"31":{"start":{"line":32,"column":0},"end":{"line":32,"column":48}},"32":{"start":{"line":33,"column":0},"end":{"line":33,"column":48}},"33":{"start":{"line":34,"column":0},"end":{"line":34,"column":51}},"34":{"start":{"line":35,"column":0},"end":{"line":35,"column":49}},"35":{"start":{"line":36,"column":0},"end":{"line":36,"column":46}},"37":{"start":{"line":38,"column":0},"end":{"line":38,"column":28}},"38":{"start":{"line":39,"column":0},"end":{"line":39,"column":35}},"40":{"start":{"line":41,"column":0},"end":{"line":41,"column":24}},"41":{"start":{"line":42,"column":0},"end":{"line":42,"column":47}},"42":{"start":{"line":43,"column":0},"end":{"line":43,"column":3}},"43":{"start":{"line":44,"column":0},"end":{"line":44,"column":26}},"44":{"start":{"line":45,"column":0},"end":{"line":45,"column":39}},"45":{"start":{"line":46,"column":0},"end":{"line":46,"column":111}},"46":{"start":{"line":47,"column":0},"end":{"line":47,"column":3}},"47":{"start":{"line":48,"column":0},"end":{"line":48,"column":27}},"48":{"start":{"line":49,"column":0},"end":{"line":49,"column":38}},"49":{"start":{"line":50,"column":0},"end":{"line":50,"column":111}},"50":{"start":{"line":51,"column":0},"end":{"line":51,"column":3}},"51":{"start":{"line":52,"column":0},"end":{"line":52,"column":34}},"52":{"start":{"line":53,"column":0},"end":{"line":53,"column":103}},"53":{"start":{"line":54,"column":0},"end":{"line":54,"column":1}},"58":{"start":{"line":59,"column":0},"end":{"line":59,"column":60}},"59":{"start":{"line":60,"column":0},"end":{"line":60,"column":36}},"60":{"start":{"line":61,"column":0},"end":{"line":61,"column":30}},"61":{"start":{"line":62,"column":0},"end":{"line":62,"column":16}},"62":{"start":{"line":63,"column":0},"end":{"line":63,"column":3}},"63":{"start":{"line":64,"column":0},"end":{"line":64,"column":14}},"64":{"start":{"line":65,"column":0},"end":{"line":65,"column":1}},"69":{"start":{"line":70,"column":0},"end":{"line":70,"column":68}},"70":{"start":{"line":71,"column":0},"end":{"line":71,"column":57}},"71":{"start":{"line":72,"column":0},"end":{"line":72,"column":29}},"72":{"start":{"line":73,"column":0},"end":{"line":73,"column":1}}},"s":{"0":0,"8":0,"9":0,"10":0,"11":0,"12":0,"13":0,"14":0,"15":0,"16":0,"21":0,"22":0,"23":0,"28":0,"29":0,"30":0,"31":0,"32":0,"33":0,"34":0,"35":0,"37":0,"38":0,"40":0,"41":0,"42":0,"43":0,"44":0,"45":0,"46":0,"47":0,"48":0,"49":0,"50":0,"51":0,"52":0,"53":0,"58":0,"59":0,"60":0,"61":0,"62":0,"63":0,"64":0,"69":0,"70":0,"71":0,"72":0},"branchMap":{"0":{"type":"branch","line":1,"loc":{"start":{"line":1,"column":2000},"end":{"line":73,"column":1}},"locations":[{"start":{"line":1,"column":2000},"end":{"line":73,"column":1}}]}},"b":{"0":[0]},"fnMap":{"0":{"name":"(empty-report)","decl":{"start":{"line":1,"column":2000},"end":{"line":73,"column":1}},"loc":{"start":{"line":1,"column":2000},"end":{"line":73,"column":1}},"line":1}},"f":{"0":0}}
,"/home/anatolec/Downloads/CathedralAI/shared/utils/src/dbResultFormatter.ts": {"path":"/home/anatolec/Downloads/CathedralAI/shared/utils/src/dbResultFormatter.ts","all":false,"statementMap":{"0":{"start":{"line":1,"column":0},"end":{"line":1,"column":3}},"10":{"start":{"line":11,"column":0},"end":{"line":11,"column":31}},"11":{"start":{"line":12,"column":0},"end":{"line":12,"column":39}},"12":{"start":{"line":13,"column":0},"end":{"line":13,"column":34}},"13":{"start":{"line":14,"column":0},"end":{"line":14,"column":19}},"14":{"start":{"line":15,"column":0},"end":{"line":15,"column":11}},"15":{"start":{"line":16,"column":0},"end":{"line":16,"column":26}},"16":{"start":{"line":17,"column":0},"end":{"line":17,"column":31}},"17":{"start":{"line":18,"column":0},"end":{"line":18,"column":3}},"19":{"start":{"line":20,"column":0},"end":{"line":20,"column":19}},"20":{"start":{"line":21,"column":0},"end":{"line":21,"column":16}},"21":{"start":{"line":22,"column":0},"end":{"line":22,"column":32}},"23":{"start":{"line":24,"column":0},"end":{"line":24,"column":17}},"24":{"start":{"line":25,"column":0},"end":{"line":25,"column":33}},"26":{"start":{"line":27,"column":0},"end":{"line":27,"column":16}},"27":{"start":{"line":28,"column":0},"end":{"line":28,"column":32}},"29":{"start":{"line":30,"column":0},"end":{"line":30,"column":18}},"30":{"start":{"line":31,"column":0},"end":{"line":31,"column":50}},"32":{"start":{"line":33,"column":0},"end":{"line":33,"column":12}},"33":{"start":{"line":34,"column":0},"end":{"line":34,"column":32}},"34":{"start":{"line":35,"column":0},"end":{"line":35,"column":3}},"35":{"start":{"line":36,"column":0},"end":{"line":36,"column":1}},"40":{"start":{"line":41,"column":0},"end":{"line":41,"column":69}},"41":{"start":{"line":42,"column":0},"end":{"line":42,"column":39}},"42":{"start":{"line":43,"column":0},"end":{"line":43,"column":1}},"47":{"start":{"line":48,"column":0},"end":{"line":48,"column":70}},"48":{"start":{"line":49,"column":0},"end":{"line":49,"column":26}},"49":{"start":{"line":50,"column":0},"end":{"line":50,"column":31}},"50":{"start":{"line":51,"column":0},"end":{"line":51,"column":3}},"53":{"start":{"line":54,"column":0},"end":{"line":54,"column":39}},"56":{"start":{"line":57,"column":0},"end":{"line":57,"column":46}},"57":{"start":{"line":58,"column":0},"end":{"line":58,"column":66}},"60":{"start":{"line":61,"column":0},"end":{"line":61,"column":36}},"61":{"start":{"line":62,"column":0},"end":{"line":62,"column":39}},"62":{"start":{"line":63,"column":0},"end":{"line":63,"column":29}},"63":{"start":{"line":64,"column":0},"end":{"line":64,"column":72}},"64":{"start":{"line":65,"column":0},"end":{"line":65,"column":7}},"65":{"start":{"line":66,"column":0},"end":{"line":66,"column":39}},"66":{"start":{"line":67,"column":0},"end":{"line":67,"column":5}},"68":{"start":{"line":69,"column":0},"end":{"line":69,"column":53}},"69":{"start":{"line":70,"column":0},"end":{"line":70,"column":1}},"74":{"start":{"line":75,"column":0},"end":{"line":75,"column":69}},"75":{"start":{"line":76,"column":0},"end":{"line":76,"column":26}},"76":{"start":{"line":77,"column":0},"end":{"line":77,"column":31}},"77":{"start":{"line":78,"column":0},"end":{"line":78,"column":3}},"79":{"start":{"line":80,"column":0},"end":{"line":80,"column":42}},"80":{"start":{"line":81,"column":0},"end":{"line":81,"column":39}},"81":{"start":{"line":82,"column":0},"end":{"line":82,"column":96}},"82":{"start":{"line":83,"column":0},"end":{"line":83,"column":18}},"83":{"start":{"line":84,"column":0},"end":{"line":84,"column":45}},"84":{"start":{"line":85,"column":0},"end":{"line":85,"column":5}},"86":{"start":{"line":87,"column":0},"end":{"line":87,"column":26}},"87":{"start":{"line":88,"column":0},"end":{"line":88,"column":1}},"92":{"start":{"line":93,"column":0},"end":{"line":93,"column":89}},"93":{"start":{"line":94,"column":0},"end":{"line":94,"column":26}},"94":{"start":{"line":95,"column":0},"end":{"line":95,"column":31}},"95":{"start":{"line":96,"column":0},"end":{"line":96,"column":3}},"97":{"start":{"line":98,"column":0},"end":{"line":98,"column":26}},"98":{"start":{"line":99,"column":0},"end":{"line":99,"column":29}},"101":{"start":{"line":102,"column":0},"end":{"line":102,"column":53}},"102":{"start":{"line":103,"column":0},"end":{"line":103,"column":58}},"103":{"start":{"line":104,"column":0},"end":{"line":104,"column":109}},"104":{"start":{"line":105,"column":0},"end":{"line":105,"column":5}},"107":{"start":{"line":108,"column":0},"end":{"line":108,"column":69}},"109":{"start":{"line":110,"column":0},"end":{"line":110,"column":21}},"110":{"start":{"line":111,"column":0},"end":{"line":111,"column":16}},"111":{"start":{"line":112,"column":0},"end":{"line":112,"column":1}}},"s":{"0":1,"10":1,"11":37,"12":37,"13":37,"14":37,"15":37,"16":2,"17":2,"19":35,"20":37,"21":10,"23":37,"24":11,"26":37,"27":6,"29":37,"30":7,"32":37,"33":1,"34":37,"35":37,"40":11,"41":11,"42":11,"47":11,"48":11,"49":0,"50":0,"53":11,"56":11,"57":11,"60":11,"61":14,"62":37,"63":37,"64":14,"65":14,"66":11,"68":11,"69":11,"74":6,"75":6,"76":0,"77":0,"79":6,"80":106,"81":106,"82":106,"83":106,"84":6,"86":6,"87":6,"92":7,"93":7,"94":0,"95":0,"97":7,"98":9,"101":9,"102":19,"103":19,"104":19,"107":9,"109":9,"110":7,"111":7},"branchMap":{"0":{"type":"branch","line":11,"loc":{"start":{"line":11,"column":7},"end":{"line":36,"column":1}},"locations":[{"start":{"line":11,"column":7},"end":{"line":36,"column":1}}]},"1":{"type":"branch","line":16,"loc":{"start":{"line":16,"column":25},"end":{"line":18,"column":3}},"locations":[{"start":{"line":16,"column":25},"end":{"line":18,"column":3}}]},"2":{"type":"branch","line":18,"loc":{"start":{"line":18,"column":2},"end":{"line":20,"column":19}},"locations":[{"start":{"line":18,"column":2},"end":{"line":20,"column":19}}]},"3":{"type":"branch","line":21,"loc":{"start":{"line":21,"column":4},"end":{"line":22,"column":32}},"locations":[{"start":{"line":21,"column":4},"end":{"line":22,"column":32}}]},"4":{"type":"branch","line":24,"loc":{"start":{"line":24,"column":4},"end":{"line":25,"column":33}},"locations":[{"start":{"line":24,"column":4},"end":{"line":25,"column":33}}]},"5":{"type":"branch","line":27,"loc":{"start":{"line":27,"column":4},"end":{"line":28,"column":32}},"locations":[{"start":{"line":27,"column":4},"end":{"line":28,"column":32}}]},"6":{"type":"branch","line":30,"loc":{"start":{"line":30,"column":4},"end":{"line":31,"column":50}},"locations":[{"start":{"line":30,"column":4},"end":{"line":31,"column":50}}]},"7":{"type":"branch","line":31,"loc":{"start":{"line":31,"column":34},"end":{"line":31,"column":48}},"locations":[{"start":{"line":31,"column":34},"end":{"line":31,"column":48}}]},"8":{"type":"branch","line":33,"loc":{"start":{"line":33,"column":4},"end":{"line":34,"column":32}},"locations":[{"start":{"line":33,"column":4},"end":{"line":34,"column":32}}]},"9":{"type":"branch","line":41,"loc":{"start":{"line":41,"column":0},"end":{"line":43,"column":1}},"locations":[{"start":{"line":41,"column":0},"end":{"line":43,"column":1}}]},"10":{"type":"branch","line":48,"loc":{"start":{"line":48,"column":0},"end":{"line":70,"column":1}},"locations":[{"start":{"line":48,"column":0},"end":{"line":70,"column":1}}]},"11":{"type":"branch","line":49,"loc":{"start":{"line":49,"column":25},"end":{"line":51,"column":3}},"locations":[{"start":{"line":49,"column":25},"end":{"line":51,"column":3}}]},"12":{"type":"branch","line":58,"loc":{"start":{"line":58,"column":37},"end":{"line":58,"column":48}},"locations":[{"start":{"line":58,"column":37},"end":{"line":58,"column":48}}]},"13":{"type":"branch","line":61,"loc":{"start":{"line":61,"column":28},"end":{"line":67,"column":3}},"locations":[{"start":{"line":61,"column":28},"end":{"line":67,"column":3}}]},"14":{"type":"branch","line":62,"loc":{"start":{"line":62,"column":31},"end":{"line":65,"column":5}},"locations":[{"start":{"line":62,"column":31},"end":{"line":65,"column":5}}]},"15":{"type":"branch","line":64,"loc":{"start":{"line":64,"column":23},"end":{"line":64,"column":53}},"locations":[{"start":{"line":64,"column":23},"end":{"line":64,"column":53}}]},"16":{"type":"branch","line":64,"loc":{"start":{"line":64,"column":41},"end":{"line":64,"column":58}},"locations":[{"start":{"line":64,"column":41},"end":{"line":64,"column":58}}]},"17":{"type":"branch","line":64,"loc":{"start":{"line":64,"column":53},"end":{"line":64,"column":72}},"locations":[{"start":{"line":64,"column":53},"end":{"line":64,"column":72}}]},"18":{"type":"branch","line":75,"loc":{"start":{"line":75,"column":0},"end":{"line":88,"column":1}},"locations":[{"start":{"line":75,"column":0},"end":{"line":88,"column":1}}]},"19":{"type":"branch","line":76,"loc":{"start":{"line":76,"column":25},"end":{"line":78,"column":3}},"locations":[{"start":{"line":76,"column":25},"end":{"line":78,"column":3}}]},"20":{"type":"branch","line":80,"loc":{"start":{"line":80,"column":25},"end":{"line":85,"column":3}},"locations":[{"start":{"line":80,"column":25},"end":{"line":85,"column":3}}]},"21":{"type":"branch","line":82,"loc":{"start":{"line":82,"column":11},"end":{"line":82,"column":95}},"locations":[{"start":{"line":82,"column":11},"end":{"line":82,"column":95}}]},"22":{"type":"branch","line":82,"loc":{"start":{"line":82,"column":50},"end":{"line":82,"column":80}},"locations":[{"start":{"line":82,"column":50},"end":{"line":82,"column":80}}]},"23":{"type":"branch","line":82,"loc":{"start":{"line":82,"column":68},"end":{"line":82,"column":88}},"locations":[{"start":{"line":82,"column":68},"end":{"line":82,"column":88}}]},"24":{"type":"branch","line":82,"loc":{"start":{"line":82,"column":80},"end":{"line":82,"column":93}},"locations":[{"start":{"line":82,"column":80},"end":{"line":82,"column":93}}]},"25":{"type":"branch","line":93,"loc":{"start":{"line":93,"column":0},"end":{"line":112,"column":1}},"locations":[{"start":{"line":93,"column":0},"end":{"line":112,"column":1}}]},"26":{"type":"branch","line":94,"loc":{"start":{"line":94,"column":25},"end":{"line":96,"column":3}},"locations":[{"start":{"line":94,"column":25},"end":{"line":96,"column":3}}]},"27":{"type":"branch","line":98,"loc":{"start":{"line":98,"column":18},"end":{"line":111,"column":3}},"locations":[{"start":{"line":98,"column":18},"end":{"line":111,"column":3}}]},"28":{"type":"branch","line":102,"loc":{"start":{"line":102,"column":52},"end":{"line":105,"column":5}},"locations":[{"start":{"line":102,"column":52},"end":{"line":105,"column":5}}]},"29":{"type":"branch","line":104,"loc":{"start":{"line":104,"column":66},"end":{"line":104,"column":96}},"locations":[{"start":{"line":104,"column":66},"end":{"line":104,"column":96}}]},"30":{"type":"branch","line":104,"loc":{"start":{"line":104,"column":84},"end":{"line":104,"column":101}},"locations":[{"start":{"line":104,"column":84},"end":{"line":104,"column":101}}]},"31":{"type":"branch","line":104,"loc":{"start":{"line":104,"column":96},"end":{"line":104,"column":106}},"locations":[{"start":{"line":104,"column":96},"end":{"line":104,"column":106}}]}},"b":{"0":[37],"1":[2],"2":[35],"3":[10],"4":[11],"5":[6],"6":[7],"7":[1],"8":[1],"9":[11],"10":[11],"11":[0],"12":[30],"13":[14],"14":[37],"15":[36],"16":[3],"17":[34],"18":[6],"19":[0],"20":[106],"21":[218],"22":[217],"23":[2],"24":[216],"25":[7],"26":[0],"27":[9],"28":[19],"29":[18],"30":[1],"31":[18]},"fnMap":{"0":{"name":"formatDbResult","decl":{"start":{"line":11,"column":7},"end":{"line":36,"column":1}},"loc":{"start":{"line":11,"column":7},"end":{"line":36,"column":1}},"line":11},"1":{"name":"formatAsJson","decl":{"start":{"line":41,"column":0},"end":{"line":43,"column":1}},"loc":{"start":{"line":41,"column":0},"end":{"line":43,"column":1}},"line":41},"2":{"name":"formatAsTable","decl":{"start":{"line":48,"column":0},"end":{"line":70,"column":1}},"loc":{"start":{"line":48,"column":0},"end":{"line":70,"column":1}},"line":48},"3":{"name":"formatAsText","decl":{"start":{"line":75,"column":0},"end":{"line":88,"column":1}},"loc":{"start":{"line":75,"column":0},"end":{"line":88,"column":1}},"line":75},"4":{"name":"formatAsCustom","decl":{"start":{"line":93,"column":0},"end":{"line":112,"column":1}},"loc":{"start":{"line":93,"column":0},"end":{"line":112,"column":1}},"line":93}},"f":{"0":37,"1":11,"2":11,"3":6,"4":7}}
,"/home/anatolec/Downloads/CathedralAI/shared/utils/src/errorFormatter.ts": {"path":"/home/anatolec/Downloads/CathedralAI/shared/utils/src/errorFormatter.ts","all":true,"statementMap":{"0":{"start":{"line":1,"column":0},"end":{"line":1,"column":3}},"25":{"start":{"line":26,"column":0},"end":{"line":26,"column":61}},"26":{"start":{"line":27,"column":0},"end":{"line":27,"column":31}},"27":{"start":{"line":28,"column":0},"end":{"line":28,"column":49}},"28":{"start":{"line":29,"column":0},"end":{"line":29,"column":12}},"29":{"start":{"line":30,"column":0},"end":{"line":30,"column":29}},"30":{"start":{"line":31,"column":0},"end":{"line":31,"column":31}},"31":{"start":{"line":32,"column":0},"end":{"line":32,"column":37}},"32":{"start":{"line":33,"column":0},"end":{"line":33,"column":25}},"33":{"start":{"line":34,"column":0},"end":{"line":34,"column":6}},"34":{"start":{"line":35,"column":0},"end":{"line":35,"column":3}},"36":{"start":{"line":37,"column":0},"end":{"line":37,"column":34}},"37":{"start":{"line":38,"column":0},"end":{"line":38,"column":12}},"38":{"start":{"line":39,"column":0},"end":{"line":39,"column":21}},"39":{"start":{"line":40,"column":0},"end":{"line":40,"column":6}},"40":{"start":{"line":41,"column":0},"end":{"line":41,"column":3}},"42":{"start":{"line":43,"column":0},"end":{"line":43,"column":43}},"43":{"start":{"line":44,"column":0},"end":{"line":44,"column":54}},"44":{"start":{"line":45,"column":0},"end":{"line":45,"column":12}},"45":{"start":{"line":46,"column":0},"end":{"line":46,"column":77}},"46":{"start":{"line":47,"column":0},"end":{"line":47,"column":48}},"47":{"start":{"line":48,"column":0},"end":{"line":48,"column":32}},"48":{"start":{"line":49,"column":0},"end":{"line":49,"column":50}},"49":{"start":{"line":50,"column":0},"end":{"line":50,"column":6}},"50":{"start":{"line":51,"column":0},"end":{"line":51,"column":3}},"52":{"start":{"line":53,"column":0},"end":{"line":53,"column":10}},"53":{"start":{"line":54,"column":0},"end":{"line":54,"column":38}},"54":{"start":{"line":55,"column":0},"end":{"line":55,"column":19}},"55":{"start":{"line":56,"column":0},"end":{"line":56,"column":4}},"56":{"start":{"line":57,"column":0},"end":{"line":57,"column":1}},"63":{"start":{"line":64,"column":0},"end":{"line":64,"column":82}},"64":{"start":{"line":65,"column":0},"end":{"line":65,"column":39}},"65":{"start":{"line":66,"column":0},"end":{"line":66,"column":43}},"66":{"start":{"line":67,"column":0},"end":{"line":67,"column":18}},"67":{"start":{"line":68,"column":0},"end":{"line":68,"column":1}}},"s":{"0":0,"25":0,"26":0,"27":0,"28":0,"29":0,"30":0,"31":0,"32":0,"33":0,"34":0,"36":0,"37":0,"38":0,"39":0,"40":0,"42":0,"43":0,"44":0,"45":0,"46":0,"47":0,"48":0,"49":0,"50":0,"52":0,"53":0,"54":0,"55":0,"56":0,"63":0,"64":0,"65":0,"66":0,"67":0},"branchMap":{"0":{"type":"branch","line":1,"loc":{"start":{"line":1,"column":1631},"end":{"line":68,"column":1}},"locations":[{"start":{"line":1,"column":1631},"end":{"line":68,"column":1}}]}},"b":{"0":[0]},"fnMap":{"0":{"name":"(empty-report)","decl":{"start":{"line":1,"column":1631},"end":{"line":68,"column":1}},"loc":{"start":{"line":1,"column":1631},"end":{"line":68,"column":1}},"line":1}},"f":{"0":0}}
,"/home/anatolec/Downloads/CathedralAI/shared/utils/src/index.ts": {"path":"/home/anatolec/Downloads/CathedralAI/shared/utils/src/index.ts","all":true,"statementMap":{"0":{"start":{"line":1,"column":0},"end":{"line":1,"column":3}},"5":{"start":{"line":6,"column":0},"end":{"line":6,"column":25}},"6":{"start":{"line":7,"column":0},"end":{"line":7,"column":32}},"7":{"start":{"line":8,"column":0},"end":{"line":8,"column":29}},"9":{"start":{"line":10,"column":0},"end":{"line":10,"column":33}},"10":{"start":{"line":11,"column":0},"end":{"line":11,"column":74}},"11":{"start":{"line":12,"column":0},"end":{"line":12,"column":99}},"12":{"start":{"line":13,"column":0},"end":{"line":13,"column":27}},"13":{"start":{"line":14,"column":0},"end":{"line":14,"column":36}},"14":{"start":{"line":15,"column":0},"end":{"line":15,"column":39}},"15":{"start":{"line":16,"column":0},"end":{"line":16,"column":34}}},"s":{"0":0,"5":0,"6":0,"7":0,"9":0,"10":0,"11":0,"12":0,"13":0,"14":0,"15":0},"branchMap":{"0":{"type":"branch","line":1,"loc":{"start":{"line":1,"column":604},"end":{"line":16,"column":34}},"locations":[{"start":{"line":1,"column":604},"end":{"line":16,"column":34}}]}},"b":{"0":[0]},"fnMap":{"0":{"name":"(empty-report)","decl":{"start":{"line":1,"column":604},"end":{"line":16,"column":34}},"loc":{"start":{"line":1,"column":604},"end":{"line":16,"column":34}},"line":1}},"f":{"0":0}}
,"/home/anatolec/Downloads/CathedralAI/shared/utils/src/logger.ts": {"path":"/home/anatolec/Downloads/CathedralAI/shared/utils/src/logger.ts","all":true,"statementMap":{"0":{"start":{"line":1,"column":0},"end":{"line":1,"column":3}},"5":{"start":{"line":6,"column":0},"end":{"line":6,"column":22}},"6":{"start":{"line":7,"column":0},"end":{"line":7,"column":12}},"7":{"start":{"line":8,"column":0},"end":{"line":8,"column":11}},"8":{"start":{"line":9,"column":0},"end":{"line":9,"column":11}},"9":{"start":{"line":10,"column":0},"end":{"line":10,"column":12}},"56":{"start":{"line":57,"column":0},"end":{"line":57,"column":39}},"57":{"start":{"line":58,"column":0},"end":{"line":58,"column":74}},"58":{"start":{"line":59,"column":0},"end":{"line":59,"column":1}},"63":{"start":{"line":64,"column":0},"end":{"line":64,"column":42}},"65":{"start":{"line":66,"column":0},"end":{"line":66,"column":7}},"67":{"start":{"line":68,"column":0},"end":{"line":68,"column":52}},"68":{"start":{"line":69,"column":0},"end":{"line":69,"column":11}},"69":{"start":{"line":70,"column":0},"end":{"line":70,"column":17}},"70":{"start":{"line":71,"column":0},"end":{"line":71,"column":3}},"71":{"start":{"line":72,"column":0},"end":{"line":72,"column":1}},"76":{"start":{"line":77,"column":0},"end":{"line":77,"column":34}},"77":{"start":{"line":78,"column":0},"end":{"line":78,"column":28}},"78":{"start":{"line":79,"column":0},"end":{"line":79,"column":68}},"79":{"start":{"line":80,"column":0},"end":{"line":80,"column":72}},"80":{"start":{"line":81,"column":0},"end":{"line":81,"column":3}},"83":{"start":{"line":84,"column":0},"end":{"line":84,"column":31}},"84":{"start":{"line":85,"column":0},"end":{"line":85,"column":9}},"100":{"start":{"line":101,"column":0},"end":{"line":101,"column":66}},"101":{"start":{"line":102,"column":0},"end":{"line":102,"column":74}},"102":{"start":{"line":103,"column":0},"end":{"line":103,"column":89}},"103":{"start":{"line":104,"column":0},"end":{"line":104,"column":96}},"104":{"start":{"line":105,"column":0},"end":{"line":105,"column":74}},"105":{"start":{"line":106,"column":0},"end":{"line":106,"column":13}},"106":{"start":{"line":107,"column":0},"end":{"line":107,"column":27}},"107":{"start":{"line":108,"column":0},"end":{"line":108,"column":5}},"108":{"start":{"line":109,"column":0},"end":{"line":109,"column":3}},"110":{"start":{"line":111,"column":0},"end":{"line":111,"column":23}},"111":{"start":{"line":112,"column":0},"end":{"line":112,"column":1}},"116":{"start":{"line":117,"column":0},"end":{"line":117,"column":35}},"117":{"start":{"line":118,"column":0},"end":{"line":118,"column":28}},"118":{"start":{"line":119,"column":0},"end":{"line":119,"column":50}},"119":{"start":{"line":120,"column":0},"end":{"line":120,"column":3}},"121":{"start":{"line":122,"column":0},"end":{"line":122,"column":31}},"122":{"start":{"line":123,"column":0},"end":{"line":123,"column":9}},"139":{"start":{"line":140,"column":0},"end":{"line":140,"column":66}},"140":{"start":{"line":141,"column":0},"end":{"line":141,"column":74}},"141":{"start":{"line":142,"column":0},"end":{"line":142,"column":89}},"142":{"start":{"line":143,"column":0},"end":{"line":143,"column":109}},"143":{"start":{"line":144,"column":0},"end":{"line":144,"column":13}},"144":{"start":{"line":145,"column":0},"end":{"line":145,"column":19}},"145":{"start":{"line":146,"column":0},"end":{"line":146,"column":5}},"146":{"start":{"line":147,"column":0},"end":{"line":147,"column":3}},"148":{"start":{"line":149,"column":0},"end":{"line":149,"column":15}},"149":{"start":{"line":150,"column":0},"end":{"line":150,"column":1}},"154":{"start":{"line":155,"column":0},"end":{"line":155,"column":48}},"155":{"start":{"line":156,"column":0},"end":{"line":156,"column":29}},"156":{"start":{"line":157,"column":0},"end":{"line":157,"column":53}},"157":{"start":{"line":158,"column":0},"end":{"line":158,"column":3}},"160":{"start":{"line":161,"column":0},"end":{"line":161,"column":69}},"161":{"start":{"line":162,"column":0},"end":{"line":162,"column":61}},"162":{"start":{"line":163,"column":0},"end":{"line":163,"column":23}},"163":{"start":{"line":164,"column":0},"end":{"line":164,"column":1}},"168":{"start":{"line":169,"column":0},"end":{"line":169,"column":36}},"175":{"start":{"line":176,"column":0},"end":{"line":176,"column":47}},"176":{"start":{"line":177,"column":0},"end":{"line":177,"column":31}},"177":{"start":{"line":178,"column":0},"end":{"line":178,"column":31}},"178":{"start":{"line":179,"column":0},"end":{"line":179,"column":54}},"179":{"start":{"line":180,"column":0},"end":{"line":180,"column":37}},"180":{"start":{"line":181,"column":0},"end":{"line":181,"column":3}},"182":{"start":{"line":183,"column":0},"end":{"line":183,"column":47}},"183":{"start":{"line":184,"column":0},"end":{"line":184,"column":31}},"184":{"start":{"line":185,"column":0},"end":{"line":185,"column":3}},"189":{"start":{"line":190,"column":0},"end":{"line":190,"column":57}},"191":{"start":{"line":192,"column":0},"end":{"line":192,"column":30}},"192":{"start":{"line":193,"column":0},"end":{"line":193,"column":11}},"195":{"start":{"line":196,"column":0},"end":{"line":196,"column":63}},"196":{"start":{"line":197,"column":0},"end":{"line":197,"column":96}},"197":{"start":{"line":198,"column":0},"end":{"line":198,"column":56}},"198":{"start":{"line":199,"column":0},"end":{"line":199,"column":9}},"199":{"start":{"line":200,"column":0},"end":{"line":200,"column":15}},"201":{"start":{"line":202,"column":0},"end":{"line":202,"column":7}},"202":{"start":{"line":203,"column":0},"end":{"line":203,"column":5}},"203":{"start":{"line":204,"column":0},"end":{"line":204,"column":65}},"204":{"start":{"line":205,"column":0},"end":{"line":205,"column":3}},"209":{"start":{"line":210,"column":0},"end":{"line":210,"column":82}},"210":{"start":{"line":211,"column":0},"end":{"line":211,"column":33}},"212":{"start":{"line":213,"column":0},"end":{"line":213,"column":33}},"213":{"start":{"line":214,"column":0},"end":{"line":214,"column":14}},"214":{"start":{"line":215,"column":0},"end":{"line":215,"column":25}},"215":{"start":{"line":216,"column":0},"end":{"line":216,"column":31}},"216":{"start":{"line":217,"column":0},"end":{"line":217,"column":27}},"217":{"start":{"line":218,"column":0},"end":{"line":218,"column":110}},"218":{"start":{"line":219,"column":0},"end":{"line":219,"column":8}},"219":{"start":{"line":220,"column":0},"end":{"line":220,"column":5}},"221":{"start":{"line":222,"column":0},"end":{"line":222,"column":17}},"222":{"start":{"line":223,"column":0},"end":{"line":223,"column":3}},"227":{"start":{"line":228,"column":0},"end":{"line":228,"column":24}},"228":{"start":{"line":229,"column":0},"end":{"line":229,"column":20}},"229":{"start":{"line":230,"column":0},"end":{"line":230,"column":20}},"230":{"start":{"line":231,"column":0},"end":{"line":231,"column":27}},"231":{"start":{"line":232,"column":0},"end":{"line":232,"column":17}},"232":{"start":{"line":233,"column":0},"end":{"line":233,"column":30}},"233":{"start":{"line":234,"column":0},"end":{"line":234,"column":57}},"234":{"start":{"line":235,"column":0},"end":{"line":235,"column":47}},"235":{"start":{"line":236,"column":0},"end":{"line":236,"column":38}},"237":{"start":{"line":238,"column":0},"end":{"line":238,"column":44}},"238":{"start":{"line":239,"column":0},"end":{"line":239,"column":16}},"239":{"start":{"line":240,"column":0},"end":{"line":240,"column":23}},"240":{"start":{"line":241,"column":0},"end":{"line":241,"column":14}},"241":{"start":{"line":242,"column":0},"end":{"line":242,"column":27}},"242":{"start":{"line":243,"column":0},"end":{"line":243,"column":18}},"243":{"start":{"line":244,"column":0},"end":{"line":244,"column":6}},"246":{"start":{"line":247,"column":0},"end":{"line":247,"column":24}},"247":{"start":{"line":248,"column":0},"end":{"line":248,"column":42}},"248":{"start":{"line":249,"column":0},"end":{"line":249,"column":5}},"251":{"start":{"line":252,"column":0},"end":{"line":252,"column":16}},"252":{"start":{"line":253,"column":0},"end":{"line":253,"column":44}},"253":{"start":{"line":254,"column":0},"end":{"line":254,"column":33}},"254":{"start":{"line":255,"column":0},"end":{"line":255,"column":53}},"255":{"start":{"line":256,"column":0},"end":{"line":256,"column":5}},"257":{"start":{"line":258,"column":0},"end":{"line":258,"column":17}},"258":{"start":{"line":259,"column":0},"end":{"line":259,"column":3}},"263":{"start":{"line":264,"column":0},"end":{"line":264,"column":49}},"264":{"start":{"line":265,"column":0},"end":{"line":265,"column":44}},"265":{"start":{"line":266,"column":0},"end":{"line":266,"column":54}},"266":{"start":{"line":267,"column":0},"end":{"line":267,"column":5}},"269":{"start":{"line":270,"column":0},"end":{"line":270,"column":61}},"270":{"start":{"line":271,"column":0},"end":{"line":271,"column":80}},"272":{"start":{"line":273,"column":0},"end":{"line":273,"column":25}},"273":{"start":{"line":274,"column":0},"end":{"line":274,"column":16}},"274":{"start":{"line":275,"column":0},"end":{"line":275,"column":5}},"276":{"start":{"line":277,"column":0},"end":{"line":277,"column":20}},"277":{"start":{"line":278,"column":0},"end":{"line":278,"column":26}},"278":{"start":{"line":279,"column":0},"end":{"line":279,"column":34}},"279":{"start":{"line":280,"column":0},"end":{"line":280,"column":25}},"280":{"start":{"line":281,"column":0},"end":{"line":281,"column":35}},"281":{"start":{"line":282,"column":0},"end":{"line":282,"column":25}},"282":{"start":{"line":283,"column":0},"end":{"line":283,"column":36}},"283":{"start":{"line":284,"column":0},"end":{"line":284,"column":26}},"284":{"start":{"line":285,"column":0},"end":{"line":285,"column":33}},"285":{"start":{"line":286,"column":0},"end":{"line":286,"column":14}},"286":{"start":{"line":287,"column":0},"end":{"line":287,"column":18}},"287":{"start":{"line":288,"column":0},"end":{"line":288,"column":5}},"288":{"start":{"line":289,"column":0},"end":{"line":289,"column":3}},"290":{"start":{"line":291,"column":0},"end":{"line":291,"column":34}},"291":{"start":{"line":292,"column":0},"end":{"line":292,"column":44}},"292":{"start":{"line":293,"column":0},"end":{"line":293,"column":16}},"293":{"start":{"line":294,"column":0},"end":{"line":294,"column":5}},"294":{"start":{"line":295,"column":0},"end":{"line":295,"column":61}},"295":{"start":{"line":296,"column":0},"end":{"line":296,"column":80}},"296":{"start":{"line":297,"column":0},"end":{"line":297,"column":42}},"297":{"start":{"line":298,"column":0},"end":{"line":298,"column":3}},"302":{"start":{"line":303,"column":0},"end":{"line":303,"column":106}},"303":{"start":{"line":304,"column":0},"end":{"line":304,"column":47}},"304":{"start":{"line":305,"column":0},"end":{"line":305,"column":38}},"305":{"start":{"line":306,"column":0},"end":{"line":306,"column":57}},"306":{"start":{"line":307,"column":0},"end":{"line":307,"column":43}},"307":{"start":{"line":308,"column":0},"end":{"line":308,"column":38}},"310":{"start":{"line":311,"column":0},"end":{"line":311,"column":73}},"313":{"start":{"line":314,"column":0},"end":{"line":314,"column":101}},"316":{"start":{"line":317,"column":0},"end":{"line":317,"column":67}},"317":{"start":{"line":318,"column":0},"end":{"line":318,"column":18}},"318":{"start":{"line":319,"column":0},"end":{"line":319,"column":51}},"319":{"start":{"line":320,"column":0},"end":{"line":320,"column":5}},"322":{"start":{"line":323,"column":0},"end":{"line":323,"column":24}},"323":{"start":{"line":324,"column":0},"end":{"line":324,"column":77}},"324":{"start":{"line":325,"column":0},"end":{"line":325,"column":5}},"327":{"start":{"line":328,"column":0},"end":{"line":328,"column":16}},"328":{"start":{"line":329,"column":0},"end":{"line":329,"column":67}},"329":{"start":{"line":330,"column":0},"end":{"line":330,"column":24}},"331":{"start":{"line":332,"column":0},"end":{"line":332,"column":60}},"332":{"start":{"line":333,"column":0},"end":{"line":333,"column":101}},"333":{"start":{"line":334,"column":0},"end":{"line":334,"column":7}},"334":{"start":{"line":335,"column":0},"end":{"line":335,"column":5}},"337":{"start":{"line":338,"column":0},"end":{"line":338,"column":19}},"338":{"start":{"line":339,"column":0},"end":{"line":339,"column":60}},"339":{"start":{"line":340,"column":0},"end":{"line":340,"column":38}},"340":{"start":{"line":341,"column":0},"end":{"line":341,"column":44}},"342":{"start":{"line":343,"column":0},"end":{"line":343,"column":53}},"343":{"start":{"line":344,"column":0},"end":{"line":344,"column":69}},"344":{"start":{"line":345,"column":0},"end":{"line":345,"column":22}},"345":{"start":{"line":346,"column":0},"end":{"line":346,"column":68}},"346":{"start":{"line":347,"column":0},"end":{"line":347,"column":22}},"347":{"start":{"line":348,"column":0},"end":{"line":348,"column":60}},"348":{"start":{"line":349,"column":0},"end":{"line":349,"column":7}},"349":{"start":{"line":350,"column":0},"end":{"line":350,"column":5}},"351":{"start":{"line":352,"column":0},"end":{"line":352,"column":21}},"352":{"start":{"line":353,"column":0},"end":{"line":353,"column":3}},"357":{"start":{"line":358,"column":0},"end":{"line":358,"column":14}},"358":{"start":{"line":359,"column":0},"end":{"line":359,"column":20}},"359":{"start":{"line":360,"column":0},"end":{"line":360,"column":20}},"360":{"start":{"line":361,"column":0},"end":{"line":361,"column":42}},"361":{"start":{"line":362,"column":0},"end":{"line":362,"column":26}},"362":{"start":{"line":363,"column":0},"end":{"line":363,"column":11}},"363":{"start":{"line":364,"column":0},"end":{"line":364,"column":33}},"364":{"start":{"line":365,"column":0},"end":{"line":365,"column":13}},"365":{"start":{"line":366,"column":0},"end":{"line":366,"column":5}},"368":{"start":{"line":369,"column":0},"end":{"line":369,"column":83}},"370":{"start":{"line":371,"column":0},"end":{"line":371,"column":50}},"371":{"start":{"line":372,"column":0},"end":{"line":372,"column":45}},"372":{"start":{"line":373,"column":0},"end":{"line":373,"column":28}},"373":{"start":{"line":374,"column":0},"end":{"line":374,"column":65}},"374":{"start":{"line":375,"column":0},"end":{"line":375,"column":7}},"375":{"start":{"line":376,"column":0},"end":{"line":376,"column":57}},"376":{"start":{"line":377,"column":0},"end":{"line":377,"column":13}},"377":{"start":{"line":378,"column":0},"end":{"line":378,"column":5}},"380":{"start":{"line":381,"column":0},"end":{"line":381,"column":81}},"381":{"start":{"line":382,"column":0},"end":{"line":382,"column":116}},"383":{"start":{"line":384,"column":0},"end":{"line":384,"column":59}},"384":{"start":{"line":385,"column":0},"end":{"line":385,"column":3}},"389":{"start":{"line":390,"column":0},"end":{"line":390,"column":24}},"390":{"start":{"line":391,"column":0},"end":{"line":391,"column":20}},"391":{"start":{"line":392,"column":0},"end":{"line":392,"column":20}},"392":{"start":{"line":393,"column":0},"end":{"line":393,"column":27}},"393":{"start":{"line":394,"column":0},"end":{"line":394,"column":17}},"394":{"start":{"line":395,"column":0},"end":{"line":395,"column":11}},"395":{"start":{"line":396,"column":0},"end":{"line":396,"column":29}},"397":{"start":{"line":398,"column":0},"end":{"line":398,"column":72}},"398":{"start":{"line":399,"column":0},"end":{"line":399,"column":47}},"400":{"start":{"line":401,"column":0},"end":{"line":401,"column":37}},"401":{"start":{"line":402,"column":0},"end":{"line":402,"column":34}},"402":{"start":{"line":403,"column":0},"end":{"line":403,"column":43}},"403":{"start":{"line":404,"column":0},"end":{"line":404,"column":33}},"404":{"start":{"line":405,"column":0},"end":{"line":405,"column":14}},"405":{"start":{"line":406,"column":0},"end":{"line":406,"column":32}},"406":{"start":{"line":407,"column":0},"end":{"line":407,"column":7}},"407":{"start":{"line":408,"column":0},"end":{"line":408,"column":12}},"409":{"start":{"line":410,"column":0},"end":{"line":410,"column":83}},"411":{"start":{"line":412,"column":0},"end":{"line":412,"column":37}},"412":{"start":{"line":413,"column":0},"end":{"line":413,"column":40}},"413":{"start":{"line":414,"column":0},"end":{"line":414,"column":43}},"414":{"start":{"line":415,"column":0},"end":{"line":415,"column":39}},"415":{"start":{"line":416,"column":0},"end":{"line":416,"column":14}},"416":{"start":{"line":417,"column":0},"end":{"line":417,"column":38}},"417":{"start":{"line":418,"column":0},"end":{"line":418,"column":7}},"418":{"start":{"line":419,"column":0},"end":{"line":419,"column":5}},"419":{"start":{"line":420,"column":0},"end":{"line":420,"column":3}},"422":{"start":{"line":423,"column":0},"end":{"line":423,"column":92}},"423":{"start":{"line":424,"column":0},"end":{"line":424,"column":84}},"425":{"start":{"line":426,"column":0},"end":{"line":426,"column":45}},"426":{"start":{"line":427,"column":0},"end":{"line":427,"column":41}},"427":{"start":{"line":428,"column":0},"end":{"line":428,"column":91}},"428":{"start":{"line":429,"column":0},"end":{"line":429,"column":35}},"429":{"start":{"line":430,"column":0},"end":{"line":430,"column":65}},"430":{"start":{"line":431,"column":0},"end":{"line":431,"column":7}},"431":{"start":{"line":432,"column":0},"end":{"line":432,"column":66}},"432":{"start":{"line":433,"column":0},"end":{"line":433,"column":12}},"433":{"start":{"line":434,"column":0},"end":{"line":434,"column":71}},"434":{"start":{"line":435,"column":0},"end":{"line":435,"column":5}},"435":{"start":{"line":436,"column":0},"end":{"line":436,"column":3}},"437":{"start":{"line":438,"column":0},"end":{"line":438,"column":91}},"438":{"start":{"line":439,"column":0},"end":{"line":439,"column":84}},"440":{"start":{"line":441,"column":0},"end":{"line":441,"column":45}},"441":{"start":{"line":442,"column":0},"end":{"line":442,"column":41}},"442":{"start":{"line":443,"column":0},"end":{"line":443,"column":91}},"443":{"start":{"line":444,"column":0},"end":{"line":444,"column":35}},"444":{"start":{"line":445,"column":0},"end":{"line":445,"column":65}},"445":{"start":{"line":446,"column":0},"end":{"line":446,"column":7}},"446":{"start":{"line":447,"column":0},"end":{"line":447,"column":65}},"447":{"start":{"line":448,"column":0},"end":{"line":448,"column":12}},"448":{"start":{"line":449,"column":0},"end":{"line":449,"column":70}},"449":{"start":{"line":450,"column":0},"end":{"line":450,"column":5}},"450":{"start":{"line":451,"column":0},"end":{"line":451,"column":3}},"452":{"start":{"line":453,"column":0},"end":{"line":453,"column":91}},"453":{"start":{"line":454,"column":0},"end":{"line":454,"column":84}},"455":{"start":{"line":456,"column":0},"end":{"line":456,"column":45}},"456":{"start":{"line":457,"column":0},"end":{"line":457,"column":41}},"457":{"start":{"line":458,"column":0},"end":{"line":458,"column":91}},"458":{"start":{"line":459,"column":0},"end":{"line":459,"column":35}},"459":{"start":{"line":460,"column":0},"end":{"line":460,"column":65}},"460":{"start":{"line":461,"column":0},"end":{"line":461,"column":7}},"461":{"start":{"line":462,"column":0},"end":{"line":462,"column":65}},"462":{"start":{"line":463,"column":0},"end":{"line":463,"column":12}},"463":{"start":{"line":464,"column":0},"end":{"line":464,"column":70}},"464":{"start":{"line":465,"column":0},"end":{"line":465,"column":5}},"465":{"start":{"line":466,"column":0},"end":{"line":466,"column":3}},"467":{"start":{"line":468,"column":0},"end":{"line":468,"column":141}},"468":{"start":{"line":469,"column":0},"end":{"line":469,"column":43}},"470":{"start":{"line":471,"column":0},"end":{"line":471,"column":88}},"471":{"start":{"line":472,"column":0},"end":{"line":472,"column":121}},"473":{"start":{"line":474,"column":0},"end":{"line":474,"column":45}},"474":{"start":{"line":475,"column":0},"end":{"line":475,"column":42}},"475":{"start":{"line":476,"column":0},"end":{"line":476,"column":93}},"476":{"start":{"line":477,"column":0},"end":{"line":477,"column":35}},"477":{"start":{"line":478,"column":0},"end":{"line":478,"column":65}},"478":{"start":{"line":479,"column":0},"end":{"line":479,"column":7}},"479":{"start":{"line":480,"column":0},"end":{"line":480,"column":66}},"480":{"start":{"line":481,"column":0},"end":{"line":481,"column":12}},"482":{"start":{"line":483,"column":0},"end":{"line":483,"column":72}},"483":{"start":{"line":484,"column":0},"end":{"line":484,"column":5}},"484":{"start":{"line":485,"column":0},"end":{"line":485,"column":3}},"486":{"start":{"line":487,"column":0},"end":{"line":487,"column":40}},"487":{"start":{"line":488,"column":0},"end":{"line":488,"column":27}},"488":{"start":{"line":489,"column":0},"end":{"line":489,"column":27}},"489":{"start":{"line":490,"column":0},"end":{"line":490,"column":18}},"490":{"start":{"line":491,"column":0},"end":{"line":491,"column":7}},"491":{"start":{"line":492,"column":0},"end":{"line":492,"column":3}},"493":{"start":{"line":494,"column":0},"end":{"line":494,"column":38}},"494":{"start":{"line":495,"column":0},"end":{"line":495,"column":28}},"495":{"start":{"line":496,"column":0},"end":{"line":496,"column":41}},"496":{"start":{"line":497,"column":0},"end":{"line":497,"column":3}},"498":{"start":{"line":499,"column":0},"end":{"line":499,"column":42}},"499":{"start":{"line":500,"column":0},"end":{"line":500,"column":42}},"500":{"start":{"line":501,"column":0},"end":{"line":501,"column":3}},"502":{"start":{"line":503,"column":0},"end":{"line":503,"column":35}},"503":{"start":{"line":504,"column":0},"end":{"line":504,"column":23}},"504":{"start":{"line":505,"column":0},"end":{"line":505,"column":3}},"505":{"start":{"line":506,"column":0},"end":{"line":506,"column":1}},"508":{"start":{"line":509,"column":0},"end":{"line":509,"column":39}},"511":{"start":{"line":512,"column":0},"end":{"line":512,"column":40}},"512":{"start":{"line":513,"column":0},"end":{"line":513,"column":26}},"513":{"start":{"line":514,"column":0},"end":{"line":514,"column":1}}},"s":{"0":0,"5":0,"6":0,"7":0,"8":0,"9":0,"56":0,"57":0,"58":0,"63":0,"65":0,"67":0,"68":0,"69":0,"70":0,"71":0,"76":0,"77":0,"78":0,"79":0,"80":0,"83":0,"84":0,"100":0,"101":0,"102":0,"103":0,"104":0,"105":0,"106":0,"107":0,"108":0,"110":0,"111":0,"116":0,"117":0,"118":0,"119":0,"121":0,"122":0,"139":0,"140":0,"141":0,"142":0,"143":0,"144":0,"145":0,"146":0,"148":0,"149":0,"154":0,"155":0,"156":0,"157":0,"160":0,"161":0,"162":0,"163":0,"168":0,"175":0,"176":0,"177":0,"178":0,"179":0,"180":0,"182":0,"183":0,"184":0,"189":0,"191":0,"192":0,"195":0,"196":0,"197":0,"198":0,"199":0,"201":0,"202":0,"203":0,"204":0,"209":0,"210":0,"212":0,"213":0,"214":0,"215":0,"216":0,"217":0,"218":0,"219":0,"221":0,"222":0,"227":0,"228":0,"229":0,"230":0,"231":0,"232":0,"233":0,"234":0,"235":0,"237":0,"238":0,"239":0,"240":0,"241":0,"242":0,"243":0,"246":0,"247":0,"248":0,"251":0,"252":0,"253":0,"254":0,"255":0,"257":0,"258":0,"263":0,"264":0,"265":0,"266":0,"269":0,"270":0,"272":0,"273":0,"274":0,"276":0,"277":0,"278":0,"279":0,"280":0,"281":0,"282":0,"283":0,"284":0,"285":0,"286":0,"287":0,"288":0,"290":0,"291":0,"292":0,"293":0,"294":0,"295":0,"296":0,"297":0,"302":0,"303":0,"304":0,"305":0,"306":0,"307":0,"310":0,"313":0,"316":0,"317":0,"318":0,"319":0,"322":0,"323":0,"324":0,"327":0,"328":0,"329":0,"331":0,"332":0,"333":0,"334":0,"337":0,"338":0,"339":0,"340":0,"342":0,"343":0,"344":0,"345":0,"346":0,"347":0,"348":0,"349":0,"351":0,"352":0,"357":0,"358":0,"359":0,"360":0,"361":0,"362":0,"363":0,"364":0,"365":0,"368":0,"370":0,"371":0,"372":0,"373":0,"374":0,"375":0,"376":0,"377":0,"380":0,"381":0,"383":0,"384":0,"389":0,"390":0,"391":0,"392":0,"393":0,"394":0,"395":0,"397":0,"398":0,"400":0,"401":0,"402":0,"403":0,"404":0,"405":0,"406":0,"407":0,"409":0,"411":0,"412":0,"413":0,"414":0,"415":0,"416":0,"417":0,"418":0,"419":0,"422":0,"423":0,"425":0,"426":0,"427":0,"428":0,"429":0,"430":0,"431":0,"432":0,"433":0,"434":0,"435":0,"437":0,"438":0,"440":0,"441":0,"442":0,"443":0,"444":0,"445":0,"446":0,"447":0,"448":0,"449":0,"450":0,"452":0,"453":0,"455":0,"456":0,"457":0,"458":0,"459":0,"460":0,"461":0,"462":0,"463":0,"464":0,"465":0,"467":0,"468":0,"470":0,"471":0,"473":0,"474":0,"475":0,"476":0,"477":0,"478":0,"479":0,"480":0,"482":0,"483":0,"484":0,"486":0,"487":0,"488":0,"489":0,"490":0,"491":0,"493":0,"494":0,"495":0,"496":0,"498":0,"499":0,"500":0,"502":0,"503":0,"504":0,"505":0,"508":0,"511":0,"512":0,"513":0},"branchMap":{"0":{"type":"branch","line":1,"loc":{"start":{"line":1,"column":15708},"end":{"line":514,"column":1}},"locations":[{"start":{"line":1,"column":15708},"end":{"line":514,"column":1}}]}},"b":{"0":[0]},"fnMap":{"0":{"name":"(empty-report)","decl":{"start":{"line":1,"column":15708},"end":{"line":514,"column":1}},"loc":{"start":{"line":1,"column":15708},"end":{"line":514,"column":1}},"line":1}},"f":{"0":0}}
,"/home/anatolec/Downloads/CathedralAI/shared/utils/src/prisma.ts": {"path":"/home/anatolec/Downloads/CathedralAI/shared/utils/src/prisma.ts","all":true,"statementMap":{"0":{"start":{"line":1,"column":0},"end":{"line":1,"column":3}}},"s":{"0":0},"branchMap":{"0":{"type":"branch","line":1,"loc":{"start":{"line":1,"column":1010},"end":{"line":31,"column":55}},"locations":[{"start":{"line":1,"column":1010},"end":{"line":31,"column":55}}]}},"b":{"0":[0]},"fnMap":{"0":{"name":"(empty-report)","decl":{"start":{"line":1,"column":1010},"end":{"line":31,"column":55}},"loc":{"start":{"line":1,"column":1010},"end":{"line":31,"column":55}},"line":1}},"f":{"0":0}}
,"/home/anatolec/Downloads/CathedralAI/shared/utils/src/serviceRegistry.ts": {"path":"/home/anatolec/Downloads/CathedralAI/shared/utils/src/serviceRegistry.ts","all":true,"statementMap":{"0":{"start":{"line":1,"column":0},"end":{"line":1,"column":3}},"24":{"start":{"line":25,"column":0},"end":{"line":25,"column":69}},"25":{"start":{"line":26,"column":0},"end":{"line":26,"column":24}},"26":{"start":{"line":27,"column":0},"end":{"line":27,"column":28}},"28":{"start":{"line":29,"column":0},"end":{"line":29,"column":80}},"30":{"start":{"line":31,"column":0},"end":{"line":31,"column":26}},"33":{"start":{"line":34,"column":0},"end":{"line":34,"column":76}},"35":{"start":{"line":36,"column":0},"end":{"line":36,"column":25}},"37":{"start":{"line":38,"column":0},"end":{"line":38,"column":74}},"39":{"start":{"line":40,"column":0},"end":{"line":40,"column":41}},"42":{"start":{"line":43,"column":0},"end":{"line":43,"column":73}},"44":{"start":{"line":45,"column":0},"end":{"line":45,"column":24}},"46":{"start":{"line":47,"column":0},"end":{"line":47,"column":72}},"48":{"start":{"line":49,"column":0},"end":{"line":49,"column":25}},"50":{"start":{"line":51,"column":0},"end":{"line":51,"column":74}},"52":{"start":{"line":53,"column":0},"end":{"line":53,"column":30}},"54":{"start":{"line":55,"column":0},"end":{"line":55,"column":94}},"56":{"start":{"line":57,"column":0},"end":{"line":57,"column":12}},"57":{"start":{"line":58,"column":0},"end":{"line":58,"column":62}},"58":{"start":{"line":59,"column":0},"end":{"line":59,"column":3}},"59":{"start":{"line":60,"column":0},"end":{"line":60,"column":1}}},"s":{"0":0,"24":0,"25":0,"26":0,"28":0,"30":0,"33":0,"35":0,"37":0,"39":0,"42":0,"44":0,"46":0,"48":0,"50":0,"52":0,"54":0,"56":0,"57":0,"58":0,"59":0},"branchMap":{"0":{"type":"branch","line":1,"loc":{"start":{"line":1,"column":2272},"end":{"line":60,"column":1}},"locations":[{"start":{"line":1,"column":2272},"end":{"line":60,"column":1}}]}},"b":{"0":[0]},"fnMap":{"0":{"name":"(empty-report)","decl":{"start":{"line":1,"column":2272},"end":{"line":60,"column":1}},"loc":{"start":{"line":1,"column":2272},"end":{"line":60,"column":1}},"line":1}},"f":{"0":0}}
,"/home/anatolec/Downloads/CathedralAI/shared/utils/src/validation.ts": {"path":"/home/anatolec/Downloads/CathedralAI/shared/utils/src/validation.ts","all":true,"statementMap":{"0":{"start":{"line":1,"column":0},"end":{"line":1,"column":3}},"8":{"start":{"line":9,"column":0},"end":{"line":9,"column":59}},"9":{"start":{"line":10,"column":0},"end":{"line":10,"column":35}},"10":{"start":{"line":11,"column":0},"end":{"line":11,"column":1}},"15":{"start":{"line":16,"column":0},"end":{"line":16,"column":59}},"16":{"start":{"line":17,"column":0},"end":{"line":17,"column":52}},"17":{"start":{"line":18,"column":0},"end":{"line":18,"column":1}},"22":{"start":{"line":23,"column":0},"end":{"line":23,"column":61}},"23":{"start":{"line":24,"column":0},"end":{"line":24,"column":36}},"24":{"start":{"line":25,"column":0},"end":{"line":25,"column":1}},"29":{"start":{"line":30,"column":0},"end":{"line":30,"column":76}},"30":{"start":{"line":31,"column":0},"end":{"line":31,"column":78}},"31":{"start":{"line":32,"column":0},"end":{"line":32,"column":1}},"36":{"start":{"line":37,"column":0},"end":{"line":37,"column":61}},"37":{"start":{"line":38,"column":0},"end":{"line":38,"column":30}},"38":{"start":{"line":39,"column":0},"end":{"line":39,"column":1}},"43":{"start":{"line":44,"column":0},"end":{"line":44,"column":82}},"44":{"start":{"line":45,"column":0},"end":{"line":45,"column":47}},"45":{"start":{"line":46,"column":0},"end":{"line":46,"column":1}},"50":{"start":{"line":51,"column":0},"end":{"line":51,"column":54}},"51":{"start":{"line":52,"column":0},"end":{"line":52,"column":50}},"52":{"start":{"line":53,"column":0},"end":{"line":53,"column":32}},"53":{"start":{"line":54,"column":0},"end":{"line":54,"column":1}},"58":{"start":{"line":59,"column":0},"end":{"line":59,"column":50}},"59":{"start":{"line":60,"column":0},"end":{"line":60,"column":7}},"60":{"start":{"line":61,"column":0},"end":{"line":61,"column":17}},"61":{"start":{"line":62,"column":0},"end":{"line":62,"column":16}},"62":{"start":{"line":63,"column":0},"end":{"line":63,"column":11}},"63":{"start":{"line":64,"column":0},"end":{"line":64,"column":17}},"64":{"start":{"line":65,"column":0},"end":{"line":65,"column":3}},"65":{"start":{"line":66,"column":0},"end":{"line":66,"column":1}}},"s":{"0":0,"8":0,"9":0,"10":0,"15":0,"16":0,"17":0,"22":0,"23":0,"24":0,"29":0,"30":0,"31":0,"36":0,"37":0,"38":0,"43":0,"44":0,"45":0,"50":0,"51":0,"52":0,"53":0,"58":0,"59":0,"60":0,"61":0,"62":0,"63":0,"64":0,"65":0},"branchMap":{"0":{"type":"branch","line":1,"loc":{"start":{"line":1,"column":1490},"end":{"line":66,"column":1}},"locations":[{"start":{"line":1,"column":1490},"end":{"line":66,"column":1}}]}},"b":{"0":[0]},"fnMap":{"0":{"name":"(empty-report)","decl":{"start":{"line":1,"column":1490},"end":{"line":66,"column":1}},"loc":{"start":{"line":1,"column":1490},"end":{"line":66,"column":1}},"line":1}},"f":{"0":0}}
,"/home/anatolec/Downloads/CathedralAI/shared/utils/src/middleware/correlationId.ts": {"path":"/home/anatolec/Downloads/CathedralAI/shared/utils/src/middleware/correlationId.ts","all":true,"statementMap":{"0":{"start":{"line":1,"column":0},"end":{"line":1,"column":3}},"28":{"start":{"line":29,"column":0},"end":{"line":29,"column":43}},"29":{"start":{"line":30,"column":0},"end":{"line":30,"column":69}},"31":{"start":{"line":32,"column":0},"end":{"line":32,"column":77}},"34":{"start":{"line":35,"column":0},"end":{"line":35,"column":64}},"37":{"start":{"line":38,"column":0},"end":{"line":38,"column":36}},"40":{"start":{"line":41,"column":0},"end":{"line":41,"column":38}},"43":{"start":{"line":44,"column":0},"end":{"line":44,"column":53}},"45":{"start":{"line":46,"column":0},"end":{"line":46,"column":11}},"46":{"start":{"line":47,"column":0},"end":{"line":47,"column":4}},"47":{"start":{"line":48,"column":0},"end":{"line":48,"column":1}}},"s":{"0":0,"28":0,"29":0,"31":0,"34":0,"37":0,"40":0,"43":0,"45":0,"46":0,"47":0},"branchMap":{"0":{"type":"branch","line":1,"loc":{"start":{"line":1,"column":1358},"end":{"line":48,"column":1}},"locations":[{"start":{"line":1,"column":1358},"end":{"line":48,"column":1}}]}},"b":{"0":[0]},"fnMap":{"0":{"name":"(empty-report)","decl":{"start":{"line":1,"column":1358},"end":{"line":48,"column":1}},"loc":{"start":{"line":1,"column":1358},"end":{"line":48,"column":1}},"line":1}},"f":{"0":0}}
,"/home/anatolec/Downloads/CathedralAI/shared/utils/src/middleware/index.ts": {"path":"/home/anatolec/Downloads/CathedralAI/shared/utils/src/middleware/index.ts","all":true,"statementMap":{"0":{"start":{"line":1,"column":0},"end":{"line":1,"column":3}},"4":{"start":{"line":5,"column":0},"end":{"line":5,"column":32}},"5":{"start":{"line":6,"column":0},"end":{"line":6,"column":32}}},"s":{"0":0,"4":0,"5":0},"branchMap":{"0":{"type":"branch","line":1,"loc":{"start":{"line":1,"column":104},"end":{"line":6,"column":32}},"locations":[{"start":{"line":1,"column":104},"end":{"line":6,"column":32}}]}},"b":{"0":[0]},"fnMap":{"0":{"name":"(empty-report)","decl":{"start":{"line":1,"column":104},"end":{"line":6,"column":32}},"loc":{"start":{"line":1,"column":104},"end":{"line":6,"column":32}},"line":1}},"f":{"0":0}}
,"/home/anatolec/Downloads/CathedralAI/shared/utils/src/middleware/requestLogger.ts": {"path":"/home/anatolec/Downloads/CathedralAI/shared/utils/src/middleware/requestLogger.ts","all":true,"statementMap":{"0":{"start":{"line":1,"column":0},"end":{"line":1,"column":3}},"34":{"start":{"line":35,"column":0},"end":{"line":35,"column":34}},"35":{"start":{"line":36,"column":0},"end":{"line":36,"column":13}},"36":{"start":{"line":37,"column":0},"end":{"line":37,"column":10}},"37":{"start":{"line":38,"column":0},"end":{"line":38,"column":11}},"38":{"start":{"line":39,"column":0},"end":{"line":39,"column":11}},"39":{"start":{"line":40,"column":0},"end":{"line":40,"column":12}},"40":{"start":{"line":41,"column":0},"end":{"line":41,"column":16}},"41":{"start":{"line":42,"column":0},"end":{"line":42,"column":17}},"42":{"start":{"line":43,"column":0},"end":{"line":43,"column":18}},"43":{"start":{"line":44,"column":0},"end":{"line":44,"column":11}},"44":{"start":{"line":45,"column":0},"end":{"line":45,"column":15}},"45":{"start":{"line":46,"column":0},"end":{"line":46,"column":16}},"46":{"start":{"line":47,"column":0},"end":{"line":47,"column":8}},"47":{"start":{"line":48,"column":0},"end":{"line":48,"column":25}},"48":{"start":{"line":49,"column":0},"end":{"line":49,"column":2}},"53":{"start":{"line":54,"column":0},"end":{"line":54,"column":24}},"54":{"start":{"line":55,"column":0},"end":{"line":55,"column":15}},"55":{"start":{"line":56,"column":0},"end":{"line":56,"column":28}},"56":{"start":{"line":57,"column":0},"end":{"line":57,"column":17}},"57":{"start":{"line":58,"column":0},"end":{"line":58,"column":12}},"58":{"start":{"line":59,"column":0},"end":{"line":59,"column":42}},"59":{"start":{"line":60,"column":0},"end":{"line":60,"column":15}},"60":{"start":{"line":61,"column":0},"end":{"line":61,"column":3}},"62":{"start":{"line":63,"column":0},"end":{"line":63,"column":32}},"63":{"start":{"line":64,"column":0},"end":{"line":64,"column":28}},"64":{"start":{"line":65,"column":0},"end":{"line":65,"column":74}},"65":{"start":{"line":66,"column":0},"end":{"line":66,"column":3}},"67":{"start":{"line":68,"column":0},"end":{"line":68,"column":27}},"68":{"start":{"line":69,"column":0},"end":{"line":69,"column":75}},"69":{"start":{"line":70,"column":0},"end":{"line":70,"column":3}},"71":{"start":{"line":72,"column":0},"end":{"line":72,"column":48}},"72":{"start":{"line":73,"column":0},"end":{"line":73,"column":51}},"73":{"start":{"line":74,"column":0},"end":{"line":74,"column":39}},"76":{"start":{"line":77,"column":0},"end":{"line":77,"column":80}},"77":{"start":{"line":78,"column":0},"end":{"line":78,"column":36}},"78":{"start":{"line":79,"column":0},"end":{"line":79,"column":15}},"79":{"start":{"line":80,"column":0},"end":{"line":80,"column":5}},"82":{"start":{"line":83,"column":0},"end":{"line":83,"column":69}},"83":{"start":{"line":84,"column":0},"end":{"line":84,"column":3}},"85":{"start":{"line":86,"column":0},"end":{"line":86,"column":19}},"86":{"start":{"line":87,"column":0},"end":{"line":87,"column":1}},"91":{"start":{"line":92,"column":0},"end":{"line":92,"column":28}},"92":{"start":{"line":93,"column":0},"end":{"line":93,"column":15}},"93":{"start":{"line":94,"column":0},"end":{"line":94,"column":31}},"94":{"start":{"line":95,"column":0},"end":{"line":95,"column":16}},"95":{"start":{"line":96,"column":0},"end":{"line":96,"column":64}},"96":{"start":{"line":97,"column":0},"end":{"line":97,"column":33}},"97":{"start":{"line":98,"column":0},"end":{"line":98,"column":18}},"98":{"start":{"line":99,"column":0},"end":{"line":99,"column":23}},"99":{"start":{"line":100,"column":0},"end":{"line":100,"column":17}},"100":{"start":{"line":101,"column":0},"end":{"line":101,"column":19}},"101":{"start":{"line":102,"column":0},"end":{"line":102,"column":43}},"102":{"start":{"line":103,"column":0},"end":{"line":103,"column":37}},"103":{"start":{"line":104,"column":0},"end":{"line":104,"column":4}},"106":{"start":{"line":107,"column":0},"end":{"line":107,"column":68}},"107":{"start":{"line":108,"column":0},"end":{"line":108,"column":59}},"108":{"start":{"line":109,"column":0},"end":{"line":109,"column":50}},"109":{"start":{"line":110,"column":0},"end":{"line":110,"column":40}},"110":{"start":{"line":111,"column":0},"end":{"line":111,"column":5}},"111":{"start":{"line":112,"column":0},"end":{"line":112,"column":31}},"112":{"start":{"line":113,"column":0},"end":{"line":113,"column":3}},"115":{"start":{"line":116,"column":0},"end":{"line":116,"column":43}},"116":{"start":{"line":117,"column":0},"end":{"line":117,"column":48}},"117":{"start":{"line":118,"column":0},"end":{"line":118,"column":42}},"118":{"start":{"line":119,"column":0},"end":{"line":119,"column":15}},"119":{"start":{"line":120,"column":0},"end":{"line":120,"column":58}},"120":{"start":{"line":121,"column":0},"end":{"line":121,"column":13}},"121":{"start":{"line":122,"column":0},"end":{"line":122,"column":6}},"122":{"start":{"line":123,"column":0},"end":{"line":123,"column":3}},"125":{"start":{"line":126,"column":0},"end":{"line":126,"column":42}},"126":{"start":{"line":127,"column":0},"end":{"line":127,"column":36}},"127":{"start":{"line":128,"column":0},"end":{"line":128,"column":16}},"128":{"start":{"line":129,"column":0},"end":{"line":129,"column":58}},"129":{"start":{"line":130,"column":0},"end":{"line":130,"column":33}},"130":{"start":{"line":131,"column":0},"end":{"line":131,"column":6}},"131":{"start":{"line":132,"column":0},"end":{"line":132,"column":3}},"134":{"start":{"line":135,"column":0},"end":{"line":135,"column":56}},"135":{"start":{"line":136,"column":0},"end":{"line":136,"column":29}},"136":{"start":{"line":137,"column":0},"end":{"line":137,"column":42}},"137":{"start":{"line":138,"column":0},"end":{"line":138,"column":3}},"139":{"start":{"line":140,"column":0},"end":{"line":140,"column":18}},"140":{"start":{"line":141,"column":0},"end":{"line":141,"column":1}},"145":{"start":{"line":146,"column":0},"end":{"line":146,"column":29}},"146":{"start":{"line":147,"column":0},"end":{"line":147,"column":15}},"147":{"start":{"line":148,"column":0},"end":{"line":148,"column":16}},"148":{"start":{"line":149,"column":0},"end":{"line":149,"column":19}},"149":{"start":{"line":150,"column":0},"end":{"line":150,"column":31}},"150":{"start":{"line":151,"column":0},"end":{"line":151,"column":16}},"151":{"start":{"line":152,"column":0},"end":{"line":152,"column":64}},"152":{"start":{"line":153,"column":0},"end":{"line":153,"column":33}},"153":{"start":{"line":154,"column":0},"end":{"line":154,"column":18}},"154":{"start":{"line":155,"column":0},"end":{"line":155,"column":23}},"155":{"start":{"line":156,"column":0},"end":{"line":156,"column":17}},"156":{"start":{"line":157,"column":0},"end":{"line":157,"column":19}},"157":{"start":{"line":158,"column":0},"end":{"line":158,"column":31}},"158":{"start":{"line":159,"column":0},"end":{"line":159,"column":13}},"159":{"start":{"line":160,"column":0},"end":{"line":160,"column":4}},"162":{"start":{"line":163,"column":0},"end":{"line":163,"column":50}},"163":{"start":{"line":164,"column":0},"end":{"line":164,"column":22}},"164":{"start":{"line":165,"column":0},"end":{"line":165,"column":56}},"165":{"start":{"line":166,"column":0},"end":{"line":166,"column":3}},"167":{"start":{"line":168,"column":0},"end":{"line":168,"column":18}},"168":{"start":{"line":169,"column":0},"end":{"line":169,"column":1}},"176":{"start":{"line":177,"column":0},"end":{"line":177,"column":67}},"177":{"start":{"line":178,"column":0},"end":{"line":178,"column":9}},"178":{"start":{"line":179,"column":0},"end":{"line":179,"column":29}},"179":{"start":{"line":180,"column":0},"end":{"line":180,"column":71}},"180":{"start":{"line":181,"column":0},"end":{"line":181,"column":27}},"181":{"start":{"line":182,"column":0},"end":{"line":182,"column":28}},"182":{"start":{"line":183,"column":0},"end":{"line":183,"column":47}},"183":{"start":{"line":184,"column":0},"end":{"line":184,"column":24}},"184":{"start":{"line":185,"column":0},"end":{"line":185,"column":23}},"185":{"start":{"line":186,"column":0},"end":{"line":186,"column":27}},"186":{"start":{"line":187,"column":0},"end":{"line":187,"column":14}},"188":{"start":{"line":189,"column":0},"end":{"line":189,"column":69}},"189":{"start":{"line":190,"column":0},"end":{"line":190,"column":33}},"190":{"start":{"line":191,"column":0},"end":{"line":191,"column":66}},"193":{"start":{"line":194,"column":0},"end":{"line":194,"column":60}},"194":{"start":{"line":195,"column":0},"end":{"line":195,"column":20}},"195":{"start":{"line":196,"column":0},"end":{"line":196,"column":5}},"198":{"start":{"line":199,"column":0},"end":{"line":199,"column":26}},"199":{"start":{"line":200,"column":0},"end":{"line":200,"column":63}},"200":{"start":{"line":201,"column":0},"end":{"line":201,"column":55}},"201":{"start":{"line":202,"column":0},"end":{"line":202,"column":5}},"204":{"start":{"line":205,"column":0},"end":{"line":205,"column":34}},"205":{"start":{"line":206,"column":0},"end":{"line":206,"column":30}},"208":{"start":{"line":209,"column":0},"end":{"line":209,"column":41}},"209":{"start":{"line":210,"column":0},"end":{"line":210,"column":26}},"210":{"start":{"line":211,"column":0},"end":{"line":211,"column":43}},"211":{"start":{"line":212,"column":0},"end":{"line":212,"column":6}},"214":{"start":{"line":215,"column":0},"end":{"line":215,"column":28}},"215":{"start":{"line":216,"column":0},"end":{"line":216,"column":46}},"216":{"start":{"line":217,"column":0},"end":{"line":217,"column":80}},"219":{"start":{"line":220,"column":0},"end":{"line":220,"column":44}},"220":{"start":{"line":221,"column":0},"end":{"line":221,"column":36}},"221":{"start":{"line":222,"column":0},"end":{"line":222,"column":55}},"222":{"start":{"line":223,"column":0},"end":{"line":223,"column":23}},"223":{"start":{"line":224,"column":0},"end":{"line":224,"column":26}},"224":{"start":{"line":225,"column":0},"end":{"line":225,"column":17}},"225":{"start":{"line":226,"column":0},"end":{"line":226,"column":10}},"226":{"start":{"line":227,"column":0},"end":{"line":227,"column":7}},"229":{"start":{"line":230,"column":0},"end":{"line":230,"column":34}},"230":{"start":{"line":231,"column":0},"end":{"line":231,"column":89}},"231":{"start":{"line":232,"column":0},"end":{"line":232,"column":41}},"232":{"start":{"line":233,"column":0},"end":{"line":233,"column":77}},"233":{"start":{"line":234,"column":0},"end":{"line":234,"column":14}},"234":{"start":{"line":235,"column":0},"end":{"line":235,"column":59}},"235":{"start":{"line":236,"column":0},"end":{"line":236,"column":7}},"236":{"start":{"line":237,"column":0},"end":{"line":237,"column":7}},"239":{"start":{"line":240,"column":0},"end":{"line":240,"column":39}},"240":{"start":{"line":241,"column":0},"end":{"line":241,"column":46}},"241":{"start":{"line":242,"column":0},"end":{"line":242,"column":77}},"242":{"start":{"line":243,"column":0},"end":{"line":243,"column":58}},"243":{"start":{"line":244,"column":0},"end":{"line":244,"column":7}},"245":{"start":{"line":246,"column":0},"end":{"line":246,"column":11}},"246":{"start":{"line":247,"column":0},"end":{"line":247,"column":4}},"247":{"start":{"line":248,"column":0},"end":{"line":248,"column":1}}},"s":{"0":0,"34":0,"35":0,"36":0,"37":0,"38":0,"39":0,"40":0,"41":0,"42":0,"43":0,"44":0,"45":0,"46":0,"47":0,"48":0,"53":0,"54":0,"55":0,"56":0,"57":0,"58":0,"59":0,"60":0,"62":0,"63":0,"64":0,"65":0,"67":0,"68":0,"69":0,"71":0,"72":0,"73":0,"76":0,"77":0,"78":0,"79":0,"82":0,"83":0,"85":0,"86":0,"91":0,"92":0,"93":0,"94":0,"95":0,"96":0,"97":0,"98":0,"99":0,"100":0,"101":0,"102":0,"103":0,"106":0,"107":0,"108":0,"109":0,"110":0,"111":0,"112":0,"115":0,"116":0,"117":0,"118":0,"119":0,"120":0,"121":0,"122":0,"125":0,"126":0,"127":0,"128":0,"129":0,"130":0,"131":0,"134":0,"135":0,"136":0,"137":0,"139":0,"140":0,"145":0,"146":0,"147":0,"148":0,"149":0,"150":0,"151":0,"152":0,"153":0,"154":0,"155":0,"156":0,"157":0,"158":0,"159":0,"162":0,"163":0,"164":0,"165":0,"167":0,"168":0,"176":0,"177":0,"178":0,"179":0,"180":0,"181":0,"182":0,"183":0,"184":0,"185":0,"186":0,"188":0,"189":0,"190":0,"193":0,"194":0,"195":0,"198":0,"199":0,"200":0,"201":0,"204":0,"205":0,"208":0,"209":0,"210":0,"211":0,"214":0,"215":0,"216":0,"219":0,"220":0,"221":0,"222":0,"223":0,"224":0,"225":0,"226":0,"229":0,"230":0,"231":0,"232":0,"233":0,"234":0,"235":0,"236":0,"239":0,"240":0,"241":0,"242":0,"243":0,"245":0,"246":0,"247":0},"branchMap":{"0":{"type":"branch","line":1,"loc":{"start":{"line":1,"column":6580},"end":{"line":248,"column":1}},"locations":[{"start":{"line":1,"column":6580},"end":{"line":248,"column":1}}]}},"b":{"0":[0]},"fnMap":{"0":{"name":"(empty-report)","decl":{"start":{"line":1,"column":6580},"end":{"line":248,"column":1}},"loc":{"start":{"line":1,"column":6580},"end":{"line":248,"column":1}},"line":1}},"f":{"0":0}}
,"/home/anatolec/Downloads/CathedralAI/shared/utils/src/validation/index.ts": {"path":"/home/anatolec/Downloads/CathedralAI/shared/utils/src/validation/index.ts","all":true,"statementMap":{"0":{"start":{"line":1,"column":0},"end":{"line":1,"column":3}}},"s":{"0":0},"branchMap":{"0":{"type":"branch","line":1,"loc":{"start":{"line":1,"column":418},"end":{"line":24,"column":24}},"locations":[{"start":{"line":1,"column":418},"end":{"line":24,"column":24}}]}},"b":{"0":[0]},"fnMap":{"0":{"name":"(empty-report)","decl":{"start":{"line":1,"column":418},"end":{"line":24,"column":24}},"loc":{"start":{"line":1,"column":418},"end":{"line":24,"column":24}},"line":1}},"f":{"0":0}}
,"/home/anatolec/Downloads/CathedralAI/shared/utils/src/validation/middleware.ts": {"path":"/home/anatolec/Downloads/CathedralAI/shared/utils/src/validation/middleware.ts","all":true,"statementMap":{"0":{"start":{"line":1,"column":0},"end":{"line":1,"column":3}},"72":{"start":{"line":73,"column":0},"end":{"line":73,"column":107}},"73":{"start":{"line":74,"column":0},"end":{"line":74,"column":65}},"75":{"start":{"line":76,"column":0},"end":{"line":76,"column":67}},"81":{"start":{"line":82,"column":0},"end":{"line":82,"column":68}},"83":{"start":{"line":84,"column":0},"end":{"line":84,"column":20}},"84":{"start":{"line":85,"column":0},"end":{"line":85,"column":14}},"91":{"start":{"line":92,"column":0},"end":{"line":92,"column":7}},"92":{"start":{"line":93,"column":0},"end":{"line":93,"column":7}},"93":{"start":{"line":94,"column":0},"end":{"line":94,"column":4}},"94":{"start":{"line":95,"column":0},"end":{"line":95,"column":1}},"97":{"start":{"line":98,"column":0},"end":{"line":98,"column":80}},"98":{"start":{"line":99,"column":0},"end":{"line":99,"column":45}},"99":{"start":{"line":100,"column":0},"end":{"line":100,"column":11}},"100":{"start":{"line":101,"column":0},"end":{"line":101,"column":3}},"103":{"start":{"line":104,"column":0},"end":{"line":104,"column":61}},"104":{"start":{"line":105,"column":0},"end":{"line":105,"column":22}},"105":{"start":{"line":106,"column":0},"end":{"line":106,"column":80}},"106":{"start":{"line":107,"column":0},"end":{"line":107,"column":41}},"109":{"start":{"line":110,"column":0},"end":{"line":110,"column":51}},"110":{"start":{"line":111,"column":0},"end":{"line":111,"column":43}},"111":{"start":{"line":112,"column":0},"end":{"line":112,"column":36}},"114":{"start":{"line":115,"column":0},"end":{"line":115,"column":86}},"115":{"start":{"line":116,"column":0},"end":{"line":116,"column":82}},"116":{"start":{"line":117,"column":0},"end":{"line":117,"column":59}},"117":{"start":{"line":118,"column":0},"end":{"line":118,"column":16}},"118":{"start":{"line":119,"column":0},"end":{"line":119,"column":46}},"119":{"start":{"line":120,"column":0},"end":{"line":120,"column":72}},"120":{"start":{"line":121,"column":0},"end":{"line":121,"column":80}},"121":{"start":{"line":122,"column":0},"end":{"line":122,"column":43}},"122":{"start":{"line":123,"column":0},"end":{"line":123,"column":12}},"123":{"start":{"line":124,"column":0},"end":{"line":124,"column":65}},"124":{"start":{"line":125,"column":0},"end":{"line":125,"column":5}},"125":{"start":{"line":126,"column":0},"end":{"line":126,"column":76}},"126":{"start":{"line":127,"column":0},"end":{"line":127,"column":77}},"127":{"start":{"line":128,"column":0},"end":{"line":128,"column":45}},"128":{"start":{"line":129,"column":0},"end":{"line":129,"column":12}},"129":{"start":{"line":130,"column":0},"end":{"line":130,"column":63}},"130":{"start":{"line":131,"column":0},"end":{"line":131,"column":5}},"131":{"start":{"line":132,"column":0},"end":{"line":132,"column":72}},"132":{"start":{"line":133,"column":0},"end":{"line":133,"column":77}},"133":{"start":{"line":134,"column":0},"end":{"line":134,"column":43}},"134":{"start":{"line":135,"column":0},"end":{"line":135,"column":12}},"135":{"start":{"line":136,"column":0},"end":{"line":136,"column":61}},"136":{"start":{"line":137,"column":0},"end":{"line":137,"column":5}},"137":{"start":{"line":138,"column":0},"end":{"line":138,"column":76}},"138":{"start":{"line":139,"column":0},"end":{"line":139,"column":66}},"140":{"start":{"line":141,"column":0},"end":{"line":141,"column":34}},"141":{"start":{"line":142,"column":0},"end":{"line":142,"column":40}},"142":{"start":{"line":143,"column":0},"end":{"line":143,"column":168}},"143":{"start":{"line":144,"column":0},"end":{"line":144,"column":107}},"144":{"start":{"line":145,"column":0},"end":{"line":145,"column":25}},"145":{"start":{"line":146,"column":0},"end":{"line":146,"column":37}},"147":{"start":{"line":148,"column":0},"end":{"line":148,"column":117}},"148":{"start":{"line":149,"column":0},"end":{"line":149,"column":62}},"149":{"start":{"line":150,"column":0},"end":{"line":150,"column":47}},"150":{"start":{"line":151,"column":0},"end":{"line":151,"column":71}},"151":{"start":{"line":152,"column":0},"end":{"line":152,"column":16}},"152":{"start":{"line":153,"column":0},"end":{"line":153,"column":59}},"153":{"start":{"line":154,"column":0},"end":{"line":154,"column":9}},"154":{"start":{"line":155,"column":0},"end":{"line":155,"column":14}},"155":{"start":{"line":156,"column":0},"end":{"line":156,"column":88}},"156":{"start":{"line":157,"column":0},"end":{"line":157,"column":7}},"157":{"start":{"line":158,"column":0},"end":{"line":158,"column":12}},"158":{"start":{"line":159,"column":0},"end":{"line":159,"column":86}},"159":{"start":{"line":160,"column":0},"end":{"line":160,"column":5}},"160":{"start":{"line":161,"column":0},"end":{"line":161,"column":10}},"161":{"start":{"line":162,"column":0},"end":{"line":162,"column":61}},"162":{"start":{"line":163,"column":0},"end":{"line":163,"column":3}},"165":{"start":{"line":166,"column":0},"end":{"line":166,"column":7}},"166":{"start":{"line":167,"column":0},"end":{"line":167,"column":54}},"167":{"start":{"line":168,"column":0},"end":{"line":168,"column":40}},"168":{"start":{"line":169,"column":0},"end":{"line":169,"column":41}},"169":{"start":{"line":170,"column":0},"end":{"line":170,"column":29}},"170":{"start":{"line":171,"column":0},"end":{"line":171,"column":23}},"171":{"start":{"line":172,"column":0},"end":{"line":172,"column":27}},"172":{"start":{"line":173,"column":0},"end":{"line":173,"column":70}},"173":{"start":{"line":174,"column":0},"end":{"line":174,"column":51}},"174":{"start":{"line":175,"column":0},"end":{"line":175,"column":9}},"175":{"start":{"line":176,"column":0},"end":{"line":176,"column":5}},"176":{"start":{"line":177,"column":0},"end":{"line":177,"column":22}},"178":{"start":{"line":179,"column":0},"end":{"line":179,"column":3}},"181":{"start":{"line":182,"column":0},"end":{"line":182,"column":7}},"182":{"start":{"line":183,"column":0},"end":{"line":183,"column":26}},"183":{"start":{"line":184,"column":0},"end":{"line":184,"column":27}},"184":{"start":{"line":185,"column":0},"end":{"line":185,"column":28}},"185":{"start":{"line":186,"column":0},"end":{"line":186,"column":7}},"187":{"start":{"line":188,"column":0},"end":{"line":188,"column":29}},"188":{"start":{"line":189,"column":0},"end":{"line":189,"column":16}},"189":{"start":{"line":190,"column":0},"end":{"line":190,"column":5}},"190":{"start":{"line":191,"column":0},"end":{"line":191,"column":23}},"193":{"start":{"line":194,"column":0},"end":{"line":194,"column":3}},"194":{"start":{"line":195,"column":0},"end":{"line":195,"column":1}},"196":{"start":{"line":197,"column":0},"end":{"line":197,"column":86}},"197":{"start":{"line":198,"column":0},"end":{"line":198,"column":28}},"198":{"start":{"line":199,"column":0},"end":{"line":199,"column":19}},"199":{"start":{"line":200,"column":0},"end":{"line":200,"column":93}},"201":{"start":{"line":202,"column":0},"end":{"line":202,"column":23}},"203":{"start":{"line":204,"column":0},"end":{"line":204,"column":68}},"206":{"start":{"line":207,"column":0},"end":{"line":207,"column":71}},"207":{"start":{"line":208,"column":0},"end":{"line":208,"column":28}},"209":{"start":{"line":210,"column":0},"end":{"line":210,"column":52}},"210":{"start":{"line":211,"column":0},"end":{"line":211,"column":61}},"211":{"start":{"line":212,"column":0},"end":{"line":212,"column":7}},"213":{"start":{"line":214,"column":0},"end":{"line":214,"column":29}},"214":{"start":{"line":215,"column":0},"end":{"line":215,"column":5}},"217":{"start":{"line":218,"column":0},"end":{"line":218,"column":25}},"218":{"start":{"line":219,"column":0},"end":{"line":219,"column":69}},"219":{"start":{"line":220,"column":0},"end":{"line":220,"column":28}},"221":{"start":{"line":222,"column":0},"end":{"line":222,"column":52}},"222":{"start":{"line":223,"column":0},"end":{"line":223,"column":61}},"223":{"start":{"line":224,"column":0},"end":{"line":224,"column":7}},"225":{"start":{"line":226,"column":0},"end":{"line":226,"column":31}},"226":{"start":{"line":227,"column":0},"end":{"line":227,"column":5}},"229":{"start":{"line":230,"column":0},"end":{"line":230,"column":24}},"230":{"start":{"line":231,"column":0},"end":{"line":231,"column":67}},"231":{"start":{"line":232,"column":0},"end":{"line":232,"column":28}},"233":{"start":{"line":234,"column":0},"end":{"line":234,"column":52}},"234":{"start":{"line":235,"column":0},"end":{"line":235,"column":61}},"235":{"start":{"line":236,"column":0},"end":{"line":236,"column":7}},"237":{"start":{"line":238,"column":0},"end":{"line":238,"column":30}},"238":{"start":{"line":239,"column":0},"end":{"line":239,"column":5}},"242":{"start":{"line":243,"column":0},"end":{"line":243,"column":49}},"243":{"start":{"line":244,"column":0},"end":{"line":244,"column":13}},"244":{"start":{"line":245,"column":0},"end":{"line":245,"column":5}},"246":{"start":{"line":247,"column":0},"end":{"line":247,"column":5}},"247":{"start":{"line":248,"column":0},"end":{"line":248,"column":1}}},"s":{"0":0,"72":0,"73":0,"75":0,"81":0,"83":0,"84":0,"91":0,"92":0,"93":0,"94":0,"97":0,"98":0,"99":0,"100":0,"103":0,"104":0,"105":0,"106":0,"109":0,"110":0,"111":0,"114":0,"115":0,"116":0,"117":0,"118":0,"119":0,"120":0,"121":0,"122":0,"123":0,"124":0,"125":0,"126":0,"127":0,"128":0,"129":0,"130":0,"131":0,"132":0,"133":0,"134":0,"135":0,"136":0,"137":0,"138":0,"140":0,"141":0,"142":0,"143":0,"144":0,"145":0,"147":0,"148":0,"149":0,"150":0,"151":0,"152":0,"153":0,"154":0,"155":0,"156":0,"157":0,"158":0,"159":0,"160":0,"161":0,"162":0,"165":0,"166":0,"167":0,"168":0,"169":0,"170":0,"171":0,"172":0,"173":0,"174":0,"175":0,"176":0,"178":0,"181":0,"182":0,"183":0,"184":0,"185":0,"187":0,"188":0,"189":0,"190":0,"193":0,"194":0,"196":0,"197":0,"198":0,"199":0,"201":0,"203":0,"206":0,"207":0,"209":0,"210":0,"211":0,"213":0,"214":0,"217":0,"218":0,"219":0,"221":0,"222":0,"223":0,"225":0,"226":0,"229":0,"230":0,"231":0,"233":0,"234":0,"235":0,"237":0,"238":0,"242":0,"243":0,"244":0,"246":0,"247":0},"branchMap":{"0":{"type":"branch","line":1,"loc":{"start":{"line":1,"column":9446},"end":{"line":248,"column":1}},"locations":[{"start":{"line":1,"column":9446},"end":{"line":248,"column":1}}]}},"b":{"0":[0]},"fnMap":{"0":{"name":"(empty-report)","decl":{"start":{"line":1,"column":9446},"end":{"line":248,"column":1}},"loc":{"start":{"line":1,"column":9446},"end":{"line":248,"column":1}},"line":1}},"f":{"0":0}}
,"/home/anatolec/Downloads/CathedralAI/shared/utils/src/validation/sanitization.ts": {"path":"/home/anatolec/Downloads/CathedralAI/shared/utils/src/validation/sanitization.ts","all":true,"statementMap":{"0":{"start":{"line":1,"column":0},"end":{"line":1,"column":3}},"15":{"start":{"line":16,"column":0},"end":{"line":16,"column":55}},"19":{"start":{"line":20,"column":0},"end":{"line":20,"column":65}},"20":{"start":{"line":21,"column":0},"end":{"line":21,"column":1}},"30":{"start":{"line":31,"column":0},"end":{"line":31,"column":83}},"33":{"start":{"line":34,"column":0},"end":{"line":34,"column":29}},"36":{"start":{"line":37,"column":0},"end":{"line":37,"column":25}},"37":{"start":{"line":38,"column":0},"end":{"line":38,"column":95}},"38":{"start":{"line":39,"column":0},"end":{"line":39,"column":95}},"39":{"start":{"line":40,"column":0},"end":{"line":40,"column":62}},"40":{"start":{"line":41,"column":0},"end":{"line":41,"column":78}},"41":{"start":{"line":42,"column":0},"end":{"line":42,"column":66}},"42":{"start":{"line":43,"column":0},"end":{"line":43,"column":74}},"43":{"start":{"line":44,"column":0},"end":{"line":44,"column":21}},"44":{"start":{"line":45,"column":0},"end":{"line":45,"column":3}},"47":{"start":{"line":48,"column":0},"end":{"line":48,"column":119}},"48":{"start":{"line":49,"column":0},"end":{"line":49,"column":82}},"49":{"start":{"line":50,"column":0},"end":{"line":50,"column":19}},"50":{"start":{"line":51,"column":0},"end":{"line":51,"column":1}},"59":{"start":{"line":60,"column":0},"end":{"line":60,"column":53}},"62":{"start":{"line":63,"column":0},"end":{"line":63,"column":14}},"63":{"start":{"line":64,"column":0},"end":{"line":64,"column":57}},"64":{"start":{"line":65,"column":0},"end":{"line":65,"column":53}},"65":{"start":{"line":66,"column":0},"end":{"line":66,"column":12}},"66":{"start":{"line":67,"column":0},"end":{"line":67,"column":1}},"75":{"start":{"line":76,"column":0},"end":{"line":76,"column":57}},"77":{"start":{"line":78,"column":0},"end":{"line":78,"column":33}},"78":{"start":{"line":79,"column":0},"end":{"line":79,"column":56}},"79":{"start":{"line":80,"column":0},"end":{"line":80,"column":31}},"81":{"start":{"line":82,"column":0},"end":{"line":82,"column":27}},"82":{"start":{"line":83,"column":0},"end":{"line":83,"column":37}},"83":{"start":{"line":84,"column":0},"end":{"line":84,"column":42}},"84":{"start":{"line":85,"column":0},"end":{"line":85,"column":1}},"94":{"start":{"line":95,"column":0},"end":{"line":95,"column":57}},"97":{"start":{"line":98,"column":0},"end":{"line":98,"column":87}},"98":{"start":{"line":99,"column":0},"end":{"line":99,"column":81}},"99":{"start":{"line":100,"column":0},"end":{"line":100,"column":73}},"100":{"start":{"line":101,"column":0},"end":{"line":101,"column":19}},"101":{"start":{"line":102,"column":0},"end":{"line":102,"column":1}},"110":{"start":{"line":111,"column":0},"end":{"line":111,"column":63}},"112":{"start":{"line":113,"column":0},"end":{"line":113,"column":76}},"113":{"start":{"line":114,"column":0},"end":{"line":114,"column":16}},"114":{"start":{"line":115,"column":0},"end":{"line":115,"column":3}},"117":{"start":{"line":118,"column":0},"end":{"line":118,"column":38}},"118":{"start":{"line":119,"column":0},"end":{"line":119,"column":16}},"119":{"start":{"line":120,"column":0},"end":{"line":120,"column":3}},"121":{"start":{"line":122,"column":0},"end":{"line":122,"column":13}},"122":{"start":{"line":123,"column":0},"end":{"line":123,"column":1}},"131":{"start":{"line":132,"column":0},"end":{"line":132,"column":50}},"133":{"start":{"line":134,"column":0},"end":{"line":134,"column":38}},"136":{"start":{"line":137,"column":0},"end":{"line":137,"column":75}},"138":{"start":{"line":139,"column":0},"end":{"line":139,"column":26}},"139":{"start":{"line":140,"column":0},"end":{"line":140,"column":1}}},"s":{"0":0,"15":0,"19":0,"20":0,"30":0,"33":0,"36":0,"37":0,"38":0,"39":0,"40":0,"41":0,"42":0,"43":0,"44":0,"47":0,"48":0,"49":0,"50":0,"59":0,"62":0,"63":0,"64":0,"65":0,"66":0,"75":0,"77":0,"78":0,"79":0,"81":0,"82":0,"83":0,"84":0,"94":0,"97":0,"98":0,"99":0,"100":0,"101":0,"110":0,"112":0,"113":0,"114":0,"117":0,"118":0,"119":0,"121":0,"122":0,"131":0,"133":0,"136":0,"138":0,"139":0},"branchMap":{"0":{"type":"branch","line":1,"loc":{"start":{"line":1,"column":4939},"end":{"line":140,"column":1}},"locations":[{"start":{"line":1,"column":4939},"end":{"line":140,"column":1}}]}},"b":{"0":[0]},"fnMap":{"0":{"name":"(empty-report)","decl":{"start":{"line":1,"column":4939},"end":{"line":140,"column":1}},"loc":{"start":{"line":1,"column":4939},"end":{"line":140,"column":1}},"line":1}},"f":{"0":0}}
,"/home/anatolec/Downloads/CathedralAI/shared/utils/src/validation/schemas.ts": {"path":"/home/anatolec/Downloads/CathedralAI/shared/utils/src/validation/schemas.ts","all":true,"statementMap":{"0":{"start":{"line":1,"column":0},"end":{"line":1,"column":3}},"10":{"start":{"line":11,"column":0},"end":{"line":11,"column":65}},"17":{"start":{"line":18,"column":0},"end":{"line":18,"column":36}},"18":{"start":{"line":19,"column":0},"end":{"line":19,"column":26}},"19":{"start":{"line":20,"column":0},"end":{"line":20,"column":25}},"20":{"start":{"line":21,"column":0},"end":{"line":21,"column":48}},"26":{"start":{"line":27,"column":0},"end":{"line":27,"column":34}},"27":{"start":{"line":28,"column":0},"end":{"line":28,"column":27}},"28":{"start":{"line":29,"column":0},"end":{"line":29,"column":10}},"29":{"start":{"line":30,"column":0},"end":{"line":30,"column":14}},"31":{"start":{"line":32,"column":0},"end":{"line":32,"column":11}},"32":{"start":{"line":33,"column":0},"end":{"line":33,"column":37}},"33":{"start":{"line":34,"column":0},"end":{"line":34,"column":20}},"34":{"start":{"line":35,"column":0},"end":{"line":35,"column":15}},"36":{"start":{"line":37,"column":0},"end":{"line":37,"column":46}},"37":{"start":{"line":38,"column":0},"end":{"line":38,"column":7}},"38":{"start":{"line":39,"column":0},"end":{"line":39,"column":6}},"39":{"start":{"line":40,"column":0},"end":{"line":40,"column":59}},"40":{"start":{"line":41,"column":0},"end":{"line":41,"column":4}},"45":{"start":{"line":46,"column":0},"end":{"line":46,"column":68}},"50":{"start":{"line":51,"column":0},"end":{"line":51,"column":62}},"55":{"start":{"line":56,"column":0},"end":{"line":56,"column":42}},"56":{"start":{"line":57,"column":0},"end":{"line":57,"column":50}},"57":{"start":{"line":58,"column":0},"end":{"line":58,"column":61}},"58":{"start":{"line":59,"column":0},"end":{"line":59,"column":3}},"63":{"start":{"line":64,"column":0},"end":{"line":64,"column":42}},"68":{"start":{"line":69,"column":0},"end":{"line":69,"column":40}},"73":{"start":{"line":74,"column":0},"end":{"line":74,"column":39}},"79":{"start":{"line":80,"column":0},"end":{"line":80,"column":112}},"84":{"start":{"line":85,"column":0},"end":{"line":85,"column":40}},"85":{"start":{"line":86,"column":0},"end":{"line":86,"column":51}},"86":{"start":{"line":87,"column":0},"end":{"line":87,"column":56}},"87":{"start":{"line":88,"column":0},"end":{"line":88,"column":72}},"88":{"start":{"line":89,"column":0},"end":{"line":89,"column":72}},"89":{"start":{"line":90,"column":0},"end":{"line":90,"column":62}},"90":{"start":{"line":91,"column":0},"end":{"line":91,"column":81}},"95":{"start":{"line":96,"column":0},"end":{"line":96,"column":77}},"96":{"start":{"line":97,"column":0},"end":{"line":97,"column":65}},"101":{"start":{"line":102,"column":0},"end":{"line":102,"column":42}},"102":{"start":{"line":103,"column":0},"end":{"line":103,"column":29}},"103":{"start":{"line":104,"column":0},"end":{"line":104,"column":25}},"104":{"start":{"line":105,"column":0},"end":{"line":105,"column":3}},"109":{"start":{"line":110,"column":0},"end":{"line":110,"column":39}},"110":{"start":{"line":111,"column":0},"end":{"line":111,"column":15}},"111":{"start":{"line":112,"column":0},"end":{"line":112,"column":3}},"113":{"start":{"line":114,"column":0},"end":{"line":114,"column":46}},"114":{"start":{"line":115,"column":0},"end":{"line":115,"column":24}},"115":{"start":{"line":116,"column":0},"end":{"line":116,"column":3}},"117":{"start":{"line":118,"column":0},"end":{"line":118,"column":44}},"118":{"start":{"line":119,"column":0},"end":{"line":119,"column":22}},"119":{"start":{"line":120,"column":0},"end":{"line":120,"column":3}},"124":{"start":{"line":125,"column":0},"end":{"line":125,"column":90}},"125":{"start":{"line":126,"column":0},"end":{"line":126,"column":58}},"126":{"start":{"line":127,"column":0},"end":{"line":127,"column":3}},"131":{"start":{"line":132,"column":0},"end":{"line":132,"column":77}},"132":{"start":{"line":133,"column":0},"end":{"line":133,"column":57}},"133":{"start":{"line":134,"column":0},"end":{"line":134,"column":3}}},"s":{"0":0,"10":0,"17":0,"18":0,"19":0,"20":0,"26":0,"27":0,"28":0,"29":0,"31":0,"32":0,"33":0,"34":0,"36":0,"37":0,"38":0,"39":0,"40":0,"45":0,"50":0,"55":0,"56":0,"57":0,"58":0,"63":0,"68":0,"73":0,"79":0,"84":0,"85":0,"86":0,"87":0,"88":0,"89":0,"90":0,"95":0,"96":0,"101":0,"102":0,"103":0,"104":0,"109":0,"110":0,"111":0,"113":0,"114":0,"115":0,"117":0,"118":0,"119":0,"124":0,"125":0,"126":0,"131":0,"132":0,"133":0},"branchMap":{"0":{"type":"branch","line":1,"loc":{"start":{"line":1,"column":3338},"end":{"line":134,"column":3}},"locations":[{"start":{"line":1,"column":3338},"end":{"line":134,"column":3}}]}},"b":{"0":[0]},"fnMap":{"0":{"name":"(empty-report)","decl":{"start":{"line":1,"column":3338},"end":{"line":134,"column":3}},"loc":{"start":{"line":1,"column":3338},"end":{"line":134,"column":3}},"line":1}},"f":{"0":0}}
}
