{
    "/home/anatole/Documents/CitadelAI/user/interface/postcss.config.js": { "path": "/home/anatole/Documents/CitadelAI/user/interface/postcss.config.js", "all": true, "statementMap": { "0": { "start": { "line": 1, "column": 0 }, "end": { "line": 1, "column": 16 } }, "1": { "start": { "line": 2, "column": 0 }, "end": { "line": 2, "column": 12 } }, "2": { "start": { "line": 3, "column": 0 }, "end": { "line": 3, "column": 20 } }, "3": { "start": { "line": 4, "column": 0 }, "end": { "line": 4, "column": 21 } }, "4": { "start": { "line": 5, "column": 0 }, "end": { "line": 5, "column": 4 } }, "5": { "start": { "line": 6, "column": 0 }, "end": { "line": 6, "column": 2 } } }, "s": { "0": 0, "1": 0, "2": 0, "3": 0, "4": 0, "5": 0 }, "branchMap": { "0": { "type": "branch", "line": 1, "loc": { "start": { "line": 1, "column": 0 }, "end": { "line": 6, "column": -11 } }, "locations": [{ "start": { "line": 1, "column": 0 }, "end": { "line": 6, "column": -11 } }] } }, "b": { "0": [0] }, "fnMap": { "0": { "name": "(empty-report)", "decl": { "start": { "line": 1, "column": 0 }, "end": { "line": 6, "column": -11 } }, "loc": { "start": { "line": 1, "column": 0 }, "end": { "line": 6, "column": -11 } }, "line": 1 } }, "f": { "0": 0 } },
    "/home/anatole/Documents/CitadelAI/user/interface/tailwind.config.ts": { "path": "/home/anatole/Documents/CitadelAI/user/interface/tailwind.config.ts", "all": true, "statementMap": { "0": { "start": { "line": 1, "column": 0 }, "end": { "line": 1, "column": 42 } }, "1": { "start": { "line": 2, "column": 0 }, "end": { "line": 2, "column": 53 } }, "3": { "start": { "line": 4, "column": 0 }, "end": { "line": 4, "column": 16 } }, "4": { "start": { "line": 5, "column": 0 }, "end": { "line": 5, "column": 22 } }, "5": { "start": { "line": 6, "column": 0 }, "end": { "line": 6, "column": 113 } }, "6": { "start": { "line": 7, "column": 0 }, "end": { "line": 7, "column": 13 } }, "7": { "start": { "line": 8, "column": 0 }, "end": { "line": 8, "column": 10 } }, "8": { "start": { "line": 9, "column": 0 }, "end": { "line": 9, "column": 16 } }, "9": { "start": { "line": 10, "column": 0 }, "end": { "line": 10, "column": 19 } }, "10": { "start": { "line": 11, "column": 0 }, "end": { "line": 11, "column": 22 } }, "11": { "start": { "line": 12, "column": 0 }, "end": { "line": 12, "column": 16 } }, "12": { "start": { "line": 13, "column": 0 }, "end": { "line": 13, "column": 24 } }, "13": { "start": { "line": 14, "column": 0 }, "end": { "line": 14, "column": 8 } }, "14": { "start": { "line": 15, "column": 0 }, "end": { "line": 15, "column": 6 } }, "15": { "start": { "line": 16, "column": 0 }, "end": { "line": 16, "column": 13 } }, "16": { "start": { "line": 17, "column": 0 }, "end": { "line": 17, "column": 15 } }, "17": { "start": { "line": 18, "column": 0 }, "end": { "line": 18, "column": 37 } }, "18": { "start": { "line": 19, "column": 0 }, "end": { "line": 19, "column": 35 } }, "19": { "start": { "line": 20, "column": 0 }, "end": { "line": 20, "column": 33 } }, "20": { "start": { "line": 21, "column": 0 }, "end": { "line": 21, "column": 45 } }, "21": { "start": { "line": 22, "column": 0 }, "end": { "line": 22, "column": 45 } }, "22": { "start": { "line": 23, "column": 0 }, "end": { "line": 23, "column": 18 } }, "23": { "start": { "line": 24, "column": 0 }, "end": { "line": 24, "column": 41 } }, "24": { "start": { "line": 25, "column": 0 }, "end": { "line": 25, "column": 55 } }, "25": { "start": { "line": 26, "column": 0 }, "end": { "line": 26, "column": 43 } }, "26": { "start": { "line": 27, "column": 0 }, "end": { "line": 27, "column": 45 } }, "27": { "start": { "line": 28, "column": 0 }, "end": { "line": 28, "column": 10 } }, "28": { "start": { "line": 29, "column": 0 }, "end": { "line": 29, "column": 20 } }, "29": { "start": { "line": 30, "column": 0 }, "end": { "line": 30, "column": 43 } }, "30": { "start": { "line": 31, "column": 0 }, "end": { "line": 31, "column": 57 } }, "31": { "start": { "line": 32, "column": 0 }, "end": { "line": 32, "column": 47 } }, "32": { "start": { "line": 33, "column": 0 }, "end": { "line": 33, "column": 10 } }, "33": { "start": { "line": 34, "column": 0 }, "end": { "line": 34, "column": 22 } }, "34": { "start": { "line": 35, "column": 0 }, "end": { "line": 35, "column": 45 } }, "35": { "start": { "line": 36, "column": 0 }, "end": { "line": 36, "column": 59 } }, "36": { "start": { "line": 37, "column": 0 }, "end": { "line": 37, "column": 10 } }, "37": { "start": { "line": 38, "column": 0 }, "end": { "line": 38, "column": 16 } }, "38": { "start": { "line": 39, "column": 0 }, "end": { "line": 39, "column": 39 } }, "39": { "start": { "line": 40, "column": 0 }, "end": { "line": 40, "column": 53 } }, "40": { "start": { "line": 41, "column": 0 }, "end": { "line": 41, "column": 10 } }, "41": { "start": { "line": 42, "column": 0 }, "end": { "line": 42, "column": 17 } }, "42": { "start": { "line": 43, "column": 0 }, "end": { "line": 43, "column": 40 } }, "43": { "start": { "line": 44, "column": 0 }, "end": { "line": 44, "column": 54 } }, "44": { "start": { "line": 45, "column": 0 }, "end": { "line": 45, "column": 10 } }, "45": { "start": { "line": 46, "column": 0 }, "end": { "line": 46, "column": 18 } }, "46": { "start": { "line": 47, "column": 0 }, "end": { "line": 47, "column": 41 } }, "47": { "start": { "line": 48, "column": 0 }, "end": { "line": 48, "column": 55 } }, "48": { "start": { "line": 49, "column": 0 }, "end": { "line": 49, "column": 10 } }, "49": { "start": { "line": 50, "column": 0 }, "end": { "line": 50, "column": 15 } }, "50": { "start": { "line": 51, "column": 0 }, "end": { "line": 51, "column": 38 } }, "51": { "start": { "line": 52, "column": 0 }, "end": { "line": 52, "column": 52 } }, "52": { "start": { "line": 53, "column": 0 }, "end": { "line": 53, "column": 10 } }, "53": { "start": { "line": 54, "column": 0 }, "end": { "line": 54, "column": 18 } }, "54": { "start": { "line": 55, "column": 0 }, "end": { "line": 55, "column": 52 } }, "55": { "start": { "line": 56, "column": 0 }, "end": { "line": 56, "column": 55 } }, "56": { "start": { "line": 57, "column": 0 }, "end": { "line": 57, "column": 49 } }, "57": { "start": { "line": 58, "column": 0 }, "end": { "line": 58, "column": 73 } }, "58": { "start": { "line": 59, "column": 0 }, "end": { "line": 59, "column": 47 } }, "59": { "start": { "line": 60, "column": 0 }, "end": { "line": 60, "column": 71 } }, "60": { "start": { "line": 61, "column": 0 }, "end": { "line": 61, "column": 47 } }, "61": { "start": { "line": 62, "column": 0 }, "end": { "line": 62, "column": 43 } }, "62": { "start": { "line": 63, "column": 0 }, "end": { "line": 63, "column": 10 } }, "63": { "start": { "line": 64, "column": 0 }, "end": { "line": 64, "column": 8 } }, "64": { "start": { "line": 65, "column": 0 }, "end": { "line": 65, "column": 21 } }, "65": { "start": { "line": 66, "column": 0 }, "end": { "line": 66, "column": 28 } }, "66": { "start": { "line": 67, "column": 0 }, "end": { "line": 67, "column": 40 } }, "67": { "start": { "line": 68, "column": 0 }, "end": { "line": 68, "column": 40 } }, "68": { "start": { "line": 69, "column": 0 }, "end": { "line": 69, "column": 8 } }, "69": { "start": { "line": 70, "column": 0 }, "end": { "line": 70, "column": 18 } }, "70": { "start": { "line": 71, "column": 0 }, "end": { "line": 71, "column": 27 } }, "71": { "start": { "line": 72, "column": 0 }, "end": { "line": 72, "column": 17 } }, "72": { "start": { "line": 73, "column": 0 }, "end": { "line": 73, "column": 24 } }, "73": { "start": { "line": 74, "column": 0 }, "end": { "line": 74, "column": 12 } }, "74": { "start": { "line": 75, "column": 0 }, "end": { "line": 75, "column": 15 } }, "75": { "start": { "line": 76, "column": 0 }, "end": { "line": 76, "column": 60 } }, "76": { "start": { "line": 77, "column": 0 }, "end": { "line": 77, "column": 12 } }, "77": { "start": { "line": 78, "column": 0 }, "end": { "line": 78, "column": 10 } }, "78": { "start": { "line": 79, "column": 0 }, "end": { "line": 79, "column": 25 } }, "79": { "start": { "line": 80, "column": 0 }, "end": { "line": 80, "column": 17 } }, "80": { "start": { "line": 81, "column": 0 }, "end": { "line": 81, "column": 60 } }, "81": { "start": { "line": 82, "column": 0 }, "end": { "line": 82, "column": 12 } }, "82": { "start": { "line": 83, "column": 0 }, "end": { "line": 83, "column": 15 } }, "83": { "start": { "line": 84, "column": 0 }, "end": { "line": 84, "column": 24 } }, "84": { "start": { "line": 85, "column": 0 }, "end": { "line": 85, "column": 12 } }, "85": { "start": { "line": 86, "column": 0 }, "end": { "line": 86, "column": 10 } }, "86": { "start": { "line": 87, "column": 0 }, "end": { "line": 87, "column": 8 } }, "87": { "start": { "line": 88, "column": 0 }, "end": { "line": 88, "column": 18 } }, "88": { "start": { "line": 89, "column": 0 }, "end": { "line": 89, "column": 57 } }, "89": { "start": { "line": 90, "column": 0 }, "end": { "line": 90, "column": 53 } }, "90": { "start": { "line": 91, "column": 0 }, "end": { "line": 91, "column": 8 } }, "91": { "start": { "line": 92, "column": 0 }, "end": { "line": 92, "column": 6 } }, "92": { "start": { "line": 93, "column": 0 }, "end": { "line": 93, "column": 4 } }, "93": { "start": { "line": 94, "column": 0 }, "end": { "line": 94, "column": 32 } }, "94": { "start": { "line": 95, "column": 0 }, "end": { "line": 95, "column": 19 } } }, "s": { "0": 0, "1": 0, "3": 0, "4": 0, "5": 0, "6": 0, "7": 0, "8": 0, "9": 0, "10": 0, "11": 0, "12": 0, "13": 0, "14": 0, "15": 0, "16": 0, "17": 0, "18": 0, "19": 0, "20": 0, "21": 0, "22": 0, "23": 0, "24": 0, "25": 0, "26": 0, "27": 0, "28": 0, "29": 0, "30": 0, "31": 0, "32": 0, "33": 0, "34": 0, "35": 0, "36": 0, "37": 0, "38": 0, "39": 0, "40": 0, "41": 0, "42": 0, "43": 0, "44": 0, "45": 0, "46": 0, "47": 0, "48": 0, "49": 0, "50": 0, "51": 0, "52": 0, "53": 0, "54": 0, "55": 0, "56": 0, "57": 0, "58": 0, "59": 0, "60": 0, "61": 0, "62": 0, "63": 0, "64": 0, "65": 0, "66": 0, "67": 0, "68": 0, "69": 0, "70": 0, "71": 0, "72": 0, "73": 0, "74": 0, "75": 0, "76": 0, "77": 0, "78": 0, "79": 0, "80": 0, "81": 0, "82": 0, "83": 0, "84": 0, "85": 0, "86": 0, "87": 0, "88": 0, "89": 0, "90": 0, "91": 0, "92": 0, "93": 0, "94": 0 }, "branchMap": { "0": { "type": "branch", "line": 1, "loc": { "start": { "line": 1, "column": 0 }, "end": { "line": 95, "column": -564 } }, "locations": [{ "start": { "line": 1, "column": 0 }, "end": { "line": 95, "column": -564 } }] } }, "b": { "0": [0] }, "fnMap": { "0": { "name": "(empty-report)", "decl": { "start": { "line": 1, "column": 0 }, "end": { "line": 95, "column": -564 } }, "loc": { "start": { "line": 1, "column": 0 }, "end": { "line": 95, "column": -564 } }, "line": 1 } }, "f": { "0": 0 } },
    "/home/anatole/Documents/CitadelAI/user/interface/src/App.tsx": { "path": "/home/anatole/Documents/CitadelAI/user/interface/src/App.tsx", "all": true, "statementMap": { "0": { "start": { "line": 1, "column": 0 }, "end": { "line": 1, "column": 50 } }, "1": { "start": { "line": 2, "column": 0 }, "end": { "line": 2, "column": 59 } }, "2": { "start": { "line": 3, "column": 0 }, "end": { "line": 3, "column": 58 } }, "3": { "start": { "line": 4, "column": 0 }, "end": { "line": 4, "column": 73 } }, "4": { "start": { "line": 5, "column": 0 }, "end": { "line": 5, "column": 64 } }, "5": { "start": { "line": 6, "column": 0 }, "end": { "line": 6, "column": 34 } }, "6": { "start": { "line": 7, "column": 0 }, "end": { "line": 7, "column": 34 } }, "7": { "start": { "line": 8, "column": 0 }, "end": { "line": 8, "column": 40 } }, "8": { "start": { "line": 9, "column": 0 }, "end": { "line": 9, "column": 40 } }, "9": { "start": { "line": 10, "column": 0 }, "end": { "line": 10, "column": 48 } }, "12": { "start": { "line": 13, "column": 0 }, "end": { "line": 13, "column": 38 } }, "14": { "start": { "line": 15, "column": 0 }, "end": { "line": 15, "column": 54 } }, "16": { "start": { "line": 17, "column": 0 }, "end": { "line": 17, "column": 19 } }, "17": { "start": { "line": 18, "column": 0 }, "end": { "line": 18, "column": 44 } }, "18": { "start": { "line": 19, "column": 0 }, "end": { "line": 19, "column": 21 } }, "19": { "start": { "line": 20, "column": 0 }, "end": { "line": 20, "column": 17 } }, "20": { "start": { "line": 21, "column": 0 }, "end": { "line": 21, "column": 16 } }, "21": { "start": { "line": 22, "column": 0 }, "end": { "line": 22, "column": 21 } }, "22": { "start": { "line": 23, "column": 0 }, "end": { "line": 23, "column": 22 } }, "23": { "start": { "line": 24, "column": 0 }, "end": { "line": 24, "column": 18 } }, "24": { "start": { "line": 25, "column": 0 }, "end": { "line": 25, "column": 50 } }, "25": { "start": { "line": 26, "column": 0 }, "end": { "line": 26, "column": 55 } }, "26": { "start": { "line": 27, "column": 0 }, "end": { "line": 27, "column": 61 } }, "27": { "start": { "line": 28, "column": 0 }, "end": { "line": 28, "column": 69 } }, "28": { "start": { "line": 29, "column": 0 }, "end": { "line": 29, "column": 61 } }, "30": { "start": { "line": 31, "column": 0 }, "end": { "line": 31, "column": 53 } }, "38": { "start": { "line": 39, "column": 0 }, "end": { "line": 39, "column": 19 } } }, "s": { "0": 0, "1": 0, "2": 0, "3": 0, "4": 0, "5": 0, "6": 0, "7": 0, "8": 0, "9": 0, "12": 0, "14": 0, "16": 0, "17": 0, "18": 0, "19": 0, "20": 0, "21": 0, "22": 0, "23": 0, "24": 0, "25": 0, "26": 0, "27": 0, "28": 0, "30": 0, "38": 0 }, "branchMap": { "0": { "type": "branch", "line": 1, "loc": { "start": { "line": 1, "column": 1397 }, "end": { "line": 39, "column": 19 } }, "locations": [{ "start": { "line": 1, "column": 1397 }, "end": { "line": 39, "column": 19 } }] } }, "b": { "0": [0] }, "fnMap": { "0": { "name": "(empty-report)", "decl": { "start": { "line": 1, "column": 1397 }, "end": { "line": 39, "column": 19 } }, "loc": { "start": { "line": 1, "column": 1397 }, "end": { "line": 39, "column": 19 } }, "line": 1 } }, "f": { "0": 0 } },
    "/home/anatole/Documents/CitadelAI/user/interface/src/main.tsx": { "path": "/home/anatole/Documents/CitadelAI/user/interface/src/main.tsx", "all": true, "statementMap": { "0": { "start": { "line": 1, "column": 0 }, "end": { "line": 1, "column": 46 } }, "1": { "start": { "line": 2, "column": 0 }, "end": { "line": 2, "column": 28 } }, "2": { "start": { "line": 3, "column": 0 }, "end": { "line": 3, "column": 21 } }, "4": { "start": { "line": 5, "column": 0 }, "end": { "line": 5, "column": 61 } } }, "s": { "0": 0, "1": 0, "2": 0, "4": 0 }, "branchMap": { "0": { "type": "branch", "line": 1, "loc": { "start": { "line": 1, "column": 160 }, "end": { "line": 5, "column": 61 } }, "locations": [{ "start": { "line": 1, "column": 160 }, "end": { "line": 5, "column": 61 } }] } }, "b": { "0": [0] }, "fnMap": { "0": { "name": "(empty-report)", "decl": { "start": { "line": 1, "column": 160 }, "end": { "line": 5, "column": 61 } }, "loc": { "start": { "line": 1, "column": 160 }, "end": { "line": 5, "column": 61 } }, "line": 1 } }, "f": { "0": 0 } },
    "/home/anatole/Documents/CitadelAI/user/interface/src/components/auth/AuthModal.tsx": { "path": "/home/anatole/Documents/CitadelAI/user/interface/src/components/auth/AuthModal.tsx", "all": true, "statementMap": { "0": { "start": { "line": 1, "column": 0 }, "end": { "line": 1, "column": 33 } }, "16": { "start": { "line": 17, "column": 0 }, "end": { "line": 17, "column": 75 } }, "17": { "start": { "line": 18, "column": 0 }, "end": { "line": 18, "column": 52 } }, "18": { "start": { "line": 19, "column": 0 }, "end": { "line": 19, "column": 31 } }, "20": { "start": { "line": 21, "column": 0 }, "end": { "line": 21, "column": 108 } }, "21": { "start": { "line": 22, "column": 0 }, "end": { "line": 22, "column": 23 } }, "23": { "start": { "line": 24, "column": 0 }, "end": { "line": 24, "column": 9 } }, "24": { "start": { "line": 25, "column": 0 }, "end": { "line": 25, "column": 62 } }, "25": { "start": { "line": 26, "column": 0 }, "end": { "line": 26, "column": 57 } }, "26": { "start": { "line": 27, "column": 0 }, "end": { "line": 27, "column": 23 } }, "27": { "start": { "line": 28, "column": 0 }, "end": { "line": 28, "column": 56 } }, "28": { "start": { "line": 29, "column": 0 }, "end": { "line": 29, "column": 56 } }, "29": { "start": { "line": 30, "column": 0 }, "end": { "line": 30, "column": 9 } }, "31": { "start": { "line": 32, "column": 0 }, "end": { "line": 32, "column": 25 } }, "32": { "start": { "line": 33, "column": 0 }, "end": { "line": 33, "column": 49 } }, "33": { "start": { "line": 34, "column": 0 }, "end": { "line": 34, "column": 7 } }, "35": { "start": { "line": 36, "column": 0 }, "end": { "line": 36, "column": 46 } }, "37": { "start": { "line": 38, "column": 0 }, "end": { "line": 38, "column": 13 } }, "38": { "start": { "line": 39, "column": 0 }, "end": { "line": 39, "column": 26 } }, "39": { "start": { "line": 40, "column": 0 }, "end": { "line": 40, "column": 95 } }, "40": { "start": { "line": 41, "column": 0 }, "end": { "line": 41, "column": 9 } }, "42": { "start": { "line": 43, "column": 0 }, "end": { "line": 43, "column": 23 } }, "43": { "start": { "line": 44, "column": 0 }, "end": { "line": 44, "column": 16 } }, "44": { "start": { "line": 45, "column": 0 }, "end": { "line": 45, "column": 21 } }, "45": { "start": { "line": 46, "column": 0 }, "end": { "line": 46, "column": 29 } }, "46": { "start": { "line": 47, "column": 0 }, "end": { "line": 47, "column": 55 } }, "47": { "start": { "line": 48, "column": 0 }, "end": { "line": 48, "column": 57 } }, "49": { "start": { "line": 50, "column": 0 }, "end": { "line": 50, "column": 13 } }, "50": { "start": { "line": 51, "column": 0 }, "end": { "line": 51, "column": 26 } }, "51": { "start": { "line": 52, "column": 0 }, "end": { "line": 52, "column": 95 } }, "52": { "start": { "line": 53, "column": 0 }, "end": { "line": 53, "column": 9 } }, "54": { "start": { "line": 55, "column": 0 }, "end": { "line": 55, "column": 27 } }, "55": { "start": { "line": 56, "column": 0 }, "end": { "line": 56, "column": 16 } }, "56": { "start": { "line": 57, "column": 0 }, "end": { "line": 57, "column": 15 } }, "57": { "start": { "line": 58, "column": 0 }, "end": { "line": 58, "column": 26 } }, "58": { "start": { "line": 59, "column": 0 }, "end": { "line": 59, "column": 5 } }, "59": { "start": { "line": 60, "column": 0 }, "end": { "line": 60, "column": 4 } }, "61": { "start": { "line": 62, "column": 0 }, "end": { "line": 62, "column": 27 } }, "62": { "start": { "line": 63, "column": 0 }, "end": { "line": 63, "column": 43 } }, "63": { "start": { "line": 64, "column": 0 }, "end": { "line": 64, "column": 49 } }, "65": { "start": { "line": 66, "column": 0 }, "end": { "line": 66, "column": 12 } }, "66": { "start": { "line": 67, "column": 0 }, "end": { "line": 67, "column": 45 } }, "67": { "start": { "line": 68, "column": 0 }, "end": { "line": 68, "column": 54 } }, "68": { "start": { "line": 69, "column": 0 }, "end": { "line": 69, "column": 90 } }, "69": { "start": { "line": 70, "column": 0 }, "end": { "line": 70, "column": 55 } }, "72": { "start": { "line": 73, "column": 0 }, "end": { "line": 73, "column": 49 } }, "76": { "start": { "line": 77, "column": 0 }, "end": { "line": 77, "column": 43 } }, "77": { "start": { "line": 78, "column": 0 }, "end": { "line": 78, "column": 37 } }, "78": { "start": { "line": 79, "column": 0 }, "end": { "line": 79, "column": 77 } }, "79": { "start": { "line": 80, "column": 0 }, "end": { "line": 80, "column": 42 } }, "82": { "start": { "line": 83, "column": 0 }, "end": { "line": 83, "column": 18 } }, "83": { "start": { "line": 84, "column": 0 }, "end": { "line": 84, "column": 30 } }, "84": { "start": { "line": 85, "column": 0 }, "end": { "line": 85, "column": 26 } }, "85": { "start": { "line": 86, "column": 0 }, "end": { "line": 86, "column": 42 } }, "86": { "start": { "line": 87, "column": 0 }, "end": { "line": 87, "column": 27 } }, "87": { "start": { "line": 88, "column": 0 }, "end": { "line": 88, "column": 56 } }, "88": { "start": { "line": 89, "column": 0 }, "end": { "line": 89, "column": 43 } }, "91": { "start": { "line": 92, "column": 0 }, "end": { "line": 92, "column": 37 } }, "92": { "start": { "line": 93, "column": 0 }, "end": { "line": 93, "column": 80 } }, "93": { "start": { "line": 94, "column": 0 }, "end": { "line": 94, "column": 42 } }, "96": { "start": { "line": 97, "column": 0 }, "end": { "line": 97, "column": 18 } }, "97": { "start": { "line": 98, "column": 0 }, "end": { "line": 98, "column": 33 } }, "98": { "start": { "line": 99, "column": 0 }, "end": { "line": 99, "column": 29 } }, "99": { "start": { "line": 100, "column": 0 }, "end": { "line": 100, "column": 49 } }, "100": { "start": { "line": 101, "column": 0 }, "end": { "line": 101, "column": 30 } }, "101": { "start": { "line": 102, "column": 0 }, "end": { "line": 102, "column": 59 } }, "102": { "start": { "line": 103, "column": 0 }, "end": { "line": 103, "column": 43 } }, "105": { "start": { "line": 106, "column": 0 }, "end": { "line": 106, "column": 17 } }, "106": { "start": { "line": 107, "column": 0 }, "end": { "line": 107, "column": 64 } }, "107": { "start": { "line": 108, "column": 0 }, "end": { "line": 108, "column": 55 } }, "108": { "start": { "line": 109, "column": 0 }, "end": { "line": 109, "column": 62 } }, "110": { "start": { "line": 111, "column": 0 }, "end": { "line": 111, "column": 53 } }, "115": { "start": { "line": 116, "column": 0 }, "end": { "line": 116, "column": 4 } }, "117": { "start": { "line": 118, "column": 0 }, "end": { "line": 118, "column": 30 } }, "118": { "start": { "line": 119, "column": 0 }, "end": { "line": 119, "column": 41 } }, "119": { "start": { "line": 120, "column": 0 }, "end": { "line": 120, "column": 43 } }, "120": { "start": { "line": 121, "column": 0 }, "end": { "line": 121, "column": 49 } }, "122": { "start": { "line": 123, "column": 0 }, "end": { "line": 123, "column": 12 } }, "123": { "start": { "line": 124, "column": 0 }, "end": { "line": 124, "column": 45 } }, "124": { "start": { "line": 125, "column": 0 }, "end": { "line": 125, "column": 54 } }, "125": { "start": { "line": 126, "column": 0 }, "end": { "line": 126, "column": 90 } }, "126": { "start": { "line": 127, "column": 0 }, "end": { "line": 127, "column": 53 } }, "129": { "start": { "line": 130, "column": 0 }, "end": { "line": 130, "column": 49 } }, "133": { "start": { "line": 134, "column": 0 }, "end": { "line": 134, "column": 43 } }, "134": { "start": { "line": 135, "column": 0 }, "end": { "line": 135, "column": 37 } }, "135": { "start": { "line": 136, "column": 0 }, "end": { "line": 136, "column": 79 } }, "136": { "start": { "line": 137, "column": 0 }, "end": { "line": 137, "column": 42 } }, "139": { "start": { "line": 140, "column": 0 }, "end": { "line": 140, "column": 18 } }, "140": { "start": { "line": 141, "column": 0 }, "end": { "line": 141, "column": 32 } }, "141": { "start": { "line": 142, "column": 0 }, "end": { "line": 142, "column": 25 } }, "142": { "start": { "line": 143, "column": 0 }, "end": { "line": 143, "column": 37 } }, "143": { "start": { "line": 144, "column": 0 }, "end": { "line": 144, "column": 26 } }, "144": { "start": { "line": 145, "column": 0 }, "end": { "line": 145, "column": 55 } }, "145": { "start": { "line": 146, "column": 0 }, "end": { "line": 146, "column": 43 } }, "148": { "start": { "line": 149, "column": 0 }, "end": { "line": 149, "column": 37 } }, "149": { "start": { "line": 150, "column": 0 }, "end": { "line": 150, "column": 80 } }, "150": { "start": { "line": 151, "column": 0 }, "end": { "line": 151, "column": 42 } }, "153": { "start": { "line": 154, "column": 0 }, "end": { "line": 154, "column": 18 } }, "154": { "start": { "line": 155, "column": 0 }, "end": { "line": 155, "column": 33 } }, "155": { "start": { "line": 156, "column": 0 }, "end": { "line": 156, "column": 26 } }, "156": { "start": { "line": 157, "column": 0 }, "end": { "line": 157, "column": 42 } }, "157": { "start": { "line": 158, "column": 0 }, "end": { "line": 158, "column": 27 } }, "158": { "start": { "line": 159, "column": 0 }, "end": { "line": 159, "column": 56 } }, "159": { "start": { "line": 160, "column": 0 }, "end": { "line": 160, "column": 43 } }, "162": { "start": { "line": 163, "column": 0 }, "end": { "line": 163, "column": 37 } }, "163": { "start": { "line": 164, "column": 0 }, "end": { "line": 164, "column": 83 } }, "164": { "start": { "line": 165, "column": 0 }, "end": { "line": 165, "column": 42 } }, "167": { "start": { "line": 168, "column": 0 }, "end": { "line": 168, "column": 18 } }, "168": { "start": { "line": 169, "column": 0 }, "end": { "line": 169, "column": 36 } }, "169": { "start": { "line": 170, "column": 0 }, "end": { "line": 170, "column": 29 } }, "170": { "start": { "line": 171, "column": 0 }, "end": { "line": 171, "column": 54 } }, "171": { "start": { "line": 172, "column": 0 }, "end": { "line": 172, "column": 30 } }, "172": { "start": { "line": 173, "column": 0 }, "end": { "line": 173, "column": 59 } }, "173": { "start": { "line": 174, "column": 0 }, "end": { "line": 174, "column": 43 } }, "176": { "start": { "line": 177, "column": 0 }, "end": { "line": 177, "column": 17 } }, "177": { "start": { "line": 178, "column": 0 }, "end": { "line": 178, "column": 73 } }, "178": { "start": { "line": 179, "column": 0 }, "end": { "line": 179, "column": 64 } }, "179": { "start": { "line": 180, "column": 0 }, "end": { "line": 180, "column": 62 } }, "181": { "start": { "line": 182, "column": 0 }, "end": { "line": 182, "column": 66 } }, "186": { "start": { "line": 187, "column": 0 }, "end": { "line": 187, "column": 4 } }, "188": { "start": { "line": 189, "column": 0 }, "end": { "line": 189, "column": 10 } }, "189": { "start": { "line": 190, "column": 0 }, "end": { "line": 190, "column": 49 } }, "190": { "start": { "line": 191, "column": 0 }, "end": { "line": 191, "column": 58 } }, "191": { "start": { "line": 192, "column": 0 }, "end": { "line": 192, "column": 22 } }, "192": { "start": { "line": 193, "column": 0 }, "end": { "line": 193, "column": 65 } }, "197": { "start": { "line": 198, "column": 0 }, "end": { "line": 198, "column": 54 } }, "198": { "start": { "line": 199, "column": 0 }, "end": { "line": 199, "column": 56 } }, "199": { "start": { "line": 200, "column": 0 }, "end": { "line": 200, "column": 60 } }, "200": { "start": { "line": 201, "column": 0 }, "end": { "line": 201, "column": 63 } }, "203": { "start": { "line": 204, "column": 0 }, "end": { "line": 204, "column": 54 } }, "204": { "start": { "line": 205, "column": 0 }, "end": { "line": 205, "column": 25 } }, "207": { "start": { "line": 208, "column": 0 }, "end": { "line": 208, "column": 57 } }, "208": { "start": { "line": 209, "column": 0 }, "end": { "line": 209, "column": 28 } }, "214": { "start": { "line": 215, "column": 0 }, "end": { "line": 215, "column": 1 } } }, "s": { "0": 0, "16": 0, "17": 0, "18": 0, "20": 0, "21": 0, "23": 0, "24": 0, "25": 0, "26": 0, "27": 0, "28": 0, "29": 0, "31": 0, "32": 0, "33": 0, "35": 0, "37": 0, "38": 0, "39": 0, "40": 0, "42": 0, "43": 0, "44": 0, "45": 0, "46": 0, "47": 0, "49": 0, "50": 0, "51": 0, "52": 0, "54": 0, "55": 0, "56": 0, "57": 0, "58": 0, "59": 0, "61": 0, "62": 0, "63": 0, "65": 0, "66": 0, "67": 0, "68": 0, "69": 0, "72": 0, "76": 0, "77": 0, "78": 0, "79": 0, "82": 0, "83": 0, "84": 0, "85": 0, "86": 0, "87": 0, "88": 0, "91": 0, "92": 0, "93": 0, "96": 0, "97": 0, "98": 0, "99": 0, "100": 0, "101": 0, "102": 0, "105": 0, "106": 0, "107": 0, "108": 0, "110": 0, "115": 0, "117": 0, "118": 0, "119": 0, "120": 0, "122": 0, "123": 0, "124": 0, "125": 0, "126": 0, "129": 0, "133": 0, "134": 0, "135": 0, "136": 0, "139": 0, "140": 0, "141": 0, "142": 0, "143": 0, "144": 0, "145": 0, "148": 0, "149": 0, "150": 0, "153": 0, "154": 0, "155": 0, "156": 0, "157": 0, "158": 0, "159": 0, "162": 0, "163": 0, "164": 0, "167": 0, "168": 0, "169": 0, "170": 0, "171": 0, "172": 0, "173": 0, "176": 0, "177": 0, "178": 0, "179": 0, "181": 0, "186": 0, "188": 0, "189": 0, "190": 0, "191": 0, "192": 0, "197": 0, "198": 0, "199": 0, "200": 0, "203": 0, "204": 0, "207": 0, "208": 0, "214": 0 }, "branchMap": { "0": { "type": "branch", "line": 1, "loc": { "start": { "line": 1, "column": 0 }, "end": { "line": 215, "column": -4296 } }, "locations": [{ "start": { "line": 1, "column": 0 }, "end": { "line": 215, "column": -4296 } }] } }, "b": { "0": [0] }, "fnMap": { "0": { "name": "(empty-report)", "decl": { "start": { "line": 1, "column": 0 }, "end": { "line": 215, "column": -4296 } }, "loc": { "start": { "line": 1, "column": 0 }, "end": { "line": 215, "column": -4296 } }, "line": 1 } }, "f": { "0": 0 } },
    "/home/anatole/Documents/CitadelAI/user/interface/src/components/chat/ChatHistory.tsx": { "path": "/home/anatole/Documents/CitadelAI/user/interface/src/components/chat/ChatHistory.tsx", "all": true, "statementMap": { "0": { "start": { "line": 1, "column": 0 }, "end": { "line": 1, "column": 51 } }, "18": { "start": { "line": 19, "column": 0 }, "end": { "line": 19, "column": 134 } }, "19": { "start": { "line": 20, "column": 0 }, "end": { "line": 20, "column": 19 } }, "20": { "start": { "line": 21, "column": 0 }, "end": { "line": 21, "column": 43 } }, "21": { "start": { "line": 22, "column": 0 }, "end": { "line": 22, "column": 11 } }, "22": { "start": { "line": 23, "column": 0 }, "end": { "line": 23, "column": 49 } }, "23": { "start": { "line": 24, "column": 0 }, "end": { "line": 24, "column": 34 } }, "24": { "start": { "line": 25, "column": 0 }, "end": { "line": 25, "column": 23 } }, "25": { "start": { "line": 26, "column": 0 }, "end": { "line": 26, "column": 63 } }, "26": { "start": { "line": 27, "column": 0 }, "end": { "line": 27, "column": 7 } }, "27": { "start": { "line": 28, "column": 0 }, "end": { "line": 28, "column": 6 } }, "29": { "start": { "line": 30, "column": 0 }, "end": { "line": 30, "column": 24 } }, "30": { "start": { "line": 31, "column": 0 }, "end": { "line": 31, "column": 24 } }, "32": { "start": { "line": 33, "column": 0 }, "end": { "line": 33, "column": 10 } }, "33": { "start": { "line": 34, "column": 0 }, "end": { "line": 34, "column": 42 } }, "34": { "start": { "line": 35, "column": 0 }, "end": { "line": 35, "column": 27 } }, "35": { "start": { "line": 36, "column": 0 }, "end": { "line": 36, "column": 75 } }, "36": { "start": { "line": 37, "column": 0 }, "end": { "line": 37, "column": 38 } }, "40": { "start": { "line": 41, "column": 0 }, "end": { "line": 41, "column": 46 } }, "41": { "start": { "line": 42, "column": 0 }, "end": { "line": 42, "column": 39 } }, "42": { "start": { "line": 43, "column": 0 }, "end": { "line": 43, "column": 39 } }, "43": { "start": { "line": 44, "column": 0 }, "end": { "line": 44, "column": 19 } }, "44": { "start": { "line": 45, "column": 0 }, "end": { "line": 45, "column": 27 } }, "45": { "start": { "line": 46, "column": 0 }, "end": { "line": 46, "column": 77 } }, "46": { "start": { "line": 47, "column": 0 }, "end": { "line": 47, "column": 52 } }, "47": { "start": { "line": 48, "column": 0 }, "end": { "line": 48, "column": 59 } }, "49": { "start": { "line": 50, "column": 0 }, "end": { "line": 50, "column": 51 } }, "50": { "start": { "line": 51, "column": 0 }, "end": { "line": 51, "column": 60 } }, "57": { "start": { "line": 58, "column": 0 }, "end": { "line": 58, "column": 1 } } }, "s": { "0": 0, "18": 0, "19": 0, "20": 0, "21": 0, "22": 0, "23": 0, "24": 0, "25": 0, "26": 0, "27": 0, "29": 0, "30": 0, "32": 0, "33": 0, "34": 0, "35": 0, "36": 0, "40": 0, "41": 0, "42": 0, "43": 0, "44": 0, "45": 0, "46": 0, "47": 0, "49": 0, "50": 0, "57": 0 }, "branchMap": { "0": { "type": "branch", "line": 1, "loc": { "start": { "line": 1, "column": 1743 }, "end": { "line": 58, "column": 1 } }, "locations": [{ "start": { "line": 1, "column": 1743 }, "end": { "line": 58, "column": 1 } }] } }, "b": { "0": [0] }, "fnMap": { "0": { "name": "(empty-report)", "decl": { "start": { "line": 1, "column": 1743 }, "end": { "line": 58, "column": 1 } }, "loc": { "start": { "line": 1, "column": 1743 }, "end": { "line": 58, "column": 1 } }, "line": 1 } }, "f": { "0": 0 } },
    "/home/anatole/Documents/CitadelAI/user/interface/src/components/chat/ChatInterface.tsx": { "path": "/home/anatole/Documents/CitadelAI/user/interface/src/components/chat/ChatInterface.tsx", "all": true, "statementMap": { "0": { "start": { "line": 1, "column": 0 }, "end": { "line": 1, "column": 61 } }, "17": { "start": { "line": 18, "column": 0 }, "end": { "line": 18, "column": 38 } }, "19": { "start": { "line": 20, "column": 0 }, "end": { "line": 20, "column": 146 } }, "20": { "start": { "line": 21, "column": 0 }, "end": { "line": 21, "column": 58 } }, "21": { "start": { "line": 22, "column": 0 }, "end": { "line": 22, "column": 41 } }, "22": { "start": { "line": 23, "column": 0 }, "end": { "line": 23, "column": 52 } }, "23": { "start": { "line": 24, "column": 0 }, "end": { "line": 24, "column": 72 } }, "24": { "start": { "line": 25, "column": 0 }, "end": { "line": 25, "column": 92 } }, "25": { "start": { "line": 26, "column": 0 }, "end": { "line": 26, "column": 96 } }, "26": { "start": { "line": 27, "column": 0 }, "end": { "line": 27, "column": 91 } }, "27": { "start": { "line": 28, "column": 0 }, "end": { "line": 28, "column": 5 } }, "29": { "start": { "line": 30, "column": 0 }, "end": { "line": 30, "column": 54 } }, "30": { "start": { "line": 31, "column": 0 }, "end": { "line": 31, "column": 31 } }, "32": { "start": { "line": 33, "column": 0 }, "end": { "line": 33, "column": 65 } }, "33": { "start": { "line": 34, "column": 0 }, "end": { "line": 34, "column": 41 } }, "34": { "start": { "line": 35, "column": 0 }, "end": { "line": 35, "column": 47 } }, "35": { "start": { "line": 36, "column": 0 }, "end": { "line": 36, "column": 52 } }, "37": { "start": { "line": 38, "column": 0 }, "end": { "line": 38, "column": 25 } }, "38": { "start": { "line": 39, "column": 0 }, "end": { "line": 39, "column": 14 } }, "39": { "start": { "line": 40, "column": 0 }, "end": { "line": 40, "column": 63 } }, "40": { "start": { "line": 41, "column": 0 }, "end": { "line": 41, "column": 99 } }, "41": { "start": { "line": 42, "column": 0 }, "end": { "line": 42, "column": 58 } }, "42": { "start": { "line": 43, "column": 0 }, "end": { "line": 43, "column": 72 } }, "43": { "start": { "line": 44, "column": 0 }, "end": { "line": 44, "column": 8 } }, "44": { "start": { "line": 45, "column": 0 }, "end": { "line": 45, "column": 5 } }, "45": { "start": { "line": 46, "column": 0 }, "end": { "line": 46, "column": 12 } }, "46": { "start": { "line": 47, "column": 0 }, "end": { "line": 47, "column": 26 } }, "47": { "start": { "line": 48, "column": 0 }, "end": { "line": 48, "column": 56 } }, "48": { "start": { "line": 49, "column": 0 }, "end": { "line": 49, "column": 21 } }, "49": { "start": { "line": 50, "column": 0 }, "end": { "line": 50, "column": 29 } }, "50": { "start": { "line": 51, "column": 0 }, "end": { "line": 51, "column": 6 } }, "51": { "start": { "line": 52, "column": 0 }, "end": { "line": 52, "column": 16 } }, "53": { "start": { "line": 54, "column": 0 }, "end": { "line": 54, "column": 19 } }, "54": { "start": { "line": 55, "column": 0 }, "end": { "line": 55, "column": 38 } }, "55": { "start": { "line": 56, "column": 0 }, "end": { "line": 56, "column": 26 } }, "56": { "start": { "line": 57, "column": 0 }, "end": { "line": 57, "column": 13 } }, "57": { "start": { "line": 58, "column": 0 }, "end": { "line": 58, "column": 58 } }, "58": { "start": { "line": 59, "column": 0 }, "end": { "line": 59, "column": 35 } }, "59": { "start": { "line": 60, "column": 0 }, "end": { "line": 60, "column": 63 } }, "60": { "start": { "line": 61, "column": 0 }, "end": { "line": 61, "column": 25 } }, "61": { "start": { "line": 62, "column": 0 }, "end": { "line": 62, "column": 35 } }, "62": { "start": { "line": 63, "column": 0 }, "end": { "line": 63, "column": 67 } }, "63": { "start": { "line": 64, "column": 0 }, "end": { "line": 64, "column": 49 } }, "64": { "start": { "line": 65, "column": 0 }, "end": { "line": 65, "column": 17 } }, "65": { "start": { "line": 66, "column": 0 }, "end": { "line": 66, "column": 18 } }, "66": { "start": { "line": 67, "column": 0 }, "end": { "line": 67, "column": 38 } }, "67": { "start": { "line": 68, "column": 0 }, "end": { "line": 68, "column": 28 } }, "68": { "start": { "line": 69, "column": 0 }, "end": { "line": 69, "column": 11 } }, "69": { "start": { "line": 70, "column": 0 }, "end": { "line": 70, "column": 25 } }, "70": { "start": { "line": 71, "column": 0 }, "end": { "line": 71, "column": 64 } }, "71": { "start": { "line": 72, "column": 0 }, "end": { "line": 72, "column": 26 } }, "72": { "start": { "line": 73, "column": 0 }, "end": { "line": 73, "column": 9 } }, "73": { "start": { "line": 74, "column": 0 }, "end": { "line": 74, "column": 14 } }, "74": { "start": { "line": 75, "column": 0 }, "end": { "line": 75, "column": 27 } }, "75": { "start": { "line": 76, "column": 0 }, "end": { "line": 76, "column": 21 } }, "76": { "start": { "line": 77, "column": 0 }, "end": { "line": 77, "column": 11 } }, "77": { "start": { "line": 78, "column": 0 }, "end": { "line": 78, "column": 20 } }, "78": { "start": { "line": 79, "column": 0 }, "end": { "line": 79, "column": 49 } }, "79": { "start": { "line": 80, "column": 0 }, "end": { "line": 80, "column": 30 } }, "80": { "start": { "line": 81, "column": 0 }, "end": { "line": 81, "column": 34 } }, "81": { "start": { "line": 82, "column": 0 }, "end": { "line": 82, "column": 11 } }, "82": { "start": { "line": 83, "column": 0 }, "end": { "line": 83, "column": 11 } }, "83": { "start": { "line": 84, "column": 0 }, "end": { "line": 84, "column": 7 } }, "84": { "start": { "line": 85, "column": 0 }, "end": { "line": 85, "column": 6 } }, "85": { "start": { "line": 86, "column": 0 }, "end": { "line": 86, "column": 19 } }, "86": { "start": { "line": 87, "column": 0 }, "end": { "line": 87, "column": 51 } }, "88": { "start": { "line": 89, "column": 0 }, "end": { "line": 89, "column": 32 } }, "89": { "start": { "line": 90, "column": 0 }, "end": { "line": 90, "column": 67 } }, "90": { "start": { "line": 91, "column": 0 }, "end": { "line": 91, "column": 4 } }, "92": { "start": { "line": 93, "column": 0 }, "end": { "line": 93, "column": 19 } }, "93": { "start": { "line": 94, "column": 0 }, "end": { "line": 94, "column": 21 } }, "94": { "start": { "line": 95, "column": 0 }, "end": { "line": 95, "column": 17 } }, "96": { "start": { "line": 97, "column": 0 }, "end": { "line": 97, "column": 58 } }, "97": { "start": { "line": 98, "column": 0 }, "end": { "line": 98, "column": 50 } }, "98": { "start": { "line": 99, "column": 0 }, "end": { "line": 99, "column": 32 } }, "100": { "start": { "line": 101, "column": 0 }, "end": { "line": 101, "column": 45 } }, "101": { "start": { "line": 102, "column": 0 }, "end": { "line": 102, "column": 44 } }, "103": { "start": { "line": 104, "column": 0 }, "end": { "line": 104, "column": 20 } }, "104": { "start": { "line": 105, "column": 0 }, "end": { "line": 105, "column": 43 } }, "105": { "start": { "line": 106, "column": 0 }, "end": { "line": 106, "column": 24 } }, "106": { "start": { "line": 107, "column": 0 }, "end": { "line": 107, "column": 15 } }, "107": { "start": { "line": 108, "column": 0 }, "end": { "line": 108, "column": 25 } }, "108": { "start": { "line": 109, "column": 0 }, "end": { "line": 109, "column": 62 } }, "109": { "start": { "line": 110, "column": 0 }, "end": { "line": 110, "column": 33 } }, "110": { "start": { "line": 111, "column": 0 }, "end": { "line": 111, "column": 11 } }, "111": { "start": { "line": 112, "column": 0 }, "end": { "line": 112, "column": 15 } }, "112": { "start": { "line": 113, "column": 0 }, "end": { "line": 113, "column": 7 } }, "113": { "start": { "line": 114, "column": 0 }, "end": { "line": 114, "column": 43 } }, "114": { "start": { "line": 115, "column": 0 }, "end": { "line": 115, "column": 5 } }, "116": { "start": { "line": 117, "column": 0 }, "end": { "line": 117, "column": 34 } }, "117": { "start": { "line": 118, "column": 0 }, "end": { "line": 118, "column": 32 } }, "118": { "start": { "line": 119, "column": 0 }, "end": { "line": 119, "column": 30 } }, "119": { "start": { "line": 120, "column": 0 }, "end": { "line": 120, "column": 19 } }, "120": { "start": { "line": 121, "column": 0 }, "end": { "line": 121, "column": 28 } }, "121": { "start": { "line": 122, "column": 0 }, "end": { "line": 122, "column": 6 } }, "123": { "start": { "line": 124, "column": 0 }, "end": { "line": 124, "column": 48 } }, "124": { "start": { "line": 125, "column": 0 }, "end": { "line": 125, "column": 17 } }, "125": { "start": { "line": 126, "column": 0 }, "end": { "line": 126, "column": 23 } }, "127": { "start": { "line": 128, "column": 0 }, "end": { "line": 128, "column": 9 } }, "128": { "start": { "line": 129, "column": 0 }, "end": { "line": 129, "column": 84 } }, "129": { "start": { "line": 130, "column": 0 }, "end": { "line": 130, "column": 23 } }, "130": { "start": { "line": 131, "column": 0 }, "end": { "line": 131, "column": 34 } }, "131": { "start": { "line": 132, "column": 0 }, "end": { "line": 132, "column": 88 } }, "132": { "start": { "line": 133, "column": 0 }, "end": { "line": 133, "column": 9 } }, "134": { "start": { "line": 135, "column": 0 }, "end": { "line": 135, "column": 25 } }, "135": { "start": { "line": 136, "column": 0 }, "end": { "line": 136, "column": 50 } }, "136": { "start": { "line": 137, "column": 0 }, "end": { "line": 137, "column": 7 } }, "138": { "start": { "line": 139, "column": 0 }, "end": { "line": 139, "column": 59 } }, "140": { "start": { "line": 141, "column": 0 }, "end": { "line": 141, "column": 46 } }, "141": { "start": { "line": 142, "column": 0 }, "end": { "line": 142, "column": 72 } }, "142": { "start": { "line": 143, "column": 0 }, "end": { "line": 143, "column": 78 } }, "143": { "start": { "line": 144, "column": 0 }, "end": { "line": 144, "column": 11 } }, "144": { "start": { "line": 145, "column": 0 }, "end": { "line": 145, "column": 7 } }, "146": { "start": { "line": 147, "column": 0 }, "end": { "line": 147, "column": 41 } }, "147": { "start": { "line": 148, "column": 0 }, "end": { "line": 148, "column": 40 } }, "148": { "start": { "line": 149, "column": 0 }, "end": { "line": 149, "column": 25 } }, "149": { "start": { "line": 150, "column": 0 }, "end": { "line": 150, "column": 26 } }, "150": { "start": { "line": 151, "column": 0 }, "end": { "line": 151, "column": 30 } }, "151": { "start": { "line": 152, "column": 0 }, "end": { "line": 152, "column": 8 } }, "153": { "start": { "line": 154, "column": 0 }, "end": { "line": 154, "column": 55 } }, "155": { "start": { "line": 156, "column": 0 }, "end": { "line": 156, "column": 21 } }, "156": { "start": { "line": 157, "column": 0 }, "end": { "line": 157, "column": 13 } }, "157": { "start": { "line": 158, "column": 0 }, "end": { "line": 158, "column": 23 } }, "158": { "start": { "line": 159, "column": 0 }, "end": { "line": 159, "column": 68 } }, "159": { "start": { "line": 160, "column": 0 }, "end": { "line": 160, "column": 31 } }, "160": { "start": { "line": 161, "column": 0 }, "end": { "line": 161, "column": 9 } }, "161": { "start": { "line": 162, "column": 0 }, "end": { "line": 162, "column": 15 } }, "162": { "start": { "line": 163, "column": 0 }, "end": { "line": 163, "column": 26 } }, "163": { "start": { "line": 164, "column": 0 }, "end": { "line": 164, "column": 5 } }, "164": { "start": { "line": 165, "column": 0 }, "end": { "line": 165, "column": 4 } }, "166": { "start": { "line": 167, "column": 0 }, "end": { "line": 167, "column": 36 } }, "167": { "start": { "line": 168, "column": 0 }, "end": { "line": 168, "column": 31 } }, "169": { "start": { "line": 170, "column": 0 }, "end": { "line": 170, "column": 9 } }, "170": { "start": { "line": 171, "column": 0 }, "end": { "line": 171, "column": 45 } }, "171": { "start": { "line": 172, "column": 0 }, "end": { "line": 172, "column": 41 } }, "172": { "start": { "line": 173, "column": 0 }, "end": { "line": 173, "column": 21 } }, "173": { "start": { "line": 174, "column": 0 }, "end": { "line": 174, "column": 13 } }, "174": { "start": { "line": 175, "column": 0 }, "end": { "line": 175, "column": 23 } }, "175": { "start": { "line": 176, "column": 0 }, "end": { "line": 176, "column": 58 } }, "176": { "start": { "line": 177, "column": 0 }, "end": { "line": 177, "column": 31 } }, "177": { "start": { "line": 178, "column": 0 }, "end": { "line": 178, "column": 9 } }, "178": { "start": { "line": 179, "column": 0 }, "end": { "line": 179, "column": 5 } }, "179": { "start": { "line": 180, "column": 0 }, "end": { "line": 180, "column": 4 } }, "181": { "start": { "line": 182, "column": 0 }, "end": { "line": 182, "column": 69 } }, "182": { "start": { "line": 183, "column": 0 }, "end": { "line": 183, "column": 33 } }, "183": { "start": { "line": 184, "column": 0 }, "end": { "line": 184, "column": 4 } }, "185": { "start": { "line": 186, "column": 0 }, "end": { "line": 186, "column": 38 } }, "186": { "start": { "line": 187, "column": 0 }, "end": { "line": 187, "column": 79 } }, "187": { "start": { "line": 188, "column": 0 }, "end": { "line": 188, "column": 4 } }, "189": { "start": { "line": 190, "column": 0 }, "end": { "line": 190, "column": 10 } }, "190": { "start": { "line": 191, "column": 0 }, "end": { "line": 191, "column": 57 } }, "192": { "start": { "line": 193, "column": 0 }, "end": { "line": 193, "column": 87 } }, "194": { "start": { "line": 195, "column": 0 }, "end": { "line": 195, "column": 59 } }, "195": { "start": { "line": 196, "column": 0 }, "end": { "line": 196, "column": 51 } }, "196": { "start": { "line": 197, "column": 0 }, "end": { "line": 197, "column": 99 } }, "197": { "start": { "line": 198, "column": 0 }, "end": { "line": 198, "column": 70 } }, "199": { "start": { "line": 200, "column": 0 }, "end": { "line": 200, "column": 17 } }, "200": { "start": { "line": 201, "column": 0 }, "end": { "line": 201, "column": 84 } }, "201": { "start": { "line": 202, "column": 0 }, "end": { "line": 202, "column": 80 } }, "204": { "start": { "line": 205, "column": 0 }, "end": { "line": 205, "column": 17 } }, "205": { "start": { "line": 206, "column": 0 }, "end": { "line": 206, "column": 33 } }, "206": { "start": { "line": 207, "column": 0 }, "end": { "line": 207, "column": 23 } }, "207": { "start": { "line": 208, "column": 0 }, "end": { "line": 208, "column": 34 } }, "208": { "start": { "line": 209, "column": 0 }, "end": { "line": 209, "column": 37 } }, "210": { "start": { "line": 211, "column": 0 }, "end": { "line": 211, "column": 41 } }, "216": { "start": { "line": 217, "column": 0 }, "end": { "line": 217, "column": 37 } }, "217": { "start": { "line": 218, "column": 0 }, "end": { "line": 218, "column": 39 } }, "218": { "start": { "line": 219, "column": 0 }, "end": { "line": 219, "column": 38 } }, "219": { "start": { "line": 220, "column": 0 }, "end": { "line": 220, "column": 16 } }, "220": { "start": { "line": 221, "column": 0 }, "end": { "line": 221, "column": 30 } }, "221": { "start": { "line": 222, "column": 0 }, "end": { "line": 222, "column": 99 } }, "223": { "start": { "line": 224, "column": 0 }, "end": { "line": 224, "column": 48 } }, "224": { "start": { "line": 225, "column": 0 }, "end": { "line": 225, "column": 115 } }, "225": { "start": { "line": 226, "column": 0 }, "end": { "line": 226, "column": 69 } }, "229": { "start": { "line": 230, "column": 0 }, "end": { "line": 230, "column": 129 } }, "230": { "start": { "line": 231, "column": 0 }, "end": { "line": 231, "column": 45 } }, "231": { "start": { "line": 232, "column": 0 }, "end": { "line": 232, "column": 82 } }, "232": { "start": { "line": 233, "column": 0 }, "end": { "line": 233, "column": 128 } }, "233": { "start": { "line": 234, "column": 0 }, "end": { "line": 234, "column": 51 } }, "238": { "start": { "line": 239, "column": 0 }, "end": { "line": 239, "column": 43 } }, "239": { "start": { "line": 240, "column": 0 }, "end": { "line": 240, "column": 114 } }, "240": { "start": { "line": 241, "column": 0 }, "end": { "line": 241, "column": 72 } }, "246": { "start": { "line": 247, "column": 0 }, "end": { "line": 247, "column": 25 } }, "247": { "start": { "line": 248, "column": 0 }, "end": { "line": 248, "column": 54 } }, "248": { "start": { "line": 249, "column": 0 }, "end": { "line": 249, "column": 113 } }, "249": { "start": { "line": 250, "column": 0 }, "end": { "line": 250, "column": 67 } }, "251": { "start": { "line": 252, "column": 0 }, "end": { "line": 252, "column": 45 } }, "252": { "start": { "line": 253, "column": 0 }, "end": { "line": 253, "column": 45 } }, "253": { "start": { "line": 254, "column": 0 }, "end": { "line": 254, "column": 59 } }, "254": { "start": { "line": 255, "column": 0 }, "end": { "line": 255, "column": 52 } }, "255": { "start": { "line": 256, "column": 0 }, "end": { "line": 256, "column": 91 } }, "256": { "start": { "line": 257, "column": 0 }, "end": { "line": 257, "column": 100 } }, "257": { "start": { "line": 258, "column": 0 }, "end": { "line": 258, "column": 101 } }, "259": { "start": { "line": 260, "column": 0 }, "end": { "line": 260, "column": 74 } }, "265": { "start": { "line": 266, "column": 0 }, "end": { "line": 266, "column": 38 } }, "270": { "start": { "line": 271, "column": 0 }, "end": { "line": 271, "column": 11 } }, "272": { "start": { "line": 273, "column": 0 }, "end": { "line": 273, "column": 36 } }, "273": { "start": { "line": 274, "column": 0 }, "end": { "line": 274, "column": 56 } }, "274": { "start": { "line": 275, "column": 0 }, "end": { "line": 275, "column": 84 } }, "275": { "start": { "line": 276, "column": 0 }, "end": { "line": 276, "column": 50 } }, "276": { "start": { "line": 277, "column": 0 }, "end": { "line": 277, "column": 48 } }, "277": { "start": { "line": 278, "column": 0 }, "end": { "line": 278, "column": 22 } }, "278": { "start": { "line": 279, "column": 0 }, "end": { "line": 279, "column": 37 } }, "279": { "start": { "line": 280, "column": 0 }, "end": { "line": 280, "column": 37 } }, "280": { "start": { "line": 281, "column": 0 }, "end": { "line": 281, "column": 109 } }, "281": { "start": { "line": 282, "column": 0 }, "end": { "line": 282, "column": 67 } }, "283": { "start": { "line": 284, "column": 0 }, "end": { "line": 284, "column": 35 } }, "284": { "start": { "line": 285, "column": 0 }, "end": { "line": 285, "column": 35 } }, "292": { "start": { "line": 293, "column": 0 }, "end": { "line": 293, "column": 38 } }, "293": { "start": { "line": 294, "column": 0 }, "end": { "line": 294, "column": 38 } }, "294": { "start": { "line": 295, "column": 0 }, "end": { "line": 295, "column": 18 } }, "295": { "start": { "line": 296, "column": 0 }, "end": { "line": 296, "column": 27 } }, "296": { "start": { "line": 297, "column": 0 }, "end": { "line": 297, "column": 56 } }, "297": { "start": { "line": 298, "column": 0 }, "end": { "line": 298, "column": 33 } }, "298": { "start": { "line": 299, "column": 0 }, "end": { "line": 299, "column": 55 } }, "299": { "start": { "line": 300, "column": 0 }, "end": { "line": 300, "column": 37 } }, "300": { "start": { "line": 301, "column": 0 }, "end": { "line": 301, "column": 37 } }, "301": { "start": { "line": 302, "column": 0 }, "end": { "line": 302, "column": 17 } }, "302": { "start": { "line": 303, "column": 0 }, "end": { "line": 303, "column": 16 } }, "303": { "start": { "line": 304, "column": 0 }, "end": { "line": 304, "column": 66 } }, "304": { "start": { "line": 305, "column": 0 }, "end": { "line": 305, "column": 34 } }, "305": { "start": { "line": 306, "column": 0 }, "end": { "line": 306, "column": 43 } }, "307": { "start": { "line": 308, "column": 0 }, "end": { "line": 308, "column": 19 } }, "308": { "start": { "line": 309, "column": 0 }, "end": { "line": 309, "column": 48 } }, "309": { "start": { "line": 310, "column": 0 }, "end": { "line": 310, "column": 51 } }, "310": { "start": { "line": 311, "column": 0 }, "end": { "line": 311, "column": 25 } }, "311": { "start": { "line": 312, "column": 0 }, "end": { "line": 312, "column": 57 } }, "313": { "start": { "line": 314, "column": 0 }, "end": { "line": 314, "column": 42 } }, "320": { "start": { "line": 321, "column": 0 }, "end": { "line": 321, "column": 1 } } }, "s": { "0": 0, "17": 0, "19": 0, "20": 0, "21": 0, "22": 0, "23": 0, "24": 0, "25": 0, "26": 0, "27": 0, "29": 0, "30": 0, "32": 0, "33": 0, "34": 0, "35": 0, "37": 0, "38": 0, "39": 0, "40": 0, "41": 0, "42": 0, "43": 0, "44": 0, "45": 0, "46": 0, "47": 0, "48": 0, "49": 0, "50": 0, "51": 0, "53": 0, "54": 0, "55": 0, "56": 0, "57": 0, "58": 0, "59": 0, "60": 0, "61": 0, "62": 0, "63": 0, "64": 0, "65": 0, "66": 0, "67": 0, "68": 0, "69": 0, "70": 0, "71": 0, "72": 0, "73": 0, "74": 0, "75": 0, "76": 0, "77": 0, "78": 0, "79": 0, "80": 0, "81": 0, "82": 0, "83": 0, "84": 0, "85": 0, "86": 0, "88": 0, "89": 0, "90": 0, "92": 0, "93": 0, "94": 0, "96": 0, "97": 0, "98": 0, "100": 0, "101": 0, "103": 0, "104": 0, "105": 0, "106": 0, "107": 0, "108": 0, "109": 0, "110": 0, "111": 0, "112": 0, "113": 0, "114": 0, "116": 0, "117": 0, "118": 0, "119": 0, "120": 0, "121": 0, "123": 0, "124": 0, "125": 0, "127": 0, "128": 0, "129": 0, "130": 0, "131": 0, "132": 0, "134": 0, "135": 0, "136": 0, "138": 0, "140": 0, "141": 0, "142": 0, "143": 0, "144": 0, "146": 0, "147": 0, "148": 0, "149": 0, "150": 0, "151": 0, "153": 0, "155": 0, "156": 0, "157": 0, "158": 0, "159": 0, "160": 0, "161": 0, "162": 0, "163": 0, "164": 0, "166": 0, "167": 0, "169": 0, "170": 0, "171": 0, "172": 0, "173": 0, "174": 0, "175": 0, "176": 0, "177": 0, "178": 0, "179": 0, "181": 0, "182": 0, "183": 0, "185": 0, "186": 0, "187": 0, "189": 0, "190": 0, "192": 0, "194": 0, "195": 0, "196": 0, "197": 0, "199": 0, "200": 0, "201": 0, "204": 0, "205": 0, "206": 0, "207": 0, "208": 0, "210": 0, "216": 0, "217": 0, "218": 0, "219": 0, "220": 0, "221": 0, "223": 0, "224": 0, "225": 0, "229": 0, "230": 0, "231": 0, "232": 0, "233": 0, "238": 0, "239": 0, "240": 0, "246": 0, "247": 0, "248": 0, "249": 0, "251": 0, "252": 0, "253": 0, "254": 0, "255": 0, "256": 0, "257": 0, "259": 0, "265": 0, "270": 0, "272": 0, "273": 0, "274": 0, "275": 0, "276": 0, "277": 0, "278": 0, "279": 0, "280": 0, "281": 0, "283": 0, "284": 0, "292": 0, "293": 0, "294": 0, "295": 0, "296": 0, "297": 0, "298": 0, "299": 0, "300": 0, "301": 0, "302": 0, "303": 0, "304": 0, "305": 0, "307": 0, "308": 0, "309": 0, "310": 0, "311": 0, "313": 0, "320": 0 }, "branchMap": { "0": { "type": "branch", "line": 1, "loc": { "start": { "line": 1, "column": 11139 }, "end": { "line": 321, "column": 1 } }, "locations": [{ "start": { "line": 1, "column": 11139 }, "end": { "line": 321, "column": 1 } }] } }, "b": { "0": [0] }, "fnMap": { "0": { "name": "(empty-report)", "decl": { "start": { "line": 1, "column": 11139 }, "end": { "line": 321, "column": 1 } }, "loc": { "start": { "line": 1, "column": 11139 }, "end": { "line": 321, "column": 1 } }, "line": 1 } }, "f": { "0": 0 } },
    "/home/anatole/Documents/CitadelAI/user/interface/src/components/chat/ChatbotList.tsx": { "path": "/home/anatole/Documents/CitadelAI/user/interface/src/components/chat/ChatbotList.tsx", "all": true, "statementMap": { "0": { "start": { "line": 1, "column": 0 }, "end": { "line": 1, "column": 0 } }, "30": { "start": { "line": 31, "column": 0 }, "end": { "line": 31, "column": 81 } }, "31": { "start": { "line": 32, "column": 0 }, "end": { "line": 32, "column": 58 } }, "32": { "start": { "line": 33, "column": 0 }, "end": { "line": 33, "column": 51 } }, "33": { "start": { "line": 34, "column": 0 }, "end": { "line": 34, "column": 58 } }, "35": { "start": { "line": 36, "column": 0 }, "end": { "line": 36, "column": 19 } }, "36": { "start": { "line": 37, "column": 0 }, "end": { "line": 37, "column": 39 } }, "37": { "start": { "line": 38, "column": 0 }, "end": { "line": 38, "column": 11 } }, "38": { "start": { "line": 39, "column": 0 }, "end": { "line": 39, "column": 41 } }, "39": { "start": { "line": 40, "column": 0 }, "end": { "line": 40, "column": 26 } }, "40": { "start": { "line": 41, "column": 0 }, "end": { "line": 41, "column": 23 } }, "41": { "start": { "line": 42, "column": 0 }, "end": { "line": 42, "column": 45 } }, "42": { "start": { "line": 43, "column": 0 }, "end": { "line": 43, "column": 17 } }, "43": { "start": { "line": 44, "column": 0 }, "end": { "line": 44, "column": 28 } }, "44": { "start": { "line": 45, "column": 0 }, "end": { "line": 45, "column": 7 } }, "45": { "start": { "line": 46, "column": 0 }, "end": { "line": 46, "column": 6 } }, "47": { "start": { "line": 48, "column": 0 }, "end": { "line": 48, "column": 20 } }, "48": { "start": { "line": 49, "column": 0 }, "end": { "line": 49, "column": 9 } }, "50": { "start": { "line": 51, "column": 0 }, "end": { "line": 51, "column": 18 } }, "51": { "start": { "line": 52, "column": 0 }, "end": { "line": 52, "column": 42 } }, "52": { "start": { "line": 53, "column": 0 }, "end": { "line": 53, "column": 3 } }, "54": { "start": { "line": 55, "column": 0 }, "end": { "line": 55, "column": 14 } }, "55": { "start": { "line": 56, "column": 0 }, "end": { "line": 56, "column": 30 } }, "56": { "start": { "line": 57, "column": 0 }, "end": { "line": 57, "column": 3 } }, "58": { "start": { "line": 59, "column": 0 }, "end": { "line": 59, "column": 10 } }, "59": { "start": { "line": 60, "column": 0 }, "end": { "line": 60, "column": 25 } }, "60": { "start": { "line": 61, "column": 0 }, "end": { "line": 61, "column": 68 } }, "61": { "start": { "line": 62, "column": 0 }, "end": { "line": 62, "column": 30 } }, "62": { "start": { "line": 63, "column": 0 }, "end": { "line": 63, "column": 35 } }, "63": { "start": { "line": 64, "column": 0 }, "end": { "line": 64, "column": 38 } }, "64": { "start": { "line": 65, "column": 0 }, "end": { "line": 65, "column": 102 } }, "65": { "start": { "line": 66, "column": 0 }, "end": { "line": 66, "column": 41 } }, "66": { "start": { "line": 67, "column": 0 }, "end": { "line": 67, "column": 78 } }, "71": { "start": { "line": 72, "column": 0 }, "end": { "line": 72, "column": 51 } }, "72": { "start": { "line": 73, "column": 0 }, "end": { "line": 73, "column": 59 } }, "73": { "start": { "line": 74, "column": 0 }, "end": { "line": 74, "column": 63 } }, "78": { "start": { "line": 79, "column": 0 }, "end": { "line": 79, "column": 2 } } }, "s": { "0": 0, "30": 0, "31": 0, "32": 0, "33": 0, "35": 0, "36": 0, "37": 0, "38": 0, "39": 0, "40": 0, "41": 0, "42": 0, "43": 0, "44": 0, "45": 0, "47": 0, "48": 0, "50": 0, "51": 0, "52": 0, "54": 0, "55": 0, "56": 0, "58": 0, "59": 0, "60": 0, "61": 0, "62": 0, "63": 0, "64": 0, "65": 0, "66": 0, "71": 0, "72": 0, "73": 0, "78": 0 }, "branchMap": { "0": { "type": "branch", "line": 1, "loc": { "start": { "line": 1, "column": 0 }, "end": { "line": 79, "column": -668 } }, "locations": [{ "start": { "line": 1, "column": 0 }, "end": { "line": 79, "column": -668 } }] } }, "b": { "0": [0] }, "fnMap": { "0": { "name": "(empty-report)", "decl": { "start": { "line": 1, "column": 0 }, "end": { "line": 79, "column": -668 } }, "loc": { "start": { "line": 1, "column": 0 }, "end": { "line": 79, "column": -668 } }, "line": 1 } }, "f": { "0": 0 } },
    "/home/anatole/Documents/CitadelAI/user/interface/src/components/layout/Sidebar.tsx": { "path": "/home/anatole/Documents/CitadelAI/user/interface/src/components/layout/Sidebar.tsx", "all": true, "statementMap": { "0": { "start": { "line": 1, "column": 0 }, "end": { "line": 1, "column": 8 } }, "30": { "start": { "line": 31, "column": 0 }, "end": { "line": 31, "column": 147 } }, "31": { "start": { "line": 32, "column": 0 }, "end": { "line": 32, "column": 61 } }, "33": { "start": { "line": 34, "column": 0 }, "end": { "line": 34, "column": 19 } }, "34": { "start": { "line": 35, "column": 0 }, "end": { "line": 35, "column": 35 } }, "35": { "start": { "line": 36, "column": 0 }, "end": { "line": 36, "column": 11 } }, "36": { "start": { "line": 37, "column": 0 }, "end": { "line": 37, "column": 39 } }, "37": { "start": { "line": 38, "column": 0 }, "end": { "line": 38, "column": 26 } }, "38": { "start": { "line": 39, "column": 0 }, "end": { "line": 39, "column": 23 } }, "39": { "start": { "line": 40, "column": 0 }, "end": { "line": 40, "column": 62 } }, "40": { "start": { "line": 41, "column": 0 }, "end": { "line": 41, "column": 7 } }, "41": { "start": { "line": 42, "column": 0 }, "end": { "line": 42, "column": 6 } }, "43": { "start": { "line": 44, "column": 0 }, "end": { "line": 44, "column": 16 } }, "44": { "start": { "line": 45, "column": 0 }, "end": { "line": 45, "column": 9 } }, "46": { "start": { "line": 47, "column": 0 }, "end": { "line": 47, "column": 10 } }, "47": { "start": { "line": 48, "column": 0 }, "end": { "line": 48, "column": 91 } }, "49": { "start": { "line": 50, "column": 0 }, "end": { "line": 50, "column": 28 } }, "50": { "start": { "line": 51, "column": 0 }, "end": { "line": 51, "column": 54 } }, "51": { "start": { "line": 52, "column": 0 }, "end": { "line": 52, "column": 95 } }, "52": { "start": { "line": 53, "column": 0 }, "end": { "line": 53, "column": 68 } }, "54": { "start": { "line": 55, "column": 0 }, "end": { "line": 55, "column": 15 } }, "55": { "start": { "line": 56, "column": 0 }, "end": { "line": 56, "column": 67 } }, "56": { "start": { "line": 57, "column": 0 }, "end": { "line": 57, "column": 63 } }, "61": { "start": { "line": 62, "column": 0 }, "end": { "line": 62, "column": 18 } }, "62": { "start": { "line": 63, "column": 0 }, "end": { "line": 63, "column": 45 } }, "63": { "start": { "line": 64, "column": 0 }, "end": { "line": 64, "column": 51 } }, "64": { "start": { "line": 65, "column": 0 }, "end": { "line": 65, "column": 35 } }, "65": { "start": { "line": 66, "column": 0 }, "end": { "line": 66, "column": 41 } }, "66": { "start": { "line": 67, "column": 0 }, "end": { "line": 67, "column": 29 } }, "70": { "start": { "line": 71, "column": 0 }, "end": { "line": 71, "column": 47 } }, "71": { "start": { "line": 72, "column": 0 }, "end": { "line": 72, "column": 53 } }, "72": { "start": { "line": 73, "column": 0 }, "end": { "line": 73, "column": 97 } }, "73": { "start": { "line": 74, "column": 0 }, "end": { "line": 74, "column": 64 } }, "75": { "start": { "line": 76, "column": 0 }, "end": { "line": 76, "column": 42 } }, "76": { "start": { "line": 77, "column": 0 }, "end": { "line": 77, "column": 85 } }, "77": { "start": { "line": 78, "column": 0 }, "end": { "line": 78, "column": 87 } }, "79": { "start": { "line": 80, "column": 0 }, "end": { "line": 80, "column": 17 } }, "80": { "start": { "line": 81, "column": 0 }, "end": { "line": 81, "column": 27 } }, "81": { "start": { "line": 82, "column": 0 }, "end": { "line": 82, "column": 87 } }, "82": { "start": { "line": 83, "column": 0 }, "end": { "line": 83, "column": 30 } }, "84": { "start": { "line": 85, "column": 0 }, "end": { "line": 85, "column": 42 } }, "90": { "start": { "line": 91, "column": 0 }, "end": { "line": 91, "column": 1 } } }, "s": { "0": 0, "30": 0, "31": 0, "33": 0, "34": 0, "35": 0, "36": 0, "37": 0, "38": 0, "39": 0, "40": 0, "41": 0, "43": 0, "44": 0, "46": 0, "47": 0, "49": 0, "50": 0, "51": 0, "52": 0, "54": 0, "55": 0, "56": 0, "61": 0, "62": 0, "63": 0, "64": 0, "65": 0, "66": 0, "70": 0, "71": 0, "72": 0, "73": 0, "75": 0, "76": 0, "77": 0, "79": 0, "80": 0, "81": 0, "82": 0, "84": 0, "90": 0 }, "branchMap": { "0": { "type": "branch", "line": 1, "loc": { "start": { "line": 1, "column": 0 }, "end": { "line": 91, "column": -1243 } }, "locations": [{ "start": { "line": 1, "column": 0 }, "end": { "line": 91, "column": -1243 } }] } }, "b": { "0": [0] }, "fnMap": { "0": { "name": "(empty-report)", "decl": { "start": { "line": 1, "column": 0 }, "end": { "line": 91, "column": -1243 } }, "loc": { "start": { "line": 1, "column": 0 }, "end": { "line": 91, "column": -1243 } }, "line": 1 } }, "f": { "0": 0 } },
    "/home/anatole/Documents/CitadelAI/user/interface/src/components/ui/accordion.tsx": { "path": "/home/anatole/Documents/CitadelAI/user/interface/src/components/ui/accordion.tsx", "all": true, "statementMap": { "0": { "start": { "line": 1, "column": 0 }, "end": { "line": 1, "column": 31 } }, "6": { "start": { "line": 7, "column": 0 }, "end": { "line": 7, "column": 42 } }, "8": { "start": { "line": 9, "column": 0 }, "end": { "line": 9, "column": 39 } }, "11": { "start": { "line": 12, "column": 0 }, "end": { "line": 12, "column": 37 } }, "12": { "start": { "line": 13, "column": 0 }, "end": { "line": 13, "column": 88 } }, "14": { "start": { "line": 15, "column": 0 }, "end": { "line": 15, "column": 44 } }, "16": { "start": { "line": 17, "column": 0 }, "end": { "line": 17, "column": 42 } }, "19": { "start": { "line": 20, "column": 0 }, "end": { "line": 20, "column": 47 } }, "20": { "start": { "line": 21, "column": 0 }, "end": { "line": 21, "column": 46 } }, "21": { "start": { "line": 22, "column": 0 }, "end": { "line": 22, "column": 31 } }, "22": { "start": { "line": 23, "column": 0 }, "end": { "line": 23, "column": 15 } }, "23": { "start": { "line": 24, "column": 0 }, "end": { "line": 24, "column": 20 } }, "24": { "start": { "line": 25, "column": 0 }, "end": { "line": 25, "column": 135 } }, "25": { "start": { "line": 26, "column": 0 }, "end": { "line": 26, "column": 18 } }, "27": { "start": { "line": 28, "column": 0 }, "end": { "line": 28, "column": 16 } }, "29": { "start": { "line": 30, "column": 0 }, "end": { "line": 30, "column": 16 } }, "30": { "start": { "line": 31, "column": 0 }, "end": { "line": 31, "column": 84 } }, "34": { "start": { "line": 35, "column": 0 }, "end": { "line": 35, "column": 70 } }, "36": { "start": { "line": 37, "column": 0 }, "end": { "line": 37, "column": 42 } }, "39": { "start": { "line": 40, "column": 0 }, "end": { "line": 40, "column": 47 } }, "40": { "start": { "line": 41, "column": 0 }, "end": { "line": 41, "column": 29 } }, "41": { "start": { "line": 42, "column": 0 }, "end": { "line": 42, "column": 13 } }, "42": { "start": { "line": 43, "column": 0 }, "end": { "line": 43, "column": 136 } }, "43": { "start": { "line": 44, "column": 0 }, "end": { "line": 44, "column": 14 } }, "45": { "start": { "line": 46, "column": 0 }, "end": { "line": 46, "column": 64 } }, "49": { "start": { "line": 50, "column": 0 }, "end": { "line": 50, "column": 70 } } }, "s": { "0": 0, "6": 0, "8": 0, "11": 0, "12": 0, "14": 0, "16": 0, "19": 0, "20": 0, "21": 0, "22": 0, "23": 0, "24": 0, "25": 0, "27": 0, "29": 0, "30": 0, "34": 0, "36": 0, "39": 0, "40": 0, "41": 0, "42": 0, "43": 0, "45": 0, "49": 0 }, "branchMap": { "0": { "type": "branch", "line": 1, "loc": { "start": { "line": 1, "column": 1975 }, "end": { "line": 52, "column": 72 } }, "locations": [{ "start": { "line": 1, "column": 1975 }, "end": { "line": 52, "column": 72 } }] } }, "b": { "0": [0] }, "fnMap": { "0": { "name": "(empty-report)", "decl": { "start": { "line": 1, "column": 1975 }, "end": { "line": 52, "column": 72 } }, "loc": { "start": { "line": 1, "column": 1975 }, "end": { "line": 52, "column": 72 } }, "line": 1 } }, "f": { "0": 0 } },
    "/home/anatole/Documents/CitadelAI/user/interface/src/components/ui/alert-dialog.tsx": { "path": "/home/anatole/Documents/CitadelAI/user/interface/src/components/ui/alert-dialog.tsx", "all": true, "statementMap": { "0": { "start": { "line": 1, "column": 0 }, "end": { "line": 1, "column": 31 } }, "6": { "start": { "line": 7, "column": 0 }, "end": { "line": 7, "column": 46 } }, "8": { "start": { "line": 9, "column": 0 }, "end": { "line": 9, "column": 56 } }, "10": { "start": { "line": 11, "column": 0 }, "end": { "line": 11, "column": 54 } }, "12": { "start": { "line": 13, "column": 0 }, "end": { "line": 13, "column": 44 } }, "15": { "start": { "line": 16, "column": 0 }, "end": { "line": 16, "column": 37 } }, "16": { "start": { "line": 17, "column": 0 }, "end": { "line": 17, "column": 31 } }, "17": { "start": { "line": 18, "column": 0 }, "end": { "line": 18, "column": 18 } }, "18": { "start": { "line": 19, "column": 0 }, "end": { "line": 19, "column": 159 } }, "19": { "start": { "line": 20, "column": 0 }, "end": { "line": 20, "column": 16 } }, "21": { "start": { "line": 22, "column": 0 }, "end": { "line": 22, "column": 14 } }, "22": { "start": { "line": 23, "column": 0 }, "end": { "line": 23, "column": 13 } }, "25": { "start": { "line": 26, "column": 0 }, "end": { "line": 26, "column": 74 } }, "27": { "start": { "line": 28, "column": 0 }, "end": { "line": 28, "column": 44 } }, "30": { "start": { "line": 31, "column": 0 }, "end": { "line": 31, "column": 37 } }, "31": { "start": { "line": 32, "column": 0 }, "end": { "line": 32, "column": 21 } }, "32": { "start": { "line": 33, "column": 0 }, "end": { "line": 33, "column": 26 } }, "33": { "start": { "line": 34, "column": 0 }, "end": { "line": 34, "column": 33 } }, "34": { "start": { "line": 35, "column": 0 }, "end": { "line": 35, "column": 15 } }, "35": { "start": { "line": 36, "column": 0 }, "end": { "line": 36, "column": 20 } }, "36": { "start": { "line": 37, "column": 0 }, "end": { "line": 37, "column": 518 } }, "37": { "start": { "line": 38, "column": 0 }, "end": { "line": 38, "column": 18 } }, "39": { "start": { "line": 40, "column": 0 }, "end": { "line": 40, "column": 16 } }, "43": { "start": { "line": 44, "column": 0 }, "end": { "line": 44, "column": 74 } }, "45": { "start": { "line": 46, "column": 0 }, "end": { "line": 46, "column": 94 } }, "46": { "start": { "line": 47, "column": 0 }, "end": { "line": 47, "column": 98 } }, "48": { "start": { "line": 49, "column": 0 }, "end": { "line": 49, "column": 52 } }, "50": { "start": { "line": 51, "column": 0 }, "end": { "line": 51, "column": 94 } }, "51": { "start": { "line": 52, "column": 0 }, "end": { "line": 52, "column": 111 } }, "53": { "start": { "line": 54, "column": 0 }, "end": { "line": 54, "column": 52 } }, "55": { "start": { "line": 56, "column": 0 }, "end": { "line": 56, "column": 42 } }, "58": { "start": { "line": 59, "column": 0 }, "end": { "line": 59, "column": 37 } }, "59": { "start": { "line": 60, "column": 0 }, "end": { "line": 60, "column": 104 } }, "61": { "start": { "line": 62, "column": 0 }, "end": { "line": 62, "column": 70 } }, "63": { "start": { "line": 64, "column": 0 }, "end": { "line": 64, "column": 48 } }, "66": { "start": { "line": 67, "column": 0 }, "end": { "line": 67, "column": 37 } }, "67": { "start": { "line": 68, "column": 0 }, "end": { "line": 68, "column": 118 } }, "69": { "start": { "line": 70, "column": 0 }, "end": { "line": 70, "column": 82 } }, "71": { "start": { "line": 72, "column": 0 }, "end": { "line": 72, "column": 43 } }, "74": { "start": { "line": 75, "column": 0 }, "end": { "line": 75, "column": 37 } }, "75": { "start": { "line": 76, "column": 0 }, "end": { "line": 76, "column": 98 } }, "77": { "start": { "line": 78, "column": 0 }, "end": { "line": 78, "column": 72 } }, "79": { "start": { "line": 80, "column": 0 }, "end": { "line": 80, "column": 43 } }, "82": { "start": { "line": 83, "column": 0 }, "end": { "line": 83, "column": 37 } }, "83": { "start": { "line": 84, "column": 0 }, "end": { "line": 84, "column": 30 } }, "84": { "start": { "line": 85, "column": 0 }, "end": { "line": 85, "column": 13 } }, "85": { "start": { "line": 86, "column": 0 }, "end": { "line": 86, "column": 85 } }, "86": { "start": { "line": 87, "column": 0 }, "end": { "line": 87, "column": 14 } }, "89": { "start": { "line": 90, "column": 0 }, "end": { "line": 90, "column": 72 } } }, "s": { "0": 0, "6": 0, "8": 0, "10": 0, "12": 0, "15": 0, "16": 0, "17": 0, "18": 0, "19": 0, "21": 0, "22": 0, "25": 0, "27": 0, "30": 0, "31": 0, "32": 0, "33": 0, "34": 0, "35": 0, "36": 0, "37": 0, "39": 0, "43": 0, "45": 0, "46": 0, "48": 0, "50": 0, "51": 0, "53": 0, "55": 0, "58": 0, "59": 0, "61": 0, "63": 0, "66": 0, "67": 0, "69": 0, "71": 0, "74": 0, "75": 0, "77": 0, "79": 0, "82": 0, "83": 0, "84": 0, "85": 0, "86": 0, "89": 0 }, "branchMap": { "0": { "type": "branch", "line": 1, "loc": { "start": { "line": 1, "column": 0 }, "end": { "line": 104, "column": -1579 } }, "locations": [{ "start": { "line": 1, "column": 0 }, "end": { "line": 104, "column": -1579 } }] } }, "b": { "0": [0] }, "fnMap": { "0": { "name": "(empty-report)", "decl": { "start": { "line": 1, "column": 0 }, "end": { "line": 104, "column": -1579 } }, "loc": { "start": { "line": 1, "column": 0 }, "end": { "line": 104, "column": -1579 } }, "line": 1 } }, "f": { "0": 0 } },
    "/home/anatole/Documents/CitadelAI/user/interface/src/components/ui/alert.tsx": { "path": "/home/anatole/Documents/CitadelAI/user/interface/src/components/ui/alert.tsx", "all": true, "statementMap": { "0": { "start": { "line": 1, "column": 0 }, "end": { "line": 1, "column": 31 } }, "5": { "start": { "line": 6, "column": 0 }, "end": { "line": 6, "column": 26 } }, "6": { "start": { "line": 7, "column": 0 }, "end": { "line": 7, "column": 158 } }, "7": { "start": { "line": 8, "column": 0 }, "end": { "line": 8, "column": 3 } }, "8": { "start": { "line": 9, "column": 0 }, "end": { "line": 9, "column": 15 } }, "9": { "start": { "line": 10, "column": 0 }, "end": { "line": 10, "column": 16 } }, "10": { "start": { "line": 11, "column": 0 }, "end": { "line": 11, "column": 49 } }, "11": { "start": { "line": 12, "column": 0 }, "end": { "line": 12, "column": 111 } }, "12": { "start": { "line": 13, "column": 0 }, "end": { "line": 13, "column": 8 } }, "13": { "start": { "line": 14, "column": 0 }, "end": { "line": 14, "column": 6 } }, "14": { "start": { "line": 15, "column": 0 }, "end": { "line": 15, "column": 22 } }, "15": { "start": { "line": 16, "column": 0 }, "end": { "line": 16, "column": 25 } }, "16": { "start": { "line": 17, "column": 0 }, "end": { "line": 17, "column": 6 } }, "17": { "start": { "line": 18, "column": 0 }, "end": { "line": 18, "column": 4 } }, "20": { "start": { "line": 21, "column": 0 }, "end": { "line": 21, "column": 31 } }, "23": { "start": { "line": 24, "column": 0 }, "end": { "line": 24, "column": 46 } }, "24": { "start": { "line": 25, "column": 0 }, "end": { "line": 25, "column": 97 } }, "26": { "start": { "line": 27, "column": 0 }, "end": { "line": 27, "column": 28 } }, "28": { "start": { "line": 29, "column": 0 }, "end": { "line": 29, "column": 100 } }, "29": { "start": { "line": 30, "column": 0 }, "end": { "line": 30, "column": 37 } }, "30": { "start": { "line": 31, "column": 0 }, "end": { "line": 31, "column": 105 } }, "33": { "start": { "line": 34, "column": 0 }, "end": { "line": 34, "column": 38 } }, "35": { "start": { "line": 36, "column": 0 }, "end": { "line": 36, "column": 108 } }, "36": { "start": { "line": 37, "column": 0 }, "end": { "line": 37, "column": 37 } }, "37": { "start": { "line": 38, "column": 0 }, "end": { "line": 38, "column": 91 } }, "40": { "start": { "line": 41, "column": 0 }, "end": { "line": 41, "column": 50 } } }, "s": { "0": 0, "5": 0, "6": 0, "7": 0, "8": 0, "9": 0, "10": 0, "11": 0, "12": 0, "13": 0, "14": 0, "15": 0, "16": 0, "17": 0, "20": 0, "23": 0, "24": 0, "26": 0, "28": 0, "29": 0, "30": 0, "33": 0, "35": 0, "36": 0, "37": 0, "40": 0 }, "branchMap": { "0": { "type": "branch", "line": 1, "loc": { "start": { "line": 1, "column": 0 }, "end": { "line": 43, "column": -448 } }, "locations": [{ "start": { "line": 1, "column": 0 }, "end": { "line": 43, "column": -448 } }] } }, "b": { "0": [0] }, "fnMap": { "0": { "name": "(empty-report)", "decl": { "start": { "line": 1, "column": 0 }, "end": { "line": 43, "column": -448 } }, "loc": { "start": { "line": 1, "column": 0 }, "end": { "line": 43, "column": -448 } }, "line": 1 } }, "f": { "0": 0 } },
    "/home/anatole/Documents/CitadelAI/user/interface/src/components/ui/aspect-ratio.tsx": { "path": "/home/anatole/Documents/CitadelAI/user/interface/src/components/ui/aspect-ratio.tsx", "all": true, "statementMap": { "0": { "start": { "line": 1, "column": 0 }, "end": { "line": 1, "column": 69 } }, "2": { "start": { "line": 3, "column": 0 }, "end": { "line": 3, "column": 46 } } }, "s": { "0": 0, "2": 0 }, "branchMap": { "0": { "type": "branch", "line": 1, "loc": { "start": { "line": 1, "column": 142 }, "end": { "line": 5, "column": 23 } }, "locations": [{ "start": { "line": 1, "column": 142 }, "end": { "line": 5, "column": 23 } }] } }, "b": { "0": [0] }, "fnMap": { "0": { "name": "(empty-report)", "decl": { "start": { "line": 1, "column": 142 }, "end": { "line": 5, "column": 23 } }, "loc": { "start": { "line": 1, "column": 142 }, "end": { "line": 5, "column": 23 } }, "line": 1 } }, "f": { "0": 0 } },
    "/home/anatole/Documents/CitadelAI/user/interface/src/components/ui/avatar.tsx": { "path": "/home/anatole/Documents/CitadelAI/user/interface/src/components/ui/avatar.tsx", "all": true, "statementMap": { "0": { "start": { "line": 1, "column": 0 }, "end": { "line": 1, "column": 31 } }, "5": { "start": { "line": 6, "column": 0 }, "end": { "line": 6, "column": 32 } }, "8": { "start": { "line": 9, "column": 0 }, "end": { "line": 9, "column": 37 } }, "9": { "start": { "line": 10, "column": 0 }, "end": { "line": 10, "column": 23 } }, "10": { "start": { "line": 11, "column": 0 }, "end": { "line": 11, "column": 13 } }, "11": { "start": { "line": 12, "column": 0 }, "end": { "line": 12, "column": 94 } }, "12": { "start": { "line": 13, "column": 0 }, "end": { "line": 13, "column": 14 } }, "15": { "start": { "line": 16, "column": 0 }, "end": { "line": 16, "column": 54 } }, "17": { "start": { "line": 18, "column": 0 }, "end": { "line": 18, "column": 37 } }, "20": { "start": { "line": 21, "column": 0 }, "end": { "line": 21, "column": 37 } }, "21": { "start": { "line": 22, "column": 0 }, "end": { "line": 22, "column": 105 } }, "23": { "start": { "line": 24, "column": 0 }, "end": { "line": 24, "column": 60 } }, "25": { "start": { "line": 26, "column": 0 }, "end": { "line": 26, "column": 40 } }, "28": { "start": { "line": 29, "column": 0 }, "end": { "line": 29, "column": 37 } }, "29": { "start": { "line": 30, "column": 0 }, "end": { "line": 30, "column": 27 } }, "30": { "start": { "line": 31, "column": 0 }, "end": { "line": 31, "column": 13 } }, "31": { "start": { "line": 32, "column": 0 }, "end": { "line": 32, "column": 101 } }, "32": { "start": { "line": 33, "column": 0 }, "end": { "line": 33, "column": 14 } }, "35": { "start": { "line": 36, "column": 0 }, "end": { "line": 36, "column": 66 } } }, "s": { "0": 0, "5": 0, "8": 0, "9": 0, "10": 0, "11": 0, "12": 0, "15": 0, "17": 0, "20": 0, "21": 0, "23": 0, "25": 0, "28": 0, "29": 0, "30": 0, "31": 0, "32": 0, "35": 0 }, "branchMap": { "0": { "type": "branch", "line": 1, "loc": { "start": { "line": 1, "column": 1364 }, "end": { "line": 38, "column": 47 } }, "locations": [{ "start": { "line": 1, "column": 1364 }, "end": { "line": 38, "column": 47 } }] } }, "b": { "0": [0] }, "fnMap": { "0": { "name": "(empty-report)", "decl": { "start": { "line": 1, "column": 1364 }, "end": { "line": 38, "column": 47 } }, "loc": { "start": { "line": 1, "column": 1364 }, "end": { "line": 38, "column": 47 } }, "line": 1 } }, "f": { "0": 0 } },
    "/home/anatole/Documents/CitadelAI/user/interface/src/components/ui/badge.tsx": { "path": "/home/anatole/Documents/CitadelAI/user/interface/src/components/ui/badge.tsx", "all": true, "statementMap": { "0": { "start": { "line": 1, "column": 0 }, "end": { "line": 1, "column": 31 } }, "7": { "start": { "line": 8, "column": 0 }, "end": { "line": 8, "column": 62 } }, "8": { "start": { "line": 9, "column": 0 }, "end": { "line": 9, "column": 82 } }, "9": { "start": { "line": 10, "column": 0 }, "end": { "line": 10, "column": 1 } } }, "s": { "0": 0, "7": 0, "8": 0, "9": 0 }, "branchMap": { "0": { "type": "branch", "line": 1, "loc": { "start": { "line": 1, "column": 0 }, "end": { "line": 12, "column": -109 } }, "locations": [{ "start": { "line": 1, "column": 0 }, "end": { "line": 12, "column": -109 } }] } }, "b": { "0": [0] }, "fnMap": { "0": { "name": "(empty-report)", "decl": { "start": { "line": 1, "column": 0 }, "end": { "line": 12, "column": -109 } }, "loc": { "start": { "line": 1, "column": 0 }, "end": { "line": 12, "column": -109 } }, "line": 1 } }, "f": { "0": 0 } },
[...]
    "/home/anatole/Documents/CitadelAI/user/interface/src/pages/Register.tsx": { "path": "/home/anatole/Documents/CitadelAI/user/interface/src/pages/Register.tsx", "all": true, "statementMap": { "0": { "start": { "line": 1, "column": 0 }, "end": { "line": 1, "column": 44 } }, "1": { "start": { "line": 2, "column": 0 }, "end": { "line": 2, "column": 53 } }, "2": { "start": { "line": 3, "column": 0 }, "end": { "line": 3, "column": 48 } }, "3": { "start": { "line": 4, "column": 0 }, "end": { "line": 4, "column": 46 } }, "4": { "start": { "line": 5, "column": 0 }, "end": { "line": 5, "column": 46 } }, "5": { "start": { "line": 6, "column": 0 }, "end": { "line": 6, "column": 97 } }, "6": { "start": { "line": 7, "column": 0 }, "end": { "line": 7, "column": 54 } }, "7": { "start": { "line": 8, "column": 0 }, "end": { "line": 8, "column": 45 } }, "8": { "start": { "line": 9, "column": 0 }, "end": { "line": 9, "column": 42 } }, "9": { "start": { "line": 10, "column": 0 }, "end": { "line": 10, "column": 58 } }, "11": { "start": { "line": 12, "column": 0 }, "end": { "line": 12, "column": 43 } }, "13": { "start": { "line": 14, "column": 0 }, "end": { "line": 14, "column": 24 } }, "14": { "start": { "line": 15, "column": 0 }, "end": { "line": 15, "column": 39 } }, "15": { "start": { "line": 16, "column": 0 }, "end": { "line": 16, "column": 41 } }, "16": { "start": { "line": 17, "column": 0 }, "end": { "line": 17, "column": 47 } }, "17": { "start": { "line": 18, "column": 0 }, "end": { "line": 18, "column": 61 } }, "18": { "start": { "line": 19, "column": 0 }, "end": { "line": 19, "column": 52 } }, "19": { "start": { "line": 20, "column": 0 }, "end": { "line": 20, "column": 31 } }, "20": { "start": { "line": 21, "column": 0 }, "end": { "line": 21, "column": 47 } }, "21": { "start": { "line": 22, "column": 0 }, "end": { "line": 22, "column": 33 } }, "23": { "start": { "line": 24, "column": 0 }, "end": { "line": 24, "column": 19 } }, "24": { "start": { "line": 25, "column": 0 }, "end": { "line": 25, "column": 26 } }, "25": { "start": { "line": 26, "column": 0 }, "end": { "line": 26, "column": 20 } }, "26": { "start": { "line": 27, "column": 0 }, "end": { "line": 27, "column": 5 } }, "27": { "start": { "line": 28, "column": 0 }, "end": { "line": 28, "column": 34 } }, "30": { "start": { "line": 31, "column": 0 }, "end": { "line": 31, "column": 61 } }, "31": { "start": { "line": 32, "column": 0 }, "end": { "line": 32, "column": 23 } }, "33": { "start": { "line": 34, "column": 0 }, "end": { "line": 34, "column": 39 } }, "34": { "start": { "line": 35, "column": 0 }, "end": { "line": 35, "column": 13 } }, "35": { "start": { "line": 36, "column": 0 }, "end": { "line": 36, "column": 39 } }, "36": { "start": { "line": 37, "column": 0 }, "end": { "line": 37, "column": 61 } }, "37": { "start": { "line": 38, "column": 0 }, "end": { "line": 38, "column": 31 } }, "38": { "start": { "line": 39, "column": 0 }, "end": { "line": 39, "column": 9 } }, "39": { "start": { "line": 40, "column": 0 }, "end": { "line": 40, "column": 13 } }, "40": { "start": { "line": 41, "column": 0 }, "end": { "line": 41, "column": 5 } }, "42": { "start": { "line": 43, "column": 0 }, "end": { "line": 43, "column": 23 } }, "44": { "start": { "line": 45, "column": 0 }, "end": { "line": 45, "column": 9 } }, "45": { "start": { "line": 46, "column": 0 }, "end": { "line": 46, "column": 65 } }, "47": { "start": { "line": 48, "column": 0 }, "end": { "line": 48, "column": 13 } }, "48": { "start": { "line": 49, "column": 0 }, "end": { "line": 49, "column": 42 } }, "49": { "start": { "line": 50, "column": 0 }, "end": { "line": 50, "column": 66 } }, "50": { "start": { "line": 51, "column": 0 }, "end": { "line": 51, "column": 9 } }, "52": { "start": { "line": 53, "column": 0 }, "end": { "line": 53, "column": 24 } }, "53": { "start": { "line": 54, "column": 0 }, "end": { "line": 54, "column": 20 } }, "54": { "start": { "line": 55, "column": 0 }, "end": { "line": 55, "column": 21 } }, "55": { "start": { "line": 56, "column": 0 }, "end": { "line": 56, "column": 13 } }, "56": { "start": { "line": 57, "column": 0 }, "end": { "line": 57, "column": 37 } }, "57": { "start": { "line": 58, "column": 0 }, "end": { "line": 58, "column": 59 } }, "58": { "start": { "line": 59, "column": 0 }, "end": { "line": 59, "column": 31 } }, "59": { "start": { "line": 60, "column": 0 }, "end": { "line": 60, "column": 9 } }, "60": { "start": { "line": 61, "column": 0 }, "end": { "line": 61, "column": 15 } }, "61": { "start": { "line": 62, "column": 0 }, "end": { "line": 62, "column": 26 } }, "62": { "start": { "line": 63, "column": 0 }, "end": { "line": 63, "column": 5 } }, "63": { "start": { "line": 64, "column": 0 }, "end": { "line": 64, "column": 4 } }, "65": { "start": { "line": 66, "column": 0 }, "end": { "line": 66, "column": 53 } }, "66": { "start": { "line": 67, "column": 0 }, "end": { "line": 67, "column": 11 } }, "67": { "start": { "line": 68, "column": 0 }, "end": { "line": 68, "column": 34 } }, "68": { "start": { "line": 69, "column": 0 }, "end": { "line": 69, "column": 78 } }, "69": { "start": { "line": 70, "column": 0 }, "end": { "line": 70, "column": 29 } }, "70": { "start": { "line": 71, "column": 0 }, "end": { "line": 71, "column": 7 } }, "71": { "start": { "line": 72, "column": 0 }, "end": { "line": 72, "column": 4 } }, "73": { "start": { "line": 74, "column": 0 }, "end": { "line": 74, "column": 10 } }, "74": { "start": { "line": 75, "column": 0 }, "end": { "line": 75, "column": 87 } }, "75": { "start": { "line": 76, "column": 0 }, "end": { "line": 76, "column": 49 } }, "77": { "start": { "line": 78, "column": 0 }, "end": { "line": 78, "column": 47 } }, "78": { "start": { "line": 79, "column": 0 }, "end": { "line": 79, "column": 119 } }, "79": { "start": { "line": 80, "column": 0 }, "end": { "line": 80, "column": 68 } }, "81": { "start": { "line": 82, "column": 0 }, "end": { "line": 82, "column": 15 } }, "82": { "start": { "line": 83, "column": 0 }, "end": { "line": 83, "column": 74 } }, "83": { "start": { "line": 84, "column": 0 }, "end": { "line": 84, "column": 95 } }, "88": { "start": { "line": 89, "column": 0 }, "end": { "line": 89, "column": 39 } }, "89": { "start": { "line": 90, "column": 0 }, "end": { "line": 90, "column": 50 } }, "90": { "start": { "line": 91, "column": 0 }, "end": { "line": 91, "column": 19 } }, "91": { "start": { "line": 92, "column": 0 }, "end": { "line": 92, "column": 31 } }, "92": { "start": { "line": 93, "column": 0 }, "end": { "line": 93, "column": 50 } }, "93": { "start": { "line": 94, "column": 0 }, "end": { "line": 94, "column": 59 } }, "95": { "start": { "line": 96, "column": 0 }, "end": { "line": 96, "column": 64 } }, "96": { "start": { "line": 97, "column": 0 }, "end": { "line": 97, "column": 162 } }, "97": { "start": { "line": 98, "column": 0 }, "end": { "line": 98, "column": 176 } }, "98": { "start": { "line": 99, "column": 0 }, "end": { "line": 99, "column": 168 } }, "99": { "start": { "line": 100, "column": 0 }, "end": { "line": 100, "column": 174 } }, "100": { "start": { "line": 101, "column": 0 }, "end": { "line": 101, "column": 20 } }, "104": { "start": { "line": 105, "column": 0 }, "end": { "line": 105, "column": 19 } }, "105": { "start": { "line": 106, "column": 0 }, "end": { "line": 106, "column": 31 } }, "106": { "start": { "line": 107, "column": 0 }, "end": { "line": 107, "column": 50 } }, "107": { "start": { "line": 108, "column": 0 }, "end": { "line": 108, "column": 62 } }, "109": { "start": { "line": 110, "column": 0 }, "end": { "line": 110, "column": 64 } }, "110": { "start": { "line": 111, "column": 0 }, "end": { "line": 111, "column": 56 } }, "111": { "start": { "line": 112, "column": 0 }, "end": { "line": 112, "column": 58 } }, "112": { "start": { "line": 113, "column": 0 }, "end": { "line": 113, "column": 57 } }, "113": { "start": { "line": 114, "column": 0 }, "end": { "line": 114, "column": 59 } }, "114": { "start": { "line": 115, "column": 0 }, "end": { "line": 115, "column": 20 } }, "118": { "start": { "line": 119, "column": 0 }, "end": { "line": 119, "column": 19 } }, "119": { "start": { "line": 120, "column": 0 }, "end": { "line": 120, "column": 31 } }, "120": { "start": { "line": 121, "column": 0 }, "end": { "line": 121, "column": 50 } }, "121": { "start": { "line": 122, "column": 0 }, "end": { "line": 122, "column": 56 } }, "123": { "start": { "line": 124, "column": 0 }, "end": { "line": 124, "column": 47 } }, "130": { "start": { "line": 131, "column": 0 }, "end": { "line": 131, "column": 34 } }, "131": { "start": { "line": 132, "column": 0 }, "end": { "line": 132, "column": 23 } }, "132": { "start": { "line": 133, "column": 0 }, "end": { "line": 133, "column": 77 } }, "133": { "start": { "line": 134, "column": 0 }, "end": { "line": 134, "column": 88 } }, "138": { "start": { "line": 139, "column": 0 }, "end": { "line": 139, "column": 39 } }, "139": { "start": { "line": 140, "column": 0 }, "end": { "line": 140, "column": 22 } }, "140": { "start": { "line": 141, "column": 0 }, "end": { "line": 141, "column": 102 } }, "141": { "start": { "line": 142, "column": 0 }, "end": { "line": 142, "column": 63 } }, "145": { "start": { "line": 146, "column": 0 }, "end": { "line": 146, "column": 23 } }, "146": { "start": { "line": 147, "column": 0 }, "end": { "line": 147, "column": 71 } }, "147": { "start": { "line": 148, "column": 0 }, "end": { "line": 148, "column": 41 } }, "148": { "start": { "line": 149, "column": 0 }, "end": { "line": 149, "column": 74 } }, "149": { "start": { "line": 150, "column": 0 }, "end": { "line": 150, "column": 46 } }, "152": { "start": { "line": 153, "column": 0 }, "end": { "line": 153, "column": 22 } }, "153": { "start": { "line": 154, "column": 0 }, "end": { "line": 154, "column": 27 } }, "154": { "start": { "line": 155, "column": 0 }, "end": { "line": 155, "column": 29 } }, "155": { "start": { "line": 156, "column": 0 }, "end": { "line": 156, "column": 46 } }, "156": { "start": { "line": 157, "column": 0 }, "end": { "line": 157, "column": 30 } }, "157": { "start": { "line": 158, "column": 0 }, "end": { "line": 158, "column": 59 } }, "158": { "start": { "line": 159, "column": 0 }, "end": { "line": 159, "column": 47 } }, "159": { "start": { "line": 160, "column": 0 }, "end": { "line": 160, "column": 26 } }, "163": { "start": { "line": 164, "column": 0 }, "end": { "line": 164, "column": 41 } }, "164": { "start": { "line": 165, "column": 0 }, "end": { "line": 165, "column": 75 } }, "165": { "start": { "line": 166, "column": 0 }, "end": { "line": 166, "column": 46 } }, "168": { "start": { "line": 169, "column": 0 }, "end": { "line": 169, "column": 22 } }, "169": { "start": { "line": 170, "column": 0 }, "end": { "line": 170, "column": 28 } }, "170": { "start": { "line": 171, "column": 0 }, "end": { "line": 171, "column": 30 } }, "171": { "start": { "line": 172, "column": 0 }, "end": { "line": 172, "column": 46 } }, "172": { "start": { "line": 173, "column": 0 }, "end": { "line": 173, "column": 31 } }, "173": { "start": { "line": 174, "column": 0 }, "end": { "line": 174, "column": 60 } }, "174": { "start": { "line": 175, "column": 0 }, "end": { "line": 175, "column": 47 } }, "175": { "start": { "line": 176, "column": 0 }, "end": { "line": 176, "column": 26 } }, "179": { "start": { "line": 180, "column": 0 }, "end": { "line": 180, "column": 41 } }, "180": { "start": { "line": 181, "column": 0 }, "end": { "line": 181, "column": 78 } }, "181": { "start": { "line": 182, "column": 0 }, "end": { "line": 182, "column": 46 } }, "184": { "start": { "line": 185, "column": 0 }, "end": { "line": 185, "column": 22 } }, "185": { "start": { "line": 186, "column": 0 }, "end": { "line": 186, "column": 31 } }, "186": { "start": { "line": 187, "column": 0 }, "end": { "line": 187, "column": 33 } }, "187": { "start": { "line": 188, "column": 0 }, "end": { "line": 188, "column": 56 } }, "188": { "start": { "line": 189, "column": 0 }, "end": { "line": 189, "column": 34 } }, "189": { "start": { "line": 190, "column": 0 }, "end": { "line": 190, "column": 63 } }, "190": { "start": { "line": 191, "column": 0 }, "end": { "line": 191, "column": 47 } }, "191": { "start": { "line": 192, "column": 0 }, "end": { "line": 192, "column": 26 } }, "195": { "start": { "line": 196, "column": 0 }, "end": { "line": 196, "column": 41 } }, "196": { "start": { "line": 197, "column": 0 }, "end": { "line": 197, "column": 85 } }, "197": { "start": { "line": 198, "column": 0 }, "end": { "line": 198, "column": 46 } }, "200": { "start": { "line": 201, "column": 0 }, "end": { "line": 201, "column": 22 } }, "201": { "start": { "line": 202, "column": 0 }, "end": { "line": 202, "column": 38 } }, "202": { "start": { "line": 203, "column": 0 }, "end": { "line": 203, "column": 33 } }, "203": { "start": { "line": 204, "column": 0 }, "end": { "line": 204, "column": 53 } }, "204": { "start": { "line": 205, "column": 0 }, "end": { "line": 205, "column": 41 } }, "205": { "start": { "line": 206, "column": 0 }, "end": { "line": 206, "column": 70 } }, "206": { "start": { "line": 207, "column": 0 }, "end": { "line": 207, "column": 47 } }, "207": { "start": { "line": 208, "column": 0 }, "end": { "line": 208, "column": 26 } }, "211": { "start": { "line": 212, "column": 0 }, "end": { "line": 212, "column": 21 } }, "212": { "start": { "line": 213, "column": 0 }, "end": { "line": 213, "column": 29 } }, "213": { "start": { "line": 214, "column": 0 }, "end": { "line": 214, "column": 88 } }, "214": { "start": { "line": 215, "column": 0 }, "end": { "line": 215, "column": 66 } }, "216": { "start": { "line": 217, "column": 0 }, "end": { "line": 217, "column": 70 } }, "223": { "start": { "line": 224, "column": 0 }, "end": { "line": 224, "column": 47 } }, "224": { "start": { "line": 225, "column": 0 }, "end": { "line": 225, "column": 43 } }, "225": { "start": { "line": 226, "column": 0 }, "end": { "line": 226, "column": 41 } }, "226": { "start": { "line": 227, "column": 0 }, "end": { "line": 227, "column": 83 } }, "230": { "start": { "line": 231, "column": 0 }, "end": { "line": 231, "column": 65 } }, "237": { "start": { "line": 238, "column": 0 }, "end": { "line": 238, "column": 2 } }, "239": { "start": { "line": 240, "column": 0 }, "end": { "line": 240, "column": 24 } } }, "s": { "0": 0, "1": 0, "2": 0, "3": 0, "4": 0, "5": 0, "6": 0, "7": 0, "8": 0, "9": 0, "11": 0, "13": 0, "14": 0, "15": 0, "16": 0, "17": 0, "18": 0, "19": 0, "20": 0, "21": 0, "23": 0, "24": 0, "25": 0, "26": 0, "27": 0, "30": 0, "31": 0, "33": 0, "34": 0, "35": 0, "36": 0, "37": 0, "38": 0, "39": 0, "40": 0, "42": 0, "44": 0, "45": 0, "47": 0, "48": 0, "49": 0, "50": 0, "52": 0, "53": 0, "54": 0, "55": 0, "56": 0, "57": 0, "58": 0, "59": 0, "60": 0, "61": 0, "62": 0, "63": 0, "65": 0, "66": 0, "67": 0, "68": 0, "69": 0, "70": 0, "71": 0, "73": 0, "74": 0, "75": 0, "77": 0, "78": 0, "79": 0, "81": 0, "82": 0, "83": 0, "88": 0, "89": 0, "90": 0, "91": 0, "92": 0, "93": 0, "95": 0, "96": 0, "97": 0, "98": 0, "99": 0, "100": 0, "104": 0, "105": 0, "106": 0, "107": 0, "109": 0, "110": 0, "111": 0, "112": 0, "113": 0, "114": 0, "118": 0, "119": 0, "120": 0, "121": 0, "123": 0, "130": 0, "131": 0, "132": 0, "133": 0, "138": 0, "139": 0, "140": 0, "141": 0, "145": 0, "146": 0, "147": 0, "148": 0, "149": 0, "152": 0, "153": 0, "154": 0, "155": 0, "156": 0, "157": 0, "158": 0, "159": 0, "163": 0, "164": 0, "165": 0, "168": 0, "169": 0, "170": 0, "171": 0, "172": 0, "173": 0, "174": 0, "175": 0, "179": 0, "180": 0, "181": 0, "184": 0, "185": 0, "186": 0, "187": 0, "188": 0, "189": 0, "190": 0, "191": 0, "195": 0, "196": 0, "197": 0, "200": 0, "201": 0, "202": 0, "203": 0, "204": 0, "205": 0, "206": 0, "207": 0, "211": 0, "212": 0, "213": 0, "214": 0, "216": 0, "223": 0, "224": 0, "225": 0, "226": 0, "230": 0, "237": 0, "239": 0 }, "branchMap": { "0": { "type": "branch", "line": 1, "loc": { "start": { "line": 1, "column": 8807 }, "end": { "line": 240, "column": 24 } }, "locations": [{ "start": { "line": 1, "column": 8807 }, "end": { "line": 240, "column": 24 } }] } }, "b": { "0": [0] }, "fnMap": { "0": { "name": "(empty-report)", "decl": { "start": { "line": 1, "column": 8807 }, "end": { "line": 240, "column": 24 } }, "loc": { "start": { "line": 1, "column": 8807 }, "end": { "line": 240, "column": 24 } }, "line": 1 } }, "f": { "0": 0 } },
    "/home/anatole/Documents/CitadelAI/user/interface/src/pages/Unauthorized.tsx": { "path": "/home/anatole/Documents/CitadelAI/user/interface/src/pages/Unauthorized.tsx", "all": true, "statementMap": { "0": { "start": { "line": 1, "column": 0 }, "end": { "line": 1, "column": 48 } }, "1": { "start": { "line": 2, "column": 0 }, "end": { "line": 2, "column": 97 } }, "2": { "start": { "line": 3, "column": 0 }, "end": { "line": 3, "column": 51 } }, "4": { "start": { "line": 5, "column": 0 }, "end": { "line": 5, "column": 28 } }, "5": { "start": { "line": 6, "column": 0 }, "end": { "line": 6, "column": 10 } }, "6": { "start": { "line": 7, "column": 0 }, "end": { "line": 7, "column": 87 } }, "7": { "start": { "line": 8, "column": 0 }, "end": { "line": 8, "column": 53 } }, "8": { "start": { "line": 9, "column": 0 }, "end": { "line": 9, "column": 54 } }, "9": { "start": { "line": 10, "column": 0 }, "end": { "line": 10, "column": 101 } }, "10": { "start": { "line": 11, "column": 0 }, "end": { "line": 11, "column": 62 } }, "12": { "start": { "line": 13, "column": 0 }, "end": { "line": 13, "column": 88 } }, "13": { "start": { "line": 14, "column": 0 }, "end": { "line": 14, "column": 49 } }, "17": { "start": { "line": 18, "column": 0 }, "end": { "line": 18, "column": 55 } }, "18": { "start": { "line": 19, "column": 0 }, "end": { "line": 19, "column": 37 } }, "19": { "start": { "line": 20, "column": 0 }, "end": { "line": 20, "column": 45 } }, "22": { "start": { "line": 23, "column": 0 }, "end": { "line": 23, "column": 67 } }, "27": { "start": { "line": 28, "column": 0 }, "end": { "line": 28, "column": 37 } }, "28": { "start": { "line": 29, "column": 0 }, "end": { "line": 29, "column": 19 } }, "29": { "start": { "line": 30, "column": 0 }, "end": { "line": 30, "column": 31 } }, "30": { "start": { "line": 31, "column": 0 }, "end": { "line": 31, "column": 50 } }, "31": { "start": { "line": 32, "column": 0 }, "end": { "line": 32, "column": 112 } }, "33": { "start": { "line": 34, "column": 0 }, "end": { "line": 34, "column": 47 } }, "37": { "start": { "line": 38, "column": 0 }, "end": { "line": 38, "column": 19 } }, "38": { "start": { "line": 39, "column": 0 }, "end": { "line": 39, "column": 29 } }, "39": { "start": { "line": 40, "column": 0 }, "end": { "line": 40, "column": 50 } }, "40": { "start": { "line": 41, "column": 0 }, "end": { "line": 41, "column": 56 } }, "41": { "start": { "line": 42, "column": 0 }, "end": { "line": 42, "column": 13 } }, "49": { "start": { "line": 50, "column": 0 }, "end": { "line": 50, "column": 2 } }, "51": { "start": { "line": 52, "column": 0 }, "end": { "line": 52, "column": 28 } } }, "s": { "0": 0, "1": 0, "2": 0, "4": 0, "5": 0, "6": 0, "7": 0, "8": 0, "9": 0, "10": 0, "12": 0, "13": 0, "17": 0, "18": 0, "19": 0, "22": 0, "27": 0, "28": 0, "29": 0, "30": 0, "31": 0, "33": 0, "37": 0, "38": 0, "39": 0, "40": 0, "41": 0, "49": 0, "51": 0 }, "branchMap": { "0": { "type": "branch", "line": 1, "loc": { "start": { "line": 1, "column": 0 }, "end": { "line": 52, "column": -1427 } }, "locations": [{ "start": { "line": 1, "column": 0 }, "end": { "line": 52, "column": -1427 } }] } }, "b": { "0": [0] }, "fnMap": { "0": { "name": "(empty-report)", "decl": { "start": { "line": 1, "column": 0 }, "end": { "line": 52, "column": -1427 } }, "loc": { "start": { "line": 1, "column": 0 }, "end": { "line": 52, "column": -1427 } }, "line": 1 } }, "f": { "0": 0 } }
}