{
    "/home/anatole/Documents/CitadelAI/user/backend/src/index.ts": { "path": "/home/anatole/Documents/CitadelAI/user/backend/src/index.ts", "all": false, "statementMap": { "0": { "start": { "line": 1, "column": 0 }, "end": { "line": 1, "column": 30 } }, "1": { "start": { "line": 2, "column": 0 }, "end": { "line": 2, "column": 24 } }, "2": { "start": { "line": 3, "column": 0 }, "end": { "line": 3, "column": 39 } }, "3": { "start": { "line": 4, "column": 0 }, "end": { "line": 4, "column": 39 } }, "4": { "start": { "line": 5, "column": 0 }, "end": { "line": 5, "column": 45 } }, "6": { "start": { "line": 7, "column": 0 }, "end": { "line": 7, "column": 22 } }, "7": { "start": { "line": 8, "column": 0 }, "end": { "line": 8, "column": 38 } }, "9": { "start": { "line": 10, "column": 0 }, "end": { "line": 10, "column": 16 } }, "10": { "start": { "line": 11, "column": 0 }, "end": { "line": 11, "column": 24 } }, "13": { "start": { "line": 14, "column": 0 }, "end": { "line": 14, "column": 29 } }, "14": { "start": { "line": 15, "column": 0 }, "end": { "line": 15, "column": 72 } }, "15": { "start": { "line": 16, "column": 0 }, "end": { "line": 16, "column": 9 } }, "16": { "start": { "line": 17, "column": 0 }, "end": { "line": 17, "column": 3 } }, "18": { "start": { "line": 19, "column": 0 }, "end": { "line": 19, "column": 33 } }, "19": { "start": { "line": 20, "column": 0 }, "end": { "line": 20, "column": 33 } }, "20": { "start": { "line": 21, "column": 0 }, "end": { "line": 21, "column": 40 } }, "22": { "start": { "line": 23, "column": 0 }, "end": { "line": 23, "column": 28 } }, "23": { "start": { "line": 24, "column": 0 }, "end": { "line": 24, "column": 43 } }, "24": { "start": { "line": 25, "column": 0 }, "end": { "line": 25, "column": 3 } }, "26": { "start": { "line": 27, "column": 0 }, "end": { "line": 27, "column": 38 } }, "27": { "start": { "line": 28, "column": 0 }, "end": { "line": 28, "column": 26 } }, "28": { "start": { "line": 29, "column": 0 }, "end": { "line": 29, "column": 53 } }, "29": { "start": { "line": 30, "column": 0 }, "end": { "line": 30, "column": 5 } }, "30": { "start": { "line": 31, "column": 0 }, "end": { "line": 31, "column": 1 } }, "32": { "start": { "line": 33, "column": 0 }, "end": { "line": 33, "column": 19 } } }, "s": { "0": 1, "1": 1, "2": 1, "3": 1, "4": 1, "6": 1, "7": 1, "9": 1, "10": 1, "13": 1, "14": 31, "15": 31, "16": 31, "18": 1, "19": 1, "20": 1, "22": 1, "23": 0, "24": 0, "26": 1, "27": 0, "28": 0, "29": 0, "30": 0, "32": 1 }, "branchMap": { "0": { "type": "branch", "line": 27, "loc": { "start": { "line": 27, "column": 37 }, "end": { "line": 31, "column": 1 } }, "locations": [{ "start": { "line": 27, "column": 37 }, "end": { "line": 31, "column": 1 } }] }, "1": { "type": "branch", "line": 14, "loc": { "start": { "line": 14, "column": 8 }, "end": { "line": 17, "column": 3 } }, "locations": [{ "start": { "line": 14, "column": 8 }, "end": { "line": 17, "column": 3 } }] } }, "b": { "0": [0], "1": [31] }, "fnMap": {}, "f": {} },
    "/home/anatole/Documents/CitadelAI/user/backend/src/controllers/auth.ts": { "path": "/home/anatole/Documents/CitadelAI/user/backend/src/controllers/auth.ts", "all": false, "statementMap": { "1": { "start": { "line": 2, "column": 0 }, "end": { "line": 2, "column": 46 } }, "2": { "start": { "line": 3, "column": 0 }, "end": { "line": 3, "column": 28 } }, "3": { "start": { "line": 4, "column": 0 }, "end": { "line": 4, "column": 31 } }, "6": { "start": { "line": 7, "column": 0 }, "end": { "line": 7, "column": 34 } }, "7": { "start": { "line": 8, "column": 0 }, "end": { "line": 8, "column": 63 } }, "9": { "start": { "line": 10, "column": 0 }, "end": { "line": 10, "column": 64 } }, "10": { "start": { "line": 11, "column": 0 }, "end": { "line": 11, "column": 45 } }, "12": { "start": { "line": 13, "column": 0 }, "end": { "line": 13, "column": 7 } }, "13": { "start": { "line": 14, "column": 0 }, "end": { "line": 14, "column": 76 } }, "14": { "start": { "line": 15, "column": 0 }, "end": { "line": 15, "column": 23 } }, "15": { "start": { "line": 16, "column": 0 }, "end": { "line": 16, "column": 68 } }, "16": { "start": { "line": 17, "column": 0 }, "end": { "line": 17, "column": 5 } }, "18": { "start": { "line": 19, "column": 0 }, "end": { "line": 19, "column": 59 } }, "19": { "start": { "line": 20, "column": 0 }, "end": { "line": 20, "column": 43 } }, "20": { "start": { "line": 21, "column": 0 }, "end": { "line": 21, "column": 13 } }, "21": { "start": { "line": 22, "column": 0 }, "end": { "line": 22, "column": 14 } }, "22": { "start": { "line": 23, "column": 0 }, "end": { "line": 23, "column": 33 } }, "23": { "start": { "line": 24, "column": 0 }, "end": { "line": 24, "column": 13 } }, "24": { "start": { "line": 25, "column": 0 }, "end": { "line": 25, "column": 8 } }, "25": { "start": { "line": 26, "column": 0 }, "end": { "line": 26, "column": 7 } }, "28": { "start": { "line": 29, "column": 0 }, "end": { "line": 29, "column": 65 } }, "29": { "start": { "line": 30, "column": 0 }, "end": { "line": 30, "column": 14 } }, "30": { "start": { "line": 31, "column": 0 }, "end": { "line": 31, "column": 30 } }, "31": { "start": { "line": 32, "column": 0 }, "end": { "line": 32, "column": 21 } }, "32": { "start": { "line": 33, "column": 0 }, "end": { "line": 33, "column": 8 } }, "33": { "start": { "line": 34, "column": 0 }, "end": { "line": 34, "column": 7 } }, "34": { "start": { "line": 35, "column": 0 }, "end": { "line": 35, "column": 43 } }, "35": { "start": { "line": 36, "column": 0 }, "end": { "line": 36, "column": 41 } }, "36": { "start": { "line": 37, "column": 0 }, "end": { "line": 37, "column": 16 } }, "37": { "start": { "line": 38, "column": 0 }, "end": { "line": 38, "column": 24 } }, "38": { "start": { "line": 39, "column": 0 }, "end": { "line": 39, "column": 10 } }, "39": { "start": { "line": 40, "column": 0 }, "end": { "line": 40, "column": 15 } }, "40": { "start": { "line": 41, "column": 0 }, "end": { "line": 41, "column": 26 } }, "41": { "start": { "line": 42, "column": 0 }, "end": { "line": 42, "column": 10 } }, "42": { "start": { "line": 43, "column": 0 }, "end": { "line": 43, "column": 9 } }, "43": { "start": { "line": 44, "column": 0 }, "end": { "line": 44, "column": 5 } }, "45": { "start": { "line": 46, "column": 0 }, "end": { "line": 46, "column": 100 } }, "46": { "start": { "line": 47, "column": 0 }, "end": { "line": 47, "column": 42 } }, "47": { "start": { "line": 48, "column": 0 }, "end": { "line": 48, "column": 11 } }, "48": { "start": { "line": 49, "column": 0 }, "end": { "line": 49, "column": 59 } }, "49": { "start": { "line": 50, "column": 0 }, "end": { "line": 50, "column": 3 } }, "50": { "start": { "line": 51, "column": 0 }, "end": { "line": 51, "column": 2 } }, "52": { "start": { "line": 53, "column": 0 }, "end": { "line": 53, "column": 61 } }, "53": { "start": { "line": 54, "column": 0 }, "end": { "line": 54, "column": 39 } }, "55": { "start": { "line": 56, "column": 0 }, "end": { "line": 56, "column": 7 } }, "56": { "start": { "line": 57, "column": 0 }, "end": { "line": 57, "column": 68 } }, "57": { "start": { "line": 58, "column": 0 }, "end": { "line": 58, "column": 16 } }, "58": { "start": { "line": 59, "column": 0 }, "end": { "line": 59, "column": 68 } }, "59": { "start": { "line": 60, "column": 0 }, "end": { "line": 60, "column": 5 } }, "61": { "start": { "line": 62, "column": 0 }, "end": { "line": 62, "column": 74 } }, "62": { "start": { "line": 63, "column": 0 }, "end": { "line": 63, "column": 27 } }, "63": { "start": { "line": 64, "column": 0 }, "end": { "line": 64, "column": 68 } }, "64": { "start": { "line": 65, "column": 0 }, "end": { "line": 65, "column": 5 } }, "66": { "start": { "line": 67, "column": 0 }, "end": { "line": 67, "column": 100 } }, "67": { "start": { "line": 68, "column": 0 }, "end": { "line": 68, "column": 30 } }, "68": { "start": { "line": 69, "column": 0 }, "end": { "line": 69, "column": 11 } }, "69": { "start": { "line": 70, "column": 0 }, "end": { "line": 70, "column": 60 } }, "70": { "start": { "line": 71, "column": 0 }, "end": { "line": 71, "column": 3 } }, "71": { "start": { "line": 72, "column": 0 }, "end": { "line": 72, "column": 2 } }, "73": { "start": { "line": 74, "column": 0 }, "end": { "line": 74, "column": 56 } }, "76": { "start": { "line": 77, "column": 0 }, "end": { "line": 77, "column": 63 } }, "77": { "start": { "line": 78, "column": 0 }, "end": { "line": 78, "column": 2 } }, "79": { "start": { "line": 80, "column": 0 }, "end": { "line": 80, "column": 65 } }, "80": { "start": { "line": 81, "column": 0 }, "end": { "line": 81, "column": 30 } }, "82": { "start": { "line": 83, "column": 0 }, "end": { "line": 83, "column": 16 } }, "83": { "start": { "line": 84, "column": 0 }, "end": { "line": 84, "column": 59 } }, "84": { "start": { "line": 85, "column": 0 }, "end": { "line": 85, "column": 3 } }, "86": { "start": { "line": 87, "column": 0 }, "end": { "line": 87, "column": 7 } }, "87": { "start": { "line": 88, "column": 0 }, "end": { "line": 88, "column": 47 } }, "88": { "start": { "line": 89, "column": 0 }, "end": { "line": 89, "column": 28 } }, "89": { "start": { "line": 90, "column": 0 }, "end": { "line": 90, "column": 15 } }, "90": { "start": { "line": 91, "column": 0 }, "end": { "line": 91, "column": 17 } }, "91": { "start": { "line": 92, "column": 0 }, "end": { "line": 92, "column": 20 } }, "92": { "start": { "line": 93, "column": 0 }, "end": { "line": 93, "column": 19 } }, "93": { "start": { "line": 94, "column": 0 }, "end": { "line": 94, "column": 24 } }, "94": { "start": { "line": 95, "column": 0 }, "end": { "line": 95, "column": 24 } }, "95": { "start": { "line": 96, "column": 0 }, "end": { "line": 96, "column": 8 } }, "96": { "start": { "line": 97, "column": 0 }, "end": { "line": 97, "column": 7 } }, "97": { "start": { "line": 98, "column": 0 }, "end": { "line": 98, "column": 19 } }, "98": { "start": { "line": 99, "column": 0 }, "end": { "line": 99, "column": 19 } }, "99": { "start": { "line": 100, "column": 0 }, "end": { "line": 100, "column": 25 } }, "100": { "start": { "line": 101, "column": 0 }, "end": { "line": 101, "column": 60 } }, "101": { "start": { "line": 102, "column": 0 }, "end": { "line": 102, "column": 3 } }, "102": { "start": { "line": 103, "column": 0 }, "end": { "line": 103, "column": 2 } } }, "s": { "1": 1, "2": 1, "3": 1, "6": 1, "7": 1, "9": 1, "10": 2, "12": 2, "13": 2, "14": 2, "15": 1, "16": 1, "18": 1, "19": 1, "20": 1, "21": 1, "22": 1, "23": 1, "24": 1, "25": 1, "28": 1, "29": 1, "30": 1, "31": 1, "32": 1, "33": 1, "34": 2, "35": 0, "36": 0, "37": 0, "38": 0, "39": 0, "40": 0, "41": 0, "42": 0, "43": 0, "45": 1, "46": 1, "47": 2, "48": 0, "49": 0, "50": 2, "52": 1, "53": 3, "55": 3, "56": 3, "57": 3, "58": 1, "59": 1, "61": 2, "62": 3, "63": 1, "64": 1, "66": 1, "67": 1, "68": 3, "69": 0, "70": 0, "71": 3, "73": 1, "76": 1, "77": 1, "79": 1, "80": 1, "82": 1, "83": 0, "84": 0, "86": 1, "87": 1, "88": 1, "89": 1, "90": 1, "91": 1, "92": 1, "93": 1, "94": 1, "95": 1, "96": 1, "97": 1, "98": 1, "99": 0, "100": 0, "101": 0, "102": 1 }, "branchMap": { "0": { "type": "branch", "line": 10, "loc": { "start": { "line": 10, "column": 24 }, "end": { "line": 51, "column": 2 } }, "locations": [{ "start": { "line": 10, "column": 24 }, "end": { "line": 51, "column": 2 } }] }, "1": { "type": "branch", "line": 15, "loc": { "start": { "line": 15, "column": 22 }, "end": { "line": 35, "column": 42 } }, "locations": [{ "start": { "line": 15, "column": 22 }, "end": { "line": 35, "column": 42 } }] }, "2": { "type": "branch", "line": 35, "loc": { "start": { "line": 35, "column": 42 }, "end": { "line": 44, "column": 5 } }, "locations": [{ "start": { "line": 35, "column": 42 }, "end": { "line": 44, "column": 5 } }] }, "3": { "type": "branch", "line": 44, "loc": { "start": { "line": 44, "column": 4 }, "end": { "line": 48, "column": 10 } }, "locations": [{ "start": { "line": 44, "column": 4 }, "end": { "line": 48, "column": 10 } }] }, "4": { "type": "branch", "line": 48, "loc": { "start": { "line": 48, "column": 2 }, "end": { "line": 50, "column": 3 } }, "locations": [{ "start": { "line": 48, "column": 2 }, "end": { "line": 50, "column": 3 } }] }, "5": { "type": "branch", "line": 53, "loc": { "start": { "line": 53, "column": 21 }, "end": { "line": 72, "column": 2 } }, "locations": [{ "start": { "line": 53, "column": 21 }, "end": { "line": 72, "column": 2 } }] }, "6": { "type": "branch", "line": 58, "loc": { "start": { "line": 58, "column": 15 }, "end": { "line": 60, "column": 5 } }, "locations": [{ "start": { "line": 58, "column": 15 }, "end": { "line": 60, "column": 5 } }] }, "7": { "type": "branch", "line": 60, "loc": { "start": { "line": 60, "column": 4 }, "end": { "line": 63, "column": 26 } }, "locations": [{ "start": { "line": 60, "column": 4 }, "end": { "line": 63, "column": 26 } }] }, "8": { "type": "branch", "line": 63, "loc": { "start": { "line": 63, "column": 26 }, "end": { "line": 69, "column": 10 } }, "locations": [{ "start": { "line": 63, "column": 26 }, "end": { "line": 69, "column": 10 } }] }, "9": { "type": "branch", "line": 69, "loc": { "start": { "line": 69, "column": 2 }, "end": { "line": 71, "column": 3 } }, "locations": [{ "start": { "line": 69, "column": 2 }, "end": { "line": 71, "column": 3 } }] }, "10": { "type": "branch", "line": 74, "loc": { "start": { "line": 74, "column": 22 }, "end": { "line": 78, "column": 2 } }, "locations": [{ "start": { "line": 74, "column": 22 }, "end": { "line": 78, "column": 2 } }] }, "11": { "type": "branch", "line": 80, "loc": { "start": { "line": 80, "column": 21 }, "end": { "line": 103, "column": 2 } }, "locations": [{ "start": { "line": 80, "column": 21 }, "end": { "line": 103, "column": 2 } }] }, "12": { "type": "branch", "line": 83, "loc": { "start": { "line": 83, "column": 15 }, "end": { "line": 85, "column": 3 } }, "locations": [{ "start": { "line": 83, "column": 15 }, "end": { "line": 85, "column": 3 } }] }, "13": { "type": "branch", "line": 99, "loc": { "start": { "line": 99, "column": 2 }, "end": { "line": 102, "column": 3 } }, "locations": [{ "start": { "line": 99, "column": 2 }, "end": { "line": 102, "column": 3 } }] } }, "b": { "0": [2], "1": [1], "2": [0], "3": [1], "4": [0], "5": [3], "6": [1], "7": [2], "8": [1], "9": [0], "10": [1], "11": [1], "12": [0], "13": [0] }, "fnMap": { "0": { "name": "register", "decl": { "start": { "line": 10, "column": 24 }, "end": { "line": 51, "column": 2 } }, "loc": { "start": { "line": 10, "column": 24 }, "end": { "line": 51, "column": 2 } }, "line": 10 }, "1": { "name": "login", "decl": { "start": { "line": 53, "column": 21 }, "end": { "line": 72, "column": 2 } }, "loc": { "start": { "line": 53, "column": 21 }, "end": { "line": 72, "column": 2 } }, "line": 53 }, "2": { "name": "logout", "decl": { "start": { "line": 74, "column": 22 }, "end": { "line": 78, "column": 2 } }, "loc": { "start": { "line": 74, "column": 22 }, "end": { "line": 78, "column": 2 } }, "line": 74 }, "3": { "name": "getMe", "decl": { "start": { "line": 80, "column": 21 }, "end": { "line": 103, "column": 2 } }, "loc": { "start": { "line": 80, "column": 21 }, "end": { "line": 103, "column": 2 } }, "line": 80 } }, "f": { "0": 2, "1": 3, "2": 1, "3": 1 } },
    "/home/anatole/Documents/CitadelAI/user/backend/src/controllers/chat.ts": { "path": "/home/anatole/Documents/CitadelAI/user/backend/src/controllers/chat.ts", "all": false, "statementMap": { "1": { "start": { "line": 2, "column": 0 }, "end": { "line": 2, "column": 57 } }, "3": { "start": { "line": 4, "column": 0 }, "end": { "line": 4, "column": 54 } }, "5": { "start": { "line": 6, "column": 0 }, "end": { "line": 6, "column": 34 } }, "7": { "start": { "line": 8, "column": 0 }, "end": { "line": 8, "column": 67 } }, "8": { "start": { "line": 9, "column": 0 }, "end": { "line": 9, "column": 46 } }, "9": { "start": { "line": 10, "column": 0 }, "end": { "line": 10, "column": 30 } }, "11": { "start": { "line": 12, "column": 0 }, "end": { "line": 12, "column": 16 } }, "12": { "start": { "line": 13, "column": 0 }, "end": { "line": 13, "column": 59 } }, "13": { "start": { "line": 14, "column": 0 }, "end": { "line": 14, "column": 3 } }, "15": { "start": { "line": 16, "column": 0 }, "end": { "line": 16, "column": 7 } }, "16": { "start": { "line": 17, "column": 0 }, "end": { "line": 17, "column": 47 } }, "17": { "start": { "line": 18, "column": 0 }, "end": { "line": 18, "column": 28 } }, "18": { "start": { "line": 19, "column": 0 }, "end": { "line": 19, "column": 7 } }, "20": { "start": { "line": 21, "column": 0 }, "end": { "line": 21, "column": 108 } }, "21": { "start": { "line": 22, "column": 0 }, "end": { "line": 22, "column": 42 } }, "24": { "start": { "line": 25, "column": 0 }, "end": { "line": 25, "column": 20 } }, "25": { "start": { "line": 26, "column": 0 }, "end": { "line": 26, "column": 24 } }, "26": { "start": { "line": 27, "column": 0 }, "end": { "line": 27, "column": 90 } }, "27": { "start": { "line": 28, "column": 0 }, "end": { "line": 28, "column": 5 } }, "29": { "start": { "line": 30, "column": 0 }, "end": { "line": 30, "column": 23 } }, "30": { "start": { "line": 31, "column": 0 }, "end": { "line": 31, "column": 53 } }, "31": { "start": { "line": 32, "column": 0 }, "end": { "line": 32, "column": 15 } }, "32": { "start": { "line": 33, "column": 0 }, "end": { "line": 33, "column": 17 } }, "33": { "start": { "line": 34, "column": 0 }, "end": { "line": 34, "column": 20 } }, "34": { "start": { "line": 35, "column": 0 }, "end": { "line": 35, "column": 10 } }, "35": { "start": { "line": 36, "column": 0 }, "end": { "line": 36, "column": 9 } }, "36": { "start": { "line": 37, "column": 0 }, "end": { "line": 37, "column": 5 } }, "39": { "start": { "line": 40, "column": 0 }, "end": { "line": 40, "column": 37 } }, "40": { "start": { "line": 41, "column": 0 }, "end": { "line": 41, "column": 13 } }, "41": { "start": { "line": 42, "column": 0 }, "end": { "line": 42, "column": 38 } }, "42": { "start": { "line": 43, "column": 0 }, "end": { "line": 43, "column": 21 } }, "43": { "start": { "line": 44, "column": 0 }, "end": { "line": 44, "column": 25 } }, "44": { "start": { "line": 45, "column": 0 }, "end": { "line": 45, "column": 8 } }, "45": { "start": { "line": 46, "column": 0 }, "end": { "line": 46, "column": 7 } }, "48": { "start": { "line": 49, "column": 0 }, "end": { "line": 49, "column": 55 } }, "49": { "start": { "line": 50, "column": 0 }, "end": { "line": 50, "column": 47 } }, "50": { "start": { "line": 51, "column": 0 }, "end": { "line": 51, "column": 36 } }, "51": { "start": { "line": 52, "column": 0 }, "end": { "line": 52, "column": 7 } }, "54": { "start": { "line": 55, "column": 0 }, "end": { "line": 55, "column": 60 } }, "55": { "start": { "line": 56, "column": 0 }, "end": { "line": 56, "column": 14 } }, "56": { "start": { "line": 57, "column": 0 }, "end": { "line": 57, "column": 29 } }, "57": { "start": { "line": 58, "column": 0 }, "end": { "line": 58, "column": 30 } }, "58": { "start": { "line": 59, "column": 0 }, "end": { "line": 59, "column": 33 } }, "59": { "start": { "line": 60, "column": 0 }, "end": { "line": 60, "column": 8 } }, "60": { "start": { "line": 61, "column": 0 }, "end": { "line": 61, "column": 7 } }, "61": { "start": { "line": 62, "column": 0 }, "end": { "line": 62, "column": 59 } }, "63": { "start": { "line": 64, "column": 0 }, "end": { "line": 64, "column": 134 } }, "64": { "start": { "line": 65, "column": 0 }, "end": { "line": 65, "column": 48 } }, "67": { "start": { "line": 68, "column": 0 }, "end": { "line": 68, "column": 85 } }, "69": { "start": { "line": 70, "column": 0 }, "end": { "line": 70, "column": 62 } }, "70": { "start": { "line": 71, "column": 0 }, "end": { "line": 71, "column": 13 } }, "71": { "start": { "line": 72, "column": 0 }, "end": { "line": 72, "column": 38 } }, "72": { "start": { "line": 73, "column": 0 }, "end": { "line": 73, "column": 26 } }, "73": { "start": { "line": 74, "column": 0 }, "end": { "line": 74, "column": 35 } }, "74": { "start": { "line": 75, "column": 0 }, "end": { "line": 75, "column": 8 } }, "75": { "start": { "line": 76, "column": 0 }, "end": { "line": 76, "column": 7 } }, "77": { "start": { "line": 78, "column": 0 }, "end": { "line": 78, "column": 14 } }, "78": { "start": { "line": 79, "column": 0 }, "end": { "line": 79, "column": 40 } }, "79": { "start": { "line": 80, "column": 0 }, "end": { "line": 80, "column": 20 } }, "80": { "start": { "line": 81, "column": 0 }, "end": { "line": 81, "column": 36 } }, "81": { "start": { "line": 82, "column": 0 }, "end": { "line": 82, "column": 7 } }, "82": { "start": { "line": 83, "column": 0 }, "end": { "line": 83, "column": 19 } }, "83": { "start": { "line": 84, "column": 0 }, "end": { "line": 84, "column": 25 } }, "84": { "start": { "line": 85, "column": 0 }, "end": { "line": 85, "column": 60 } }, "85": { "start": { "line": 86, "column": 0 }, "end": { "line": 86, "column": 3 } }, "86": { "start": { "line": 87, "column": 0 }, "end": { "line": 87, "column": 2 } }, "88": { "start": { "line": 89, "column": 0 }, "end": { "line": 89, "column": 70 } }, "89": { "start": { "line": 90, "column": 0 }, "end": { "line": 90, "column": 34 } }, "90": { "start": { "line": 91, "column": 0 }, "end": { "line": 91, "column": 30 } }, "92": { "start": { "line": 93, "column": 0 }, "end": { "line": 93, "column": 16 } }, "93": { "start": { "line": 94, "column": 0 }, "end": { "line": 94, "column": 59 } }, "94": { "start": { "line": 95, "column": 0 }, "end": { "line": 95, "column": 3 } }, "96": { "start": { "line": 97, "column": 0 }, "end": { "line": 97, "column": 7 } }, "97": { "start": { "line": 98, "column": 0 }, "end": { "line": 98, "column": 56 } }, "98": { "start": { "line": 99, "column": 0 }, "end": { "line": 99, "column": 14 } }, "99": { "start": { "line": 100, "column": 0 }, "end": { "line": 100, "column": 43 } }, "100": { "start": { "line": 101, "column": 0 }, "end": { "line": 101, "column": 22 } }, "101": { "start": { "line": 102, "column": 0 }, "end": { "line": 102, "column": 17 } }, "102": { "start": { "line": 103, "column": 0 }, "end": { "line": 103, "column": 10 } }, "103": { "start": { "line": 104, "column": 0 }, "end": { "line": 104, "column": 8 } }, "104": { "start": { "line": 105, "column": 0 }, "end": { "line": 105, "column": 16 } }, "105": { "start": { "line": 106, "column": 0 }, "end": { "line": 106, "column": 25 } }, "106": { "start": { "line": 107, "column": 0 }, "end": { "line": 107, "column": 8 } }, "107": { "start": { "line": 108, "column": 0 }, "end": { "line": 108, "column": 7 } }, "108": { "start": { "line": 109, "column": 0 }, "end": { "line": 109, "column": 23 } }, "109": { "start": { "line": 110, "column": 0 }, "end": { "line": 110, "column": 19 } }, "110": { "start": { "line": 111, "column": 0 }, "end": { "line": 111, "column": 25 } }, "111": { "start": { "line": 112, "column": 0 }, "end": { "line": 112, "column": 60 } }, "112": { "start": { "line": 113, "column": 0 }, "end": { "line": 113, "column": 3 } }, "113": { "start": { "line": 114, "column": 0 }, "end": { "line": 114, "column": 2 } }, "115": { "start": { "line": 116, "column": 0 }, "end": { "line": 116, "column": 75 } }, "116": { "start": { "line": 117, "column": 0 }, "end": { "line": 117, "column": 30 } }, "118": { "start": { "line": 119, "column": 0 }, "end": { "line": 119, "column": 16 } }, "119": { "start": { "line": 120, "column": 0 }, "end": { "line": 120, "column": 59 } }, "120": { "start": { "line": 121, "column": 0 }, "end": { "line": 121, "column": 3 } }, "122": { "start": { "line": 123, "column": 0 }, "end": { "line": 123, "column": 7 } }, "123": { "start": { "line": 124, "column": 0 }, "end": { "line": 124, "column": 60 } }, "124": { "start": { "line": 125, "column": 0 }, "end": { "line": 125, "column": 14 } }, "125": { "start": { "line": 126, "column": 0 }, "end": { "line": 126, "column": 15 } }, "126": { "start": { "line": 127, "column": 0 }, "end": { "line": 127, "column": 8 } }, "127": { "start": { "line": 128, "column": 0 }, "end": { "line": 128, "column": 16 } }, "128": { "start": { "line": 129, "column": 0 }, "end": { "line": 129, "column": 26 } }, "129": { "start": { "line": 130, "column": 0 }, "end": { "line": 130, "column": 8 } }, "130": { "start": { "line": 131, "column": 0 }, "end": { "line": 131, "column": 7 } }, "131": { "start": { "line": 132, "column": 0 }, "end": { "line": 132, "column": 27 } }, "132": { "start": { "line": 133, "column": 0 }, "end": { "line": 133, "column": 19 } }, "133": { "start": { "line": 134, "column": 0 }, "end": { "line": 134, "column": 25 } }, "134": { "start": { "line": 135, "column": 0 }, "end": { "line": 135, "column": 60 } }, "135": { "start": { "line": 136, "column": 0 }, "end": { "line": 136, "column": 3 } }, "136": { "start": { "line": 137, "column": 0 }, "end": { "line": 137, "column": 2 } }, "138": { "start": { "line": 139, "column": 0 }, "end": { "line": 139, "column": 77 } }, "139": { "start": { "line": 140, "column": 0 }, "end": { "line": 140, "column": 30 } }, "141": { "start": { "line": 142, "column": 0 }, "end": { "line": 142, "column": 16 } }, "142": { "start": { "line": 143, "column": 0 }, "end": { "line": 143, "column": 59 } }, "143": { "start": { "line": 144, "column": 0 }, "end": { "line": 144, "column": 3 } }, "145": { "start": { "line": 146, "column": 0 }, "end": { "line": 146, "column": 7 } }, "146": { "start": { "line": 147, "column": 0 }, "end": { "line": 147, "column": 47 } }, "147": { "start": { "line": 148, "column": 0 }, "end": { "line": 148, "column": 28 } }, "148": { "start": { "line": 149, "column": 0 }, "end": { "line": 149, "column": 7 } }, "150": { "start": { "line": 151, "column": 0 }, "end": { "line": 151, "column": 108 } }, "152": { "start": { "line": 153, "column": 0 }, "end": { "line": 153, "column": 60 } }, "153": { "start": { "line": 154, "column": 0 }, "end": { "line": 154, "column": 13 } }, "154": { "start": { "line": 155, "column": 0 }, "end": { "line": 155, "column": 15 } }, "155": { "start": { "line": 156, "column": 0 }, "end": { "line": 156, "column": 18 } }, "156": { "start": { "line": 157, "column": 0 }, "end": { "line": 157, "column": 26 } }, "157": { "start": { "line": 158, "column": 0 }, "end": { "line": 158, "column": 8 } }, "158": { "start": { "line": 159, "column": 0 }, "end": { "line": 159, "column": 7 } }, "159": { "start": { "line": 160, "column": 0 }, "end": { "line": 160, "column": 29 } }, "160": { "start": { "line": 161, "column": 0 }, "end": { "line": 161, "column": 19 } }, "161": { "start": { "line": 162, "column": 0 }, "end": { "line": 162, "column": 25 } }, "162": { "start": { "line": 163, "column": 0 }, "end": { "line": 163, "column": 60 } }, "163": { "start": { "line": 164, "column": 0 }, "end": { "line": 164, "column": 3 } }, "164": { "start": { "line": 165, "column": 0 }, "end": { "line": 165, "column": 2 } }, "166": { "start": { "line": 167, "column": 0 }, "end": { "line": 167, "column": 73 } }, "167": { "start": { "line": 168, "column": 0 }, "end": { "line": 168, "column": 30 } }, "168": { "start": { "line": 169, "column": 0 }, "end": { "line": 169, "column": 28 } }, "170": { "start": { "line": 171, "column": 0 }, "end": { "line": 171, "column": 16 } }, "171": { "start": { "line": 172, "column": 0 }, "end": { "line": 172, "column": 59 } }, "172": { "start": { "line": 173, "column": 0 }, "end": { "line": 173, "column": 3 } }, "174": { "start": { "line": 175, "column": 0 }, "end": { "line": 175, "column": 7 } }, "175": { "start": { "line": 176, "column": 0 }, "end": { "line": 176, "column": 60 } }, "176": { "start": { "line": 177, "column": 0 }, "end": { "line": 177, "column": 14 } }, "177": { "start": { "line": 178, "column": 0 }, "end": { "line": 178, "column": 11 } }, "178": { "start": { "line": 179, "column": 0 }, "end": { "line": 179, "column": 15 } }, "179": { "start": { "line": 180, "column": 0 }, "end": { "line": 180, "column": 8 } }, "180": { "start": { "line": 181, "column": 0 }, "end": { "line": 181, "column": 16 } }, "181": { "start": { "line": 182, "column": 0 }, "end": { "line": 182, "column": 23 } }, "182": { "start": { "line": 183, "column": 0 }, "end": { "line": 183, "column": 20 } }, "183": { "start": { "line": 184, "column": 0 }, "end": { "line": 184, "column": 29 } }, "184": { "start": { "line": 185, "column": 0 }, "end": { "line": 185, "column": 12 } }, "185": { "start": { "line": 186, "column": 0 }, "end": { "line": 186, "column": 18 } }, "186": { "start": { "line": 187, "column": 0 }, "end": { "line": 187, "column": 10 } }, "187": { "start": { "line": 188, "column": 0 }, "end": { "line": 188, "column": 8 } }, "188": { "start": { "line": 189, "column": 0 }, "end": { "line": 189, "column": 7 } }, "190": { "start": { "line": 191, "column": 0 }, "end": { "line": 191, "column": 64 } }, "191": { "start": { "line": 192, "column": 0 }, "end": { "line": 192, "column": 90 } }, "192": { "start": { "line": 193, "column": 0 }, "end": { "line": 193, "column": 5 } }, "194": { "start": { "line": 195, "column": 0 }, "end": { "line": 195, "column": 61 } }, "195": { "start": { "line": 196, "column": 0 }, "end": { "line": 196, "column": 149 } }, "197": { "start": { "line": 198, "column": 0 }, "end": { "line": 198, "column": 73 } }, "199": { "start": { "line": 200, "column": 0 }, "end": { "line": 200, "column": 64 } }, "200": { "start": { "line": 201, "column": 0 }, "end": { "line": 201, "column": 14 } }, "201": { "start": { "line": 202, "column": 0 }, "end": { "line": 202, "column": 11 } }, "202": { "start": { "line": 203, "column": 0 }, "end": { "line": 203, "column": 8 } }, "203": { "start": { "line": 204, "column": 0 }, "end": { "line": 204, "column": 13 } }, "204": { "start": { "line": 205, "column": 0 }, "end": { "line": 205, "column": 81 } }, "205": { "start": { "line": 206, "column": 0 }, "end": { "line": 206, "column": 8 } }, "206": { "start": { "line": 207, "column": 0 }, "end": { "line": 207, "column": 7 } }, "208": { "start": { "line": 209, "column": 0 }, "end": { "line": 209, "column": 33 } }, "209": { "start": { "line": 210, "column": 0 }, "end": { "line": 210, "column": 19 } }, "210": { "start": { "line": 211, "column": 0 }, "end": { "line": 211, "column": 25 } }, "211": { "start": { "line": 212, "column": 0 }, "end": { "line": 212, "column": 60 } }, "212": { "start": { "line": 213, "column": 0 }, "end": { "line": 213, "column": 3 } }, "213": { "start": { "line": 214, "column": 0 }, "end": { "line": 214, "column": 2 } }, "215": { "start": { "line": 216, "column": 0 }, "end": { "line": 216, "column": 77 } }, "216": { "start": { "line": 217, "column": 0 }, "end": { "line": 217, "column": 30 } }, "217": { "start": { "line": 218, "column": 0 }, "end": { "line": 218, "column": 28 } }, "219": { "start": { "line": 220, "column": 0 }, "end": { "line": 220, "column": 16 } }, "220": { "start": { "line": 221, "column": 0 }, "end": { "line": 221, "column": 59 } }, "221": { "start": { "line": 222, "column": 0 }, "end": { "line": 222, "column": 3 } }, "223": { "start": { "line": 224, "column": 0 }, "end": { "line": 224, "column": 7 } }, "224": { "start": { "line": 225, "column": 0 }, "end": { "line": 225, "column": 41 } }, "225": { "start": { "line": 226, "column": 0 }, "end": { "line": 226, "column": 14 } }, "226": { "start": { "line": 227, "column": 0 }, "end": { "line": 227, "column": 26 } }, "227": { "start": { "line": 228, "column": 0 }, "end": { "line": 228, "column": 22 } }, "228": { "start": { "line": 229, "column": 0 }, "end": { "line": 229, "column": 17 } }, "229": { "start": { "line": 230, "column": 0 }, "end": { "line": 230, "column": 10 } }, "230": { "start": { "line": 231, "column": 0 }, "end": { "line": 231, "column": 8 } }, "231": { "start": { "line": 232, "column": 0 }, "end": { "line": 232, "column": 7 } }, "233": { "start": { "line": 234, "column": 0 }, "end": { "line": 234, "column": 37 } }, "234": { "start": { "line": 235, "column": 0 }, "end": { "line": 235, "column": 14 } }, "235": { "start": { "line": 236, "column": 0 }, "end": { "line": 236, "column": 11 } }, "236": { "start": { "line": 237, "column": 0 }, "end": { "line": 237, "column": 15 } }, "237": { "start": { "line": 238, "column": 0 }, "end": { "line": 238, "column": 8 } }, "238": { "start": { "line": 239, "column": 0 }, "end": { "line": 239, "column": 7 } }, "240": { "start": { "line": 241, "column": 0 }, "end": { "line": 241, "column": 27 } }, "241": { "start": { "line": 242, "column": 0 }, "end": { "line": 242, "column": 19 } }, "242": { "start": { "line": 243, "column": 0 }, "end": { "line": 243, "column": 25 } }, "243": { "start": { "line": 244, "column": 0 }, "end": { "line": 244, "column": 60 } }, "244": { "start": { "line": 245, "column": 0 }, "end": { "line": 245, "column": 3 } }, "245": { "start": { "line": 246, "column": 0 }, "end": { "line": 246, "column": 2 } } }, "s": { "1": 1, "3": 1, "5": 1, "7": 1, "8": 3, "9": 3, "11": 3, "12": 0, "13": 0, "15": 3, "16": 3, "17": 3, "18": 3, "20": 3, "21": 3, "24": 3, "25": 3, "26": 1, "27": 1, "29": 3, "30": 1, "31": 1, "32": 1, "33": 1, "34": 1, "35": 1, "36": 1, "39": 2, "40": 2, "41": 2, "42": 2, "43": 2, "44": 2, "45": 2, "48": 2, "49": 2, "50": 2, "51": 2, "54": 2, "55": 2, "56": 2, "57": 2, "58": 2, "59": 2, "60": 2, "61": 2, "63": 3, "64": 3, "67": 3, "69": 2, "70": 2, "71": 2, "72": 2, "73": 2, "74": 2, "75": 2, "77": 2, "78": 2, "79": 2, "80": 2, "81": 2, "82": 3, "83": 1, "84": 1, "85": 1, "86": 3, "88": 1, "89": 2, "90": 2, "92": 2, "93": 0, "94": 0, "96": 2, "97": 2, "98": 2, "99": 2, "100": 2, "101": 2, "102": 2, "103": 2, "104": 2, "105": 2, "106": 2, "107": 2, "108": 1, "109": 1, "110": 1, "111": 1, "112": 1, "113": 2, "115": 1, "116": 2, "118": 2, "119": 0, "120": 0, "122": 2, "123": 2, "124": 2, "125": 2, "126": 2, "127": 2, "128": 2, "129": 2, "130": 2, "131": 1, "132": 1, "133": 1, "134": 1, "135": 1, "136": 2, "138": 1, "139": 2, "141": 2, "142": 0, "143": 0, "145": 2, "146": 2, "147": 2, "148": 2, "150": 2, "152": 2, "153": 2, "154": 2, "155": 2, "156": 2, "157": 2, "158": 2, "159": 1, "160": 1, "161": 1, "162": 1, "163": 1, "164": 2, "166": 1, "167": 3, "168": 3, "170": 3, "171": 0, "172": 0, "174": 3, "175": 3, "176": 3, "177": 3, "178": 3, "179": 3, "180": 3, "181": 3, "182": 3, "183": 3, "184": 3, "185": 3, "186": 3, "187": 3, "188": 3, "190": 3, "191": 1, "192": 1, "194": 1, "195": 1, "197": 1, "199": 1, "200": 1, "201": 1, "202": 1, "203": 1, "204": 1, "205": 1, "206": 1, "208": 1, "209": 1, "210": 1, "211": 1, "212": 1, "213": 3, "215": 1, "216": 2, "217": 2, "219": 2, "220": 0, "221": 0, "223": 2, "224": 2, "225": 2, "226": 2, "227": 2, "228": 2, "229": 2, "230": 2, "231": 2, "233": 1, "234": 1, "235": 1, "236": 1, "237": 1, "238": 1, "240": 1, "241": 1, "242": 1, "243": 1, "244": 1, "245": 2 }, "branchMap": { "0": { "type": "branch", "line": 8, "loc": { "start": { "line": 8, "column": 23 }, "end": { "line": 87, "column": 2 } }, "locations": [{ "start": { "line": 8, "column": 23 }, "end": { "line": 87, "column": 2 } }] }, "1": { "type": "branch", "line": 12, "loc": { "start": { "line": 12, "column": 15 }, "end": { "line": 14, "column": 3 } }, "locations": [{ "start": { "line": 12, "column": 15 }, "end": { "line": 14, "column": 3 } }] }, "2": { "type": "branch", "line": 19, "loc": { "start": { "line": 19, "column": 5 }, "end": { "line": 21, "column": 48 } }, "locations": [{ "start": { "line": 19, "column": 5 }, "end": { "line": 21, "column": 48 } }] }, "3": { "type": "branch", "line": 21, "loc": { "start": { "line": 21, "column": 28 }, "end": { "line": 21, "column": 108 } }, "locations": [{ "start": { "line": 21, "column": 28 }, "end": { "line": 21, "column": 108 } }] }, "4": { "type": "branch", "line": 26, "loc": { "start": { "line": 26, "column": 23 }, "end": { "line": 28, "column": 5 } }, "locations": [{ "start": { "line": 26, "column": 23 }, "end": { "line": 28, "column": 5 } }] }, "5": { "type": "branch", "line": 28, "loc": { "start": { "line": 28, "column": 4 }, "end": { "line": 30, "column": 22 } }, "locations": [{ "start": { "line": 28, "column": 4 }, "end": { "line": 30, "column": 22 } }] }, "6": { "type": "branch", "line": 30, "loc": { "start": { "line": 30, "column": 22 }, "end": { "line": 37, "column": 5 } }, "locations": [{ "start": { "line": 30, "column": 22 }, "end": { "line": 37, "column": 5 } }] }, "7": { "type": "branch", "line": 37, "loc": { "start": { "line": 37, "column": 4 }, "end": { "line": 64, "column": 102 } }, "locations": [{ "start": { "line": 37, "column": 4 }, "end": { "line": 64, "column": 102 } }] }, "8": { "type": "branch", "line": 64, "loc": { "start": { "line": 64, "column": 92 }, "end": { "line": 64, "column": 132 } }, "locations": [{ "start": { "line": 64, "column": 92 }, "end": { "line": 64, "column": 132 } }] }, "9": { "type": "branch", "line": 68, "loc": { "start": { "line": 68, "column": 83 }, "end": { "line": 83, "column": 11 } }, "locations": [{ "start": { "line": 68, "column": 83 }, "end": { "line": 83, "column": 11 } }] }, "10": { "type": "branch", "line": 83, "loc": { "start": { "line": 83, "column": 2 }, "end": { "line": 86, "column": 3 } }, "locations": [{ "start": { "line": 83, "column": 2 }, "end": { "line": 86, "column": 3 } }] }, "11": { "type": "branch", "line": 89, "loc": { "start": { "line": 89, "column": 26 }, "end": { "line": 114, "column": 2 } }, "locations": [{ "start": { "line": 89, "column": 26 }, "end": { "line": 114, "column": 2 } }] }, "12": { "type": "branch", "line": 93, "loc": { "start": { "line": 93, "column": 15 }, "end": { "line": 95, "column": 3 } }, "locations": [{ "start": { "line": 93, "column": 15 }, "end": { "line": 95, "column": 3 } }] }, "13": { "type": "branch", "line": 108, "loc": { "start": { "line": 108, "column": 5 }, "end": { "line": 113, "column": 3 } }, "locations": [{ "start": { "line": 108, "column": 5 }, "end": { "line": 113, "column": 3 } }] }, "14": { "type": "branch", "line": 116, "loc": { "start": { "line": 116, "column": 31 }, "end": { "line": 137, "column": 2 } }, "locations": [{ "start": { "line": 116, "column": 31 }, "end": { "line": 137, "column": 2 } }] }, "15": { "type": "branch", "line": 119, "loc": { "start": { "line": 119, "column": 15 }, "end": { "line": 121, "column": 3 } }, "locations": [{ "start": { "line": 119, "column": 15 }, "end": { "line": 121, "column": 3 } }] }, "16": { "type": "branch", "line": 131, "loc": { "start": { "line": 131, "column": 5 }, "end": { "line": 136, "column": 3 } }, "locations": [{ "start": { "line": 131, "column": 5 }, "end": { "line": 136, "column": 3 } }] }, "17": { "type": "branch", "line": 139, "loc": { "start": { "line": 139, "column": 33 }, "end": { "line": 165, "column": 2 } }, "locations": [{ "start": { "line": 139, "column": 33 }, "end": { "line": 165, "column": 2 } }] }, "18": { "type": "branch", "line": 142, "loc": { "start": { "line": 142, "column": 15 }, "end": { "line": 144, "column": 3 } }, "locations": [{ "start": { "line": 142, "column": 15 }, "end": { "line": 144, "column": 3 } }] }, "19": { "type": "branch", "line": 149, "loc": { "start": { "line": 149, "column": 5 }, "end": { "line": 151, "column": 48 } }, "locations": [{ "start": { "line": 149, "column": 5 }, "end": { "line": 151, "column": 48 } }] }, "20": { "type": "branch", "line": 151, "loc": { "start": { "line": 151, "column": 28 }, "end": { "line": 151, "column": 108 } }, "locations": [{ "start": { "line": 151, "column": 28 }, "end": { "line": 151, "column": 108 } }] }, "21": { "type": "branch", "line": 159, "loc": { "start": { "line": 159, "column": 5 }, "end": { "line": 164, "column": 3 } }, "locations": [{ "start": { "line": 159, "column": 5 }, "end": { "line": 164, "column": 3 } }] }, "22": { "type": "branch", "line": 167, "loc": { "start": { "line": 167, "column": 29 }, "end": { "line": 214, "column": 2 } }, "locations": [{ "start": { "line": 167, "column": 29 }, "end": { "line": 214, "column": 2 } }] }, "23": { "type": "branch", "line": 171, "loc": { "start": { "line": 171, "column": 15 }, "end": { "line": 173, "column": 3 } }, "locations": [{ "start": { "line": 171, "column": 15 }, "end": { "line": 173, "column": 3 } }] }, "24": { "type": "branch", "line": 189, "loc": { "start": { "line": 189, "column": 5 }, "end": { "line": 191, "column": 24 } }, "locations": [{ "start": { "line": 189, "column": 5 }, "end": { "line": 191, "column": 24 } }] }, "25": { "type": "branch", "line": 191, "loc": { "start": { "line": 191, "column": 9 }, "end": { "line": 191, "column": 63 } }, "locations": [{ "start": { "line": 191, "column": 9 }, "end": { "line": 191, "column": 63 } }] }, "26": { "type": "branch", "line": 191, "loc": { "start": { "line": 191, "column": 63 }, "end": { "line": 213, "column": 3 } }, "locations": [{ "start": { "line": 191, "column": 63 }, "end": { "line": 213, "column": 3 } }] }, "27": { "type": "branch", "line": 216, "loc": { "start": { "line": 216, "column": 33 }, "end": { "line": 246, "column": 2 } }, "locations": [{ "start": { "line": 216, "column": 33 }, "end": { "line": 246, "column": 2 } }] }, "28": { "type": "branch", "line": 220, "loc": { "start": { "line": 220, "column": 15 }, "end": { "line": 222, "column": 3 } }, "locations": [{ "start": { "line": 220, "column": 15 }, "end": { "line": 222, "column": 3 } }] }, "29": { "type": "branch", "line": 232, "loc": { "start": { "line": 232, "column": 5 }, "end": { "line": 245, "column": 3 } }, "locations": [{ "start": { "line": 232, "column": 5 }, "end": { "line": 245, "column": 3 } }] } }, "b": { "0": [3], "1": [0], "2": [2], "3": [0], "4": [1], "5": [2], "6": [1], "7": [2], "8": [0], "9": [2], "10": [1], "11": [2], "12": [0], "13": [1], "14": [2], "15": [0], "16": [1], "17": [2], "18": [0], "19": [1], "20": [0], "21": [1], "22": [3], "23": [0], "24": [2], "25": [1], "26": [1], "27": [2], "28": [0], "29": [1] }, "fnMap": { "0": { "name": "respond", "decl": { "start": { "line": 8, "column": 23 }, "end": { "line": 87, "column": 2 } }, "loc": { "start": { "line": 8, "column": 23 }, "end": { "line": 87, "column": 2 } }, "line": 8 }, "1": { "name": "getHistory", "decl": { "start": { "line": 89, "column": 26 }, "end": { "line": 114, "column": 2 } }, "loc": { "start": { "line": 89, "column": 26 }, "end": { "line": 114, "column": 2 } }, "line": 89 }, "2": { "name": "getChatSessions", "decl": { "start": { "line": 116, "column": 31 }, "end": { "line": 137, "column": 2 } }, "loc": { "start": { "line": 116, "column": 31 }, "end": { "line": 137, "column": 2 } }, "line": 116 }, "3": { "name": "createChatSession", "decl": { "start": { "line": 139, "column": 33 }, "end": { "line": 165, "column": 2 } }, "loc": { "start": { "line": 139, "column": 33 }, "end": { "line": 165, "column": 2 } }, "line": 139 }, "4": { "name": "generateTitle", "decl": { "start": { "line": 167, "column": 29 }, "end": { "line": 214, "column": 2 } }, "loc": { "start": { "line": 167, "column": 29 }, "end": { "line": 214, "column": 2 } }, "line": 167 }, "5": { "name": "deleteChatSession", "decl": { "start": { "line": 216, "column": 33 }, "end": { "line": 246, "column": 2 } }, "loc": { "start": { "line": 216, "column": 33 }, "end": { "line": 246, "column": 2 } }, "line": 216 } }, "f": { "0": 3, "1": 2, "2": 2, "3": 2, "4": 3, "5": 2 } },
    "/home/anatole/Documents/CitadelAI/user/backend/src/controllers/chatbot.ts": { "path": "/home/anatole/Documents/CitadelAI/user/backend/src/controllers/chatbot.ts", "all": false, "statementMap": { "2": { "start": { "line": 3, "column": 0 }, "end": { "line": 3, "column": 46 } }, "4": { "start": { "line": 5, "column": 0 }, "end": { "line": 5, "column": 34 } }, "8": { "start": { "line": 9, "column": 0 }, "end": { "line": 9, "column": 71 } }, "9": { "start": { "line": 10, "column": 0 }, "end": { "line": 10, "column": 30 } }, "11": { "start": { "line": 12, "column": 0 }, "end": { "line": 12, "column": 16 } }, "12": { "start": { "line": 13, "column": 0 }, "end": { "line": 13, "column": 61 } }, "13": { "start": { "line": 14, "column": 0 }, "end": { "line": 14, "column": 3 } }, "15": { "start": { "line": 16, "column": 0 }, "end": { "line": 16, "column": 7 } }, "16": { "start": { "line": 17, "column": 0 }, "end": { "line": 17, "column": 47 } }, "17": { "start": { "line": 18, "column": 0 }, "end": { "line": 18, "column": 14 } }, "18": { "start": { "line": 19, "column": 0 }, "end": { "line": 19, "column": 19 } }, "19": { "start": { "line": 20, "column": 0 }, "end": { "line": 20, "column": 8 } }, "20": { "start": { "line": 21, "column": 0 }, "end": { "line": 21, "column": 7 } }, "22": { "start": { "line": 23, "column": 0 }, "end": { "line": 23, "column": 16 } }, "23": { "start": { "line": 24, "column": 0 }, "end": { "line": 24, "column": 63 } }, "24": { "start": { "line": 25, "column": 0 }, "end": { "line": 25, "column": 5 } }, "26": { "start": { "line": 27, "column": 0 }, "end": { "line": 27, "column": 65 } }, "27": { "start": { "line": 28, "column": 0 }, "end": { "line": 28, "column": 14 } }, "28": { "start": { "line": 29, "column": 0 }, "end": { "line": 29, "column": 23 } }, "29": { "start": { "line": 30, "column": 0 }, "end": { "line": 30, "column": 8 } }, "30": { "start": { "line": 31, "column": 0 }, "end": { "line": 31, "column": 16 } }, "31": { "start": { "line": 32, "column": 0 }, "end": { "line": 32, "column": 18 } }, "32": { "start": { "line": 33, "column": 0 }, "end": { "line": 33, "column": 20 } }, "33": { "start": { "line": 34, "column": 0 }, "end": { "line": 34, "column": 25 } }, "34": { "start": { "line": 35, "column": 0 }, "end": { "line": 35, "column": 30 } }, "35": { "start": { "line": 36, "column": 0 }, "end": { "line": 36, "column": 12 } }, "36": { "start": { "line": 37, "column": 0 }, "end": { "line": 37, "column": 10 } }, "37": { "start": { "line": 38, "column": 0 }, "end": { "line": 38, "column": 8 } }, "38": { "start": { "line": 39, "column": 0 }, "end": { "line": 39, "column": 7 } }, "40": { "start": { "line": 41, "column": 0 }, "end": { "line": 41, "column": 69 } }, "42": { "start": { "line": 43, "column": 0 }, "end": { "line": 43, "column": 80 } }, "43": { "start": { "line": 44, "column": 0 }, "end": { "line": 44, "column": 19 } }, "44": { "start": { "line": 45, "column": 0 }, "end": { "line": 45, "column": 25 } }, "45": { "start": { "line": 46, "column": 0 }, "end": { "line": 46, "column": 63 } }, "46": { "start": { "line": 47, "column": 0 }, "end": { "line": 47, "column": 3 } }, "47": { "start": { "line": 48, "column": 0 }, "end": { "line": 48, "column": 2 } }, "49": { "start": { "line": 50, "column": 0 }, "end": { "line": 50, "column": 77 } }, "50": { "start": { "line": 51, "column": 0 }, "end": { "line": 51, "column": 30 } }, "51": { "start": { "line": 52, "column": 0 }, "end": { "line": 52, "column": 35 } }, "53": { "start": { "line": 54, "column": 0 }, "end": { "line": 54, "column": 16 } }, "54": { "start": { "line": 55, "column": 0 }, "end": { "line": 55, "column": 61 } }, "55": { "start": { "line": 56, "column": 0 }, "end": { "line": 56, "column": 3 } }, "57": { "start": { "line": 58, "column": 0 }, "end": { "line": 58, "column": 7 } }, "59": { "start": { "line": 60, "column": 0 }, "end": { "line": 60, "column": 57 } }, "60": { "start": { "line": 61, "column": 0 }, "end": { "line": 61, "column": 14 } }, "61": { "start": { "line": 62, "column": 0 }, "end": { "line": 62, "column": 23 } }, "62": { "start": { "line": 63, "column": 0 }, "end": { "line": 63, "column": 29 } }, "63": { "start": { "line": 64, "column": 0 }, "end": { "line": 64, "column": 8 } }, "64": { "start": { "line": 65, "column": 0 }, "end": { "line": 65, "column": 7 } }, "66": { "start": { "line": 67, "column": 0 }, "end": { "line": 67, "column": 18 } }, "67": { "start": { "line": 68, "column": 0 }, "end": { "line": 68, "column": 60 } }, "68": { "start": { "line": 69, "column": 0 }, "end": { "line": 69, "column": 5 } }, "70": { "start": { "line": 71, "column": 0 }, "end": { "line": 71, "column": 30 } }, "71": { "start": { "line": 72, "column": 0 }, "end": { "line": 72, "column": 14 } }, "72": { "start": { "line": 73, "column": 0 }, "end": { "line": 73, "column": 19 } }, "73": { "start": { "line": 74, "column": 0 }, "end": { "line": 74, "column": 8 } }, "74": { "start": { "line": 75, "column": 0 }, "end": { "line": 75, "column": 13 } }, "75": { "start": { "line": 76, "column": 0 }, "end": { "line": 76, "column": 36 } }, "76": { "start": { "line": 77, "column": 0 }, "end": { "line": 77, "column": 8 } }, "77": { "start": { "line": 78, "column": 0 }, "end": { "line": 78, "column": 7 } }, "79": { "start": { "line": 80, "column": 0 }, "end": { "line": 80, "column": 78 } }, "80": { "start": { "line": 81, "column": 0 }, "end": { "line": 81, "column": 19 } }, "81": { "start": { "line": 82, "column": 0 }, "end": { "line": 82, "column": 25 } }, "82": { "start": { "line": 83, "column": 0 }, "end": { "line": 83, "column": 63 } }, "83": { "start": { "line": 84, "column": 0 }, "end": { "line": 84, "column": 3 } }, "84": { "start": { "line": 85, "column": 0 }, "end": { "line": 85, "column": 2 } }, "86": { "start": { "line": 87, "column": 0 }, "end": { "line": 87, "column": 74 } }, "87": { "start": { "line": 88, "column": 0 }, "end": { "line": 88, "column": 30 } }, "88": { "start": { "line": 89, "column": 0 }, "end": { "line": 89, "column": 28 } }, "90": { "start": { "line": 91, "column": 0 }, "end": { "line": 91, "column": 16 } }, "91": { "start": { "line": 92, "column": 0 }, "end": { "line": 92, "column": 61 } }, "92": { "start": { "line": 93, "column": 0 }, "end": { "line": 93, "column": 3 } }, "94": { "start": { "line": 95, "column": 0 }, "end": { "line": 95, "column": 7 } }, "95": { "start": { "line": 96, "column": 0 }, "end": { "line": 96, "column": 57 } }, "96": { "start": { "line": 97, "column": 0 }, "end": { "line": 97, "column": 14 } }, "97": { "start": { "line": 98, "column": 0 }, "end": { "line": 98, "column": 23 } }, "98": { "start": { "line": 99, "column": 0 }, "end": { "line": 99, "column": 22 } }, "99": { "start": { "line": 100, "column": 0 }, "end": { "line": 100, "column": 8 } }, "100": { "start": { "line": 101, "column": 0 }, "end": { "line": 101, "column": 7 } }, "102": { "start": { "line": 103, "column": 0 }, "end": { "line": 103, "column": 18 } }, "103": { "start": { "line": 104, "column": 0 }, "end": { "line": 104, "column": 60 } }, "104": { "start": { "line": 105, "column": 0 }, "end": { "line": 105, "column": 5 } }, "106": { "start": { "line": 107, "column": 0 }, "end": { "line": 107, "column": 53 } }, "107": { "start": { "line": 108, "column": 0 }, "end": { "line": 108, "column": 14 } }, "108": { "start": { "line": 109, "column": 0 }, "end": { "line": 109, "column": 15 } }, "109": { "start": { "line": 110, "column": 0 }, "end": { "line": 110, "column": 8 } }, "110": { "start": { "line": 111, "column": 0 }, "end": { "line": 111, "column": 16 } }, "111": { "start": { "line": 112, "column": 0 }, "end": { "line": 112, "column": 21 } }, "112": { "start": { "line": 113, "column": 0 }, "end": { "line": 113, "column": 26 } }, "113": { "start": { "line": 114, "column": 0 }, "end": { "line": 114, "column": 8 } }, "114": { "start": { "line": 115, "column": 0 }, "end": { "line": 115, "column": 7 } }, "116": { "start": { "line": 117, "column": 0 }, "end": { "line": 117, "column": 19 } }, "117": { "start": { "line": 118, "column": 0 }, "end": { "line": 118, "column": 68 } }, "118": { "start": { "line": 119, "column": 0 }, "end": { "line": 119, "column": 5 } }, "120": { "start": { "line": 121, "column": 0 }, "end": { "line": 121, "column": 34 } }, "121": { "start": { "line": 122, "column": 0 }, "end": { "line": 122, "column": 19 } }, "122": { "start": { "line": 123, "column": 0 }, "end": { "line": 123, "column": 25 } }, "123": { "start": { "line": 124, "column": 0 }, "end": { "line": 124, "column": 63 } }, "124": { "start": { "line": 125, "column": 0 }, "end": { "line": 125, "column": 3 } }, "125": { "start": { "line": 126, "column": 0 }, "end": { "line": 126, "column": 2 } } }, "s": { "2": 1, "4": 1, "8": 1, "9": 3, "11": 3, "12": 0, "13": 0, "15": 3, "16": 3, "17": 3, "18": 3, "19": 3, "20": 3, "22": 3, "23": 1, "24": 1, "26": 1, "27": 1, "28": 1, "29": 1, "30": 1, "31": 1, "32": 1, "33": 1, "34": 1, "35": 1, "36": 1, "37": 1, "38": 1, "40": 1, "42": 1, "43": 1, "44": 1, "45": 1, "46": 1, "47": 3, "49": 1, "50": 3, "51": 3, "53": 3, "54": 0, "55": 0, "57": 3, "59": 3, "60": 3, "61": 3, "62": 3, "63": 3, "64": 3, "66": 3, "67": 1, "68": 1, "70": 1, "71": 1, "72": 1, "73": 1, "74": 1, "75": 1, "76": 1, "77": 1, "79": 1, "80": 1, "81": 1, "82": 1, "83": 1, "84": 3, "86": 1, "87": 4, "88": 4, "90": 4, "91": 0, "92": 0, "94": 4, "95": 4, "96": 4, "97": 4, "98": 4, "99": 4, "100": 4, "102": 4, "103": 1, "104": 1, "106": 2, "107": 2, "108": 2, "109": 2, "110": 2, "111": 2, "112": 2, "113": 2, "114": 2, "116": 4, "117": 1, "118": 1, "120": 1, "121": 1, "122": 1, "123": 1, "124": 1, "125": 4 }, "branchMap": { "0": { "type": "branch", "line": 9, "loc": { "start": { "line": 9, "column": 27 }, "end": { "line": 48, "column": 2 } }, "locations": [{ "start": { "line": 9, "column": 27 }, "end": { "line": 48, "column": 2 } }] }, "1": { "type": "branch", "line": 12, "loc": { "start": { "line": 12, "column": 15 }, "end": { "line": 14, "column": 3 } }, "locations": [{ "start": { "line": 12, "column": 15 }, "end": { "line": 14, "column": 3 } }] }, "2": { "type": "branch", "line": 21, "loc": { "start": { "line": 21, "column": 5 }, "end": { "line": 23, "column": 15 } }, "locations": [{ "start": { "line": 21, "column": 5 }, "end": { "line": 23, "column": 15 } }] }, "3": { "type": "branch", "line": 23, "loc": { "start": { "line": 23, "column": 15 }, "end": { "line": 47, "column": 3 } }, "locations": [{ "start": { "line": 23, "column": 15 }, "end": { "line": 47, "column": 3 } }] }, "4": { "type": "branch", "line": 41, "loc": { "start": { "line": 41, "column": 41 }, "end": { "line": 41, "column": 67 } }, "locations": [{ "start": { "line": 41, "column": 41 }, "end": { "line": 41, "column": 67 } }] }, "5": { "type": "branch", "line": 50, "loc": { "start": { "line": 50, "column": 33 }, "end": { "line": 85, "column": 2 } }, "locations": [{ "start": { "line": 50, "column": 33 }, "end": { "line": 85, "column": 2 } }] }, "6": { "type": "branch", "line": 54, "loc": { "start": { "line": 54, "column": 15 }, "end": { "line": 56, "column": 3 } }, "locations": [{ "start": { "line": 54, "column": 15 }, "end": { "line": 56, "column": 3 } }] }, "7": { "type": "branch", "line": 65, "loc": { "start": { "line": 65, "column": 5 }, "end": { "line": 67, "column": 17 } }, "locations": [{ "start": { "line": 65, "column": 5 }, "end": { "line": 67, "column": 17 } }] }, "8": { "type": "branch", "line": 67, "loc": { "start": { "line": 67, "column": 17 }, "end": { "line": 84, "column": 3 } }, "locations": [{ "start": { "line": 67, "column": 17 }, "end": { "line": 84, "column": 3 } }] }, "9": { "type": "branch", "line": 87, "loc": { "start": { "line": 87, "column": 30 }, "end": { "line": 126, "column": 2 } }, "locations": [{ "start": { "line": 87, "column": 30 }, "end": { "line": 126, "column": 2 } }] }, "10": { "type": "branch", "line": 91, "loc": { "start": { "line": 91, "column": 15 }, "end": { "line": 93, "column": 3 } }, "locations": [{ "start": { "line": 91, "column": 15 }, "end": { "line": 93, "column": 3 } }] }, "11": { "type": "branch", "line": 101, "loc": { "start": { "line": 101, "column": 5 }, "end": { "line": 103, "column": 17 } }, "locations": [{ "start": { "line": 101, "column": 5 }, "end": { "line": 103, "column": 17 } }] }, "12": { "type": "branch", "line": 103, "loc": { "start": { "line": 103, "column": 17 }, "end": { "line": 105, "column": 5 } }, "locations": [{ "start": { "line": 103, "column": 17 }, "end": { "line": 105, "column": 5 } }] }, "13": { "type": "branch", "line": 105, "loc": { "start": { "line": 105, "column": 4 }, "end": { "line": 117, "column": 18 } }, "locations": [{ "start": { "line": 105, "column": 4 }, "end": { "line": 117, "column": 18 } }] }, "14": { "type": "branch", "line": 117, "loc": { "start": { "line": 117, "column": 18 }, "end": { "line": 125, "column": 3 } }, "locations": [{ "start": { "line": 117, "column": 18 }, "end": { "line": 125, "column": 3 } }] } }, "b": { "0": [3], "1": [0], "2": [2], "3": [1], "4": [2], "5": [3], "6": [0], "7": [2], "8": [1], "9": [4], "10": [0], "11": [3], "12": [1], "13": [2], "14": [1] }, "fnMap": { "0": { "name": "getChatbots", "decl": { "start": { "line": 9, "column": 27 }, "end": { "line": 48, "column": 2 } }, "loc": { "start": { "line": 9, "column": 27 }, "end": { "line": 48, "column": 2 } }, "line": 9 }, "1": { "name": "setDefaultChatbot", "decl": { "start": { "line": 50, "column": 33 }, "end": { "line": 85, "column": 2 } }, "loc": { "start": { "line": 50, "column": 33 }, "end": { "line": 85, "column": 2 } }, "line": 50 }, "2": { "name": "getChatbotById", "decl": { "start": { "line": 87, "column": 30 }, "end": { "line": 126, "column": 2 } }, "loc": { "start": { "line": 87, "column": 30 }, "end": { "line": 126, "column": 2 } }, "line": 87 } }, "f": { "0": 3, "1": 3, "2": 4 } },
    "/home/anatole/Documents/CitadelAI/user/backend/src/middleware/auth.ts": { "path": "/home/anatole/Documents/CitadelAI/user/backend/src/middleware/auth.ts", "all": false, "statementMap": { "1": { "start": { "line": 2, "column": 0 }, "end": { "line": 2, "column": 31 } }, "2": { "start": { "line": 3, "column": 0 }, "end": { "line": 3, "column": 46 } }, "4": { "start": { "line": 5, "column": 0 }, "end": { "line": 5, "column": 34 } }, "5": { "start": { "line": 6, "column": 0 }, "end": { "line": 6, "column": 63 } }, "11": { "start": { "line": 12, "column": 0 }, "end": { "line": 12, "column": 94 } }, "12": { "start": { "line": 13, "column": 0 }, "end": { "line": 13, "column": 57 } }, "14": { "start": { "line": 15, "column": 0 }, "end": { "line": 15, "column": 15 } }, "15": { "start": { "line": 16, "column": 0 }, "end": { "line": 16, "column": 59 } }, "16": { "start": { "line": 17, "column": 0 }, "end": { "line": 17, "column": 3 } }, "18": { "start": { "line": 19, "column": 0 }, "end": { "line": 19, "column": 7 } }, "19": { "start": { "line": 20, "column": 0 }, "end": { "line": 20, "column": 87 } }, "20": { "start": { "line": 21, "column": 0 }, "end": { "line": 21, "column": 81 } }, "22": { "start": { "line": 23, "column": 0 }, "end": { "line": 23, "column": 16 } }, "23": { "start": { "line": 24, "column": 0 }, "end": { "line": 24, "column": 61 } }, "24": { "start": { "line": 25, "column": 0 }, "end": { "line": 25, "column": 5 } }, "26": { "start": { "line": 27, "column": 0 }, "end": { "line": 27, "column": 50 } }, "27": { "start": { "line": 28, "column": 0 }, "end": { "line": 28, "column": 11 } }, "28": { "start": { "line": 29, "column": 0 }, "end": { "line": 29, "column": 11 } }, "29": { "start": { "line": 30, "column": 0 }, "end": { "line": 30, "column": 52 } }, "30": { "start": { "line": 31, "column": 0 }, "end": { "line": 31, "column": 3 } }, "31": { "start": { "line": 32, "column": 0 }, "end": { "line": 32, "column": 2 } } }, "s": { "1": 1, "2": 1, "4": 1, "5": 1, "11": 1, "12": 4, "14": 4, "15": 1, "16": 1, "18": 3, "19": 3, "20": 3, "22": 4, "23": 1, "24": 1, "26": 1, "27": 1, "28": 1, "29": 1, "30": 1, "31": 4 }, "branchMap": { "0": { "type": "branch", "line": 12, "loc": { "start": { "line": 12, "column": 30 }, "end": { "line": 32, "column": 2 } }, "locations": [{ "start": { "line": 12, "column": 30 }, "end": { "line": 32, "column": 2 } }] }, "1": { "type": "branch", "line": 13, "loc": { "start": { "line": 13, "column": 28 }, "end": { "line": 13, "column": 49 } }, "locations": [{ "start": { "line": 13, "column": 28 }, "end": { "line": 13, "column": 49 } }] }, "2": { "type": "branch", "line": 15, "loc": { "start": { "line": 15, "column": 14 }, "end": { "line": 17, "column": 3 } }, "locations": [{ "start": { "line": 15, "column": 14 }, "end": { "line": 17, "column": 3 } }] }, "3": { "type": "branch", "line": 17, "loc": { "start": { "line": 17, "column": 2 }, "end": { "line": 21, "column": 81 } }, "locations": [{ "start": { "line": 17, "column": 2 }, "end": { "line": 21, "column": 81 } }] }, "4": { "type": "branch", "line": 21, "loc": { "start": { "line": 21, "column": 79 }, "end": { "line": 23, "column": 15 } }, "locations": [{ "start": { "line": 21, "column": 79 }, "end": { "line": 23, "column": 15 } }] }, "5": { "type": "branch", "line": 23, "loc": { "start": { "line": 23, "column": 15 }, "end": { "line": 31, "column": 3 } }, "locations": [{ "start": { "line": 23, "column": 15 }, "end": { "line": 31, "column": 3 } }] } }, "b": { "0": [4], "1": [3], "2": [1], "3": [3], "4": [2], "5": [1] }, "fnMap": { "0": { "name": "authMiddleware", "decl": { "start": { "line": 12, "column": 30 }, "end": { "line": 32, "column": 2 } }, "loc": { "start": { "line": 12, "column": 30 }, "end": { "line": 32, "column": 2 } }, "line": 12 } }, "f": { "0": 4 } },
    "/home/anatole/Documents/CitadelAI/user/backend/src/routes/auth.ts": { "path": "/home/anatole/Documents/CitadelAI/user/backend/src/routes/auth.ts", "all": false, "statementMap": { "0": { "start": { "line": 1, "column": 0 }, "end": { "line": 1, "column": 33 } }, "1": { "start": { "line": 2, "column": 0 }, "end": { "line": 2, "column": 69 } }, "2": { "start": { "line": 3, "column": 0 }, "end": { "line": 3, "column": 52 } }, "4": { "start": { "line": 5, "column": 0 }, "end": { "line": 5, "column": 24 } }, "6": { "start": { "line": 7, "column": 0 }, "end": { "line": 7, "column": 35 } }, "7": { "start": { "line": 8, "column": 0 }, "end": { "line": 8, "column": 29 } }, "8": { "start": { "line": 9, "column": 0 }, "end": { "line": 9, "column": 31 } }, "9": { "start": { "line": 10, "column": 0 }, "end": { "line": 10, "column": 41 } }, "11": { "start": { "line": 12, "column": 0 }, "end": { "line": 12, "column": 22 } } }, "s": { "0": 1, "1": 1, "2": 1, "4": 1, "6": 1, "7": 1, "8": 1, "9": 1, "11": 1 }, "branchMap": {}, "b": {}, "fnMap": {}, "f": {} },
    "/home/anatole/Documents/CitadelAI/user/backend/src/routes/chat.ts": { "path": "/home/anatole/Documents/CitadelAI/user/backend/src/routes/chat.ts", "all": false, "statementMap": { "0": { "start": { "line": 1, "column": 0 }, "end": { "line": 1, "column": 33 } }, "1": { "start": { "line": 2, "column": 0 }, "end": { "line": 2, "column": 128 } }, "2": { "start": { "line": 3, "column": 0 }, "end": { "line": 3, "column": 52 } }, "4": { "start": { "line": 5, "column": 0 }, "end": { "line": 5, "column": 24 } }, "6": { "start": { "line": 7, "column": 0 }, "end": { "line": 7, "column": 49 } }, "7": { "start": { "line": 8, "column": 0 }, "end": { "line": 8, "column": 51 } }, "9": { "start": { "line": 10, "column": 0 }, "end": { "line": 10, "column": 49 } }, "10": { "start": { "line": 11, "column": 0 }, "end": { "line": 11, "column": 52 } }, "11": { "start": { "line": 12, "column": 0 }, "end": { "line": 12, "column": 57 } }, "12": { "start": { "line": 13, "column": 0 }, "end": { "line": 13, "column": 57 } }, "14": { "start": { "line": 15, "column": 0 }, "end": { "line": 15, "column": 22 } } }, "s": { "0": 1, "1": 1, "2": 1, "4": 1, "6": 1, "7": 1, "9": 1, "10": 1, "11": 1, "12": 1, "14": 1 }, "branchMap": {}, "b": {}, "fnMap": {}, "f": {} },
    "/home/anatole/Documents/CitadelAI/user/backend/src/routes/chatbot.ts": { "path": "/home/anatole/Documents/CitadelAI/user/backend/src/routes/chatbot.ts", "all": false, "statementMap": { "1": { "start": { "line": 2, "column": 0 }, "end": { "line": 2, "column": 33 } }, "2": { "start": { "line": 3, "column": 0 }, "end": { "line": 3, "column": 88 } }, "3": { "start": { "line": 4, "column": 0 }, "end": { "line": 4, "column": 60 } }, "5": { "start": { "line": 6, "column": 0 }, "end": { "line": 6, "column": 24 } }, "7": { "start": { "line": 8, "column": 0 }, "end": { "line": 8, "column": 35 } }, "8": { "start": { "line": 9, "column": 0 }, "end": { "line": 9, "column": 41 } }, "9": { "start": { "line": 10, "column": 0 }, "end": { "line": 10, "column": 64 } }, "11": { "start": { "line": 12, "column": 0 }, "end": { "line": 12, "column": 22 } } }, "s": { "1": 1, "2": 1, "3": 1, "5": 1, "7": 1, "8": 1, "9": 1, "11": 1 }, "branchMap": {}, "b": {}, "fnMap": {}, "f": {} },
    "/home/anatole/Documents/CitadelAI/user/backend/src/services/gemini.ts": { "path": "/home/anatole/Documents/CitadelAI/user/backend/src/services/gemini.ts", "all": false, "statementMap": { "0": { "start": { "line": 1, "column": 0 }, "end": { "line": 1, "column": 68 } }, "3": { "start": { "line": 4, "column": 0 }, "end": { "line": 4, "column": 71 } }, "5": { "start": { "line": 6, "column": 0 }, "end": { "line": 6, "column": 61 } }, "6": { "start": { "line": 7, "column": 0 }, "end": { "line": 7, "column": 44 } }, "7": { "start": { "line": 8, "column": 0 }, "end": { "line": 8, "column": 2 } }, "9": { "start": { "line": 10, "column": 0 }, "end": { "line": 10, "column": 110 } }, "10": { "start": { "line": 11, "column": 0 }, "end": { "line": 11, "column": 7 } }, "11": { "start": { "line": 12, "column": 0 }, "end": { "line": 12, "column": 44 } }, "12": { "start": { "line": 13, "column": 0 }, "end": { "line": 13, "column": 32 } }, "13": { "start": { "line": 14, "column": 0 }, "end": { "line": 14, "column": 38 } }, "14": { "start": { "line": 15, "column": 0 }, "end": { "line": 15, "column": 7 } }, "16": { "start": { "line": 17, "column": 0 }, "end": { "line": 17, "column": 56 } }, "17": { "start": { "line": 18, "column": 0 }, "end": { "line": 18, "column": 38 } }, "18": { "start": { "line": 19, "column": 0 }, "end": { "line": 19, "column": 37 } }, "19": { "start": { "line": 20, "column": 0 }, "end": { "line": 20, "column": 8 } }, "21": { "start": { "line": 22, "column": 0 }, "end": { "line": 22, "column": 34 } }, "22": { "start": { "line": 23, "column": 0 }, "end": { "line": 23, "column": 27 } }, "23": { "start": { "line": 24, "column": 0 }, "end": { "line": 24, "column": 7 } }, "25": { "start": { "line": 26, "column": 0 }, "end": { "line": 26, "column": 55 } }, "26": { "start": { "line": 27, "column": 0 }, "end": { "line": 27, "column": 43 } }, "27": { "start": { "line": 28, "column": 0 }, "end": { "line": 28, "column": 27 } }, "28": { "start": { "line": 29, "column": 0 }, "end": { "line": 29, "column": 19 } }, "29": { "start": { "line": 30, "column": 0 }, "end": { "line": 30, "column": 67 } }, "30": { "start": { "line": 31, "column": 0 }, "end": { "line": 31, "column": 101 } }, "31": { "start": { "line": 32, "column": 0 }, "end": { "line": 32, "column": 3 } }, "32": { "start": { "line": 33, "column": 0 }, "end": { "line": 33, "column": 2 } } }, "s": { "0": 1, "3": 1, "5": 1, "6": 0, "7": 0, "9": 1, "10": 2, "11": 2, "12": 2, "13": 2, "14": 2, "16": 2, "17": 0, "18": 0, "19": 2, "21": 2, "22": 2, "23": 2, "25": 2, "26": 1, "27": 1, "28": 1, "29": 1, "30": 1, "31": 1, "32": 2 }, "branchMap": { "0": { "type": "branch", "line": 10, "loc": { "start": { "line": 10, "column": 32 }, "end": { "line": 33, "column": 2 } }, "locations": [{ "start": { "line": 10, "column": 32 }, "end": { "line": 33, "column": 2 } }] }, "1": { "type": "branch", "line": 26, "loc": { "start": { "line": 26, "column": 53 }, "end": { "line": 32, "column": 3 } }, "locations": [{ "start": { "line": 26, "column": 53 }, "end": { "line": 32, "column": 3 } }] } }, "b": { "0": [2], "1": [1] }, "fnMap": { "0": { "name": "mapRoleToGemini", "decl": { "start": { "line": 6, "column": 24 }, "end": { "line": 8, "column": 2 } }, "loc": { "start": { "line": 6, "column": 24 }, "end": { "line": 8, "column": 2 } }, "line": 6 }, "1": { "name": "generateResponse", "decl": { "start": { "line": 10, "column": 32 }, "end": { "line": 33, "column": 2 } }, "loc": { "start": { "line": 10, "column": 32 }, "end": { "line": 33, "column": 2 } }, "line": 10 } }, "f": { "0": 0, "1": 2 } }
}