TN:
SF:src/config.ts
FN:15,getConfig
FN:23,resetConfig
FN:30,(anonymous_2)
FN:33,(anonymous_3)
FN:36,(anonymous_4)
FNF:5
FNH:3
FNDA:220,getConfig
FNDA:116,resetConfig
FNDA:220,(anonymous_2)
FNDA:0,(anonymous_3)
FNDA:0,(anonymous_4)
DA:13,34
DA:16,220
DA:17,26
DA:19,220
DA:24,116
DA:29,34
DA:31,220
DA:34,0
DA:37,0
DA:38,0
DA:39,0
DA:45,0
LF:12
LH:7
BRDA:16,0,0,26
BRDA:16,0,1,194
BRDA:38,1,0,0
BRDA:38,1,1,0
BRF:4
BRH:2
end_of_record
TN:
SF:src/controllers/auth.ts
FN:11,(anonymous_0)
FN:54,(anonymous_1)
FN:75,(anonymous_2)
FN:81,(anonymous_3)
FNF:4
FNH:4
FNDA:7,(anonymous_0)
FNDA:7,(anonymous_1)
FNDA:1,(anonymous_2)
FNDA:5,(anonymous_3)
DA:9,1
DA:11,1
DA:12,7
DA:14,7
DA:15,7
DA:16,5
DA:17,1
DA:20,4
DA:21,3
DA:30,3
DA:36,3
DA:37,4
DA:47,3
DA:48,3
DA:50,3
DA:54,1
DA:55,7
DA:57,7
DA:58,7
DA:59,6
DA:60,2
DA:63,4
DA:64,2
DA:65,1
DA:68,1
DA:69,1
DA:71,3
DA:75,1
DA:78,1
DA:81,1
DA:82,5
DA:84,5
DA:85,1
DA:88,4
DA:89,4
DA:99,3
DA:101,1
DA:104,1
LF:38
LH:38
BRDA:16,0,0,1
BRDA:16,0,1,4
BRDA:59,1,0,2
BRDA:59,1,1,4
BRDA:64,2,0,1
BRDA:64,2,1,1
BRDA:84,3,0,1
BRDA:84,3,1,4
BRDA:101,4,0,1
BRDA:101,4,1,0
BRF:10
BRH:9
end_of_record
TN:
SF:src/controllers/chat.ts
FNF:0
FNH:0
LF:0
LH:0
BRF:0
BRH:0
end_of_record
TN:
SF:src/controllers/chatbot.ts
FN:7,(anonymous_0)
FN:39,(anonymous_1)
FN:50,(anonymous_2)
FN:89,(anonymous_3)
FNF:4
FNH:4
FNDA:4,(anonymous_0)
FNDA:1,(anonymous_1)
FNDA:2,(anonymous_2)
FNDA:3,(anonymous_3)
DA:7,1
DA:8,4
DA:10,4
DA:11,1
DA:14,3
DA:15,3
DA:21,2
DA:22,1
DA:25,1
DA:39,1
DA:41,1
DA:43,1
DA:46,1
DA:50,1
DA:51,2
DA:52,2
DA:54,2
DA:55,0
DA:58,2
DA:60,2
DA:67,2
DA:68,1
DA:71,1
DA:80,1
DA:82,0
DA:85,0
DA:89,1
DA:90,3
DA:91,3
DA:93,3
DA:94,0
DA:97,3
DA:98,3
DA:105,3
DA:106,1
DA:109,2
DA:119,2
DA:120,1
DA:123,1
DA:125,0
DA:128,0
LF:41
LH:35
BRDA:10,0,0,1
BRDA:10,0,1,3
BRDA:21,1,0,1
BRDA:21,1,1,1
BRDA:43,2,0,1
BRDA:43,2,1,0
BRDA:54,3,0,0
BRDA:54,3,1,2
BRDA:67,4,0,1
BRDA:67,4,1,1
BRDA:82,5,0,0
BRDA:82,5,1,0
BRDA:93,6,0,0
BRDA:93,6,1,3
BRDA:105,7,0,1
BRDA:105,7,1,2
BRDA:119,8,0,1
BRDA:119,8,1,1
BRDA:125,9,0,0
BRDA:125,9,1,0
BRF:20
BRH:13
end_of_record
TN:
SF:src/controllers/chat/handlers/messageHandler.ts
FN:20,respond
FN:59,respondApiToken
FN:98,(anonymous_2)
FN:249,respondInternal
FN:305,(anonymous_4)
FNF:5
FNH:1
FNDA:4,respond
FNDA:0,respondApiToken
FNDA:0,(anonymous_2)
FNDA:0,respondInternal
FNDA:0,(anonymous_4)
DA:23,4
DA:24,4
DA:25,4
DA:27,4
DA:28,1
DA:29,1
DA:32,3
DA:33,3
DA:35,3
DA:43,2
DA:44,0
DA:45,0
DA:48,2
DA:49,2
DA:51,1
DA:62,0
DA:63,0
DA:64,0
DA:66,0
DA:67,0
DA:68,0
DA:71,0
DA:72,0
DA:73,0
DA:76,0
DA:78,0
DA:79,0
DA:81,0
DA:82,0
DA:83,0
DA:84,0
DA:86,0
DA:87,0
DA:88,0
DA:89,0
DA:95,0
DA:98,0
DA:108,0
DA:110,0
DA:112,0
DA:113,0
DA:114,0
DA:115,0
DA:119,0
DA:123,0
DA:127,0
DA:128,0
DA:132,0
DA:136,0
DA:146,0
DA:158,0
DA:161,0
DA:162,0
DA:163,0
DA:165,0
DA:166,0
DA:167,0
DA:168,0
DA:169,0
DA:170,0
DA:171,0
DA:174,0
DA:178,0
DA:181,0
DA:190,0
DA:192,0
DA:193,0
DA:196,0
DA:200,0
DA:204,0
DA:207,0
DA:218,0
DA:219,0
DA:220,0
DA:224,0
DA:227,0
DA:228,0
DA:239,0
DA:250,0
DA:253,0
DA:254,0
DA:255,0
DA:258,0
DA:259,0
DA:260,0
DA:264,0
DA:268,0
DA:269,0
DA:270,0
DA:273,0
DA:274,0
DA:275,0
DA:278,0
DA:279,0
DA:280,0
DA:283,0
DA:285,0
DA:286,0
DA:288,0
DA:289,0
DA:290,0
DA:291,0
DA:293,0
DA:294,0
DA:295,0
DA:296,0
DA:302,0
DA:305,0
DA:314,0
DA:317,0
DA:327,0
DA:328,0
DA:329,0
DA:333,0
DA:336,0
DA:337,0
DA:343,0
LF:117
LH:13
BRDA:27,0,0,1
BRDA:27,0,1,3
BRDA:43,1,0,0
BRDA:43,1,1,2
BRDA:66,2,0,0
BRDA:66,2,1,0
BRDA:71,3,0,0
BRDA:71,3,1,0
BRDA:71,4,0,0
BRDA:71,4,1,0
BRDA:78,5,0,0
BRDA:78,5,1,0
BRDA:81,6,0,0
BRDA:81,6,1,0
BRDA:86,7,0,0
BRDA:86,7,1,0
BRDA:88,8,0,0
BRDA:88,8,1,0
BRDA:100,9,0,0
BRDA:100,9,1,0
BRDA:110,10,0,0
BRDA:110,10,1,0
BRDA:110,11,0,0
BRDA:110,11,1,0
BRDA:114,12,0,0
BRDA:114,12,1,0
BRDA:127,13,0,0
BRDA:127,13,1,0
BRDA:147,14,0,0
BRDA:147,14,1,0
BRDA:161,15,0,0
BRDA:161,15,1,0
BRDA:161,15,2,0
BRDA:161,15,3,0
BRDA:165,16,0,0
BRDA:165,16,1,0
BRDA:166,17,0,0
BRDA:166,17,1,0
BRDA:168,18,0,0
BRDA:168,18,1,0
BRDA:170,19,0,0
BRDA:170,19,1,0
BRDA:174,20,0,0
BRDA:174,20,1,0
BRDA:192,21,0,0
BRDA:192,21,1,0
BRDA:193,22,0,0
BRDA:193,22,1,0
BRDA:218,23,0,0
BRDA:218,23,1,0
BRDA:232,24,0,0
BRDA:232,24,1,0
BRDA:258,25,0,0
BRDA:258,25,1,0
BRDA:268,26,0,0
BRDA:268,26,1,0
BRDA:273,27,0,0
BRDA:273,27,1,0
BRDA:278,28,0,0
BRDA:278,28,1,0
BRDA:278,29,0,0
BRDA:278,29,1,0
BRDA:285,30,0,0
BRDA:285,30,1,0
BRDA:288,31,0,0
BRDA:288,31,1,0
BRDA:293,32,0,0
BRDA:293,32,1,0
BRDA:295,33,0,0
BRDA:295,33,1,0
BRDA:307,34,0,0
BRDA:307,34,1,0
BRDA:327,35,0,0
BRDA:327,35,1,0
BRDA:340,36,0,0
BRDA:340,36,1,0
BRF:76
BRH:3
end_of_record
TN:
SF:src/controllers/chat/handlers/sessionHandler.ts
FN:10,getHistory
FN:43,getChatSessions
FN:83,createChatSession
FN:122,generateTitle
FN:192,deleteChatSession
FNF:5
FNH:5
FNDA:2,getHistory
FNDA:2,getChatSessions
FNDA:2,createChatSession
FNDA:2,generateTitle
FNDA:1,deleteChatSession
DA:11,2
DA:12,2
DA:14,2
DA:15,1
DA:16,1
DA:19,1
DA:20,1
DA:31,1
DA:33,0
DA:36,0
DA:44,2
DA:45,2
DA:47,2
DA:48,0
DA:49,0
DA:52,2
DA:56,2
DA:61,2
DA:62,1
DA:65,2
DA:71,2
DA:73,0
DA:76,0
DA:84,2
DA:85,2
DA:87,2
DA:88,0
DA:89,0
DA:92,2
DA:94,2
DA:96,2
DA:97,1
DA:100,1
DA:103,2
DA:110,2
DA:112,0
DA:115,0
DA:123,2
DA:124,2
DA:126,2
DA:127,0
DA:128,0
DA:131,2
DA:132,2
DA:147,2
DA:148,1
DA:149,1
DA:152,1
DA:153,1
DA:156,1
DA:157,1
DA:160,1
DA:171,1
DA:180,1
DA:182,0
DA:185,0
DA:193,1
DA:194,1
DA:196,1
DA:197,0
DA:198,0
DA:201,1
DA:202,1
DA:211,1
DA:218,1
DA:220,0
DA:223,0
LF:67
LH:49
BRDA:14,0,0,1
BRDA:14,0,1,1
BRDA:33,1,0,0
BRDA:33,1,1,0
BRDA:47,2,0,0
BRDA:47,2,1,2
BRDA:61,3,0,1
BRDA:61,3,1,1
BRDA:73,4,0,0
BRDA:73,4,1,0
BRDA:87,5,0,0
BRDA:87,5,1,2
BRDA:96,6,0,1
BRDA:96,6,1,1
BRDA:100,7,0,1
BRDA:100,7,1,0
BRDA:112,8,0,0
BRDA:112,8,1,0
BRDA:126,9,0,0
BRDA:126,9,1,2
BRDA:147,10,0,1
BRDA:147,10,1,1
BRDA:147,11,0,2
BRDA:147,11,1,1
BRDA:182,12,0,0
BRDA:182,12,1,0
BRDA:196,13,0,0
BRDA:196,13,1,1
BRDA:220,14,0,0
BRDA:220,14,1,0
BRF:30
BRH:15
end_of_record
TN:
SF:src/controllers/chat/handlers/streamHandler.ts
FN:16,respondStreamingWidget
FN:96,(anonymous_1)
FN:159,respondStreaming
FN:207,respondStreamingApiToken
FN:260,(anonymous_4)
FN:318,respondStreamingSlack
FN:476,(anonymous_6)
FNF:7
FNH:0
FNDA:0,respondStreamingWidget
FNDA:0,(anonymous_1)
FNDA:0,respondStreaming
FNDA:0,respondStreamingApiToken
FNDA:0,(anonymous_4)
FNDA:0,respondStreamingSlack
FNDA:0,(anonymous_6)
DA:19,0
DA:20,0
DA:23,0
DA:24,0
DA:25,0
DA:26,0
DA:27,0
DA:28,0
DA:29,0
DA:32,0
DA:33,0
DA:34,0
DA:35,0
DA:36,0
DA:37,0
DA:40,0
DA:42,0
DA:46,0
DA:47,0
DA:48,0
DA:49,0
DA:50,0
DA:51,0
DA:54,0
DA:55,0
DA:56,0
DA:57,0
DA:58,0
DA:59,0
DA:63,0
DA:64,0
DA:65,0
DA:66,0
DA:67,0
DA:72,0
DA:73,0
DA:74,0
DA:75,0
DA:78,0
DA:85,0
DA:96,0
DA:105,0
DA:108,0
DA:124,0
DA:128,0
DA:129,0
DA:140,0
DA:145,0
DA:146,0
DA:147,0
DA:151,0
DA:162,0
DA:163,0
DA:164,0
DA:166,0
DA:167,0
DA:168,0
DA:170,0
DA:173,0
DA:174,0
DA:177,0
DA:186,0
DA:199,0
DA:210,0
DA:211,0
DA:212,0
DA:214,0
DA:215,0
DA:216,0
DA:218,0
DA:221,0
DA:222,0
DA:223,0
DA:225,0
DA:229,0
DA:230,0
DA:237,0
DA:238,0
DA:239,0
DA:240,0
DA:243,0
DA:245,0
DA:247,0
DA:248,0
DA:250,0
DA:251,0
DA:252,0
DA:253,0
DA:257,0
DA:260,0
DA:270,0
DA:272,0
DA:275,0
DA:290,0
DA:294,0
DA:295,0
DA:296,0
DA:301,0
DA:302,0
DA:303,0
DA:307,0
DA:319,0
DA:334,0
DA:335,0
DA:336,0
DA:337,0
DA:339,0
DA:347,0
DA:348,0
DA:351,0
DA:352,0
DA:355,0
DA:356,0
DA:359,0
DA:360,0
DA:363,0
DA:367,0
DA:369,0
DA:374,0
DA:375,0
DA:378,0
DA:385,0
DA:388,0
DA:391,0
DA:392,0
DA:396,0
DA:397,0
DA:398,0
DA:401,0
DA:402,0
DA:406,0
DA:410,0
DA:414,0
DA:415,0
DA:420,0
DA:421,0
DA:422,0
DA:425,0
DA:426,0
DA:430,0
DA:434,0
DA:438,0
DA:441,0
DA:446,0
DA:451,0
DA:454,0
DA:455,0
DA:460,0
DA:464,0
DA:467,0
DA:476,0
DA:486,0
DA:496,0
DA:497,0
DA:499,0
DA:513,0
DA:517,0
DA:520,0
DA:524,0
DA:528,0
DA:529,0
DA:537,0
DA:538,0
DA:541,0
DA:548,0
DA:549,0
DA:554,0
DA:555,0
DA:559,0
DA:563,0
DA:567,0
DA:569,0
DA:574,0
LF:173
LH:0
BRDA:23,0,0,0
BRDA:23,0,1,0
BRDA:32,1,0,0
BRDA:32,1,1,0
BRDA:32,2,0,0
BRDA:32,2,1,0
BRDA:46,3,0,0
BRDA:46,3,1,0
BRDA:54,4,0,0
BRDA:54,4,1,0
BRDA:63,5,0,0
BRDA:63,5,1,0
BRDA:64,6,0,0
BRDA:64,6,1,0
BRDA:65,7,0,0
BRDA:65,7,1,0
BRDA:96,8,0,0
BRDA:96,8,1,0
BRDA:98,9,0,0
BRDA:98,9,1,0
BRDA:99,10,0,0
BRDA:99,10,1,0
BRDA:101,11,0,0
BRDA:101,11,1,0
BRDA:102,12,0,0
BRDA:102,12,1,0
BRDA:124,13,0,0
BRDA:124,13,1,0
BRDA:128,14,0,0
BRDA:128,14,1,0
BRDA:140,15,0,0
BRDA:140,15,1,0
BRDA:146,16,0,0
BRDA:146,16,1,0
BRDA:166,17,0,0
BRDA:166,17,1,0
BRDA:167,18,0,0
BRDA:167,18,1,0
BRDA:214,19,0,0
BRDA:214,19,1,0
BRDA:215,20,0,0
BRDA:215,20,1,0
BRDA:221,21,0,0
BRDA:221,21,1,0
BRDA:221,22,0,0
BRDA:221,22,1,0
BRDA:222,23,0,0
BRDA:222,23,1,0
BRDA:237,24,0,0
BRDA:237,24,1,0
BRDA:247,25,0,0
BRDA:247,25,1,0
BRDA:250,26,0,0
BRDA:250,26,1,0
BRDA:262,27,0,0
BRDA:262,27,1,0
BRDA:270,28,0,0
BRDA:270,28,1,0
BRDA:290,29,0,0
BRDA:290,29,1,0
BRDA:294,30,0,0
BRDA:294,30,1,0
BRDA:296,31,0,0
BRDA:296,31,1,0
BRDA:302,32,0,0
BRDA:302,32,1,0
BRDA:328,33,0,0
BRDA:328,33,1,0
BRDA:347,34,0,0
BRDA:347,34,1,0
BRDA:347,35,0,0
BRDA:347,35,1,0
BRDA:347,35,2,0
BRDA:355,36,0,0
BRDA:355,36,1,0
BRDA:355,37,0,0
BRDA:355,37,1,0
BRDA:385,38,0,0
BRDA:385,38,1,0
BRDA:391,39,0,0
BRDA:391,39,1,0
BRDA:396,40,0,0
BRDA:396,40,1,0
BRDA:414,41,0,0
BRDA:414,41,1,0
BRDA:420,42,0,0
BRDA:420,42,1,0
BRDA:464,43,0,0
BRDA:464,43,1,0
BRDA:476,44,0,0
BRDA:476,44,1,0
BRDA:478,45,0,0
BRDA:478,45,1,0
BRDA:479,46,0,0
BRDA:479,46,1,0
BRDA:481,47,0,0
BRDA:481,47,1,0
BRDA:482,48,0,0
BRDA:482,48,1,0
BRDA:492,49,0,0
BRDA:492,49,1,0
BRDA:517,50,0,0
BRDA:517,50,1,0
BRDA:524,51,0,0
BRDA:524,51,1,0
BRDA:529,52,0,0
BRDA:529,52,1,0
BRDA:537,53,0,0
BRDA:537,53,1,0
BRDA:548,54,0,0
BRDA:548,54,1,0
BRDA:548,55,0,0
BRDA:548,55,1,0
BRDA:555,56,0,0
BRDA:555,56,1,0
BRDA:557,57,0,0
BRDA:557,57,1,0
BRDA:569,58,0,0
BRDA:569,58,1,0
BRF:119
BRH:0
end_of_record
TN:
SF:src/controllers/chat/utils/errorHandler.ts
FN:12,handleChatError
FNF:1
FNH:1
FNDA:1,handleChatError
DA:13,1
DA:14,1
DA:18,1
DA:19,0
DA:20,0
DA:29,0
DA:30,0
DA:33,0
DA:37,0
DA:40,1
DA:41,0
DA:49,1
LF:12
LH:5
BRDA:12,0,0,1
BRDA:14,1,0,1
BRDA:14,1,1,0
BRDA:18,2,0,0
BRDA:18,2,1,1
BRDA:19,3,0,0
BRDA:19,3,1,0
BRDA:29,4,0,0
BRDA:29,4,1,0
BRDA:30,5,0,0
BRDA:30,5,1,0
BRDA:32,6,0,0
BRDA:32,6,1,0
BRDA:40,7,0,0
BRDA:40,7,1,1
BRDA:42,8,0,0
BRDA:42,8,1,0
BRF:17
BRH:4
end_of_record
TN:
SF:src/controllers/chat/utils/requestUtils.ts
FN:6,extractUserTimezone
FNF:1
FNH:1
FNDA:3,extractUserTimezone
DA:7,3
LF:1
LH:1
BRDA:7,0,0,3
BRDA:7,0,1,3
BRDA:7,0,2,3
BRF:3
BRH:3
end_of_record
TN:
SF:src/controllers/chat/utils/sessionStore.ts
FN:8,(anonymous_0)
FN:11,(anonymous_1)
FNF:2
FNH:0
FNDA:0,(anonymous_0)
FNDA:0,(anonymous_1)
DA:2,1
DA:5,1
DA:8,1
DA:9,0
DA:10,0
DA:11,0
DA:12,0
DA:15,0
DA:16,0
DA:17,0
DA:18,0
LF:11
LH:3
BRDA:9,0,0,0
BRDA:9,0,1,0
BRDA:15,1,0,0
BRDA:15,1,1,0
BRDA:17,2,0,0
BRDA:17,2,1,0
BRF:6
BRH:0
end_of_record
TN:
SF:src/middleware/adminAuth.ts
FN:12,(anonymous_0)
FNF:1
FNH:1
FNDA:4,(anonymous_0)
DA:6,1
DA:12,1
DA:13,4
DA:15,4
DA:16,1
DA:19,3
DA:20,3
DA:21,3
DA:23,2
DA:24,1
DA:27,1
DA:28,1
DA:30,1
LF:13
LH:13
BRDA:15,0,0,1
BRDA:15,0,1,3
BRDA:23,1,0,1
BRDA:23,1,1,1
BRF:4
BRH:4
end_of_record
TN:
SF:src/middleware/apiAuth.ts
FN:43,initializeTokenRateLimiter
FN:62,(anonymous_1)
FNF:2
FNH:0
FNDA:0,initializeTokenRateLimiter
FNDA:0,(anonymous_1)
DA:12,1
DA:26,1
DA:38,1
DA:44,0
DA:45,0
DA:46,0
DA:47,0
DA:51,0
DA:54,0
DA:62,1
DA:68,0
DA:69,0
DA:72,0
DA:74,0
DA:77,0
LF:15
LH:4
BRDA:45,0,0,0
BRDA:45,0,1,0
BRDA:52,1,0,0
BRDA:52,1,1,0
BRDA:68,2,0,0
BRDA:68,2,1,0
BRDA:72,3,0,0
BRDA:72,3,1,0
BRF:8
BRH:0
end_of_record
TN:
SF:src/middleware/auth.ts
FNF:0
FNH:0
DA:12,1
DA:25,1
DA:34,1
LF:3
LH:3
BRF:0
BRH:0
end_of_record
TN:
SF:src/middleware/corsApi.ts
FN:15,getAllowedOrigins
FN:51,isOriginAllowed
FN:61,setCorsHeaders
FN:75,(anonymous_3)
FNF:4
FNH:4
FNDA:16,getAllowedOrigins
FNDA:9,isOriginAllowed
FNDA:15,setCorsHeaders
FNDA:23,(anonymous_3)
DA:16,16
DA:17,16
DA:28,15
DA:29,16
DA:32,16
DA:33,16
DA:34,12
DA:37,15
DA:39,1
DA:43,1
DA:44,1
DA:52,9
DA:53,3
DA:55,6
DA:62,15
DA:63,15
DA:65,15
DA:66,15
DA:67,15
DA:75,1
DA:80,23
DA:81,23
DA:82,23
DA:85,23
DA:87,8
DA:88,1
DA:89,1
DA:90,1
DA:94,7
DA:95,5
DA:96,5
DA:99,5
DA:100,1
DA:101,1
DA:102,1
DA:106,4
DA:107,0
DA:108,0
DA:112,4
DA:113,2
DA:114,2
DA:115,2
DA:118,2
DA:122,2
DA:126,2
DA:127,2
DA:131,15
DA:133,13
DA:134,2
DA:135,2
DA:136,2
DA:140,11
DA:141,11
DA:142,11
DA:145,11
DA:146,6
DA:147,6
DA:148,6
DA:152,5
DA:153,0
DA:154,0
DA:158,5
DA:159,3
DA:160,3
DA:161,3
DA:164,2
DA:168,2
DA:173,2
LF:68
LH:64
BRDA:28,0,0,15
BRDA:28,0,1,5
BRDA:29,1,0,16
BRDA:29,1,1,7
BRDA:33,2,0,12
BRDA:33,2,1,4
BRDA:33,3,0,16
BRDA:33,3,1,15
BRDA:39,4,0,1
BRDA:39,4,1,0
BRDA:52,5,0,3
BRDA:52,5,1,6
BRDA:61,6,0,15
BRDA:62,7,0,15
BRDA:62,7,1,0
BRDA:85,8,0,8
BRDA:85,8,1,15
BRDA:87,9,0,1
BRDA:87,9,1,7
BRDA:94,10,0,5
BRDA:94,10,1,2
BRDA:94,11,0,7
BRDA:94,11,1,6
BRDA:99,12,0,1
BRDA:99,12,1,4
BRDA:106,13,0,0
BRDA:106,13,1,4
BRDA:112,14,0,2
BRDA:112,14,1,2
BRDA:131,15,0,13
BRDA:131,15,1,2
BRDA:133,16,0,2
BRDA:133,16,1,11
BRDA:140,17,0,11
BRDA:140,17,1,0
BRDA:145,18,0,6
BRDA:145,18,1,5
BRDA:152,19,0,0
BRDA:152,19,1,5
BRDA:158,20,0,3
BRDA:158,20,1,2
BRF:41
BRH:36
end_of_record
TN:
SF:src/middleware/rateLimiter.ts
FNF:0
FNH:0
DA:15,1
DA:16,1
DA:17,1
DA:18,1
LF:4
LH:4
BRF:0
BRH:0
end_of_record
TN:
SF:src/middleware/usageLogger.ts
FN:14,usageLoggerMiddleware
FN:23,(anonymous_1)
FN:42,logUsage
FN:60,(anonymous_3)
FNF:4
FNH:0
FNDA:0,usageLoggerMiddleware
FNDA:0,(anonymous_1)
FNDA:0,logUsage
FNDA:0,(anonymous_3)
DA:19,0
DA:20,0
DA:23,0
DA:24,0
DA:25,0
DA:26,0
DA:31,0
DA:34,0
DA:36,0
DA:43,0
DA:44,0
DA:45,0
DA:48,0
DA:49,0
DA:50,0
DA:53,0
LF:16
LH:0
BRDA:24,0,0,0
BRDA:24,0,1,0
BRDA:44,1,0,0
BRDA:44,1,1,0
BRDA:49,2,0,0
BRDA:49,2,1,0
BRDA:49,2,2,0
BRDA:49,2,3,0
BRDA:50,3,0,0
BRDA:50,3,1,0
BRDA:55,4,0,0
BRDA:55,4,1,0
BRDA:55,4,2,0
BRDA:56,5,0,0
BRDA:56,5,1,0
BRDA:58,6,0,0
BRDA:58,6,1,0
BRF:17
BRH:0
end_of_record
TN:
SF:src/services/apiTokenService.ts
FN:10,generateToken
FN:18,getTokenPrefix
FN:25,hashToken
FN:32,verifyToken
FN:40,validateToken
FN:90,findTokenByValue
FN:110,incrementUsage
FN:123,updateLastUsed
FNF:8
FNH:8
FNDA:13,generateToken
FNDA:3,getTokenPrefix
FNDA:2,hashToken
FNDA:7,verifyToken
FNDA:9,validateToken
FNDA:5,findTokenByValue
FNDA:2,incrementUsage
FNDA:2,updateLastUsed
DA:11,13
DA:12,13
DA:19,3
DA:26,2
DA:33,7
DA:42,9
DA:43,1
DA:47,8
DA:48,0
DA:51,0
DA:55,8
DA:56,0
DA:57,0
DA:59,0
DA:66,0
DA:71,8
DA:72,2
DA:73,1
DA:78,7
DA:79,3
DA:80,1
DA:84,6
DA:92,5
DA:97,4
DA:98,4
DA:99,4
DA:100,2
DA:104,2
DA:111,2
DA:124,2
LF:30
LH:24
BRDA:42,0,0,1
BRDA:42,0,1,8
BRDA:47,1,0,0
BRDA:47,1,1,8
BRDA:48,2,0,0
BRDA:48,2,1,0
BRDA:55,3,0,0
BRDA:55,3,1,8
BRDA:57,4,0,0
BRDA:57,4,1,0
BRDA:71,5,0,2
BRDA:71,5,1,6
BRDA:71,6,0,8
BRDA:71,6,1,3
BRDA:72,7,0,1
BRDA:72,7,1,1
BRDA:78,8,0,3
BRDA:78,8,1,4
BRDA:78,9,0,7
BRDA:78,9,1,4
BRDA:79,10,0,1
BRDA:79,10,1,2
BRDA:99,11,0,2
BRDA:99,11,1,2
BRF:24
BRH:18
end_of_record
TN:
SF:src/services/calendarActionAuditService.ts
FN:24,logCalendarAction
FN:91,getUserActionLogs
FN:113,getChatbotActionLogs
FNF:3
FNH:3
FNDA:12,logCalendarAction
FNDA:5,getUserActionLogs
FNDA:6,getChatbotActionLogs
DA:25,12
DA:27,12
DA:40,12
DA:41,12
DA:59,4
DA:61,4
DA:62,1
DA:66,1
DA:76,3
DA:80,3
DA:81,3
DA:95,5
DA:96,5
DA:102,2
DA:103,2
DA:106,2
DA:117,6
DA:118,6
DA:124,2
DA:125,2
DA:128,2
LF:21
LH:21
BRDA:59,0,0,2
BRDA:59,0,1,2
BRDA:59,1,0,4
BRDA:59,1,1,4
BRDA:59,1,2,4
BRDA:61,2,0,1
BRDA:61,2,1,3
BRDA:80,3,0,1
BRDA:80,3,1,2
BRDA:81,4,0,1
BRDA:81,4,1,2
BRDA:93,5,0,5
BRDA:102,6,0,1
BRDA:102,6,1,1
BRDA:103,7,0,1
BRDA:103,7,1,1
BRDA:115,8,0,6
BRDA:124,9,0,1
BRDA:124,9,1,1
BRDA:125,10,0,1
BRDA:125,10,1,1
BRF:21
BRH:21
end_of_record
TN:
SF:src/services/calendarActionConfirmationService.ts
FN:41,(anonymous_0)
FN:61,generateConfirmationToken
FN:69,storePendingAction
FN:79,getPendingAction
FN:96,clearPendingAction
FN:103,validateConfirmationToken
FNF:6
FNH:6
FNDA:4,(anonymous_0)
FNDA:4,generateConfirmationToken
FNDA:29,storePendingAction
FNDA:30,getPendingAction
FNDA:13,clearPendingAction
FNDA:20,validateConfirmationToken
DA:38,2
DA:41,2
DA:42,4
DA:43,4
DA:44,4
DA:45,27
DA:46,5
DA:47,5
DA:50,4
DA:51,3
DA:62,4
DA:63,4
DA:73,29
DA:80,30
DA:81,30
DA:82,9
DA:85,21
DA:86,2
DA:87,2
DA:90,19
DA:97,13
DA:104,20
DA:105,9
DA:108,11
LF:24
LH:24
BRDA:45,0,0,5
BRDA:45,0,1,22
BRDA:50,1,0,3
BRDA:50,1,1,1
BRDA:81,2,0,9
BRDA:81,2,1,21
BRDA:85,3,0,2
BRDA:85,3,1,19
BRDA:104,4,0,9
BRDA:104,4,1,11
BRDA:104,5,0,20
BRDA:104,5,1,17
BRDA:104,5,2,13
BRF:13
BRH:13
end_of_record
TN:
SF:src/services/calendarActionDetectionService.ts
FN:28,detectCalendarActionIntent
FN:43,(anonymous_1)
FN:194,matchEventByIdentifier
FN:210,(anonymous_3)
FNF:4
FNH:4
FNDA:17,detectCalendarActionIntent
FNDA:4,(anonymous_1)
FNDA:18,matchEventByIdentifier
FNDA:29,(anonymous_3)
DA:35,17
DA:37,17
DA:38,17
DA:41,17
DA:42,17
DA:43,3
DA:44,4
DA:45,4
DA:46,4
DA:49,3
DA:54,17
DA:55,17
DA:56,17
DA:63,17
DA:114,17
DA:116,17
DA:138,15
DA:140,15
DA:141,15
DA:142,14
DA:144,1
DA:147,1
DA:152,1
DA:160,14
DA:169,17
DA:171,2
DA:172,2
DA:173,2
DA:178,2
DA:200,18
DA:201,2
DA:204,16
DA:206,16
DA:207,18
DA:210,18
DA:211,29
DA:212,29
DA:213,29
DA:214,29
DA:215,29
DA:218,18
DA:240,18
DA:242,18
DA:256,14
DA:258,14
DA:259,14
DA:260,13
DA:262,1
DA:265,1
DA:269,1
DA:273,13
DA:274,13
DA:277,18
DA:278,7
DA:279,7
DA:287,7
DA:289,6
DA:296,6
DA:299,2
DA:300,2
DA:301,2
DA:304,2
LF:62
LH:62
BRDA:31,0,0,17
BRDA:37,1,0,0
BRDA:37,1,1,17
BRDA:42,2,0,3
BRDA:42,2,1,14
BRDA:42,3,0,17
BRDA:42,3,1,3
BRDA:44,4,0,4
BRDA:44,4,1,1
BRDA:45,5,0,4
BRDA:45,5,1,1
BRDA:45,5,2,0
BRDA:141,6,0,14
BRDA:141,6,1,1
BRDA:147,7,0,1
BRDA:147,7,1,0
BRDA:162,8,0,11
BRDA:162,8,1,3
BRDA:162,9,0,11
BRDA:162,9,1,0
BRDA:163,10,0,17
BRDA:163,10,1,3
BRDA:163,11,0,1
BRDA:163,11,1,2
BRDA:164,12,0,10
BRDA:164,12,1,4
BRDA:164,13,0,17
BRDA:164,13,1,11
BRDA:171,14,0,1
BRDA:171,14,1,1
BRDA:172,15,0,1
BRDA:172,15,1,1
BRDA:173,16,0,1
BRDA:173,16,1,1
BRDA:197,17,0,18
BRDA:200,18,0,2
BRDA:200,18,1,16
BRDA:200,19,0,18
BRDA:200,19,1,17
BRDA:206,20,0,0
BRDA:206,20,1,16
BRDA:211,21,0,29
BRDA:211,21,1,1
BRDA:212,22,0,29
BRDA:212,22,1,1
BRDA:212,22,2,0
BRDA:213,23,0,29
BRDA:213,23,1,1
BRDA:213,23,2,0
BRDA:214,24,0,29
BRDA:214,24,1,16
BRDA:215,25,0,13
BRDA:215,25,1,16
BRDA:259,26,0,13
BRDA:259,26,1,1
BRDA:265,27,0,1
BRDA:265,27,1,0
BRDA:274,28,0,13
BRDA:274,28,1,1
BRDA:277,29,0,7
BRDA:277,29,1,6
BRDA:277,30,0,18
BRDA:277,30,1,12
BRDA:277,30,2,9
BRDA:277,30,3,8
BRDA:299,31,0,1
BRDA:299,31,1,1
BRDA:300,32,0,1
BRDA:300,32,1,1
BRDA:301,33,0,1
BRDA:301,33,1,1
BRF:71
BRH:63
end_of_record
TN:
SF:src/services/calendarBlockExecutionService.ts
FNF:0
FNH:0
LF:0
LH:0
BRF:0
BRH:0
end_of_record
TN:
SF:src/services/calendarCacheService.ts
FN:32,getCachedCalendarResults
FN:81,setCachedCalendarResults
FN:117,clearSessionCache
FN:128,clearBlockCache
FN:142,cleanupExpiredCache
FNF:5
FNH:5
FNDA:39,getCachedCalendarResults
FNDA:37,setCachedCalendarResults
FNDA:67,clearSessionCache
FNDA:4,clearBlockCache
FNDA:7,cleanupExpiredCache
DA:24,2
DA:27,2
DA:44,39
DA:45,2
DA:48,37
DA:49,37
DA:50,10
DA:53,27
DA:54,27
DA:55,3
DA:59,24
DA:60,24
DA:62,1
DA:63,1
DA:69,23
DA:71,3
DA:75,20
DA:94,37
DA:95,1
DA:98,36
DA:99,36
DA:100,30
DA:101,30
DA:104,36
DA:118,67
DA:119,1
DA:121,66
DA:129,4
DA:130,1
DA:132,3
DA:133,3
DA:134,2
DA:143,7
DA:144,7
DA:147,7
DA:148,8
DA:150,8
DA:151,10
DA:152,7
DA:157,8
DA:158,7
DA:162,8
DA:163,5
DA:168,7
DA:169,5
DA:174,2
DA:175,2
LF:47
LH:47
BRDA:44,0,0,2
BRDA:44,0,1,37
BRDA:49,1,0,10
BRDA:49,1,1,27
BRDA:54,2,0,3
BRDA:54,2,1,24
BRDA:60,3,0,1
BRDA:60,3,1,23
BRDA:69,4,0,3
BRDA:69,4,1,20
BRDA:94,5,0,1
BRDA:94,5,1,36
BRDA:99,6,0,30
BRDA:99,6,1,6
BRDA:108,7,0,36
BRDA:108,7,1,3
BRDA:118,8,0,1
BRDA:118,8,1,66
BRDA:129,9,0,1
BRDA:129,9,1,3
BRDA:133,10,0,2
BRDA:133,10,1,1
BRDA:151,11,0,7
BRDA:151,11,1,3
BRDA:162,12,0,5
BRDA:162,12,1,3
BRDA:174,13,0,2
BRDA:174,13,1,0
BRF:28
BRH:27
end_of_record
TN:
SF:src/services/chatAnsweringService.ts
FN:43,generateChatAnswer
FN:216,(anonymous_1)
FN:371,(anonymous_2)
FN:428,(anonymous_3)
FN:691,(anonymous_4)
FN:994,(anonymous_5)
FN:1053,(anonymous_6)
FNF:7
FNH:1
FNDA:5,generateChatAnswer
FNDA:0,(anonymous_1)
FNDA:0,(anonymous_2)
FNDA:0,(anonymous_3)
FNDA:0,(anonymous_4)
FNDA:0,(anonymous_5)
FNDA:0,(anonymous_6)
DA:47,5
DA:48,5
DA:49,5
DA:51,5
DA:53,5
DA:61,4
DA:64,4
DA:73,4
DA:81,4
DA:89,4
DA:94,5
DA:95,5
DA:98,5
DA:99,5
DA:100,0
DA:101,0
DA:105,0
DA:107,0
DA:108,0
DA:110,0
DA:117,0
DA:119,0
DA:124,0
DA:127,0
DA:131,0
DA:136,4
DA:156,4
DA:160,4
DA:163,4
DA:171,4
DA:181,4
DA:182,0
DA:184,0
DA:185,0
DA:193,0
DA:194,0
DA:198,0
DA:199,0
DA:200,0
DA:204,0
DA:209,0
DA:213,0
DA:214,0
DA:216,0
DA:222,0
DA:223,0
DA:225,0
DA:226,0
DA:228,0
DA:230,0
DA:232,0
DA:236,0
DA:239,0
DA:240,0
DA:241,0
DA:243,0
DA:248,0
DA:249,0
DA:250,0
DA:255,0
DA:256,0
DA:257,0
DA:261,0
DA:266,0
DA:270,0
DA:271,0
DA:272,0
DA:273,0
DA:275,0
DA:286,0
DA:287,0
DA:288,0
DA:293,0
DA:294,0
DA:295,0
DA:299,0
DA:304,0
DA:309,0
DA:310,0
DA:311,0
DA:313,0
DA:317,0
DA:318,0
DA:322,0
DA:323,0
DA:324,0
DA:329,0
DA:330,0
DA:331,0
DA:335,0
DA:340,0
DA:343,0
DA:347,0
DA:352,0
DA:353,0
DA:365,0
DA:366,0
DA:367,0
DA:370,0
DA:371,0
DA:374,0
DA:375,0
DA:376,0
DA:388,0
DA:389,0
DA:390,0
DA:394,0
DA:395,0
DA:397,0
DA:398,0
DA:399,0
DA:400,0
DA:402,0
DA:409,0
DA:410,0
DA:411,0
DA:421,0
DA:423,0
DA:424,0
DA:426,0
DA:428,0
DA:429,0
DA:430,0
DA:437,0
DA:438,0
DA:445,0
DA:446,0
DA:452,0
DA:462,0
DA:470,0
DA:471,0
DA:477,0
DA:484,0
DA:485,0
DA:486,0
DA:487,0
DA:494,0
DA:496,0
DA:501,0
DA:506,0
DA:507,0
DA:509,0
DA:512,0
DA:515,0
DA:522,4
DA:523,4
DA:524,4
DA:525,4
DA:526,0
DA:534,0
DA:535,0
DA:536,0
DA:542,0
DA:550,0
DA:552,0
DA:554,4
DA:556,2
DA:565,4
DA:566,4
DA:567,4
DA:569,4
DA:571,4
DA:573,5
DA:582,4
DA:583,0
DA:584,0
DA:586,0
DA:594,0
DA:595,0
DA:596,0
DA:598,0
DA:600,0
DA:601,0
DA:603,0
DA:605,0
DA:607,0
DA:615,0
DA:618,0
DA:619,0
DA:628,0
DA:629,0
DA:631,0
DA:632,0
DA:634,0
DA:635,0
DA:636,0
DA:639,0
DA:640,0
DA:641,0
DA:643,0
DA:644,0
DA:647,0
DA:650,0
DA:660,0
DA:663,0
DA:664,0
DA:672,0
DA:673,0
DA:680,0
DA:681,0
DA:682,0
DA:690,0
DA:691,0
DA:693,0
DA:694,0
DA:698,0
DA:702,0
DA:703,0
DA:705,0
DA:716,0
DA:717,0
DA:719,0
DA:720,0
DA:722,0
DA:742,0
DA:743,0
DA:745,0
DA:750,0
DA:751,0
DA:758,0
DA:759,0
DA:765,4
DA:766,0
DA:768,0
DA:770,0
DA:772,0
DA:783,0
DA:788,0
DA:789,0
DA:791,0
DA:793,0
DA:811,4
DA:813,4
DA:815,0
DA:829,4
DA:843,3
DA:844,3
DA:846,5
DA:855,3
DA:856,0
DA:857,0
DA:858,0
DA:861,0
DA:862,0
DA:866,0
DA:867,0
DA:876,0
DA:878,0
DA:879,0
DA:882,0
DA:883,0
DA:893,0
DA:894,0
DA:900,0
DA:901,0
DA:902,0
DA:903,0
DA:904,0
DA:905,0
DA:906,0
DA:911,0
DA:912,0
DA:913,0
DA:920,0
DA:921,0
DA:927,3
DA:928,2
DA:933,3
DA:934,3
DA:945,3
DA:947,0
DA:949,0
DA:950,0
DA:951,0
DA:952,0
DA:954,0
DA:955,0
DA:956,0
DA:958,0
DA:965,0
DA:968,0
DA:970,0
DA:971,0
DA:980,0
DA:987,0
DA:988,0
DA:994,0
DA:995,0
DA:996,0
DA:998,0
DA:1000,0
DA:1006,0
DA:1012,0
DA:1018,0
DA:1024,0
DA:1032,0
DA:1034,0
DA:1038,0
DA:1039,0
DA:1040,0
DA:1042,0
DA:1049,0
DA:1054,0
DA:1057,0
DA:1058,0
DA:1059,0
DA:1061,0
DA:1065,0
DA:1069,0
DA:1076,0
DA:1078,0
DA:1082,0
DA:1083,0
DA:1084,0
DA:1086,0
DA:1096,0
DA:1099,3
DA:1100,3
DA:1114,2
DA:1117,2
DA:1118,2
LF:321
LH:51
BRDA:48,0,0,5
BRDA:48,0,1,5
BRDA:94,1,0,5
BRDA:94,1,1,4
BRDA:95,2,0,5
BRDA:95,2,1,4
BRDA:99,3,0,0
BRDA:99,3,1,5
BRDA:99,4,0,5
BRDA:99,4,1,0
BRDA:105,5,0,0
BRDA:105,5,1,0
BRDA:105,6,0,0
BRDA:105,6,1,0
BRDA:117,7,0,0
BRDA:117,7,1,0
BRDA:119,8,0,0
BRDA:119,8,1,0
BRDA:127,9,0,0
BRDA:127,9,1,0
BRDA:181,10,0,0
BRDA:181,10,1,4
BRDA:181,11,0,4
BRDA:181,11,1,0
BRDA:181,11,2,0
BRDA:184,12,0,0
BRDA:184,12,1,0
BRDA:193,13,0,0
BRDA:193,13,1,0
BRDA:193,14,0,0
BRDA:193,14,1,0
BRDA:199,15,0,0
BRDA:199,15,1,0
BRDA:213,16,0,0
BRDA:213,16,1,0
BRDA:217,17,0,0
BRDA:217,17,1,0
BRDA:226,18,0,0
BRDA:226,18,1,0
BRDA:228,19,0,0
BRDA:228,19,1,0
BRDA:240,20,0,0
BRDA:240,20,1,0
BRDA:240,21,0,0
BRDA:240,21,1,0
BRDA:248,22,0,0
BRDA:248,22,1,0
BRDA:249,23,0,0
BRDA:249,23,1,0
BRDA:250,24,0,0
BRDA:250,24,1,0
BRDA:251,25,0,0
BRDA:251,25,1,0
BRDA:256,26,0,0
BRDA:256,26,1,0
BRDA:256,27,0,0
BRDA:256,27,1,0
BRDA:272,28,0,0
BRDA:272,28,1,0
BRDA:272,29,0,0
BRDA:272,29,1,0
BRDA:282,30,0,0
BRDA:282,30,1,0
BRDA:283,31,0,0
BRDA:283,31,1,0
BRDA:286,32,0,0
BRDA:286,32,1,0
BRDA:287,33,0,0
BRDA:287,33,1,0
BRDA:288,34,0,0
BRDA:288,34,1,0
BRDA:289,35,0,0
BRDA:289,35,1,0
BRDA:294,36,0,0
BRDA:294,36,1,0
BRDA:294,37,0,0
BRDA:294,37,1,0
BRDA:310,38,0,0
BRDA:310,38,1,0
BRDA:310,39,0,0
BRDA:310,39,1,0
BRDA:322,40,0,0
BRDA:322,40,1,0
BRDA:323,41,0,0
BRDA:323,41,1,0
BRDA:324,42,0,0
BRDA:324,42,1,0
BRDA:325,43,0,0
BRDA:325,43,1,0
BRDA:330,44,0,0
BRDA:330,44,1,0
BRDA:330,45,0,0
BRDA:330,45,1,0
BRDA:360,46,0,0
BRDA:360,46,1,0
BRDA:370,47,0,0
BRDA:370,47,1,0
BRDA:381,48,0,0
BRDA:381,48,1,0
BRDA:382,49,0,0
BRDA:382,49,1,0
BRDA:388,50,0,0
BRDA:388,50,1,0
BRDA:388,51,0,0
BRDA:388,51,1,0
BRDA:394,52,0,0
BRDA:394,52,1,0
BRDA:421,53,0,0
BRDA:421,53,1,0
BRDA:424,54,0,0
BRDA:424,54,1,0
BRDA:424,55,0,0
BRDA:424,55,1,0
BRDA:432,56,0,0
BRDA:432,56,1,0
BRDA:437,57,0,0
BRDA:437,57,1,0
BRDA:438,58,0,0
BRDA:438,58,1,0
BRDA:470,59,0,0
BRDA:470,59,1,0
BRDA:477,60,0,0
BRDA:477,60,1,0
BRDA:484,61,0,0
BRDA:484,61,1,0
BRDA:484,62,0,0
BRDA:484,62,1,0
BRDA:484,62,2,0
BRDA:484,62,3,0
BRDA:484,62,4,0
BRDA:486,63,0,0
BRDA:486,63,1,0
BRDA:509,64,0,0
BRDA:509,64,1,0
BRDA:522,65,0,4
BRDA:522,65,1,0
BRDA:522,66,0,4
BRDA:522,66,1,2
BRDA:525,67,0,0
BRDA:525,67,1,4
BRDA:527,68,0,0
BRDA:527,68,1,0
BRDA:534,69,0,0
BRDA:534,69,1,0
BRDA:534,70,0,0
BRDA:534,70,1,0
BRDA:535,71,0,0
BRDA:535,71,1,0
BRDA:544,72,0,0
BRDA:544,72,1,0
BRDA:557,73,0,2
BRDA:557,73,1,0
BRDA:571,74,0,0
BRDA:571,74,1,4
BRDA:571,75,0,0
BRDA:571,75,1,4
BRDA:594,76,0,0
BRDA:594,76,1,0
BRDA:594,77,0,0
BRDA:594,77,1,0
BRDA:598,78,0,0
BRDA:598,78,1,0
BRDA:603,79,0,0
BRDA:603,79,1,0
BRDA:603,80,0,0
BRDA:603,80,1,0
BRDA:603,80,2,0
BRDA:618,81,0,0
BRDA:618,81,1,0
BRDA:628,82,0,0
BRDA:628,82,1,0
BRDA:635,83,0,0
BRDA:635,83,1,0
BRDA:639,84,0,0
BRDA:639,84,1,0
BRDA:640,85,0,0
BRDA:640,85,1,0
BRDA:643,86,0,0
BRDA:643,86,1,0
BRDA:643,87,0,0
BRDA:643,87,1,0
BRDA:663,88,0,0
BRDA:663,88,1,0
BRDA:672,89,0,0
BRDA:672,89,1,0
BRDA:673,90,0,0
BRDA:673,90,1,0
BRDA:680,91,0,0
BRDA:680,91,1,0
BRDA:691,92,0,0
BRDA:691,92,1,0
BRDA:693,93,0,0
BRDA:693,93,1,0
BRDA:693,94,0,0
BRDA:693,94,1,0
BRDA:709,95,0,0
BRDA:709,95,1,0
BRDA:716,96,0,0
BRDA:716,96,1,0
BRDA:724,97,0,0
BRDA:724,97,1,0
BRDA:726,98,0,0
BRDA:726,98,1,0
BRDA:727,99,0,0
BRDA:727,99,1,0
BRDA:729,100,0,0
BRDA:729,100,1,0
BRDA:733,101,0,0
BRDA:733,101,1,0
BRDA:742,102,0,0
BRDA:742,102,1,0
BRDA:750,103,0,0
BRDA:750,103,1,0
BRDA:751,104,0,0
BRDA:751,104,1,0
BRDA:758,105,0,0
BRDA:758,105,1,0
BRDA:759,106,0,0
BRDA:759,106,1,0
BRDA:765,107,0,0
BRDA:765,107,1,4
BRDA:765,108,0,4
BRDA:765,108,1,0
BRDA:765,108,2,0
BRDA:766,109,0,0
BRDA:766,109,1,0
BRDA:766,110,0,0
BRDA:766,110,1,0
BRDA:768,111,0,0
BRDA:768,111,1,0
BRDA:768,112,0,0
BRDA:768,112,1,0
BRDA:770,113,0,0
BRDA:770,113,1,0
BRDA:770,114,0,0
BRDA:770,114,1,0
BRDA:791,115,0,0
BRDA:791,115,1,0
BRDA:797,116,0,0
BRDA:797,116,1,0
BRDA:804,117,0,0
BRDA:804,117,1,0
BRDA:813,118,0,0
BRDA:813,118,1,4
BRDA:813,119,0,4
BRDA:813,119,1,0
BRDA:844,120,0,0
BRDA:844,120,1,3
BRDA:844,121,0,0
BRDA:844,121,1,3
BRDA:861,122,0,0
BRDA:861,122,1,0
BRDA:878,123,0,0
BRDA:878,123,1,0
BRDA:878,124,0,0
BRDA:878,124,1,0
BRDA:893,125,0,0
BRDA:893,125,1,0
BRDA:895,126,0,0
BRDA:895,126,1,0
BRDA:900,127,0,0
BRDA:900,127,1,0
BRDA:900,128,0,0
BRDA:900,128,1,0
BRDA:900,128,2,0
BRDA:901,129,0,0
BRDA:901,129,1,0
BRDA:903,130,0,0
BRDA:903,130,1,0
BRDA:905,131,0,0
BRDA:905,131,1,0
BRDA:911,132,0,0
BRDA:911,132,1,0
BRDA:912,133,0,0
BRDA:912,133,1,0
BRDA:913,134,0,0
BRDA:913,134,1,0
BRDA:920,135,0,0
BRDA:920,135,1,0
BRDA:921,136,0,0
BRDA:921,136,1,0
BRDA:927,137,0,2
BRDA:927,137,1,1
BRDA:927,138,0,3
BRDA:927,138,1,2
BRDA:927,138,2,2
BRDA:945,139,0,0
BRDA:945,139,1,3
BRDA:945,140,0,3
BRDA:945,140,1,0
BRDA:947,141,0,0
BRDA:947,141,1,0
BRDA:951,142,0,0
BRDA:951,142,1,0
BRDA:954,143,0,0
BRDA:954,143,1,0
BRDA:955,144,0,0
BRDA:955,144,1,0
BRDA:956,145,0,0
BRDA:956,145,1,0
BRDA:959,146,0,0
BRDA:959,146,1,0
BRDA:965,147,0,0
BRDA:965,147,1,0
BRDA:974,148,0,0
BRDA:974,148,1,0
BRDA:980,149,0,0
BRDA:980,149,1,0
BRDA:987,150,0,0
BRDA:987,150,1,0
BRDA:995,151,0,0
BRDA:995,151,1,0
BRDA:995,152,0,0
BRDA:995,152,1,0
BRDA:1002,153,0,0
BRDA:1002,153,1,0
BRDA:1008,154,0,0
BRDA:1008,154,1,0
BRDA:1034,155,0,0
BRDA:1034,155,1,0
BRDA:1038,156,0,0
BRDA:1038,156,1,0
BRDA:1038,157,0,0
BRDA:1038,157,1,0
BRDA:1042,158,0,0
BRDA:1042,158,1,0
BRDA:1054,159,0,0
BRDA:1054,159,1,0
BRDA:1057,160,0,0
BRDA:1057,160,1,0
BRDA:1057,161,0,0
BRDA:1057,161,1,0
BRDA:1063,162,0,0
BRDA:1063,162,1,0
BRDA:1067,163,0,0
BRDA:1067,163,1,0
BRDA:1072,164,0,0
BRDA:1072,164,1,0
BRDA:1073,165,0,0
BRDA:1073,165,1,0
BRDA:1078,166,0,0
BRDA:1078,166,1,0
BRDA:1082,167,0,0
BRDA:1082,167,1,0
BRDA:1082,168,0,0
BRDA:1082,168,1,0
BRDA:1086,169,0,0
BRDA:1086,169,1,0
BRDA:1104,170,0,3
BRDA:1104,170,1,1
BRF:350
BRH:32
end_of_record
TN:
SF:src/services/cloudContextRetrievalService.ts
FN:37,getCloudContextFromWeaviate
FN:56,(anonymous_1)
FNF:2
FNH:2
FNDA:5,getCloudContextFromWeaviate
FNDA:3,(anonymous_1)
DA:16,5
DA:17,5
DA:18,4
DA:19,4
DA:31,5
DA:32,5
DA:44,5
DA:45,1
DA:48,1
DA:51,4
DA:53,4
DA:54,4
DA:55,4
DA:56,3
DA:57,5
DA:58,1
DA:61,1
DA:64,1
DA:65,1
DA:68,1
DA:91,2
DA:93,2
DA:94,2
DA:111,1
DA:112,1
DA:116,1
DA:132,1
DA:133,1
DA:136,1
DA:139,1
DA:140,5
DA:141,0
DA:146,0
DA:149,1
DA:156,1
DA:157,1
DA:159,1
DA:160,1
DA:162,1
DA:166,1
DA:167,0
DA:170,1
DA:171,1
DA:172,1
DA:173,1
DA:175,1
DA:176,0
DA:184,1
DA:186,0
DA:187,0
DA:188,1
DA:191,0
DA:192,0
DA:193,0
DA:194,0
DA:197,0
DA:198,0
DA:203,0
DA:207,1
DA:208,1
DA:210,0
DA:211,0
DA:217,0
DA:222,1
DA:223,1
DA:225,1
DA:226,1
DA:227,0
DA:232,1
DA:234,1
DA:235,1
DA:237,1
DA:238,0
DA:241,0
DA:244,1
DA:249,0
DA:251,0
DA:252,0
DA:254,0
DA:255,0
DA:256,0
DA:258,0
DA:265,0
DA:276,0
DA:283,1
DA:285,1
DA:289,1
DA:290,1
DA:291,1
DA:295,1
DA:296,0
DA:300,0
DA:305,1
DA:312,1
DA:317,0
DA:318,0
DA:324,0
DA:325,0
DA:326,0
DA:333,0
DA:338,1
DA:339,1
DA:341,1
DA:342,0
DA:343,0
DA:344,0
DA:345,0
DA:347,0
DA:352,0
DA:354,1
DA:355,1
DA:358,0
DA:361,1
DA:363,1
DA:365,1
DA:366,1
DA:367,1
DA:368,1
DA:377,0
DA:378,0
DA:388,1
DA:389,0
DA:390,0
DA:391,0
DA:392,0
DA:397,1
DA:398,1
DA:404,1
DA:409,0
DA:410,0
DA:411,0
DA:414,0
LF:132
LH:79
BRDA:17,0,0,4
BRDA:17,0,1,1
BRDA:44,1,0,1
BRDA:44,1,1,4
BRDA:56,2,0,3
BRDA:56,2,1,1
BRDA:57,3,0,1
BRDA:57,3,1,4
BRDA:64,4,0,1
BRDA:64,4,1,0
BRDA:65,5,0,1
BRDA:65,5,1,0
BRDA:111,6,0,1
BRDA:111,6,1,0
BRDA:132,7,0,1
BRDA:132,7,1,0
BRDA:133,8,0,1
BRDA:133,8,1,0
BRDA:139,9,0,1
BRDA:139,9,1,0
BRDA:140,10,0,0
BRDA:140,10,1,5
BRDA:166,11,0,0
BRDA:166,11,1,1
BRDA:172,12,0,1
BRDA:172,12,1,0
BRDA:175,13,0,0
BRDA:175,13,1,1
BRDA:175,14,0,1
BRDA:175,14,1,1
BRDA:184,15,0,0
BRDA:184,15,1,1
BRDA:188,16,0,0
BRDA:188,16,1,1
BRDA:197,17,0,0
BRDA:197,17,1,0
BRDA:198,18,0,0
BRDA:198,18,1,0
BRDA:210,19,0,0
BRDA:210,19,1,0
BRDA:211,20,0,0
BRDA:211,20,1,0
BRDA:226,21,0,0
BRDA:226,21,1,1
BRDA:226,22,0,1
BRDA:226,22,1,0
BRDA:232,23,0,1
BRDA:232,23,1,0
BRDA:237,24,0,0
BRDA:237,24,1,1
BRDA:237,25,0,1
BRDA:237,25,1,1
BRDA:249,26,0,0
BRDA:249,26,1,0
BRDA:251,27,0,0
BRDA:251,27,1,0
BRDA:254,28,0,0
BRDA:254,28,1,0
BRDA:267,29,0,0
BRDA:267,29,1,0
BRDA:272,30,0,0
BRDA:272,30,1,0
BRDA:289,31,0,1
BRDA:289,31,1,0
BRDA:290,32,0,1
BRDA:290,32,1,0
BRDA:291,33,0,0
BRDA:291,33,1,1
BRDA:291,34,0,1
BRDA:291,34,1,1
BRDA:291,34,2,0
BRDA:295,35,0,0
BRDA:295,35,1,1
BRDA:308,36,0,0
BRDA:308,36,1,1
BRDA:308,37,0,0
BRDA:308,37,1,1
BRDA:317,38,0,0
BRDA:317,38,1,0
BRDA:324,39,0,0
BRDA:324,39,1,0
BRDA:324,40,0,0
BRDA:324,40,1,0
BRDA:325,41,0,0
BRDA:325,41,1,0
BRDA:325,41,2,0
BRDA:328,42,0,0
BRDA:328,42,1,0
BRDA:329,43,0,0
BRDA:329,43,1,0
BRDA:330,44,0,0
BRDA:330,44,1,0
BRDA:338,45,0,1
BRDA:338,45,1,0
BRDA:341,46,0,0
BRDA:341,46,1,1
BRDA:345,47,0,0
BRDA:345,47,1,0
BRDA:349,48,0,0
BRDA:349,48,1,0
BRDA:352,49,0,0
BRDA:352,49,1,0
BRDA:352,49,2,0
BRDA:354,50,0,1
BRDA:354,50,1,0
BRDA:358,51,0,0
BRDA:358,51,1,0
BRDA:358,51,2,0
BRDA:361,52,0,1
BRDA:361,52,1,0
BRDA:365,53,0,1
BRDA:365,53,1,1
BRDA:366,54,0,0
BRDA:366,54,1,1
BRDA:370,55,0,1
BRDA:370,55,1,0
BRDA:371,56,0,1
BRDA:371,56,1,0
BRDA:372,57,0,1
BRDA:372,57,1,0
BRDA:377,58,0,0
BRDA:377,58,1,0
BRDA:388,59,0,0
BRDA:388,59,1,1
BRDA:391,60,0,0
BRDA:391,60,1,0
BRDA:409,61,0,0
BRDA:409,61,1,0
BRDA:410,62,0,0
BRDA:410,62,1,0
BRDA:411,63,0,0
BRDA:411,63,1,0
BRF:132
BRH:47
end_of_record
TN:
SF:src/services/contextRetrievalService.ts
FN:60,(anonymous_0)
FN:68,(anonymous_1)
FN:149,(anonymous_2)
FN:186,(anonymous_3)
FN:301,(anonymous_4)
FN:323,(anonymous_5)
FN:337,(anonymous_6)
FN:452,(anonymous_7)
FN:468,(anonymous_8)
FN:492,(anonymous_9)
FN:508,(anonymous_10)
FN:515,(anonymous_11)
FN:516,(anonymous_12)
FNF:13
FNH:13
FNDA:3,(anonymous_0)
FNDA:3,(anonymous_1)
FNDA:1,(anonymous_2)
FNDA:6,(anonymous_3)
FNDA:3,(anonymous_4)
FNDA:2,(anonymous_5)
FNDA:2,(anonymous_6)
FNDA:2,(anonymous_7)
FNDA:1,(anonymous_8)
FNDA:2,(anonymous_9)
FNDA:3,(anonymous_10)
FNDA:3,(anonymous_11)
FNDA:3,(anonymous_12)
DA:50,5
DA:51,5
DA:52,3
DA:53,3
DA:60,5
DA:61,3
DA:62,0
DA:65,3
DA:66,3
DA:67,3
DA:68,3
DA:71,3
DA:72,3
DA:76,0
DA:135,0
DA:136,0
DA:139,0
DA:141,0
DA:144,0
DA:149,5
DA:150,1
DA:151,1
DA:152,1
DA:155,1
DA:159,1
DA:160,1
DA:161,1
DA:164,1
DA:167,1
DA:168,0
DA:169,0
DA:170,0
DA:173,1
DA:176,0
DA:178,0
DA:186,5
DA:190,6
DA:192,3
DA:198,3
DA:200,3
DA:218,3
DA:220,3
DA:221,3
DA:238,1
DA:239,1
DA:243,1
DA:259,0
DA:260,0
DA:265,0
DA:267,0
DA:268,0
DA:279,0
DA:290,0
DA:293,0
DA:298,3
DA:301,6
DA:303,3
DA:304,3
DA:305,0
DA:309,3
DA:310,2
DA:311,2
DA:312,2
DA:314,2
DA:319,6
DA:320,6
DA:321,6
DA:322,6
DA:324,2
DA:325,2
DA:327,2
DA:328,0
DA:330,2
DA:331,0
DA:333,2
DA:334,2
DA:339,2
DA:342,2
DA:345,2
DA:348,2
DA:350,2
DA:361,6
DA:363,3
DA:364,3
DA:365,3
DA:368,3
DA:369,3
DA:386,0
DA:387,0
DA:391,0
DA:407,0
DA:408,0
DA:414,0
DA:416,0
DA:417,0
DA:428,0
DA:439,0
DA:443,0
DA:449,3
DA:451,6
DA:454,2
DA:455,2
DA:456,0
DA:460,2
DA:461,1
DA:462,1
DA:463,1
DA:465,1
DA:468,1
DA:482,6
DA:484,6
DA:492,6
DA:493,2
DA:500,6
DA:501,1
DA:508,3
DA:513,2
DA:514,2
DA:515,3
DA:517,3
DA:518,2
DA:519,2
DA:520,0
DA:522,2
DA:523,2
DA:526,1
DA:530,2
DA:535,0
DA:538,0
LF:129
LH:91
BRDA:51,0,0,3
BRDA:51,0,1,2
BRDA:61,1,0,0
BRDA:61,1,1,3
BRDA:71,2,0,3
BRDA:71,2,1,0
BRDA:141,3,0,0
BRDA:141,3,1,0
BRDA:160,4,0,1
BRDA:160,4,1,0
BRDA:167,5,0,0
BRDA:167,5,1,1
BRDA:190,6,0,3
BRDA:190,6,1,3
BRDA:238,7,0,1
BRDA:238,7,1,0
BRDA:259,8,0,0
BRDA:259,8,1,0
BRDA:260,9,0,0
BRDA:260,9,1,0
BRDA:290,10,0,0
BRDA:290,10,1,0
BRDA:298,11,0,3
BRDA:298,11,1,0
BRDA:303,12,0,3
BRDA:303,12,1,0
BRDA:304,13,0,0
BRDA:304,13,1,3
BRDA:309,14,0,1
BRDA:309,14,1,2
BRDA:309,15,0,3
BRDA:309,15,1,3
BRDA:310,16,0,0
BRDA:310,16,1,2
BRDA:311,17,0,0
BRDA:311,17,1,2
BRDA:311,18,0,2
BRDA:311,18,1,0
BRDA:312,19,0,0
BRDA:312,19,1,2
BRDA:312,20,0,2
BRDA:312,20,1,0
BRDA:324,21,0,2
BRDA:324,21,1,0
BRDA:325,22,0,2
BRDA:325,22,1,2
BRDA:327,23,0,0
BRDA:327,23,1,2
BRDA:327,24,0,2
BRDA:327,24,1,0
BRDA:330,25,0,0
BRDA:330,25,1,2
BRDA:339,26,0,2
BRDA:339,26,1,0
BRDA:355,27,0,2
BRDA:355,27,1,1
BRDA:355,28,0,1
BRDA:355,28,1,0
BRDA:364,29,0,3
BRDA:364,29,1,0
BRDA:386,30,0,0
BRDA:386,30,1,0
BRDA:407,31,0,0
BRDA:407,31,1,0
BRDA:440,32,0,0
BRDA:440,32,1,0
BRDA:449,33,0,3
BRDA:449,33,1,0
BRDA:454,34,0,2
BRDA:454,34,1,0
BRDA:455,35,0,0
BRDA:455,35,1,2
BRDA:460,36,0,1
BRDA:460,36,1,1
BRDA:460,37,0,2
BRDA:460,37,1,2
BRDA:461,38,0,0
BRDA:461,38,1,1
BRDA:462,39,0,0
BRDA:462,39,1,1
BRDA:462,40,0,1
BRDA:462,40,1,0
BRDA:463,41,0,0
BRDA:463,41,1,1
BRDA:463,42,0,1
BRDA:463,42,1,0
BRDA:469,43,0,1
BRDA:469,43,1,0
BRDA:475,44,0,1
BRDA:475,44,1,0
BRDA:476,45,0,1
BRDA:476,45,1,0
BRDA:476,46,0,1
BRDA:476,46,1,0
BRDA:476,47,0,1
BRDA:476,47,1,0
BRDA:476,48,0,0
BRDA:476,48,1,0
BRDA:476,49,0,0
BRDA:476,49,1,0
BRDA:493,50,0,2
BRDA:493,50,1,2
BRDA:493,50,2,2
BRDA:493,50,3,2
BRDA:500,51,0,1
BRDA:500,51,1,5
BRDA:517,52,0,2
BRDA:517,52,1,1
BRDA:518,53,0,2
BRDA:518,53,1,0
BRDA:519,54,0,0
BRDA:519,54,1,2
BRDA:535,55,0,0
BRDA:535,55,1,0
BRF:114
BRH:59
end_of_record
TN:
SF:src/services/dbBlockExecutionService.ts
FN:24,executeDbBlock
FN:34,(anonymous_1)
FN:50,(anonymous_2)
FN:59,(anonymous_3)
FN:62,(anonymous_4)
FNF:5
FNH:5
FNDA:20,executeDbBlock
FNDA:4,(anonymous_1)
FNDA:2,(anonymous_2)
FNDA:2,(anonymous_3)
FNDA:2,(anonymous_4)
DA:33,20
DA:35,4
DA:52,2
DA:53,2
DA:54,1
DA:60,2
DA:63,2
DA:68,20
LF:8
LH:8
BRDA:29,0,0,20
BRF:1
BRH:1
end_of_record
TN:
SF:src/services/dbBlockHelper.ts
FN:14,executeDbBlocksForChatbot
FNF:1
FNH:1
FNDA:14,executeDbBlocksForChatbot
DA:22,14
DA:30,14
DA:31,14
DA:32,14
DA:35,14
DA:45,14
DA:48,14
DA:49,14
DA:51,14
DA:52,13
DA:53,13
DA:62,11
DA:68,2
DA:69,2
DA:70,2
DA:79,14
LF:16
LH:16
BRDA:17,0,0,14
BRDA:18,1,0,14
BRDA:31,2,0,14
BRDA:31,2,1,10
BRDA:31,2,2,0
BRDA:32,3,0,14
BRDA:32,3,1,11
BRDA:49,4,0,14
BRDA:49,4,1,0
BRDA:51,5,0,13
BRDA:51,5,1,1
BRDA:56,6,0,13
BRDA:56,6,1,0
BRDA:68,7,0,1
BRDA:68,7,1,1
BRDA:69,8,0,1
BRDA:69,8,1,1
BRDA:70,9,0,1
BRDA:70,9,1,1
BRF:19
BRH:16
end_of_record
TN:
SF:src/services/dbConnectionService.ts
FN:45,getDbConnection
FN:106,testConnection
FN:128,executeSelectQuery
FN:141,(anonymous_3)
FN:142,(anonymous_4)
FN:148,(anonymous_5)
FN:176,closeConnection
FN:192,prepareCredentialsForStorage
FNF:8
FNH:8
FNDA:13,getDbConnection
FNDA:8,testConnection
FNDA:10,executeSelectQuery
FNDA:9,(anonymous_3)
FNDA:1,(anonymous_4)
FNDA:9,(anonymous_5)
FNDA:8,closeConnection
FNDA:6,prepareCredentialsForStorage
DA:49,13
DA:54,13
DA:55,5
DA:56,4
DA:60,1
DA:67,1
DA:69,1
DA:76,8
DA:90,9
DA:91,9
DA:94,9
DA:97,9
DA:98,9
DA:100,9
DA:107,8
DA:108,8
DA:109,8
DA:111,6
DA:112,5
DA:114,1
DA:117,2
DA:118,2
DA:135,10
DA:136,10
DA:137,1
DA:141,9
DA:142,9
DA:143,1
DA:148,9
DA:149,9
DA:150,9
DA:153,9
DA:154,1
DA:155,1
DA:156,1
DA:157,1
DA:159,1
DA:167,8
DA:170,9
DA:177,8
DA:178,8
DA:179,8
DA:180,8
DA:182,2
DA:183,2
DA:195,6
DA:197,6
DA:199,2
DA:202,6
LF:49
LH:49
BRDA:49,0,0,13
BRDA:49,0,1,6
BRDA:54,1,0,5
BRDA:54,1,1,8
BRDA:55,2,0,4
BRDA:55,2,1,1
BRDA:55,3,0,5
BRDA:55,3,1,3
BRDA:55,3,2,2
BRDA:111,4,0,5
BRDA:111,4,1,1
BRDA:117,5,0,1
BRDA:117,5,1,1
BRDA:132,6,0,10
BRDA:136,7,0,1
BRDA:136,7,1,9
BRDA:137,8,0,1
BRDA:137,8,1,0
BRDA:149,9,0,9
BRDA:149,9,1,1
BRDA:153,10,0,1
BRDA:153,10,1,8
BRDA:153,11,0,9
BRDA:153,11,1,9
BRDA:153,11,2,1
BRDA:160,12,0,1
BRDA:160,12,1,0
BRDA:161,13,0,1
BRDA:161,13,1,0
BRDA:178,14,0,8
BRDA:178,14,1,1
BRDA:182,15,0,1
BRDA:182,15,1,1
BRDA:183,16,0,1
BRDA:183,16,1,1
BRDA:197,17,0,2
BRDA:197,17,1,4
BRDA:197,18,0,6
BRDA:197,18,1,4
BRF:39
BRH:36
end_of_record
TN:
SF:src/services/dbFileStorageService.ts
FN:27,(anonymous_0)
FN:36,(anonymous_1)
FN:72,(anonymous_2)
FNF:3
FNH:3
FNDA:4,(anonymous_0)
FNDA:10,(anonymous_1)
FNDA:4,(anonymous_2)
DA:29,4
DA:37,10
DA:39,10
DA:40,10
DA:45,8
DA:46,12
DA:47,12
DA:48,11
DA:50,10
DA:51,10
DA:57,10
DA:58,6
DA:63,1
DA:65,4
DA:73,4
DA:74,4
DA:77,3
DA:85,4
LF:18
LH:18
BRDA:29,0,0,4
BRDA:29,0,1,3
BRDA:48,1,0,10
BRDA:48,1,1,1
BRDA:57,2,0,6
BRDA:57,2,1,4
BRDA:65,3,0,3
BRDA:65,3,1,1
BRDA:78,4,0,1
BRDA:78,4,1,2
BRF:10
BRH:10
end_of_record
TN:
SF:src/services/dbQueryGenerator.ts
FN:12,generateSqlQuery
FN:80,formatSchemaForLLM
FN:98,(anonymous_2)
FNF:3
FNH:3
FNDA:30,generateSqlQuery
FNDA:30,formatSchemaForLLM
FNDA:25,(anonymous_2)
DA:19,30
DA:22,30
DA:48,30
DA:49,30
DA:50,30
DA:51,30
DA:59,28
DA:60,28
DA:61,28
DA:62,28
DA:63,28
DA:66,28
DA:67,1
DA:70,27
DA:72,3
DA:73,3
DA:81,30
DA:83,30
DA:84,55
DA:85,55
DA:86,48
DA:88,55
DA:91,55
DA:92,55
DA:93,152
DA:94,152
DA:95,54
DA:97,152
DA:98,25
DA:99,25
DA:100,25
DA:103,152
DA:104,127
DA:106,152
DA:110,55
DA:111,25
DA:112,25
DA:113,25
DA:117,55
DA:120,30
LF:40
LH:40
BRDA:15,0,0,30
BRDA:66,1,0,1
BRDA:66,1,1,27
BRDA:72,2,0,2
BRDA:72,2,1,1
BRDA:85,3,0,48
BRDA:85,3,1,7
BRDA:94,4,0,54
BRDA:94,4,1,98
BRDA:97,5,0,25
BRDA:97,5,1,127
BRDA:99,6,0,25
BRDA:99,6,1,0
BRDA:103,7,0,127
BRDA:103,7,1,25
BRDA:110,8,0,25
BRDA:110,8,1,30
BRF:17
BRH:16
end_of_record
TN:
SF:src/services/dbQueryValidator.ts
FN:14,validateSelectQuery
FN:83,sanitizeQuery
FNF:2
FNH:2
FNDA:64,validateSelectQuery
FNDA:13,sanitizeQuery
DA:15,64
DA:16,4
DA:20,60
DA:21,60
DA:22,28
DA:29,32
DA:42,32
DA:43,275
DA:44,6
DA:52,26
DA:60,26
DA:61,124
DA:62,6
DA:70,20
DA:71,4
DA:77,16
DA:85,13
DA:88,13
DA:91,13
DA:93,13
LF:20
LH:20
BRDA:15,0,0,4
BRDA:15,0,1,60
BRDA:15,1,0,64
BRDA:15,1,1,61
BRDA:21,2,0,28
BRDA:21,2,1,32
BRDA:43,3,0,6
BRDA:43,3,1,269
BRDA:61,4,0,6
BRDA:61,4,1,118
BRDA:70,5,0,4
BRDA:70,5,1,16
BRDA:70,6,0,20
BRDA:70,6,1,18
BRDA:70,6,2,16
BRF:15
BRH:15
end_of_record
TN:
SF:src/services/dbSchemaDiscovery.ts
FN:64,discoverSchema
FN:88,discoverTables
FN:105,(anonymous_2)
FN:127,getTableNames
FN:171,(anonymous_4)
FN:177,getTableColumns
FN:268,(anonymous_6)
FN:284,getPrimaryKeys
FN:336,(anonymous_8)
FN:342,getForeignKeys
FN:405,(anonymous_10)
FN:418,getIndexes
FN:479,(anonymous_12)
FN:492,enrichSqliteIndexColumns
FN:513,(anonymous_14)
FN:513,(anonymous_15)
FN:531,getRowCount
FNF:17
FNH:17
FNDA:4,discoverSchema
FNDA:4,discoverTables
FNDA:1,(anonymous_2)
FNDA:4,getTableNames
FNDA:2,(anonymous_4)
FNDA:2,getTableColumns
FNDA:4,(anonymous_6)
FNDA:2,getPrimaryKeys
FNDA:3,(anonymous_8)
FNDA:2,getForeignKeys
FNDA:1,(anonymous_10)
FNDA:2,getIndexes
FNDA:2,(anonymous_12)
FNDA:1,enrichSqliteIndexColumns
FNDA:1,(anonymous_14)
FNDA:1,(anonymous_15)
FNDA:2,getRowCount
DA:65,4
DA:70,4
DA:72,4
DA:73,4
DA:75,2
DA:80,2
DA:81,2
DA:93,4
DA:96,4
DA:98,2
DA:99,2
DA:100,2
DA:101,2
DA:102,2
DA:105,2
DA:106,1
DA:109,2
DA:111,2
DA:121,2
DA:134,4
DA:136,2
DA:143,2
DA:145,0
DA:152,0
DA:154,1
DA:161,1
DA:163,1
DA:166,3
DA:171,2
DA:185,2
DA:187,1
DA:209,1
DA:211,0
DA:233,0
DA:235,1
DA:245,1
DA:247,0
DA:251,2
DA:252,1
DA:253,1
DA:254,1
DA:256,0
DA:258,2
DA:268,2
DA:269,4
DA:270,4
DA:292,2
DA:294,1
DA:305,1
DA:307,0
DA:318,0
DA:320,1
DA:326,1
DA:328,0
DA:331,2
DA:332,2
DA:336,3
DA:350,2
DA:352,1
DA:368,1
DA:370,0
DA:383,0
DA:385,1
DA:392,1
DA:394,0
DA:397,2
DA:398,2
DA:405,2
DA:406,1
DA:407,1
DA:426,2
DA:428,1
DA:442,1
DA:444,0
DA:455,0
DA:458,1
DA:466,1
DA:468,0
DA:471,2
DA:472,2
DA:479,2
DA:480,2
DA:481,2
DA:498,1
DA:500,1
DA:501,1
DA:502,0
DA:503,0
DA:506,1
DA:508,1
DA:509,1
DA:513,1
DA:515,1
DA:521,0
DA:525,1
DA:536,2
DA:538,2
DA:539,2
DA:540,0
DA:542,2
DA:543,2
DA:544,2
DA:545,2
DA:546,1
DA:547,1
DA:548,1
DA:550,0
DA:553,0
LF:108
LH:87
BRDA:67,0,0,4
BRDA:67,0,1,0
BRDA:68,1,0,4
BRDA:68,1,1,0
BRDA:80,2,0,2
BRDA:80,2,1,0
BRDA:105,3,0,1
BRDA:105,3,1,1
BRDA:105,4,0,2
BRDA:105,4,1,1
BRDA:105,5,0,1
BRDA:105,5,1,1
BRDA:134,6,0,2
BRDA:134,6,1,0
BRDA:134,6,2,1
BRDA:134,6,3,1
BRDA:171,7,0,2
BRDA:171,7,1,0
BRDA:171,7,2,0
BRDA:185,8,0,1
BRDA:185,8,1,0
BRDA:185,8,2,1
BRDA:185,8,3,0
BRDA:251,9,0,1
BRDA:251,9,1,1
BRDA:253,10,0,1
BRDA:253,10,1,0
BRDA:273,11,0,4
BRDA:273,11,1,3
BRDA:274,12,0,4
BRDA:274,12,1,3
BRDA:292,13,0,1
BRDA:292,13,1,0
BRDA:292,13,2,1
BRDA:292,13,3,0
BRDA:331,14,0,1
BRDA:331,14,1,1
BRDA:350,15,0,1
BRDA:350,15,1,0
BRDA:350,15,2,1
BRDA:350,15,3,0
BRDA:397,16,0,1
BRDA:397,16,1,1
BRDA:426,17,0,1
BRDA:426,17,1,0
BRDA:426,17,2,1
BRDA:426,17,3,0
BRDA:471,18,0,1
BRDA:471,18,1,1
BRDA:483,19,0,1
BRDA:483,19,1,1
BRDA:483,20,0,0
BRDA:483,20,1,1
BRDA:484,21,0,2
BRDA:484,21,1,0
BRDA:501,22,0,0
BRDA:501,22,1,1
BRDA:501,23,0,1
BRDA:501,23,1,1
BRDA:539,24,0,0
BRDA:539,24,1,2
BRDA:539,25,0,2
BRDA:539,25,1,2
BRDA:545,26,0,1
BRDA:545,26,1,1
BRDA:547,27,0,1
BRDA:547,27,1,0
BRF:67
BRH:47
end_of_record
TN:
SF:src/services/followUpGenerator.ts
FN:11,(anonymous_0)
FN:78,(anonymous_1)
FN:109,(anonymous_2)
FNF:3
FNH:3
FNDA:11,(anonymous_0)
FNDA:21,(anonymous_1)
FNDA:7,(anonymous_2)
DA:11,1
DA:21,11
DA:22,11
DA:25,11
DA:48,11
DA:57,10
DA:59,10
DA:62,10
DA:63,1
DA:64,9
DA:65,1
DA:69,10
DA:70,10
DA:71,7
DA:74,10
DA:77,10
DA:78,7
DA:79,21
DA:80,3
DA:86,18
DA:92,7
DA:97,3
DA:99,3
DA:100,0
DA:109,7
DA:110,3
DA:112,3
DA:113,7
DA:116,7
DA:117,0
DA:121,7
DA:122,7
DA:123,7
DA:125,7
DA:126,4
DA:135,3
DA:136,5
DA:142,5
DA:149,3
DA:152,1
DA:156,1
DA:173,1
LF:42
LH:40
BRDA:18,0,0,11
BRDA:19,1,0,11
BRDA:31,2,0,1
BRDA:31,2,1,10
BRDA:62,3,0,1
BRDA:62,3,1,9
BRDA:64,4,0,1
BRDA:64,4,1,8
BRDA:70,5,0,7
BRDA:70,5,1,3
BRDA:77,6,0,7
BRDA:77,6,1,3
BRDA:77,7,0,10
BRDA:77,7,1,7
BRDA:79,8,0,3
BRDA:79,8,1,18
BRDA:87,9,0,18
BRDA:87,9,1,1
BRDA:88,10,0,21
BRDA:88,10,1,1
BRDA:89,11,0,21
BRDA:89,11,1,3
BRDA:97,12,0,3
BRDA:97,12,1,0
BRDA:99,13,0,0
BRDA:99,13,1,3
BRDA:99,14,0,3
BRDA:99,14,1,2
BRDA:116,15,0,0
BRDA:116,15,1,7
BRDA:116,16,0,7
BRDA:116,16,1,7
BRDA:116,16,2,7
BRDA:125,17,0,4
BRDA:125,17,1,3
BRDA:125,18,0,7
BRDA:125,18,1,6
BRDA:129,19,0,4
BRDA:129,19,1,0
BRDA:145,20,0,5
BRDA:145,20,1,0
BRDA:152,21,0,1
BRDA:152,21,1,0
BRF:43
BRH:37
end_of_record
TN:
SF:src/services/llmService.ts
FNF:0
FNH:0
LF:0
LH:0
BRF:0
BRH:0
end_of_record
TN:
SF:src/services/mermaidImageService.ts
FN:8,mermaidToImage
FN:58,(anonymous_1)
FN:89,extractAndConvertMermaidDiagrams
FNF:3
FNH:3
FNDA:7,mermaidToImage
FNDA:5,(anonymous_1)
FNDA:3,extractAndConvertMermaidDiagrams
DA:10,7
DA:11,7
DA:16,6
DA:19,6
DA:22,6
DA:52,6
DA:55,6
DA:58,5
DA:61,5
DA:62,5
DA:63,1
DA:66,4
DA:71,4
DA:73,3
DA:74,3
DA:77,3
DA:79,7
DA:80,6
DA:95,3
DA:96,3
DA:98,3
DA:99,4
DA:100,4
DA:101,3
DA:108,1
DA:109,1
DA:118,3
LF:27
LH:27
BRDA:62,0,0,1
BRDA:62,0,1,4
BRDA:73,1,0,3
BRDA:73,1,1,0
BRDA:74,2,0,3
BRDA:74,2,1,0
BRDA:79,3,0,6
BRDA:79,3,1,1
BRDA:108,4,0,1
BRDA:108,4,1,0
BRF:10
BRH:7
end_of_record
TN:
SF:src/services/tokenUsageService.ts
FN:14,logTokenUsage
FNF:1
FNH:0
FNDA:0,logTokenUsage
DA:9,0
DA:22,0
DA:23,0
DA:35,0
LF:4
LH:0
BRDA:35,0,0,0
BRDA:35,0,1,0
BRF:2
BRH:0
end_of_record
TN:
SF:src/services/updateWeaviateSchemas.ts
FN:11,(anonymous_0)
FN:25,updateWebsiteContentSchema
FN:37,(anonymous_2)
FN:181,updateDocumentContentSchema
FN:192,(anonymous_4)
FN:334,updateWeaviateSchemasForRAG
FN:348,(anonymous_6)
FN:371,(anonymous_7)
FN:377,(anonymous_8)
FNF:9
FNH:7
FNDA:5,(anonymous_0)
FNDA:4,updateWebsiteContentSchema
FNDA:3,(anonymous_2)
FNDA:4,updateDocumentContentSchema
FNDA:1,(anonymous_4)
FNDA:5,updateWeaviateSchemasForRAG
FNDA:4,(anonymous_6)
FNDA:0,(anonymous_7)
FNDA:0,(anonymous_8)
DA:11,5
DA:12,5
DA:13,1
DA:15,4
DA:16,4
DA:26,4
DA:27,0
DA:30,0
DA:33,4
DA:35,4
DA:36,4
DA:37,3
DA:40,4
DA:41,3
DA:46,3
DA:48,3
DA:49,2
DA:55,2
DA:57,2
DA:58,1
DA:61,1
DA:65,1
DA:66,1
DA:67,1
DA:72,0
DA:73,0
DA:74,0
DA:77,0
DA:81,1
DA:84,1
DA:87,1
DA:90,1
DA:93,1
DA:96,1
DA:99,1
DA:104,2
DA:166,2
DA:167,2
DA:171,0
DA:174,0
DA:182,4
DA:183,0
DA:186,0
DA:189,4
DA:190,4
DA:191,4
DA:192,1
DA:195,4
DA:196,1
DA:198,1
DA:199,0
DA:204,0
DA:206,0
DA:207,0
DA:210,0
DA:214,0
DA:215,0
DA:216,0
DA:221,0
DA:222,0
DA:223,0
DA:226,0
DA:230,0
DA:233,0
DA:236,0
DA:239,0
DA:242,0
DA:245,1
DA:248,1
DA:252,3
DA:318,3
DA:319,3
DA:323,0
DA:326,0
DA:335,5
DA:336,1
DA:339,1
DA:342,4
DA:346,4
DA:348,4
DA:350,4
DA:351,4
DA:352,4
DA:355,4
DA:360,0
DA:369,5
DA:370,0
DA:372,0
DA:375,0
DA:378,0
DA:381,0
LF:91
LH:56
BRDA:12,0,0,1
BRDA:12,0,1,4
BRDA:26,1,0,0
BRDA:26,1,1,4
BRDA:40,2,0,3
BRDA:40,2,1,1
BRDA:48,3,0,2
BRDA:48,3,1,1
BRDA:50,4,0,2
BRDA:50,4,1,0
BRDA:57,5,0,1
BRDA:57,5,1,1
BRDA:72,6,0,0
BRDA:72,6,1,0
BRDA:73,7,0,0
BRDA:73,7,1,0
BRDA:74,8,0,0
BRDA:74,8,1,0
BRDA:171,9,0,0
BRDA:171,9,1,0
BRDA:182,10,0,0
BRDA:182,10,1,4
BRDA:195,11,0,1
BRDA:195,11,1,3
BRDA:198,12,0,0
BRDA:198,12,1,1
BRDA:200,13,0,0
BRDA:200,13,1,0
BRDA:206,14,0,0
BRDA:206,14,1,0
BRDA:221,15,0,0
BRDA:221,15,1,0
BRDA:222,16,0,0
BRDA:222,16,1,0
BRDA:223,17,0,0
BRDA:223,17,1,0
BRDA:323,18,0,0
BRDA:323,18,1,0
BRDA:335,19,0,1
BRDA:335,19,1,4
BRDA:361,20,0,0
BRDA:361,20,1,0
BRDA:369,21,0,0
BRDA:369,21,1,5
BRDA:378,22,0,0
BRDA:378,22,1,0
BRF:46
BRH:17
end_of_record
TN:
SF:src/services/userOAuthService.ts
FN:9,getEncryptionKey
FN:43,encryptToken
FN:60,generateUserOAuthUrl
FN:104,exchangeUserOAuthCode
FN:194,getUserOAuthConnection
FN:231,ensureValidUserToken
FN:285,generateCalDAVAuthUrl
FN:308,storeCalDAVCredentials
FN:354,generateOAuthState
FN:369,parseOAuthState
FN:387,invalidateUserOAuthConnection
FNF:11
FNH:11
FNDA:12,getEncryptionKey
FNDA:12,encryptToken
FNDA:4,generateUserOAuthUrl
FNDA:7,exchangeUserOAuthCode
FNDA:4,getUserOAuthConnection
FNDA:7,ensureValidUserToken
FNDA:2,generateCalDAVAuthUrl
FNDA:3,storeCalDAVCredentials
FNDA:6,generateOAuthState
FNDA:7,parseOAuthState
FNDA:3,invalidateUserOAuthConnection
DA:12,12
DA:16,12
DA:18,0
DA:19,0
DA:21,0
DA:24,0
DA:27,0
DA:32,12
DA:33,0
DA:36,12
DA:37,12
DA:44,12
DA:45,12
DA:46,12
DA:48,12
DA:49,12
DA:51,12
DA:54,12
DA:68,4
DA:77,4
DA:79,3
DA:81,3
DA:87,3
DA:88,3
DA:95,3
DA:98,1
DA:111,7
DA:112,7
DA:113,1
DA:116,6
DA:119,6
DA:121,5
DA:123,5
DA:129,5
DA:131,5
DA:132,1
DA:136,4
DA:141,5
DA:142,5
DA:143,5
DA:145,4
DA:146,5
DA:149,5
DA:150,5
DA:155,5
DA:156,5
DA:188,1
DA:200,4
DA:204,4
DA:205,1
DA:216,3
DA:235,7
DA:237,5
DA:238,1
DA:241,4
DA:242,3
DA:247,3
DA:251,3
DA:253,3
DA:254,1
DA:258,2
DA:259,2
DA:263,3
DA:272,2
DA:275,1
DA:279,2
DA:292,2
DA:302,2
DA:317,3
DA:318,3
DA:321,3
DA:322,3
DA:361,6
DA:363,6
DA:376,7
DA:377,7
DA:378,7
DA:380,1
DA:393,3
DA:395,3
LF:80
LH:74
BRDA:12,0,0,12
BRDA:12,0,1,0
BRDA:16,1,0,0
BRDA:16,1,1,12
BRDA:21,2,0,0
BRDA:21,2,1,0
BRDA:21,3,0,0
BRDA:21,3,1,0
BRDA:32,4,0,0
BRDA:32,4,1,12
BRDA:77,5,0,3
BRDA:77,5,1,1
BRDA:82,6,0,3
BRDA:82,6,1,0
BRDA:83,7,0,3
BRDA:83,7,1,0
BRDA:112,8,0,1
BRDA:112,8,1,6
BRDA:119,9,0,5
BRDA:119,9,1,1
BRDA:124,10,0,5
BRDA:124,10,1,0
BRDA:125,11,0,5
BRDA:125,11,1,0
BRDA:131,12,0,1
BRDA:131,12,1,4
BRDA:136,13,0,3
BRDA:136,13,1,1
BRDA:145,14,0,4
BRDA:145,14,1,0
BRDA:146,15,0,5
BRDA:146,15,1,0
BRDA:150,16,0,3
BRDA:150,16,1,1
BRDA:155,17,0,4
BRDA:155,17,1,0
BRDA:155,18,0,5
BRDA:155,18,1,4
BRDA:161,19,0,5
BRDA:161,19,1,1
BRDA:177,20,0,5
BRDA:177,20,1,1
BRDA:200,21,0,3
BRDA:200,21,1,1
BRDA:200,22,0,4
BRDA:200,22,1,4
BRDA:204,23,0,1
BRDA:204,23,1,3
BRDA:221,24,0,3
BRDA:221,24,1,2
BRDA:235,25,0,5
BRDA:235,25,1,2
BRDA:235,26,0,7
BRDA:235,26,1,6
BRDA:237,27,0,1
BRDA:237,27,1,4
BRDA:241,28,0,3
BRDA:241,28,1,1
BRDA:243,29,0,3
BRDA:243,29,1,0
BRDA:244,30,0,3
BRDA:244,30,1,0
BRDA:253,31,0,1
BRDA:253,31,1,2
BRDA:259,32,0,1
BRDA:259,32,1,1
BRDA:321,33,0,2
BRDA:321,33,1,1
BRDA:321,34,0,3
BRDA:321,34,1,3
BRDA:327,35,0,3
BRDA:327,35,1,2
BRDA:342,36,0,3
BRDA:342,36,1,2
BRDA:393,37,0,2
BRDA:393,37,1,1
BRDA:393,38,0,3
BRDA:393,38,1,3
BRF:78
BRH:62
end_of_record
TN:
SF:src/services/calendar/calendarBlockExecutionService.ts
FN:18,executeCalendarBlock
FNF:1
FNH:0
FNDA:0,executeCalendarBlock
DA:31,0
DA:33,0
DA:38,0
DA:41,0
DA:42,0
DA:46,0
DA:48,0
DA:49,0
DA:51,0
DA:61,0
DA:62,0
DA:70,0
DA:71,0
DA:72,0
DA:75,0
DA:77,0
DA:80,0
DA:88,0
DA:91,0
DA:94,0
DA:99,0
DA:100,0
DA:102,0
DA:103,0
DA:106,0
DA:108,0
DA:111,0
DA:123,0
DA:124,0
DA:125,0
DA:128,0
DA:130,0
DA:133,0
DA:134,0
DA:135,0
DA:136,0
DA:143,0
DA:147,0
DA:148,0
DA:150,0
DA:151,0
DA:154,0
DA:155,0
DA:162,0
DA:170,0
DA:177,0
DA:178,0
DA:181,0
DA:189,0
DA:191,0
DA:198,0
DA:199,0
DA:203,0
DA:204,0
DA:206,0
DA:207,0
DA:210,0
DA:211,0
DA:221,0
DA:222,0
DA:225,0
DA:226,0
DA:236,0
DA:237,0
DA:240,0
DA:241,0
DA:245,0
DA:246,0
DA:251,0
DA:253,0
DA:254,0
DA:255,0
DA:264,0
DA:274,0
DA:278,0
DA:279,0
DA:281,0
DA:282,0
DA:285,0
DA:294,0
DA:299,0
DA:300,0
DA:302,0
DA:303,0
DA:307,0
DA:309,0
DA:310,0
DA:319,0
DA:330,0
DA:333,0
DA:334,0
DA:335,0
DA:336,0
DA:343,0
DA:344,0
DA:348,0
DA:350,0
DA:351,0
DA:352,0
DA:361,0
DA:372,0
DA:373,0
DA:374,0
DA:377,0
DA:378,0
DA:379,0
DA:384,0
DA:386,0
DA:388,0
DA:401,0
DA:405,0
DA:408,0
DA:409,0
DA:415,0
DA:416,0
DA:421,0
DA:423,0
DA:424,0
DA:426,0
DA:429,0
DA:440,0
LF:121
LH:0
BRDA:31,0,0,0
BRDA:31,0,1,0
BRDA:38,1,0,0
BRDA:38,1,1,0
BRDA:38,2,0,0
BRDA:38,2,1,0
BRDA:46,3,0,0
BRDA:46,3,1,0
BRDA:70,4,0,0
BRDA:70,4,1,0
BRDA:75,5,0,0
BRDA:75,5,1,0
BRDA:77,6,0,0
BRDA:77,6,1,0
BRDA:81,7,0,0
BRDA:81,7,1,0
BRDA:86,8,0,0
BRDA:86,8,1,0
BRDA:91,9,0,0
BRDA:91,9,1,0
BRDA:99,10,0,0
BRDA:99,10,1,0
BRDA:102,11,0,0
BRDA:102,11,1,0
BRDA:124,12,0,0
BRDA:124,12,1,0
BRDA:133,13,0,0
BRDA:133,13,1,0
BRDA:134,14,0,0
BRDA:134,14,1,0
BRDA:147,15,0,0
BRDA:147,15,1,0
BRDA:150,16,0,0
BRDA:150,16,1,0
BRDA:154,17,0,0
BRDA:154,17,1,0
BRDA:177,18,0,0
BRDA:177,18,1,0
BRDA:177,19,0,0
BRDA:177,19,1,0
BRDA:189,20,0,0
BRDA:189,20,1,0
BRDA:194,21,0,0
BRDA:194,21,1,0
BRDA:198,22,0,0
BRDA:198,22,1,0
BRDA:206,23,0,0
BRDA:206,23,1,0
BRDA:206,24,0,0
BRDA:206,24,1,0
BRDA:210,25,0,0
BRDA:210,25,1,0
BRDA:221,26,0,0
BRDA:221,26,1,0
BRDA:225,27,0,0
BRDA:225,27,1,0
BRDA:245,28,0,0
BRDA:245,28,1,0
BRDA:246,29,0,0
BRDA:246,29,1,0
BRDA:253,30,0,0
BRDA:253,30,1,0
BRDA:254,31,0,0
BRDA:254,31,1,0
BRDA:281,32,0,0
BRDA:281,32,1,0
BRDA:281,33,0,0
BRDA:281,33,1,0
BRDA:302,34,0,0
BRDA:302,34,1,0
BRDA:303,35,0,0
BRDA:303,35,1,0
BRDA:309,36,0,0
BRDA:309,36,1,0
BRDA:333,37,0,0
BRDA:333,37,1,0
BRDA:333,38,0,0
BRDA:333,38,1,0
BRDA:343,39,0,0
BRDA:343,39,1,0
BRDA:344,40,0,0
BRDA:344,40,1,0
BRDA:350,41,0,0
BRDA:350,41,1,0
BRDA:351,42,0,0
BRDA:351,42,1,0
BRDA:373,43,0,0
BRDA:373,43,1,0
BRDA:378,44,0,0
BRDA:378,44,1,0
BRDA:384,45,0,0
BRDA:384,45,1,0
BRDA:408,46,0,0
BRDA:408,46,1,0
BRDA:409,47,0,0
BRDA:409,47,1,0
BRDA:416,48,0,0
BRDA:416,48,1,0
BRDA:416,48,2,0
BRDA:416,48,3,0
BRDA:421,49,0,0
BRDA:421,49,1,0
BRDA:421,50,0,0
BRDA:421,50,1,0
BRDA:423,51,0,0
BRDA:423,51,1,0
BRDA:426,52,0,0
BRDA:426,52,1,0
BRDA:427,53,0,0
BRDA:427,53,1,0
BRDA:442,54,0,0
BRDA:442,54,1,0
BRF:112
BRH:0
end_of_record
TN:
SF:src/services/calendar/types.ts
FNF:0
FNH:0
LF:0
LH:0
BRF:0
BRH:0
end_of_record
TN:
SF:src/services/calendar/execution/actionExecution.ts
FN:7,executeCalendarActionBlock
FN:196,(anonymous_1)
FN:235,(anonymous_2)
FN:261,(anonymous_3)
FN:349,(anonymous_4)
FN:414,(anonymous_5)
FN:421,(anonymous_6)
FN:432,(anonymous_7)
FN:444,(anonymous_8)
FN:447,(anonymous_9)
FN:448,(anonymous_10)
FN:474,(anonymous_11)
FN:501,(anonymous_12)
FN:599,(anonymous_13)
FN:664,(anonymous_14)
FN:671,(anonymous_15)
FN:679,(anonymous_16)
FN:682,(anonymous_17)
FN:683,(anonymous_18)
FN:709,(anonymous_19)
FNF:20
FNH:0
FNDA:0,executeCalendarActionBlock
FNDA:0,(anonymous_1)
FNDA:0,(anonymous_2)
FNDA:0,(anonymous_3)
FNDA:0,(anonymous_4)
FNDA:0,(anonymous_5)
FNDA:0,(anonymous_6)
FNDA:0,(anonymous_7)
FNDA:0,(anonymous_8)
FNDA:0,(anonymous_9)
FNDA:0,(anonymous_10)
FNDA:0,(anonymous_11)
FNDA:0,(anonymous_12)
FNDA:0,(anonymous_13)
FNDA:0,(anonymous_14)
FNDA:0,(anonymous_15)
FNDA:0,(anonymous_16)
FNDA:0,(anonymous_17)
FNDA:0,(anonymous_18)
FNDA:0,(anonymous_19)
DA:19,0
DA:27,0
DA:28,0
DA:41,0
DA:44,0
DA:46,0
DA:56,0
DA:69,0
DA:70,0
DA:72,0
DA:73,0
DA:75,0
DA:79,0
DA:80,0
DA:82,0
DA:83,0
DA:85,0
DA:90,0
DA:91,0
DA:94,0
DA:97,0
DA:100,0
DA:101,0
DA:104,0
DA:114,0
DA:115,0
DA:120,0
DA:121,0
DA:129,0
DA:130,0
DA:132,0
DA:133,0
DA:134,0
DA:136,0
DA:137,0
DA:139,0
DA:141,0
DA:146,0
DA:147,0
DA:149,0
DA:150,0
DA:151,0
DA:153,0
DA:154,0
DA:156,0
DA:158,0
DA:163,0
DA:164,0
DA:165,0
DA:171,0
DA:172,0
DA:176,0
DA:179,0
DA:180,0
DA:181,0
DA:182,0
DA:183,0
DA:189,0
DA:190,0
DA:192,0
DA:193,0
DA:196,0
DA:197,0
DA:201,0
DA:202,0
DA:203,0
DA:210,0
DA:211,0
DA:219,0
DA:220,0
DA:223,0
DA:227,0
DA:228,0
DA:230,0
DA:231,0
DA:235,0
DA:236,0
DA:237,0
DA:243,0
DA:244,0
DA:247,0
DA:253,0
DA:261,0
DA:271,0
DA:272,0
DA:276,0
DA:284,0
DA:286,0
DA:292,0
DA:296,0
DA:297,0
DA:301,0
DA:302,0
DA:303,0
DA:306,0
DA:315,0
DA:319,0
DA:320,0
DA:321,0
DA:322,0
DA:328,0
DA:330,0
DA:331,0
DA:337,0
DA:343,0
DA:349,0
DA:352,0
DA:353,0
DA:354,0
DA:355,0
DA:368,0
DA:369,0
DA:375,0
DA:377,0
DA:387,0
DA:390,0
DA:391,0
DA:395,0
DA:399,0
DA:400,0
DA:406,0
DA:414,0
DA:415,0
DA:420,0
DA:421,0
DA:422,0
DA:423,0
DA:430,0
DA:431,0
DA:432,0
DA:433,0
DA:434,0
DA:436,0
DA:443,0
DA:444,0
DA:445,0
DA:446,0
DA:447,0
DA:448,0
DA:449,0
DA:450,0
DA:451,0
DA:458,0
DA:459,0
DA:462,0
DA:463,0
DA:474,0
DA:475,0
DA:479,0
DA:483,0
DA:484,0
DA:488,0
DA:490,0
DA:491,0
DA:493,0
DA:494,0
DA:496,0
DA:497,0
DA:499,0
DA:500,0
DA:501,0
DA:506,0
DA:507,0
DA:509,0
DA:510,0
DA:511,0
DA:513,0
DA:514,0
DA:515,0
DA:517,0
DA:522,0
DA:523,0
DA:525,0
DA:526,0
DA:527,0
DA:529,0
DA:530,0
DA:531,0
DA:533,0
DA:538,0
DA:545,0
DA:550,0
DA:554,0
DA:555,0
DA:559,0
DA:560,0
DA:561,0
DA:565,0
DA:569,0
DA:570,0
DA:571,0
DA:572,0
DA:578,0
DA:580,0
DA:581,0
DA:587,0
DA:593,0
DA:599,0
DA:602,0
DA:603,0
DA:604,0
DA:605,0
DA:618,0
DA:619,0
DA:625,0
DA:627,0
DA:637,0
DA:640,0
DA:641,0
DA:645,0
DA:649,0
DA:650,0
DA:656,0
DA:664,0
DA:665,0
DA:670,0
DA:671,0
DA:672,0
DA:678,0
DA:679,0
DA:680,0
DA:681,0
DA:682,0
DA:683,0
DA:684,0
DA:685,0
DA:686,0
DA:693,0
DA:694,0
DA:697,0
DA:698,0
DA:709,0
DA:710,0
DA:714,0
DA:718,0
DA:719,0
DA:722,0
DA:729,0
DA:731,0
DA:736,0
DA:742,0
DA:746,0
LF:242
LH:0
BRDA:28,0,0,0
BRDA:28,0,1,0
BRDA:44,1,0,0
BRDA:44,1,1,0
BRDA:44,2,0,0
BRDA:44,2,1,0
BRDA:69,3,0,0
BRDA:69,3,1,0
BRDA:70,4,0,0
BRDA:70,4,1,0
BRDA:73,5,0,0
BRDA:73,5,1,0
BRDA:79,6,0,0
BRDA:79,6,1,0
BRDA:80,7,0,0
BRDA:80,7,1,0
BRDA:83,8,0,0
BRDA:83,8,1,0
BRDA:90,9,0,0
BRDA:90,9,1,0
BRDA:101,10,0,0
BRDA:101,10,1,0
BRDA:114,11,0,0
BRDA:114,11,1,0
BRDA:120,12,0,0
BRDA:120,12,1,0
BRDA:129,13,0,0
BRDA:129,13,1,0
BRDA:130,14,0,0
BRDA:130,14,1,0
BRDA:133,15,0,0
BRDA:133,15,1,0
BRDA:137,16,0,0
BRDA:137,16,1,0
BRDA:137,17,0,0
BRDA:137,17,1,0
BRDA:137,17,2,0
BRDA:146,18,0,0
BRDA:146,18,1,0
BRDA:147,19,0,0
BRDA:147,19,1,0
BRDA:150,20,0,0
BRDA:150,20,1,0
BRDA:154,21,0,0
BRDA:154,21,1,0
BRDA:154,22,0,0
BRDA:154,22,1,0
BRDA:154,22,2,0
BRDA:163,23,0,0
BRDA:163,23,1,0
BRDA:163,24,0,0
BRDA:163,24,1,0
BRDA:171,25,0,0
BRDA:171,25,1,0
BRDA:171,26,0,0
BRDA:171,26,1,0
BRDA:179,27,0,0
BRDA:179,27,1,0
BRDA:181,28,0,0
BRDA:181,28,1,0
BRDA:192,29,0,0
BRDA:192,29,1,0
BRDA:197,30,0,0
BRDA:197,30,1,0
BRDA:201,31,0,0
BRDA:201,31,1,0
BRDA:219,32,0,0
BRDA:219,32,1,0
BRDA:220,33,0,0
BRDA:220,33,1,0
BRDA:230,34,0,0
BRDA:230,34,1,0
BRDA:235,35,0,0
BRDA:235,35,1,0
BRDA:243,36,0,0
BRDA:243,36,1,0
BRDA:244,37,0,0
BRDA:244,37,1,0
BRDA:256,38,0,0
BRDA:256,38,1,0
BRDA:257,39,0,0
BRDA:257,39,1,0
BRDA:260,40,0,0
BRDA:260,40,1,0
BRDA:260,41,0,0
BRDA:260,41,1,0
BRDA:260,41,2,0
BRDA:263,42,0,0
BRDA:263,42,1,0
BRDA:271,43,0,0
BRDA:271,43,1,0
BRDA:296,44,0,0
BRDA:296,44,1,0
BRDA:301,45,0,0
BRDA:301,45,1,0
BRDA:301,45,2,0
BRDA:301,46,0,0
BRDA:301,46,1,0
BRDA:302,47,0,0
BRDA:302,47,1,0
BRDA:315,48,0,0
BRDA:315,48,1,0
BRDA:319,49,0,0
BRDA:319,49,1,0
BRDA:328,50,0,0
BRDA:328,50,1,0
BRDA:328,51,0,0
BRDA:328,51,1,0
BRDA:353,52,0,0
BRDA:353,52,1,0
BRDA:353,53,0,0
BRDA:353,53,1,0
BRDA:368,54,0,0
BRDA:368,54,1,0
BRDA:368,55,0,0
BRDA:368,55,1,0
BRDA:375,56,0,0
BRDA:375,56,1,0
BRDA:382,57,0,0
BRDA:382,57,1,0
BRDA:390,58,0,0
BRDA:390,58,1,0
BRDA:399,59,0,0
BRDA:399,59,1,0
BRDA:415,60,0,0
BRDA:415,60,1,0
BRDA:420,61,0,0
BRDA:420,61,1,0
BRDA:422,62,0,0
BRDA:422,62,1,0
BRDA:423,63,0,0
BRDA:423,63,1,0
BRDA:423,63,2,0
BRDA:430,64,0,0
BRDA:430,64,1,0
BRDA:430,65,0,0
BRDA:430,65,1,0
BRDA:433,66,0,0
BRDA:433,66,1,0
BRDA:436,67,0,0
BRDA:436,67,1,0
BRDA:436,67,2,0
BRDA:443,68,0,0
BRDA:443,68,1,0
BRDA:443,69,0,0
BRDA:443,69,1,0
BRDA:445,70,0,0
BRDA:445,70,1,0
BRDA:451,71,0,0
BRDA:451,71,1,0
BRDA:451,71,2,0
BRDA:451,71,3,0
BRDA:458,72,0,0
BRDA:458,72,1,0
BRDA:462,73,0,0
BRDA:462,73,1,0
BRDA:483,74,0,0
BRDA:483,74,1,0
BRDA:490,75,0,0
BRDA:490,75,1,0
BRDA:493,76,0,0
BRDA:493,76,1,0
BRDA:496,77,0,0
BRDA:496,77,1,0
BRDA:499,78,0,0
BRDA:499,78,1,0
BRDA:500,79,0,0
BRDA:500,79,1,0
BRDA:500,80,0,0
BRDA:500,80,1,0
BRDA:500,80,2,0
BRDA:506,81,0,0
BRDA:506,81,1,0
BRDA:507,82,0,0
BRDA:507,82,1,0
BRDA:510,83,0,0
BRDA:510,83,1,0
BRDA:514,84,0,0
BRDA:514,84,1,0
BRDA:514,85,0,0
BRDA:514,85,1,0
BRDA:514,85,2,0
BRDA:522,86,0,0
BRDA:522,86,1,0
BRDA:523,87,0,0
BRDA:523,87,1,0
BRDA:526,88,0,0
BRDA:526,88,1,0
BRDA:530,89,0,0
BRDA:530,89,1,0
BRDA:530,90,0,0
BRDA:530,90,1,0
BRDA:530,90,2,0
BRDA:554,91,0,0
BRDA:554,91,1,0
BRDA:559,92,0,0
BRDA:559,92,1,0
BRDA:559,92,2,0
BRDA:559,93,0,0
BRDA:559,93,1,0
BRDA:560,94,0,0
BRDA:560,94,1,0
BRDA:565,95,0,0
BRDA:565,95,1,0
BRDA:569,96,0,0
BRDA:569,96,1,0
BRDA:578,97,0,0
BRDA:578,97,1,0
BRDA:578,98,0,0
BRDA:578,98,1,0
BRDA:603,99,0,0
BRDA:603,99,1,0
BRDA:603,100,0,0
BRDA:603,100,1,0
BRDA:618,101,0,0
BRDA:618,101,1,0
BRDA:618,102,0,0
BRDA:618,102,1,0
BRDA:625,103,0,0
BRDA:625,103,1,0
BRDA:632,104,0,0
BRDA:632,104,1,0
BRDA:640,105,0,0
BRDA:640,105,1,0
BRDA:649,106,0,0
BRDA:649,106,1,0
BRDA:665,107,0,0
BRDA:665,107,1,0
BRDA:670,108,0,0
BRDA:670,108,1,0
BRDA:672,109,0,0
BRDA:672,109,1,0
BRDA:673,110,0,0
BRDA:673,110,1,0
BRDA:678,111,0,0
BRDA:678,111,1,0
BRDA:678,112,0,0
BRDA:678,112,1,0
BRDA:680,113,0,0
BRDA:680,113,1,0
BRDA:686,114,0,0
BRDA:686,114,1,0
BRDA:686,114,2,0
BRDA:686,114,3,0
BRDA:693,115,0,0
BRDA:693,115,1,0
BRDA:697,116,0,0
BRDA:697,116,1,0
BRDA:718,117,0,0
BRDA:718,117,1,0
BRF:250
BRH:0
end_of_record
TN:
SF:src/services/calendar/execution/contextExecution.ts
FN:8,executeCalendarContextBlock
FN:115,(anonymous_1)
FN:120,(anonymous_2)
FN:121,(anonymous_3)
FNF:4
FNH:0
FNDA:0,executeCalendarContextBlock
FNDA:0,(anonymous_1)
FNDA:0,(anonymous_2)
FNDA:0,(anonymous_3)
DA:17,0
DA:18,0
DA:21,0
DA:22,0
DA:25,0
DA:26,0
DA:32,0
DA:33,0
DA:36,0
DA:37,0
DA:50,0
DA:51,0
DA:64,0
DA:65,0
DA:71,0
DA:73,0
DA:79,0
DA:82,0
DA:83,0
DA:100,0
DA:107,0
DA:112,0
DA:113,0
DA:114,0
DA:115,0
DA:116,0
DA:119,0
DA:120,0
DA:121,0
DA:126,0
LF:30
LH:0
BRDA:18,0,0,0
BRDA:18,0,1,0
BRDA:21,1,0,0
BRDA:21,1,1,0
BRDA:22,2,0,0
BRDA:22,2,1,0
BRDA:26,3,0,0
BRDA:26,3,1,0
BRDA:36,4,0,0
BRDA:36,4,1,0
BRDA:36,5,0,0
BRDA:36,5,1,0
BRDA:41,6,0,0
BRDA:41,6,1,0
BRDA:42,7,0,0
BRDA:42,7,1,0
BRDA:50,8,0,0
BRDA:50,8,1,0
BRDA:64,9,0,0
BRDA:64,9,1,0
BRDA:82,10,0,0
BRDA:82,10,1,0
BRDA:113,11,0,0
BRDA:113,11,1,0
BRDA:114,12,0,0
BRDA:114,12,1,0
BRDA:119,13,0,0
BRDA:119,13,1,0
BRDA:119,14,0,0
BRDA:119,14,1,0
BRF:30
BRH:0
end_of_record
TN:
SF:src/services/calendar/execution/resultFormatter.ts
FN:7,formatRecurrenceRule
FN:11,(anonymous_1)
FN:37,(anonymous_2)
FN:105,isMultiDayEvent
FN:128,formatEventForContext
FN:341,(anonymous_5)
FN:349,(anonymous_6)
FNF:7
FNH:0
FNDA:0,formatRecurrenceRule
FNDA:0,(anonymous_1)
FNDA:0,(anonymous_2)
FNDA:0,isMultiDayEvent
FNDA:0,formatEventForContext
FNDA:0,(anonymous_5)
FNDA:0,(anonymous_6)
DA:8,0
DA:10,0
DA:11,0
DA:12,0
DA:13,0
DA:14,0
DA:18,0
DA:19,0
DA:20,0
DA:21,0
DA:22,0
DA:23,0
DA:24,0
DA:26,0
DA:29,0
DA:30,0
DA:31,0
DA:32,0
DA:33,0
DA:37,0
DA:38,0
DA:40,0
DA:42,0
DA:43,0
DA:44,0
DA:47,0
DA:48,0
DA:49,0
DA:50,0
DA:51,0
DA:52,0
DA:56,0
DA:61,0
DA:65,0
DA:68,0
DA:70,0
DA:71,0
DA:72,0
DA:74,0
DA:75,0
DA:79,0
DA:82,0
DA:86,0
DA:87,0
DA:88,0
DA:89,0
DA:92,0
DA:94,0
DA:98,0
DA:106,0
DA:108,0
DA:109,0
DA:111,0
DA:112,0
DA:113,0
DA:115,0
DA:116,0
DA:117,0
DA:118,0
DA:120,0
DA:129,0
DA:131,0
DA:132,0
DA:135,0
DA:136,0
DA:139,0
DA:141,0
DA:142,0
DA:151,0
DA:154,0
DA:165,0
DA:176,0
DA:177,0
DA:178,0
DA:180,0
DA:181,0
DA:183,0
DA:184,0
DA:190,0
DA:192,0
DA:193,0
DA:194,0
DA:201,0
DA:202,0
DA:204,0
DA:207,0
DA:212,0
DA:213,0
DA:214,0
DA:217,0
DA:219,0
DA:220,0
DA:229,0
DA:232,0
DA:243,0
DA:255,0
DA:259,0
DA:260,0
DA:261,0
DA:267,0
DA:274,0
DA:275,0
DA:278,0
DA:284,0
DA:292,0
DA:297,0
DA:298,0
DA:299,0
DA:305,0
DA:312,0
DA:318,0
DA:325,0
DA:328,0
DA:331,0
DA:332,0
DA:333,0
DA:335,0
DA:340,0
DA:341,0
DA:342,0
DA:345,0
DA:346,0
DA:348,0
DA:349,0
DA:351,0
DA:352,0
DA:354,0
LF:127
LH:0
BRDA:13,0,0,0
BRDA:13,0,1,0
BRDA:13,1,0,0
BRDA:13,1,1,0
BRDA:19,2,0,0
BRDA:19,2,1,0
BRDA:20,3,0,0
BRDA:20,3,1,0
BRDA:21,4,0,0
BRDA:21,4,1,0
BRDA:22,5,0,0
BRDA:22,5,1,0
BRDA:29,6,0,0
BRDA:29,6,1,0
BRDA:30,7,0,0
BRDA:30,7,1,0
BRDA:31,8,0,0
BRDA:31,8,1,0
BRDA:32,9,0,0
BRDA:32,9,1,0
BRDA:37,10,0,0
BRDA:37,10,1,0
BRDA:38,11,0,0
BRDA:38,11,1,0
BRDA:40,12,0,0
BRDA:40,12,1,0
BRDA:42,13,0,0
BRDA:42,13,1,0
BRDA:43,14,0,0
BRDA:43,14,1,0
BRDA:44,15,0,0
BRDA:44,15,1,0
BRDA:47,16,0,0
BRDA:47,16,1,0
BRDA:49,17,0,0
BRDA:49,17,1,0
BRDA:50,18,0,0
BRDA:50,18,1,0
BRDA:56,19,0,0
BRDA:56,19,1,0
BRDA:57,20,0,0
BRDA:57,20,1,0
BRDA:58,21,0,0
BRDA:58,21,1,0
BRDA:59,22,0,0
BRDA:59,22,1,0
BRDA:60,23,0,0
BRDA:60,23,1,0
BRDA:61,24,0,0
BRDA:61,24,1,0
BRDA:62,25,0,0
BRDA:62,25,1,0
BRDA:63,26,0,0
BRDA:63,26,1,0
BRDA:65,27,0,0
BRDA:65,27,1,0
BRDA:68,28,0,0
BRDA:68,28,1,0
BRDA:70,29,0,0
BRDA:70,29,1,0
BRDA:71,30,0,0
BRDA:71,30,1,0
BRDA:71,31,0,0
BRDA:71,31,1,0
BRDA:74,32,0,0
BRDA:74,32,1,0
BRDA:75,33,0,0
BRDA:75,33,1,0
BRDA:79,34,0,0
BRDA:79,34,1,0
BRDA:86,35,0,0
BRDA:86,35,1,0
BRDA:88,36,0,0
BRDA:88,36,1,0
BRDA:94,37,0,0
BRDA:94,37,1,0
BRDA:106,38,0,0
BRDA:106,38,1,0
BRDA:106,39,0,0
BRDA:106,39,1,0
BRDA:113,40,0,0
BRDA:113,40,1,0
BRDA:113,41,0,0
BRDA:113,41,1,0
BRDA:131,42,0,0
BRDA:131,42,1,0
BRDA:135,43,0,0
BRDA:135,43,1,0
BRDA:139,44,0,0
BRDA:139,44,1,0
BRDA:172,45,0,0
BRDA:172,45,1,0
BRDA:177,46,0,0
BRDA:177,46,1,0
BRDA:177,47,0,0
BRDA:177,47,1,0
BRDA:181,48,0,0
BRDA:181,48,1,0
BRDA:190,49,0,0
BRDA:190,49,1,0
BRDA:201,50,0,0
BRDA:201,50,1,0
BRDA:201,51,0,0
BRDA:201,51,1,0
BRDA:212,52,0,0
BRDA:212,52,1,0
BRDA:212,53,0,0
BRDA:212,53,1,0
BRDA:212,53,2,0
BRDA:217,54,0,0
BRDA:217,54,1,0
BRDA:250,55,0,0
BRDA:250,55,1,0
BRDA:255,56,0,0
BRDA:255,56,1,0
BRDA:259,57,0,0
BRDA:259,57,1,0
BRDA:282,58,0,0
BRDA:282,58,1,0
BRDA:288,59,0,0
BRDA:288,59,1,0
BRDA:298,60,0,0
BRDA:298,60,1,0
BRDA:316,61,0,0
BRDA:316,61,1,0
BRDA:322,62,0,0
BRDA:322,62,1,0
BRDA:332,63,0,0
BRDA:332,63,1,0
BRDA:332,64,0,0
BRDA:332,64,1,0
BRDA:340,65,0,0
BRDA:340,65,1,0
BRDA:340,66,0,0
BRDA:340,66,1,0
BRDA:345,67,0,0
BRDA:345,67,1,0
BRDA:348,68,0,0
BRDA:348,68,1,0
BRDA:348,69,0,0
BRDA:348,69,1,0
BRDA:351,70,0,0
BRDA:351,70,1,0
BRF:143
BRH:0
end_of_record
TN:
SF:src/services/calendar/utils/dateUtils.ts
FN:2,addDays
FN:8,addMonths
FN:18,extractDateRange
FN:82,requiresExtendedPastRange
FN:88,startOfWeek
FN:95,endOfWeek
FN:100,extractSearchQuery
FNF:7
FNH:0
FNDA:0,addDays
FNDA:0,addMonths
FNDA:0,extractDateRange
FNDA:0,requiresExtendedPastRange
FNDA:0,startOfWeek
FNDA:0,endOfWeek
FNDA:0,extractSearchQuery
DA:3,0
DA:4,0
DA:5,0
DA:9,0
DA:10,0
DA:11,0
DA:20,0
DA:21,0
DA:26,0
DA:27,0
DA:30,0
DA:31,0
DA:38,0
DA:39,0
DA:40,0
DA:41,0
DA:48,0
DA:49,0
DA:50,0
DA:51,0
DA:52,0
DA:59,0
DA:60,0
DA:67,0
DA:69,0
DA:75,0
DA:84,0
DA:85,0
DA:89,0
DA:90,0
DA:91,0
DA:92,0
DA:96,0
DA:97,0
DA:102,0
DA:103,0
LF:36
LH:0
BRDA:26,0,0,0
BRDA:26,0,1,0
BRDA:30,1,0,0
BRDA:30,1,1,0
BRDA:39,2,0,0
BRDA:39,2,1,0
BRDA:40,3,0,0
BRDA:40,3,1,0
BRDA:49,4,0,0
BRDA:49,4,1,0
BRDA:59,5,0,0
BRDA:59,5,1,0
BRDA:67,6,0,0
BRDA:67,6,1,0
BRDA:103,7,0,0
BRDA:103,7,1,0
BRF:16
BRH:0
end_of_record
TN:
SF:src/services/calendar/utils/eventUtils.ts
FN:4,parseDateTime
FN:17,extractEventDetails
FN:39,(anonymous_2)
FN:58,parseNaturalLanguageDateTime
FN:196,calculateEndTime
FN:224,determineAction
FN:241,extractEventId
FNF:7
FNH:0
FNDA:0,parseDateTime
FNDA:0,extractEventDetails
FNDA:0,(anonymous_2)
FNDA:0,parseNaturalLanguageDateTime
FNDA:0,calculateEndTime
FNDA:0,determineAction
FNDA:0,extractEventId
DA:6,0
DA:7,0
DA:8,0
DA:11,0
DA:12,0
DA:14,0
DA:30,0
DA:31,0
DA:34,0
DA:35,0
DA:38,0
DA:39,0
DA:40,0
DA:41,0
DA:44,0
DA:62,0
DA:63,0
DA:67,0
DA:68,0
DA:70,0
DA:76,0
DA:77,0
DA:78,0
DA:79,0
DA:80,0
DA:81,0
DA:84,0
DA:85,0
DA:86,0
DA:87,0
DA:88,0
DA:89,0
DA:90,0
DA:91,0
DA:92,0
DA:93,0
DA:94,0
DA:95,0
DA:96,0
DA:97,0
DA:98,0
DA:99,0
DA:100,0
DA:102,0
DA:103,0
DA:105,0
DA:106,0
DA:107,0
DA:108,0
DA:109,0
DA:110,0
DA:111,0
DA:112,0
DA:113,0
DA:115,0
DA:116,0
DA:120,0
DA:121,0
DA:122,0
DA:123,0
DA:124,0
DA:128,0
DA:129,0
DA:130,0
DA:131,0
DA:132,0
DA:135,0
DA:141,0
DA:150,0
DA:151,0
DA:152,0
DA:153,0
DA:154,0
DA:155,0
DA:158,0
DA:159,0
DA:160,0
DA:162,0
DA:163,0
DA:164,0
DA:171,0
DA:172,0
DA:177,0
DA:178,0
DA:181,0
DA:185,0
DA:187,0
DA:200,0
DA:202,0
DA:203,0
DA:204,0
DA:205,0
DA:211,0
DA:212,0
DA:213,0
DA:214,0
DA:220,0
DA:228,0
DA:230,0
DA:231,0
DA:234,0
DA:235,0
DA:238,0
DA:244,0
DA:250,0
DA:251,0
DA:252,0
DA:253,0
DA:257,0
LF:109
LH:0
BRDA:7,0,0,0
BRDA:7,0,1,0
BRDA:7,1,0,0
BRDA:7,1,1,0
BRDA:31,2,0,0
BRDA:31,2,1,0
BRDA:35,3,0,0
BRDA:35,3,1,0
BRDA:41,4,0,0
BRDA:41,4,1,0
BRDA:46,5,0,0
BRDA:46,5,1,0
BRDA:47,6,0,0
BRDA:47,6,1,0
BRDA:62,7,0,0
BRDA:62,7,1,0
BRDA:62,8,0,0
BRDA:62,8,1,0
BRDA:68,9,0,0
BRDA:68,9,1,0
BRDA:72,10,0,0
BRDA:72,10,1,0
BRDA:77,11,0,0
BRDA:77,11,1,0
BRDA:84,12,0,0
BRDA:84,12,1,0
BRDA:86,13,0,0
BRDA:86,13,1,0
BRDA:89,14,0,0
BRDA:89,14,1,0
BRDA:92,15,0,0
BRDA:92,15,1,0
BRDA:94,16,0,0
BRDA:94,16,1,0
BRDA:99,17,0,0
BRDA:99,17,1,0
BRDA:105,18,0,0
BRDA:105,18,1,0
BRDA:107,19,0,0
BRDA:107,19,1,0
BRDA:112,20,0,0
BRDA:112,20,1,0
BRDA:121,21,0,0
BRDA:121,21,1,0
BRDA:123,22,0,0
BRDA:123,22,1,0
BRDA:129,23,0,0
BRDA:129,23,1,0
BRDA:152,24,0,0
BRDA:152,24,1,0
BRDA:155,25,0,0
BRDA:155,25,1,0
BRDA:158,26,0,0
BRDA:158,26,1,0
BRDA:158,27,0,0
BRDA:158,27,1,0
BRDA:159,28,0,0
BRDA:159,28,1,0
BRDA:162,29,0,0
BRDA:162,29,1,0
BRDA:162,30,0,0
BRDA:162,30,1,0
BRDA:163,31,0,0
BRDA:163,31,1,0
BRDA:177,32,0,0
BRDA:177,32,1,0
BRDA:189,33,0,0
BRDA:189,33,1,0
BRDA:198,34,0,0
BRDA:200,35,0,0
BRDA:200,35,1,0
BRDA:211,36,0,0
BRDA:211,36,1,0
BRDA:216,37,0,0
BRDA:216,37,1,0
BRDA:216,37,2,0
BRDA:230,38,0,0
BRDA:230,38,1,0
BRDA:230,39,0,0
BRDA:230,39,1,0
BRDA:230,39,2,0
BRDA:234,40,0,0
BRDA:234,40,1,0
BRDA:234,41,0,0
BRDA:234,41,1,0
BRDA:234,41,2,0
BRDA:234,41,3,0
BRDA:252,42,0,0
BRDA:252,42,1,0
BRDA:252,43,0,0
BRDA:252,43,1,0
BRF:91
BRH:0
end_of_record
TN:
SF:src/services/calendar/utils/oauthUtils.ts
FN:4,generateUserOAuthUrl
FN:43,generateCalDAVAuthUrl
FN:52,generateCalDAVAuthUrlWithSlackUserId
FN:82,generateOAuthState
FN:94,parseCalDAVCredentials
FN:110,getRedirectUri
FNF:6
FNH:0
FNDA:0,generateUserOAuthUrl
FNDA:0,generateCalDAVAuthUrl
FNDA:0,generateCalDAVAuthUrlWithSlackUserId
FNDA:0,generateOAuthState
FNDA:0,parseCalDAVCredentials
FNDA:0,getRedirectUri
DA:12,0
DA:21,0
DA:22,0
DA:23,0
DA:29,0
DA:30,0
DA:37,0
DA:40,0
DA:49,0
DA:60,0
DA:68,0
DA:71,0
DA:75,0
DA:76,0
DA:79,0
DA:89,0
DA:91,0
DA:97,0
DA:99,0
DA:100,0
DA:103,0
DA:111,0
LF:22
LH:0
BRDA:21,0,0,0
BRDA:21,0,1,0
BRDA:24,1,0,0
BRDA:24,1,1,0
BRDA:25,2,0,0
BRDA:25,2,1,0
BRDA:66,3,0,0
BRDA:66,3,1,0
BRDA:75,4,0,0
BRDA:75,4,1,0
BRDA:99,5,0,0
BRDA:99,5,1,0
BRF:12
BRH:0
end_of_record
TN:
SF:src/services/calendarProviders/caldavProvider.ts
FN:14,(anonymous_0)
FN:17,(anonymous_1)
FN:21,(anonymous_2)
FN:25,(anonymous_3)
FN:32,(anonymous_4)
FN:39,(anonymous_5)
FN:49,(anonymous_6)
FN:63,(anonymous_7)
FN:72,(anonymous_8)
FN:85,(anonymous_9)
FN:98,(anonymous_10)
FN:105,(anonymous_11)
FN:119,(anonymous_12)
FN:133,(anonymous_13)
FN:134,(anonymous_14)
FN:140,(anonymous_15)
FN:144,(anonymous_16)
FN:151,(anonymous_17)
FN:164,(anonymous_18)
FN:165,(anonymous_19)
FN:174,(anonymous_20)
FN:188,(anonymous_21)
FN:195,(anonymous_22)
FNF:23
FNH:4
FNDA:1,(anonymous_0)
FNDA:1,(anonymous_1)
FNDA:1,(anonymous_2)
FNDA:1,(anonymous_3)
FNDA:0,(anonymous_4)
FNDA:0,(anonymous_5)
FNDA:0,(anonymous_6)
FNDA:0,(anonymous_7)
FNDA:0,(anonymous_8)
FNDA:0,(anonymous_9)
FNDA:0,(anonymous_10)
FNDA:0,(anonymous_11)
FNDA:0,(anonymous_12)
FNDA:0,(anonymous_13)
FNDA:0,(anonymous_14)
FNDA:0,(anonymous_15)
FNDA:0,(anonymous_16)
FNDA:0,(anonymous_17)
FNDA:0,(anonymous_18)
FNDA:0,(anonymous_19)
FNDA:0,(anonymous_20)
FNDA:0,(anonymous_21)
FNDA:0,(anonymous_22)
DA:15,1
DA:18,1
DA:22,1
DA:26,1
DA:33,0
DA:40,0
DA:41,0
DA:43,0
DA:50,0
DA:51,0
DA:52,0
DA:58,0
DA:59,0
DA:64,0
DA:65,0
DA:66,0
DA:68,0
DA:69,0
DA:76,0
DA:77,0
DA:78,0
DA:80,0
DA:81,0
DA:82,0
DA:90,0
DA:91,0
DA:92,0
DA:94,0
DA:95,0
DA:98,0
DA:99,0
DA:102,0
DA:110,0
DA:111,0
DA:112,0
DA:114,0
DA:115,0
DA:116,0
DA:125,0
DA:126,0
DA:127,0
DA:129,0
DA:130,0
DA:133,0
DA:134,0
DA:135,0
DA:137,0
DA:140,0
DA:141,0
DA:144,0
DA:145,0
DA:148,0
DA:156,0
DA:157,0
DA:158,0
DA:160,0
DA:161,0
DA:164,0
DA:165,0
DA:166,0
DA:168,0
DA:171,0
DA:180,0
DA:181,0
DA:182,0
DA:184,0
DA:185,0
DA:188,0
DA:189,0
DA:192,0
DA:196,0
DA:198,0
DA:199,0
DA:201,0
DA:202,0
DA:204,0
LF:76
LH:4
BRDA:40,0,0,0
BRDA:40,0,1,0
BRDA:50,1,0,0
BRDA:50,1,1,0
BRDA:58,2,0,0
BRDA:58,2,1,0
BRDA:65,3,0,0
BRDA:65,3,1,0
BRDA:77,4,0,0
BRDA:77,4,1,0
BRDA:91,5,0,0
BRDA:91,5,1,0
BRDA:111,6,0,0
BRDA:111,6,1,0
BRDA:126,7,0,0
BRDA:126,7,1,0
BRDA:157,8,0,0
BRDA:157,8,1,0
BRDA:181,9,0,0
BRDA:181,9,1,0
BRDA:198,10,0,0
BRDA:198,10,1,0
BRF:22
BRH:0
end_of_record
TN:
SF:src/services/calendarProviders/googleCalendarProvider.ts
FN:8,(anonymous_0)
FN:12,(anonymous_1)
FN:16,(anonymous_2)
FN:20,(anonymous_3)
FN:29,(anonymous_4)
FN:33,(anonymous_5)
FN:42,(anonymous_6)
FN:74,(anonymous_7)
FN:77,(anonymous_8)
FN:91,(anonymous_9)
FN:107,(anonymous_10)
FN:116,(anonymous_11)
FN:135,(anonymous_12)
FN:154,(anonymous_13)
FN:162,(anonymous_14)
FN:178,(anonymous_15)
FN:190,(anonymous_16)
FN:202,(anonymous_17)
FN:206,(anonymous_18)
FN:208,(anonymous_19)
FN:215,(anonymous_20)
FN:224,(anonymous_21)
FN:244,(anonymous_22)
FN:244,(anonymous_23)
FN:256,(anonymous_24)
FN:256,(anonymous_25)
FNF:26
FNH:26
FNDA:2,(anonymous_0)
FNDA:2,(anonymous_1)
FNDA:2,(anonymous_2)
FNDA:35,(anonymous_3)
FNDA:5,(anonymous_4)
FNDA:3,(anonymous_5)
FNDA:4,(anonymous_6)
FNDA:1,(anonymous_7)
FNDA:9,(anonymous_8)
FNDA:4,(anonymous_9)
FNDA:2,(anonymous_10)
FNDA:2,(anonymous_11)
FNDA:5,(anonymous_12)
FNDA:1,(anonymous_13)
FNDA:1,(anonymous_14)
FNDA:1,(anonymous_15)
FNDA:4,(anonymous_16)
FNDA:5,(anonymous_17)
FNDA:5,(anonymous_18)
FNDA:2,(anonymous_19)
FNDA:3,(anonymous_20)
FNDA:19,(anonymous_21)
FNDA:6,(anonymous_22)
FNDA:5,(anonymous_23)
FNDA:7,(anonymous_24)
FNDA:4,(anonymous_25)
DA:9,2
DA:13,2
DA:17,2
DA:21,35
DA:25,35
DA:26,35
DA:30,5
DA:31,5
DA:33,5
DA:46,4
DA:47,4
DA:58,4
DA:67,4
DA:68,1
DA:71,4
DA:72,4
DA:74,4
DA:82,9
DA:83,9
DA:88,9
DA:95,4
DA:96,4
DA:98,4
DA:106,4
DA:107,2
DA:113,4
DA:114,1
DA:116,2
DA:123,4
DA:124,1
DA:127,4
DA:132,4
DA:141,5
DA:144,5
DA:145,5
DA:148,5
DA:149,5
DA:150,5
DA:151,5
DA:152,5
DA:153,5
DA:154,1
DA:159,5
DA:160,1
DA:162,1
DA:169,5
DA:175,5
DA:183,1
DA:184,1
DA:196,4
DA:198,4
DA:202,5
DA:206,5
DA:208,2
DA:216,3
DA:217,3
DA:218,3
DA:225,19
DA:226,2
DA:228,17
DA:244,6
DA:256,7
LF:62
LH:62
BRDA:22,0,0,35
BRDA:22,0,1,0
BRDA:23,1,0,35
BRDA:23,1,1,0
BRDA:33,2,0,5
BRDA:33,2,1,1
BRDA:35,3,0,3
BRDA:35,3,1,1
BRDA:36,4,0,3
BRDA:36,4,1,2
BRDA:37,5,0,3
BRDA:37,5,1,2
BRDA:38,6,0,3
BRDA:38,6,1,1
BRDA:47,7,0,4
BRDA:47,7,1,3
BRDA:62,8,0,4
BRDA:62,8,1,3
BRDA:64,9,0,4
BRDA:64,9,1,3
BRDA:67,10,0,1
BRDA:67,10,1,3
BRDA:72,11,0,4
BRDA:72,11,1,1
BRDA:96,12,0,4
BRDA:96,12,1,3
BRDA:106,13,0,1
BRDA:106,13,1,3
BRDA:106,14,0,4
BRDA:106,14,1,2
BRDA:113,15,0,1
BRDA:113,15,1,3
BRDA:123,16,0,1
BRDA:123,16,1,3
BRDA:123,17,0,4
BRDA:123,17,1,1
BRDA:148,18,0,2
BRDA:148,18,1,3
BRDA:149,19,0,2
BRDA:149,19,1,3
BRDA:150,20,0,1
BRDA:150,20,1,4
BRDA:151,21,0,1
BRDA:151,21,1,4
BRDA:152,22,0,1
BRDA:152,22,1,4
BRDA:153,23,0,1
BRDA:153,23,1,4
BRDA:159,24,0,1
BRDA:159,24,1,4
BRDA:202,25,0,4
BRDA:202,25,1,3
BRDA:206,26,0,4
BRDA:206,26,1,0
BRDA:208,27,0,5
BRDA:208,27,1,1
BRDA:219,28,0,3
BRDA:219,28,1,1
BRDA:220,29,0,3
BRDA:220,29,1,1
BRDA:225,30,0,2
BRDA:225,30,1,17
BRDA:225,31,0,19
BRDA:225,31,1,18
BRDA:231,32,0,17
BRDA:231,32,1,1
BRDA:232,33,0,19
BRDA:232,33,1,13
BRDA:233,34,0,19
BRDA:233,34,1,13
BRDA:235,35,0,19
BRDA:235,35,1,1
BRDA:236,36,0,19
BRDA:236,36,1,16
BRDA:237,37,0,19
BRDA:237,37,1,16
BRDA:240,38,0,19
BRDA:240,38,1,1
BRDA:241,39,0,19
BRDA:241,39,1,16
BRDA:242,40,0,19
BRDA:242,40,1,16
BRDA:246,41,0,5
BRDA:246,41,1,1
BRDA:247,42,0,5
BRDA:247,42,1,3
BRDA:249,43,0,1
BRDA:249,43,1,16
BRDA:249,44,0,19
BRDA:249,44,1,2
BRDA:251,45,0,1
BRDA:251,45,1,0
BRDA:253,46,0,19
BRDA:253,46,1,16
BRDA:254,47,0,3
BRDA:254,47,1,14
BRDA:255,48,0,3
BRDA:255,48,1,3
BRDA:256,49,0,3
BRDA:256,49,1,0
BRDA:256,50,0,7
BRDA:256,50,1,6
BRDA:257,51,0,4
BRDA:257,51,1,0
BRDA:258,52,0,4
BRDA:258,52,1,0
BRDA:261,53,0,19
BRDA:261,53,1,16
BRDA:262,54,0,1
BRDA:262,54,1,16
BRDA:263,55,0,1
BRDA:263,55,1,16
BRDA:264,56,0,19
BRDA:264,56,1,16
BRF:114
BRH:107
end_of_record
TN:
SF:src/services/calendarProviders/providerFactory.ts
FN:5,getCalendarProvider
FNF:1
FNH:1
FNDA:4,getCalendarProvider
DA:6,4
DA:8,1
DA:10,1
DA:12,2
LF:4
LH:4
BRDA:6,0,0,1
BRDA:6,0,1,1
BRDA:6,0,2,2
BRF:3
BRH:3
end_of_record
TN:
SF:src/services/calendarProviders/caldav/types.ts
FNF:0
FNH:0
LF:0
LH:0
BRF:0
BRH:0
end_of_record
TN:
SF:src/services/calendarProviders/caldav/operations/calendarOperations.ts
FN:10,listCalendars
FNF:1
FNH:0
FNDA:0,listCalendars
DA:14,0
DA:17,0
DA:18,0
DA:36,0
DA:39,0
DA:41,0
DA:43,0
DA:44,0
DA:45,0
DA:49,0
DA:50,0
DA:51,0
DA:53,0
DA:54,0
DA:56,0
DA:59,0
DA:61,0
DA:67,0
DA:68,0
DA:72,0
DA:74,0
DA:77,0
DA:79,0
DA:83,0
DA:88,0
DA:89,0
DA:90,0
DA:92,0
DA:93,0
DA:94,0
DA:97,0
DA:99,0
DA:100,0
DA:101,0
DA:108,0
DA:112,0
DA:113,0
DA:114,0
DA:115,0
DA:116,0
DA:117,0
DA:118,0
DA:119,0
DA:120,0
DA:126,0
DA:127,0
DA:134,0
DA:139,0
DA:140,0
DA:149,0
DA:152,0
DA:161,0
DA:170,0
DA:171,0
DA:172,0
DA:180,0
DA:183,0
DA:184,0
DA:188,0
DA:189,0
LF:60
LH:0
BRDA:36,0,0,0
BRDA:36,0,1,0
BRDA:41,1,0,0
BRDA:41,1,1,0
BRDA:41,2,0,0
BRDA:41,2,1,0
BRDA:44,3,0,0
BRDA:44,3,1,0
BRDA:49,4,0,0
BRDA:49,4,1,0
BRDA:49,5,0,0
BRDA:49,5,1,0
BRDA:53,6,0,0
BRDA:53,6,1,0
BRDA:54,7,0,0
BRDA:54,7,1,0
BRDA:59,8,0,0
BRDA:59,8,1,0
BRDA:61,9,0,0
BRDA:61,9,1,0
BRDA:61,9,2,0
BRDA:61,9,3,0
BRDA:67,10,0,0
BRDA:67,10,1,0
BRDA:72,11,0,0
BRDA:72,11,1,0
BRDA:74,12,0,0
BRDA:74,12,1,0
BRDA:74,13,0,0
BRDA:74,13,1,0
BRDA:77,14,0,0
BRDA:77,14,1,0
BRDA:79,15,0,0
BRDA:79,15,1,0
BRDA:83,16,0,0
BRDA:83,16,1,0
BRDA:83,16,2,0
BRDA:83,16,3,0
BRDA:92,17,0,0
BRDA:92,17,1,0
BRDA:94,18,0,0
BRDA:94,18,1,0
BRDA:97,19,0,0
BRDA:97,19,1,0
BRDA:97,20,0,0
BRDA:97,20,1,0
BRDA:108,21,0,0
BRDA:108,21,1,0
BRDA:108,21,2,0
BRDA:112,22,0,0
BRDA:112,22,1,0
BRDA:112,23,0,0
BRDA:112,23,1,0
BRDA:115,24,0,0
BRDA:115,24,1,0
BRDA:117,25,0,0
BRDA:117,25,1,0
BRDA:119,26,0,0
BRDA:119,26,1,0
BRDA:126,27,0,0
BRDA:126,27,1,0
BRDA:127,28,0,0
BRDA:127,28,1,0
BRDA:139,29,0,0
BRDA:139,29,1,0
BRDA:139,30,0,0
BRDA:139,30,1,0
BRDA:146,31,0,0
BRDA:146,31,1,0
BRDA:146,32,0,0
BRDA:146,32,1,0
BRDA:162,33,0,0
BRDA:162,33,1,0
BRDA:170,34,0,0
BRDA:170,34,1,0
BRDA:183,35,0,0
BRDA:183,35,1,0
BRF:77
BRH:0
end_of_record
TN:
SF:src/services/calendarProviders/caldav/operations/eventOperations.ts
FN:17,searchEvents
FN:57,(anonymous_1)
FN:58,(anonymous_2)
FN:126,(anonymous_3)
FN:143,getEvent
FN:160,(anonymous_5)
FN:174,(anonymous_6)
FN:182,(anonymous_7)
FN:194,createEvent
FN:205,(anonymous_9)
FN:221,(anonymous_10)
FN:298,updateEvent
FN:385,deleteEvent
FNF:13
FNH:0
FNDA:0,searchEvents
FNDA:0,(anonymous_1)
FNDA:0,(anonymous_2)
FNDA:0,(anonymous_3)
FNDA:0,getEvent
FNDA:0,(anonymous_5)
FNDA:0,(anonymous_6)
FNDA:0,(anonymous_7)
FNDA:0,createEvent
FNDA:0,(anonymous_9)
FNDA:0,(anonymous_10)
FNDA:0,updateEvent
FNDA:0,deleteEvent
DA:23,0
DA:24,0
DA:27,0
DA:28,0
DA:29,0
DA:31,0
DA:33,0
DA:34,0
DA:37,0
DA:39,0
DA:41,0
DA:43,0
DA:44,0
DA:45,0
DA:48,0
DA:49,0
DA:52,0
DA:53,0
DA:54,0
DA:57,0
DA:58,0
DA:60,0
DA:61,0
DA:62,0
DA:63,0
DA:65,0
DA:69,0
DA:70,0
DA:75,0
DA:76,0
DA:77,0
DA:83,0
DA:86,0
DA:88,0
DA:112,0
DA:114,0
DA:117,0
DA:118,0
DA:126,0
DA:127,0
DA:128,0
DA:129,0
DA:133,0
DA:134,0
DA:137,0
DA:152,0
DA:160,0
DA:163,0
DA:164,0
DA:169,0
DA:174,0
DA:177,0
DA:178,0
DA:182,0
DA:185,0
DA:188,0
DA:202,0
DA:203,0
DA:204,0
DA:205,0
DA:206,0
DA:207,0
DA:216,0
DA:217,0
DA:221,0
DA:222,0
DA:223,0
DA:227,0
DA:230,0
DA:233,0
DA:234,0
DA:238,0
DA:239,0
DA:242,0
DA:244,0
DA:246,0
DA:253,0
DA:268,0
DA:269,0
DA:280,0
DA:281,0
DA:282,0
DA:283,0
DA:284,0
DA:286,0
DA:287,0
DA:291,0
DA:310,0
DA:313,0
DA:314,0
DA:315,0
DA:316,0
DA:317,0
DA:318,0
DA:319,0
DA:320,0
DA:322,0
DA:323,0
DA:324,0
DA:325,0
DA:333,0
DA:338,0
DA:339,0
DA:340,0
DA:341,0
DA:342,0
DA:343,0
DA:344,0
DA:345,0
DA:347,0
DA:348,0
DA:349,0
DA:350,0
DA:358,0
DA:363,0
DA:376,0
DA:379,0
DA:393,0
DA:397,0
DA:398,0
DA:399,0
DA:400,0
DA:401,0
DA:403,0
DA:404,0
DA:407,0
DA:410,0
DA:411,0
DA:415,0
DA:416,0
DA:417,0
DA:420,0
DA:421,0
DA:428,0
DA:429,0
DA:431,0
DA:433,0
LF:137
LH:0
BRDA:23,0,0,0
BRDA:23,0,1,0
BRDA:28,1,0,0
BRDA:28,1,1,0
BRDA:29,2,0,0
BRDA:29,2,1,0
BRDA:33,3,0,0
BRDA:33,3,1,0
BRDA:33,4,0,0
BRDA:33,4,1,0
BRDA:33,4,2,0
BRDA:41,5,0,0
BRDA:41,5,1,0
BRDA:41,6,0,0
BRDA:41,6,1,0
BRDA:52,7,0,0
BRDA:52,7,1,0
BRDA:62,8,0,0
BRDA:62,8,1,0
BRDA:69,9,0,0
BRDA:69,9,1,0
BRDA:76,10,0,0
BRDA:76,10,1,0
BRDA:83,11,0,0
BRDA:83,11,1,0
BRDA:86,12,0,0
BRDA:86,12,1,0
BRDA:117,13,0,0
BRDA:117,13,1,0
BRDA:127,14,0,0
BRDA:127,14,1,0
BRDA:127,14,2,0
BRDA:128,15,0,0
BRDA:128,15,1,0
BRDA:128,15,2,0
BRDA:133,16,0,0
BRDA:133,16,1,0
BRDA:133,17,0,0
BRDA:133,17,1,0
BRDA:163,18,0,0
BRDA:163,18,1,0
BRDA:163,19,0,0
BRDA:163,19,1,0
BRDA:163,19,2,0
BRDA:177,20,0,0
BRDA:177,20,1,0
BRDA:203,21,0,0
BRDA:203,21,1,0
BRDA:204,22,0,0
BRDA:204,22,1,0
BRDA:205,23,0,0
BRDA:205,23,1,0
BRDA:216,24,0,0
BRDA:216,24,1,0
BRDA:222,25,0,0
BRDA:222,25,1,0
BRDA:233,26,0,0
BRDA:233,26,1,0
BRDA:233,27,0,0
BRDA:233,27,1,0
BRDA:238,28,0,0
BRDA:238,28,1,0
BRDA:268,29,0,0
BRDA:268,29,1,0
BRDA:269,30,0,0
BRDA:269,30,1,0
[...]
BRDA:43,4,0,0
BRDA:43,4,1,0
BRDA:67,5,0,6
BRDA:67,5,1,4
BRDA:78,6,0,1
BRDA:78,6,1,4
BRDA:88,7,0,5
BRDA:88,7,1,0
BRDA:89,8,0,5
BRDA:89,8,1,0
BRDA:95,9,0,1
BRDA:95,9,1,4
BRDA:110,10,0,0
BRDA:110,10,1,0
BRDA:140,11,0,0
BRDA:140,11,1,1
BRDA:140,12,0,1
BRDA:140,12,1,0
BRDA:144,13,0,0
BRDA:144,13,1,1
BRDA:146,14,0,0
BRDA:146,14,1,0
BRDA:153,15,0,0
BRDA:153,15,1,1
BRDA:153,16,0,1
BRDA:153,16,1,1
BRDA:161,17,0,1
BRDA:161,17,1,0
BRDA:179,18,0,0
BRDA:179,18,1,1
BRDA:190,19,0,0
BRDA:190,19,1,0
BRDA:215,20,0,1
BRDA:215,20,1,0
BRDA:238,21,0,0
BRDA:238,21,1,1
BRDA:252,22,0,0
BRDA:252,22,1,0
BRDA:263,23,0,0
BRDA:263,23,1,0
BRDA:264,24,0,0
BRDA:264,24,1,0
BRDA:273,25,0,0
BRDA:273,25,1,0
BRDA:273,26,0,0
BRDA:273,26,1,0
BRDA:274,27,0,0
BRDA:274,27,1,0
BRDA:281,28,0,0
BRDA:281,28,1,0
BRDA:287,29,0,0
BRDA:287,29,1,0
BRDA:289,30,0,0
BRDA:289,30,1,0
BRDA:289,31,0,0
BRDA:289,31,1,0
BRDA:293,32,0,0
BRDA:293,32,1,0
BRDA:293,33,0,0
BRDA:293,33,1,0
BRDA:297,34,0,0
BRDA:297,34,1,0
BRDA:316,35,0,0
BRDA:316,35,1,0
BRDA:317,36,0,0
BRDA:317,36,1,0
BRDA:317,37,0,0
BRDA:317,37,1,0
BRDA:321,38,0,0
BRDA:321,38,1,0
BRDA:325,39,0,0
BRDA:325,39,1,0
BRDA:364,40,0,0
BRDA:364,40,1,2
BRDA:372,41,0,0
BRDA:372,41,1,2
BRF:84
BRH:27
end_of_record
TN:
SF:src/services/llm/types.ts
FN:55,(anonymous_0)
FN:69,(anonymous_1)
FN:74,(anonymous_2)
FN:80,(anonymous_3)
FN:85,(anonymous_4)
FNF:5
FNH:5
FNDA:14,(anonymous_0)
FNDA:6,(anonymous_1)
FNDA:4,(anonymous_2)
FNDA:1,(anonymous_3)
FNDA:2,(anonymous_4)
DA:28,1
DA:55,1
DA:56,14
DA:57,0
DA:58,0
DA:60,0
DA:68,14
DA:69,6
DA:74,4
DA:80,1
DA:85,2
DA:93,14
LF:12
LH:9
BRDA:56,0,0,0
BRDA:56,0,1,14
BRDA:57,1,0,0
BRDA:57,1,1,0
BRDA:78,2,0,4
BRDA:78,2,1,4
BRDA:89,3,0,2
BRDA:89,3,1,2
BRF:8
BRH:5
end_of_record
TN:
SF:src/services/llm/providers/anthropicProvider.ts
FN:10,(anonymous_0)
FN:14,(anonymous_1)
FN:18,(anonymous_2)
FN:25,(anonymous_3)
FN:26,(anonymous_4)
FN:79,(anonymous_5)
FN:87,(anonymous_6)
FN:88,(anonymous_7)
FNF:8
FNH:2
FNDA:1,(anonymous_0)
FNDA:0,(anonymous_1)
FNDA:1,(anonymous_2)
FNDA:0,(anonymous_3)
FNDA:0,(anonymous_4)
FNDA:0,(anonymous_5)
FNDA:0,(anonymous_6)
FNDA:0,(anonymous_7)
DA:11,1
DA:14,1
DA:15,0
DA:24,1
DA:25,0
DA:26,0
DA:31,1
DA:49,1
DA:50,1
DA:53,0
DA:63,0
DA:64,0
DA:65,0
DA:66,0
DA:73,0
DA:86,0
DA:87,0
DA:88,0
DA:93,0
DA:112,0
DA:113,0
DA:116,0
DA:117,0
DA:118,0
DA:121,0
DA:122,0
DA:124,0
DA:125,0
DA:126,0
DA:127,0
DA:129,0
DA:130,0
DA:132,0
DA:133,0
DA:134,0
DA:135,0
DA:136,0
DA:140,0
DA:143,0
DA:144,0
DA:145,0
DA:146,0
DA:147,0
DA:148,0
DA:160,0
DA:163,0
DA:169,0
LF:47
LH:6
BRDA:15,0,0,0
BRDA:15,0,1,0
BRDA:49,1,0,1
BRDA:49,1,1,0
BRDA:63,2,0,0
BRDA:63,2,1,0
BRDA:64,3,0,0
BRDA:64,3,1,0
BRDA:65,4,0,0
BRDA:65,4,1,0
BRDA:112,5,0,0
BRDA:112,5,1,0
BRDA:117,6,0,0
BRDA:117,6,1,0
BRDA:127,7,0,0
BRDA:127,7,1,0
BRDA:133,8,0,0
BRDA:133,8,1,0
BRDA:135,9,0,0
BRDA:135,9,1,0
BRDA:146,10,0,0
BRDA:146,10,1,0
BRDA:160,11,0,0
BRDA:160,11,1,0
BRF:24
BRH:1
end_of_record
TN:
SF:src/services/llm/providers/customProvider.ts
FN:11,(anonymous_0)
FN:22,(anonymous_1)
FN:30,(anonymous_2)
FN:39,(anonymous_3)
FN:68,(anonymous_4)
FN:97,(anonymous_5)
FN:106,(anonymous_6)
FN:136,(anonymous_7)
FNF:8
FNH:0
FNDA:0,(anonymous_0)
FNDA:0,(anonymous_1)
FNDA:0,(anonymous_2)
FNDA:0,(anonymous_3)
FNDA:0,(anonymous_4)
FNDA:0,(anonymous_5)
FNDA:0,(anonymous_6)
FNDA:0,(anonymous_7)
DA:12,0
DA:13,0
DA:15,0
DA:16,0
DA:18,0
DA:19,0
DA:22,0
DA:23,0
DA:24,0
DA:25,0
DA:26,0
DA:37,0
DA:39,0
DA:47,0
DA:53,0
DA:67,0
DA:68,0
DA:69,0
DA:72,0
DA:83,0
DA:84,0
DA:91,0
DA:104,0
DA:106,0
DA:114,0
DA:120,0
DA:135,0
DA:136,0
DA:137,0
DA:140,0
DA:141,0
DA:142,0
DA:145,0
DA:146,0
DA:148,0
DA:149,0
DA:150,0
DA:151,0
DA:153,0
DA:154,0
DA:156,0
DA:157,0
DA:158,0
DA:159,0
DA:160,0
DA:161,0
DA:165,0
DA:168,0
DA:169,0
DA:170,0
DA:172,0
DA:173,0
DA:174,0
DA:186,0
DA:190,0
DA:196,0
LF:56
LH:0
BRDA:23,0,0,0
BRDA:23,0,1,0
BRDA:23,0,2,0
BRDA:12,1,0,0
BRDA:12,1,1,0
BRDA:15,2,0,0
BRDA:15,2,1,0
BRDA:47,3,0,0
BRDA:47,3,1,0
BRDA:49,4,0,0
BRDA:49,4,1,0
BRDA:67,5,0,0
BRDA:67,5,1,0
BRDA:69,6,0,0
BRDA:69,6,1,0
BRDA:83,7,0,0
BRDA:83,7,1,0
BRDA:85,8,0,0
BRDA:85,8,1,0
BRDA:86,9,0,0
BRDA:86,9,1,0
BRDA:87,10,0,0
BRDA:87,10,1,0
BRDA:92,11,0,0
BRDA:92,11,1,0
BRDA:114,12,0,0
BRDA:114,12,1,0
BRDA:116,13,0,0
BRDA:116,13,1,0
BRDA:135,14,0,0
BRDA:135,14,1,0
BRDA:137,15,0,0
BRDA:137,15,1,0
BRDA:141,16,0,0
BRDA:141,16,1,0
BRDA:151,17,0,0
BRDA:151,17,1,0
BRDA:157,18,0,0
BRDA:157,18,1,0
BRDA:158,19,0,0
BRDA:158,19,1,0
BRDA:160,20,0,0
BRDA:160,20,1,0
BRDA:172,21,0,0
BRDA:172,21,1,0
BRDA:186,22,0,0
BRDA:186,22,1,0
BRF:47
BRH:0
end_of_record
TN:
SF:src/services/llm/providers/geminiProvider.ts
FN:11,(anonymous_0)
FN:28,(anonymous_1)
FN:32,(anonymous_2)
FN:43,(anonymous_3)
FN:65,(anonymous_4)
FN:77,(anonymous_5)
FNF:6
FNH:3
FNDA:6,(anonymous_0)
FNDA:0,(anonymous_1)
FNDA:4,(anonymous_2)
FNDA:0,(anonymous_3)
FNDA:1,(anonymous_4)
FNDA:0,(anonymous_5)
DA:12,6
DA:19,6
DA:20,0
DA:25,6
DA:28,6
DA:29,0
DA:38,4
DA:43,4
DA:48,4
DA:52,4
DA:53,3
DA:55,3
DA:72,1
DA:77,1
DA:83,1
DA:84,1
DA:88,1
DA:91,1
DA:95,0
DA:96,0
DA:99,0
DA:102,1
DA:103,1
DA:105,1
DA:106,1
DA:115,1
DA:116,1
DA:117,1
DA:124,0
DA:125,0
DA:126,0
DA:130,0
DA:133,1
DA:137,1
DA:138,3
DA:139,3
DA:140,3
DA:141,3
DA:144,3
DA:145,0
DA:149,0
DA:152,3
DA:153,3
DA:158,0
DA:161,0
DA:166,1
DA:173,1
DA:174,1
DA:178,1
DA:182,0
DA:188,0
DA:189,0
DA:194,0
DA:195,0
DA:196,0
DA:197,0
DA:201,0
DA:203,0
DA:205,0
DA:213,0
DA:214,0
DA:215,0
DA:218,1
LF:63
LH:37
BRDA:29,0,0,0
BRDA:29,0,1,0
BRDA:14,1,0,6
BRDA:14,1,1,0
BRDA:19,2,0,0
BRDA:19,2,1,6
BRDA:95,3,0,0
BRDA:95,3,1,0
BRDA:96,4,0,0
BRDA:96,4,1,0
BRDA:124,5,0,0
BRDA:124,5,1,0
BRDA:126,6,0,0
BRDA:126,6,1,0
BRDA:140,7,0,3
BRDA:140,7,1,0
BRDA:144,8,0,0
BRDA:144,8,1,3
BRDA:144,9,0,3
BRDA:144,9,1,3
BRDA:158,10,0,0
BRDA:158,10,1,0
BRDA:173,11,0,1
BRDA:173,11,1,0
BRDA:173,12,0,1
BRDA:173,12,1,1
BRDA:188,13,0,0
BRDA:188,13,1,0
BRDA:189,14,0,0
BRDA:189,14,1,0
BRDA:195,15,0,0
BRDA:195,15,1,0
BRDA:195,16,0,0
BRDA:195,16,1,0
BRDA:199,17,0,0
BRDA:199,17,1,0
BRDA:205,18,0,0
BRDA:205,18,1,0
BRF:38
BRH:9
end_of_record
TN:
SF:src/services/llm/providers/mistralProvider.ts
FN:11,(anonymous_0)
FN:16,(anonymous_1)
FN:21,(anonymous_2)
FN:28,(anonymous_3)
FN:36,(anonymous_4)
FN:71,(anonymous_5)
FN:80,(anonymous_6)
FN:105,(anonymous_7)
FNF:8
FNH:3
FNDA:2,(anonymous_0)
FNDA:0,(anonymous_1)
FNDA:2,(anonymous_2)
FNDA:2,(anonymous_3)
FNDA:0,(anonymous_4)
FNDA:0,(anonymous_5)
FNDA:0,(anonymous_6)
FNDA:0,(anonymous_7)
DA:12,2
DA:13,2
DA:16,2
DA:17,0
DA:21,2
DA:22,2
DA:23,0
DA:25,2
DA:34,2
DA:36,0
DA:43,2
DA:45,2
DA:59,2
DA:60,2
DA:63,0
DA:65,0
DA:78,0
DA:80,0
DA:87,0
DA:89,0
DA:104,0
DA:105,0
DA:106,0
DA:107,0
DA:110,0
DA:111,0
DA:112,0
DA:115,0
DA:116,0
DA:118,0
DA:119,0
DA:120,0
DA:121,0
DA:123,0
DA:124,0
DA:126,0
DA:127,0
DA:128,0
DA:129,0
DA:130,0
DA:134,0
DA:137,0
DA:138,0
DA:139,0
DA:140,0
DA:141,0
DA:142,0
DA:154,0
DA:157,0
DA:163,0
LF:50
LH:11
BRDA:17,0,0,0
BRDA:17,0,1,0
BRDA:22,1,0,0
BRDA:22,1,1,2
BRDA:13,2,0,2
BRDA:13,2,1,2
BRDA:59,3,0,2
BRDA:59,3,1,0
BRDA:104,4,0,0
BRDA:104,4,1,0
BRDA:106,5,0,0
BRDA:106,5,1,0
BRDA:111,6,0,0
BRDA:111,6,1,0
BRDA:121,7,0,0
BRDA:121,7,1,0
BRDA:127,8,0,0
BRDA:127,8,1,0
BRDA:129,9,0,0
BRDA:129,9,1,0
BRDA:140,10,0,0
BRDA:140,10,1,0
BRDA:154,11,0,0
BRDA:154,11,1,0
BRF:24
BRH:4
end_of_record
TN:
SF:src/services/llm/providers/openaiProvider.ts
FN:11,(anonymous_0)
FN:16,(anonymous_1)
FN:24,(anonymous_2)
FN:36,(anonymous_3)
FN:68,(anonymous_4)
FN:117,(anonymous_5)
FN:139,(anonymous_6)
FN:169,(anonymous_7)
FN:186,(anonymous_8)
FN:208,(anonymous_9)
FN:228,(anonymous_10)
FNF:11
FNH:2
FNDA:4,(anonymous_0)
FNDA:0,(anonymous_1)
FNDA:3,(anonymous_2)
FNDA:0,(anonymous_3)
FNDA:0,(anonymous_4)
FNDA:0,(anonymous_5)
FNDA:0,(anonymous_6)
FNDA:0,(anonymous_7)
FNDA:0,(anonymous_8)
FNDA:0,(anonymous_9)
FNDA:0,(anonymous_10)
DA:12,4
DA:13,4
DA:16,4
DA:17,0
DA:18,0
DA:19,0
DA:20,0
DA:31,3
DA:33,3
DA:34,3
DA:37,0
DA:38,0
DA:39,0
DA:54,3
DA:67,3
DA:68,1
DA:69,1
DA:72,2
DA:84,2
DA:91,3
DA:93,2
DA:94,0
DA:99,2
DA:100,0
DA:101,0
DA:102,0
DA:110,2
DA:115,0
DA:117,0
DA:124,0
DA:138,0
DA:139,0
DA:140,0
DA:143,0
DA:154,0
DA:155,0
DA:162,0
DA:176,0
DA:179,0
DA:180,0
DA:182,0
DA:183,0
DA:184,0
DA:187,0
DA:188,0
DA:189,0
DA:201,0
DA:202,0
DA:204,0
DA:205,0
DA:206,0
DA:208,0
DA:214,0
DA:215,0
DA:218,0
DA:227,0
DA:228,0
DA:229,0
DA:232,0
DA:233,0
DA:234,0
DA:237,0
DA:238,0
DA:240,0
DA:241,0
DA:242,0
DA:243,0
DA:245,0
DA:246,0
DA:248,0
DA:249,0
DA:250,0
DA:251,0
DA:252,0
DA:253,0
DA:257,0
DA:260,0
DA:261,0
DA:264,0
DA:267,0
DA:269,0
DA:270,0
DA:271,0
DA:272,0
DA:273,0
DA:275,0
DA:279,0
DA:280,0
DA:281,0
DA:293,0
DA:296,0
DA:302,0
LF:92
LH:16
BRDA:17,0,0,0
BRDA:17,0,1,0
BRDA:17,0,2,0
BRDA:33,1,0,3
BRDA:33,1,1,0
BRDA:45,2,0,0
BRDA:45,2,1,0
BRDA:54,3,0,3
BRDA:54,3,1,3
BRDA:67,4,0,1
BRDA:67,4,1,2
BRDA:69,5,0,1
BRDA:69,5,1,0
BRDA:84,6,0,2
BRDA:84,6,1,0
BRDA:84,6,2,0
BRDA:84,6,3,0
BRDA:91,7,0,2
BRDA:91,7,1,1
BRDA:93,8,0,0
BRDA:93,8,1,2
BRDA:93,9,0,2
BRDA:93,9,1,2
BRDA:93,9,2,2
BRDA:95,10,0,0
BRDA:95,10,1,0
BRDA:96,11,0,0
BRDA:96,11,1,0
BRDA:97,12,0,0
BRDA:97,12,1,0
BRDA:99,13,0,0
BRDA:99,13,1,2
BRDA:99,14,0,2
BRDA:99,14,1,2
BRDA:100,15,0,0
BRDA:100,15,1,0
BRDA:101,16,0,0
BRDA:101,16,1,0
BRDA:124,17,0,0
BRDA:124,17,1,0
BRDA:138,18,0,0
BRDA:138,18,1,0
BRDA:140,19,0,0
BRDA:140,19,1,0
BRDA:154,20,0,0
BRDA:154,20,1,0
BRDA:156,21,0,0
BRDA:156,21,1,0
BRDA:157,22,0,0
BRDA:157,22,1,0
BRDA:158,23,0,0
BRDA:158,23,1,0
BRDA:182,24,0,0
BRDA:182,24,1,0
BRDA:183,25,0,0
BRDA:183,25,1,0
BRDA:193,26,0,0
BRDA:193,26,1,0
BRDA:204,27,0,0
BRDA:204,27,1,0
BRDA:227,28,0,0
BRDA:227,28,1,0
BRDA:229,29,0,0
BRDA:229,29,1,0
BRDA:233,30,0,0
BRDA:233,30,1,0
BRDA:243,31,0,0
BRDA:243,31,1,0
BRDA:249,32,0,0
BRDA:249,32,1,0
BRDA:250,33,0,0
BRDA:250,33,1,0
BRDA:252,34,0,0
BRDA:252,34,1,0
BRDA:267,35,0,0
BRDA:267,35,1,0
BRDA:269,36,0,0
BRDA:269,36,1,0
BRDA:271,37,0,0
BRDA:271,37,1,0
BRDA:273,38,0,0
BRDA:273,38,1,0
BRDA:273,39,0,0
BRDA:273,39,1,0
BRDA:273,39,2,0
BRDA:275,40,0,0
BRDA:275,40,1,0
BRDA:275,40,2,0
BRDA:275,40,3,0
BRDA:279,41,0,0
BRDA:279,41,1,0
BRDA:293,42,0,0
BRDA:293,42,1,0
BRF:93
BRH:16
end_of_record
TN:
SF:src/services/outputFormatters/apiFormatter.ts
FN:8,formatApiResponse
FNF:1
FNH:1
FNDA:4,formatApiResponse
DA:14,4
DA:15,4
DA:17,4
LF:3
LH:3
BRF:0
BRH:0
end_of_record
TN:
SF:src/services/outputFormatters/bubbleFormatter.ts
FN:9,formatBubbleResponse
FNF:1
FNH:1
FNDA:4,formatBubbleResponse
DA:15,4
DA:17,4
LF:2
LH:2
BRF:0
BRH:0
end_of_record
TN:
SF:src/services/outputFormatters/chatFormatter.ts
FN:8,formatCitations
FN:16,(anonymous_1)
FN:40,(anonymous_2)
FN:49,(anonymous_3)
FN:49,(anonymous_4)
FN:74,formatChatResponse
FNF:6
FNH:6
FNDA:38,formatCitations
FNDA:40,(anonymous_1)
FNDA:36,(anonymous_2)
FNDA:13,(anonymous_3)
FNDA:4,(anonymous_4)
FNDA:6,formatChatResponse
DA:9,38
DA:10,13
DA:14,25
DA:16,25
DA:19,40
DA:20,14
DA:21,26
DA:22,13
DA:23,13
DA:24,5
DA:25,8
DA:26,4
DA:27,4
DA:29,4
DA:31,0
DA:34,40
DA:35,36
DA:37,40
DA:40,25
DA:41,36
DA:42,36
DA:44,36
DA:45,13
DA:46,13
DA:47,23
DA:48,10
DA:49,13
DA:50,10
DA:51,10
DA:52,13
DA:53,5
DA:54,8
DA:55,4
DA:56,4
DA:58,4
DA:59,4
DA:62,4
DA:63,4
DA:65,0
DA:68,25
DA:80,6
DA:81,6
DA:83,6
LF:43
LH:41
BRDA:9,0,0,13
BRDA:9,0,1,25
BRDA:9,1,0,38
BRDA:9,1,1,36
BRDA:19,2,0,14
BRDA:19,2,1,26
BRDA:20,3,0,14
BRDA:20,3,1,2
BRDA:21,4,0,13
BRDA:21,4,1,13
BRDA:22,5,0,13
BRDA:22,5,1,3
BRDA:22,6,0,1
BRDA:22,6,1,2
BRDA:23,7,0,5
BRDA:23,7,1,8
BRDA:24,8,0,5
BRDA:24,8,1,3
BRDA:24,8,2,1
BRDA:25,9,0,4
BRDA:25,9,1,4
BRDA:26,10,0,4
BRDA:26,10,1,2
BRDA:26,10,2,1
BRDA:27,11,0,4
BRDA:27,11,1,0
BRDA:29,12,0,4
BRDA:29,12,1,1
BRDA:29,12,2,1
BRDA:31,13,0,0
BRDA:31,13,1,0
BRDA:34,14,0,36
BRDA:34,14,1,4
BRDA:44,15,0,13
BRDA:44,15,1,23
BRDA:45,16,0,1
BRDA:45,16,1,12
BRDA:46,17,0,13
BRDA:46,17,1,2
BRDA:47,18,0,10
BRDA:47,18,1,13
BRDA:48,19,0,10
BRDA:48,19,1,3
BRDA:48,20,0,1
BRDA:48,20,1,2
BRDA:49,21,0,13
BRDA:49,21,1,1
BRDA:50,22,0,2
BRDA:50,22,1,8
BRDA:52,23,0,5
BRDA:52,23,1,8
BRDA:53,24,0,5
BRDA:53,24,1,2
BRDA:54,25,0,4
BRDA:54,25,1,4
BRDA:55,26,0,4
BRDA:55,26,1,2
BRDA:56,27,0,4
BRDA:56,27,1,0
BRDA:58,28,0,4
BRDA:58,28,1,2
BRDA:59,29,0,4
BRDA:59,29,1,1
BRDA:62,30,0,4
BRDA:62,30,1,3
BRDA:63,31,0,2
BRDA:63,31,1,2
BRDA:65,32,0,0
BRDA:65,32,1,0
BRF:69
BRH:63
end_of_record
TN:
SF:src/services/outputFormatters/slackFormatter.ts
FN:9,formatSlackResponse
FNF:1
FNH:1
FNDA:4,formatSlackResponse
DA:15,4
DA:17,4
LF:2
LH:2
BRF:0
BRH:0
end_of_record
TN:
SF:src/utils/aiCallTracking.ts
FN:13,trackAICall
FN:81,canSendMessage
FNF:2
FNH:2
FNDA:2,trackAICall
FNDA:2,canSendMessage
DA:17,2
DA:19,2
DA:24,0
DA:25,0
DA:29,0
DA:41,0
DA:42,0
DA:44,0
DA:53,0
DA:54,0
DA:55,0
DA:58,0
DA:60,0
DA:64,2
DA:65,2
DA:68,2
DA:69,0
DA:72,0
DA:74,2
DA:89,2
DA:91,2
DA:96,0
DA:97,0
DA:117,0
DA:123,0
DA:125,0
DA:132,0
DA:133,0
DA:136,0
DA:139,0
DA:149,0
DA:155,0
DA:163,0
DA:169,0
DA:177,0
DA:179,0
DA:187,0
DA:189,0
DA:191,0
DA:200,0
DA:201,0
DA:202,0
DA:203,0
DA:206,0
DA:217,0
DA:218,0
DA:221,0
DA:222,0
DA:229,0
DA:232,0
DA:234,0
DA:246,2
DA:247,2
DA:250,2
DA:252,2
DA:262,0
DA:268,0
DA:276,2
DA:282,2
LF:59
LH:14
BRDA:15,0,0,2
BRDA:24,1,0,0
BRDA:24,1,1,0
BRDA:53,2,0,0
BRDA:53,2,1,0
BRDA:54,3,0,0
BRDA:54,3,1,0
BRDA:54,4,0,0
BRDA:54,4,1,0
BRDA:64,5,0,2
BRDA:64,5,1,0
BRDA:65,6,0,0
BRDA:65,6,1,2
BRDA:65,7,0,2
BRDA:65,7,1,2
BRDA:65,7,2,2
BRDA:68,8,0,0
BRDA:68,8,1,2
BRDA:68,9,0,2
BRDA:68,9,1,2
BRDA:68,9,2,2
BRDA:96,10,0,0
BRDA:96,10,1,0
BRDA:132,11,0,0
BRDA:132,11,1,0
BRDA:133,12,0,0
BRDA:133,12,1,0
BRDA:133,13,0,0
BRDA:133,13,1,0
BRDA:133,13,2,0
BRDA:134,14,0,0
BRDA:134,14,1,0
BRDA:136,15,0,0
BRDA:136,15,1,0
BRDA:139,16,0,0
BRDA:139,16,1,0
BRDA:140,17,0,0
BRDA:140,17,1,0
BRDA:140,17,2,0
BRDA:140,17,3,0
BRDA:140,17,4,0
BRDA:140,17,5,0
BRDA:140,17,6,0
BRDA:140,17,7,0
BRDA:177,18,0,0
BRDA:177,18,1,0
BRDA:177,19,0,0
BRDA:177,19,1,0
BRDA:177,19,2,0
BRDA:189,20,0,0
BRDA:189,20,1,0
BRDA:217,21,0,0
BRDA:217,21,1,0
BRDA:218,22,0,0
BRDA:218,22,1,0
BRDA:218,23,0,0
BRDA:218,23,1,0
BRDA:218,23,2,0
BRDA:221,24,0,0
BRDA:221,24,1,0
BRDA:221,25,0,0
BRDA:221,25,1,0
BRDA:221,25,2,0
BRDA:239,26,0,0
BRDA:239,26,1,0
BRDA:240,27,0,0
BRDA:240,27,1,0
BRDA:246,28,0,2
BRDA:246,28,1,0
BRDA:247,29,0,0
BRDA:247,29,1,2
BRDA:247,30,0,2
BRDA:247,30,1,2
BRDA:247,30,2,2
BRDA:248,31,0,0
BRDA:248,31,1,0
BRDA:250,32,0,2
BRDA:250,32,1,0
BRDA:252,33,0,0
BRDA:252,33,1,2
BRDA:253,34,0,2
BRDA:253,34,1,2
BRDA:253,34,2,2
BRDA:253,34,3,2
BRDA:253,34,4,2
BRDA:253,34,5,2
BRDA:253,34,6,2
BRDA:253,34,7,2
BRF:88
BRH:25
end_of_record
TN:
SF:src/utils/credentialEncryption.ts
FN:6,getEncryptionKey
FN:40,encryptCredentials
FN:61,decryptCredentials
FNF:3
FNH:3
FNDA:62,getEncryptionKey
FNDA:32,encryptCredentials
FNDA:36,decryptCredentials
DA:9,62
DA:13,62
DA:15,1
DA:16,1
DA:18,1
DA:21,1
DA:24,0
DA:29,62
DA:30,0
DA:33,62
DA:34,62
DA:41,32
DA:42,3
DA:45,29
DA:46,29
DA:47,29
DA:49,29
DA:50,29
DA:52,29
DA:55,29
DA:62,36
DA:63,3
DA:66,33
DA:67,33
DA:69,33
DA:70,5
DA:73,28
DA:74,28
DA:75,28
DA:76,28
DA:78,28
DA:79,28
DA:81,28
LF:33
LH:31
BRDA:9,0,0,62
BRDA:9,0,1,5
BRDA:13,1,0,1
BRDA:13,1,1,61
BRDA:18,2,0,1
BRDA:18,2,1,0
BRDA:18,3,0,1
BRDA:18,3,1,0
BRDA:29,4,0,0
BRDA:29,4,1,62
BRDA:41,5,0,3
BRDA:41,5,1,29
BRDA:62,6,0,3
BRDA:62,6,1,33
BRDA:69,7,0,5
BRDA:69,7,1,28
BRDA:69,8,0,33
BRDA:69,8,1,32
BRDA:69,8,2,30
BRF:19
BRH:16
end_of_record
TN:
SF:src/utils/dbResultFormatter.ts
FN:11,formatDbResult
FN:41,formatAsJson
FN:48,formatAsTable
FN:58,(anonymous_3)
FN:61,(anonymous_4)
FN:62,(anonymous_5)
FN:75,formatAsText
FN:80,(anonymous_7)
FN:82,(anonymous_8)
FN:93,formatAsCustom
FN:98,(anonymous_10)
FNF:11
FNH:11
FNDA:37,formatDbResult
FNDA:11,formatAsJson
FNDA:11,formatAsTable
FNDA:30,(anonymous_3)
FNDA:14,(anonymous_4)
FNDA:37,(anonymous_5)
FNDA:6,formatAsText
FNDA:106,(anonymous_7)
FNDA:218,(anonymous_8)
FNDA:7,formatAsCustom
FNDA:9,(anonymous_10)
DA:16,37
DA:17,2
DA:20,35
DA:22,10
DA:25,11
DA:28,6
DA:31,7
DA:34,1
DA:42,11
DA:49,11
DA:50,0
DA:54,11
DA:57,11
DA:58,30
DA:61,11
DA:62,14
DA:63,37
DA:64,37
DA:66,14
DA:69,11
DA:76,6
DA:77,0
DA:80,6
DA:81,106
DA:82,218
DA:84,106
DA:87,6
DA:94,7
DA:95,0
DA:98,7
DA:99,9
DA:102,9
DA:103,19
DA:104,19
DA:108,9
DA:110,9
LF:36
LH:33
BRDA:13,0,0,37
BRDA:16,1,0,2
BRDA:16,1,1,35
BRDA:20,2,0,35
BRDA:20,2,1,11
BRDA:20,2,2,6
BRDA:20,2,3,7
BRDA:20,2,4,1
BRDA:31,3,0,7
BRDA:31,3,1,1
BRDA:49,4,0,0
BRDA:49,4,1,11
BRDA:64,5,0,3
BRDA:64,5,1,34
BRDA:64,6,0,37
BRDA:64,6,1,36
BRDA:76,7,0,0
BRDA:76,7,1,6
BRDA:82,8,0,2
BRDA:82,8,1,216
BRDA:82,9,0,218
BRDA:82,9,1,217
BRDA:94,10,0,0
BRDA:94,10,1,7
BRDA:104,11,0,1
BRDA:104,11,1,18
BRDA:104,12,0,19
BRDA:104,12,1,18
BRF:28
BRH:25
end_of_record
TN:
SF:src/utils/mermaidUtils.ts
FN:14,extractMermaidBlocks
FN:33,removeMermaidBlocks
FN:40,hasMermaidBlocks
FNF:3
FNH:3
FNDA:15,extractMermaidBlocks
FNDA:11,removeMermaidBlocks
FNDA:11,hasMermaidBlocks
DA:15,15
DA:16,15
DA:19,15
DA:20,18
DA:27,15
DA:34,11
DA:41,11
LF:7
LH:7
BRF:0
BRH:0
end_of_record
TN:
SF:src/utils/systemPromptGenerator.ts
FN:21,generateSystemPrompt
FN:69,(anonymous_1)
FN:92,(anonymous_2)
FNF:3
FNH:3
FNDA:15,generateSystemPrompt
FNDA:8,(anonymous_1)
FNDA:3,(anonymous_2)
DA:12,1
DA:29,15
DA:36,15
DA:37,1
DA:40,14
DA:41,14
DA:49,15
DA:50,15
DA:51,1
DA:55,13
DA:57,13
DA:58,1
DA:61,13
DA:62,15
DA:65,15
DA:67,15
DA:68,4
DA:69,4
DA:70,8
DA:71,2
DA:72,2
DA:73,6
DA:74,2
DA:75,2
DA:76,4
DA:77,4
DA:78,4
DA:82,4
DA:85,4
DA:89,13
DA:90,1
DA:92,1
DA:93,3
DA:94,1
DA:95,1
DA:96,1
DA:98,1
DA:99,1
DA:100,1
DA:102,1
DA:103,1
DA:104,1
DA:106,1
DA:107,1
DA:108,1
DA:111,1
DA:114,1
DA:115,1
DA:116,1
DA:117,2
DA:118,1
DA:119,1
DA:120,1
DA:124,1
DA:128,13
DA:130,13
DA:131,1
DA:134,13
DA:137,13
DA:138,12
DA:141,13
LF:61
LH:61
BRDA:25,0,0,15
BRDA:36,1,0,1
BRDA:36,1,1,14
BRDA:42,2,0,14
BRDA:42,2,1,2
BRDA:43,3,0,15
BRDA:43,3,1,13
BRDA:44,4,0,15
BRDA:44,4,1,7
BRDA:45,5,0,15
BRDA:45,5,1,13
BRDA:49,6,0,15
BRDA:49,6,1,13
BRDA:50,7,0,1
BRDA:50,7,1,14
BRDA:50,8,0,15
BRDA:50,8,1,1
BRDA:57,9,0,1
BRDA:57,9,1,12
BRDA:61,10,0,13
BRDA:61,10,1,0
BRDA:67,11,0,4
BRDA:67,11,1,11
BRDA:70,12,0,2
BRDA:70,12,1,6
BRDA:72,13,0,2
BRDA:72,13,1,0
BRDA:73,14,0,2
BRDA:73,14,1,4
BRDA:75,15,0,2
BRDA:75,15,1,0
BRDA:76,16,0,4
BRDA:76,16,1,0
BRDA:78,17,0,1
BRDA:78,17,1,3
BRDA:79,18,0,1
BRDA:79,18,1,2
BRDA:80,19,0,1
BRDA:80,19,1,1
BRDA:89,20,0,1
BRDA:89,20,1,12
BRDA:89,21,0,13
BRDA:89,21,1,1
BRDA:93,22,0,1
BRDA:93,22,1,2
BRDA:96,23,0,1
BRDA:96,23,1,0
BRDA:99,24,0,1
BRDA:99,24,1,0
BRDA:102,25,0,1
BRDA:102,25,1,0
BRDA:103,26,0,1
BRDA:103,26,1,0
BRDA:106,27,0,1
BRDA:106,27,1,0
BRDA:107,28,0,1
BRDA:107,28,1,0
BRDA:117,29,0,1
BRDA:117,29,1,1
BRDA:119,30,0,1
BRDA:119,30,1,0
BRDA:130,31,0,1
BRDA:130,31,1,12
BRDA:137,32,0,12
BRDA:137,32,1,1
BRF:65
BRH:54
end_of_record
TN:
SF:src/utils/tokenEncryption.ts
FN:11,getEncryptionKey
FN:45,encryptToken
FN:66,decryptToken
FNF:3
FNH:2
FNDA:21,getEncryptionKey
FNDA:0,encryptToken
FNDA:21,decryptToken
DA:14,21
DA:18,21
DA:20,1
DA:21,1
DA:23,1
DA:26,1
DA:29,0
DA:34,21
DA:35,0
DA:38,21
DA:39,21
DA:46,0
DA:47,0
DA:50,0
DA:51,0
DA:52,0
DA:54,0
DA:55,0
DA:57,0
DA:60,0
DA:67,21
DA:68,21
DA:70,21
DA:71,7
DA:74,14
DA:75,14
DA:76,14
DA:77,14
DA:79,14
DA:80,14
DA:82,14
LF:31
LH:20
BRDA:14,0,0,21
BRDA:14,0,1,10
BRDA:14,0,2,2
BRDA:18,1,0,1
BRDA:18,1,1,20
BRDA:23,2,0,1
BRDA:23,2,1,0
BRDA:23,3,0,1
BRDA:23,3,1,0
BRDA:34,4,0,0
BRDA:34,4,1,21
BRDA:46,5,0,0
BRDA:46,5,1,0
BRDA:70,6,0,7
BRDA:70,6,1,14
BRDA:70,7,0,21
BRDA:70,7,1,19
BRDA:70,7,2,16
BRF:18
BRH:13
end_of_record
TN:
SF:src/validation/authSchemas.ts
FNF:0
FNH:0
DA:12,0
DA:24,0
DA:35,0
DA:43,0
LF:4
LH:0
BRF:0
BRH:0
end_of_record
TN:
SF:src/validation/calendarActionsSchemas.ts
FNF:0
FNH:0
DA:12,1
DA:26,1
DA:36,1
LF:3
LH:3
BRF:0
BRH:0
end_of_record
TN:
SF:src/validation/chatSchemas.ts
FNF:0
FNH:0
DA:12,0
DA:23,0
DA:34,0
DA:44,0
DA:55,0
DA:66,0
DA:79,0
DA:89,0
DA:106,0
DA:124,0
DA:139,0
DA:153,0
DA:167,0
DA:177,0
LF:14
LH:0
BRF:0
BRH:0
end_of_record
TN:
SF:src/validation/chatbotSchemas.ts
FNF:0
FNH:0
DA:12,0
DA:20,0
DA:30,0
LF:3
LH:0
BRF:0
BRH:0
end_of_record
TN:
SF:src/validation/mermaidSchemas.ts
FNF:0
FNH:0
DA:11,1
LF:1
LH:1
BRF:0
BRH:0
end_of_record
TN:
SF:src/validation/oauthSchemas.ts
FNF:0
FNH:0
DA:12,1
DA:24,1
DA:36,1
LF:3
LH:3
BRF:0
BRH:0
end_of_record
